[2025-09-08T15:35:19.493+0000] {local_task_job_runner.py:123} INFO - ::group::Pre task execution logs
[2025-09-08T15:35:19.500+0000] {taskinstance.py:2612} INFO - Dependencies all met for dep_context=non-requeueable deps ti=<TaskInstance: executing_sql_pipeline.delete_values manual__2025-09-08T15:35:10.997528+00:00 [queued]>
[2025-09-08T15:35:19.506+0000] {taskinstance.py:2612} INFO - Dependencies all met for dep_context=requeueable deps ti=<TaskInstance: executing_sql_pipeline.delete_values manual__2025-09-08T15:35:10.997528+00:00 [queued]>
[2025-09-08T15:35:19.506+0000] {taskinstance.py:2865} INFO - Starting attempt 1 of 1
[2025-09-08T15:35:19.517+0000] {taskinstance.py:2888} INFO - Executing <Task(SqliteOperator): delete_values> on 2025-09-08 15:35:10.997528+00:00
[2025-09-08T15:35:19.520+0000] {standard_task_runner.py:72} INFO - Started process 17775 to run task
[2025-09-08T15:35:19.523+0000] {standard_task_runner.py:104} INFO - Running: ['airflow', 'tasks', 'run', 'executing_sql_pipeline', 'delete_values', 'manual__2025-09-08T15:35:10.997528+00:00', '--job-id', '72', '--raw', '--subdir', 'DAGS_FOLDER/executing_sql_pipeline.py', '--cfg-path', '/tmp/tmpi2d7eg1j']
[2025-09-08T15:35:19.524+0000] {standard_task_runner.py:105} INFO - Job 72: Subtask delete_values
[2025-09-08T15:35:19.548+0000] {task_command.py:467} INFO - Running <TaskInstance: executing_sql_pipeline.delete_values manual__2025-09-08T15:35:10.997528+00:00 [running]> on host codespaces-9bd7b3
[2025-09-08T15:35:19.599+0000] {taskinstance.py:3131} INFO - Exporting env vars: AIRFLOW_CTX_DAG_OWNER='loonycorn' AIRFLOW_CTX_DAG_ID='executing_sql_pipeline' AIRFLOW_CTX_TASK_ID='delete_values' AIRFLOW_CTX_EXECUTION_DATE='2025-09-08T15:35:10.997528+00:00' AIRFLOW_CTX_TRY_NUMBER='1' AIRFLOW_CTX_DAG_RUN_ID='manual__2025-09-08T15:35:10.997528+00:00'
[2025-09-08T15:35:19.599+0000] {taskinstance.py:731} INFO - ::endgroup::
[2025-09-08T15:35:19.614+0000] {sql.py:266} INFO - Executing: 
            DELETE FROM users WHERE is_active = 0;
        
[2025-09-08T15:35:19.617+0000] {base.py:84} INFO - Retrieving connection 'my_sqlite_conn'
[2025-09-08T15:35:19.636+0000] {base.py:84} INFO - Retrieving connection 'my_sqlite_conn'
[2025-09-08T15:35:19.637+0000] {sql.py:509} INFO - Running statement: 
            DELETE FROM users WHERE is_active = 0;
        , parameters: None
[2025-09-08T15:35:19.638+0000] {sql.py:518} INFO - Rows affected: 6
[2025-09-08T15:35:19.646+0000] {taskinstance.py:340} INFO - ::group::Post task execution logs
[2025-09-08T15:35:19.646+0000] {taskinstance.py:352} INFO - Marking task as SUCCESS. dag_id=executing_sql_pipeline, task_id=delete_values, run_id=manual__2025-09-08T15:35:10.997528+00:00, execution_date=20250908T153510, start_date=20250908T153519, end_date=20250908T153519
[2025-09-08T15:35:19.696+0000] {local_task_job_runner.py:266} INFO - Task exited with return code 0
[2025-09-08T15:35:19.704+0000] {logging_mixin.py:190} WARNING - /usr/local/python/3.12.1/lib/python3.12/site-packages/airflow/models/baseoperator.py:1378 AirflowProviderDeprecationWarning: Call to deprecated class SqliteOperator. (Please use `airflow.providers.common.sql.operators.sql.SQLExecuteQueryOperator`.)
[2025-09-08T15:35:19.717+0000] {taskinstance.py:3900} INFO - 1 downstream tasks scheduled from follow-on schedule check
[2025-09-08T15:35:19.721+0000] {local_task_job_runner.py:245} INFO - ::endgroup::
