[2025-09-07T23:54:36.727+0000] {local_task_job_runner.py:123} INFO - ::group::Pre task execution logs
[2025-09-07T23:54:36.733+0000] {taskinstance.py:2612} INFO - Dependencies all met for dep_context=non-requeueable deps ti=<TaskInstance: executing_multiple_tasks.taskA manual__2025-09-07T23:54:34.886386+00:00 [queued]>
[2025-09-07T23:54:36.737+0000] {taskinstance.py:2612} INFO - Dependencies all met for dep_context=requeueable deps ti=<TaskInstance: executing_multiple_tasks.taskA manual__2025-09-07T23:54:34.886386+00:00 [queued]>
[2025-09-07T23:54:36.738+0000] {taskinstance.py:2865} INFO - Starting attempt 1 of 1
[2025-09-07T23:54:36.749+0000] {taskinstance.py:2888} INFO - Executing <Task(BashOperator): taskA> on 2025-09-07 23:54:34.886386+00:00
[2025-09-07T23:54:36.752+0000] {standard_task_runner.py:72} INFO - Started process 50884 to run task
[2025-09-07T23:54:36.754+0000] {standard_task_runner.py:104} INFO - Running: ['airflow', 'tasks', 'run', 'executing_multiple_tasks', 'taskA', 'manual__2025-09-07T23:54:34.886386+00:00', '--job-id', '23', '--raw', '--subdir', 'DAGS_FOLDER/execute_multiple_tasks.py', '--cfg-path', '/tmp/tmpohvk9jka']
[2025-09-07T23:54:36.755+0000] {standard_task_runner.py:105} INFO - Job 23: Subtask taskA
[2025-09-07T23:54:36.779+0000] {task_command.py:467} INFO - Running <TaskInstance: executing_multiple_tasks.taskA manual__2025-09-07T23:54:34.886386+00:00 [running]> on host codespaces-9bd7b3
[2025-09-07T23:54:36.820+0000] {taskinstance.py:3131} INFO - Exporting env vars: AIRFLOW_CTX_DAG_OWNER='loonycorn' AIRFLOW_CTX_DAG_ID='executing_multiple_tasks' AIRFLOW_CTX_TASK_ID='taskA' AIRFLOW_CTX_EXECUTION_DATE='2025-09-07T23:54:34.886386+00:00' AIRFLOW_CTX_TRY_NUMBER='1' AIRFLOW_CTX_DAG_RUN_ID='manual__2025-09-07T23:54:34.886386+00:00'
[2025-09-07T23:54:36.820+0000] {taskinstance.py:731} INFO - ::endgroup::
[2025-09-07T23:54:36.833+0000] {subprocess.py:63} INFO - Tmp dir root location: /tmp
[2025-09-07T23:54:36.834+0000] {subprocess.py:75} INFO - Running command: ['/usr/bin/bash', '-c', 'echo TASK A has started!\n            \nfor i in {1..10}\ndo\n    echo TASK A printing $i\ndone\n\necho TASK A has ended!']
[2025-09-07T23:54:36.840+0000] {subprocess.py:86} INFO - Output:
[2025-09-07T23:54:36.841+0000] {subprocess.py:93} INFO - TASK A has started!
[2025-09-07T23:54:36.841+0000] {subprocess.py:93} INFO - TASK A printing 1
[2025-09-07T23:54:36.841+0000] {subprocess.py:93} INFO - TASK A printing 2
[2025-09-07T23:54:36.841+0000] {subprocess.py:93} INFO - TASK A printing 3
[2025-09-07T23:54:36.842+0000] {subprocess.py:93} INFO - TASK A printing 4
[2025-09-07T23:54:36.842+0000] {subprocess.py:93} INFO - TASK A printing 5
[2025-09-07T23:54:36.842+0000] {subprocess.py:93} INFO - TASK A printing 6
[2025-09-07T23:54:36.842+0000] {subprocess.py:93} INFO - TASK A printing 7
[2025-09-07T23:54:36.842+0000] {subprocess.py:93} INFO - TASK A printing 8
[2025-09-07T23:54:36.842+0000] {subprocess.py:93} INFO - TASK A printing 9
[2025-09-07T23:54:36.842+0000] {subprocess.py:93} INFO - TASK A printing 10
[2025-09-07T23:54:36.843+0000] {subprocess.py:93} INFO - TASK A has ended!
[2025-09-07T23:54:36.843+0000] {subprocess.py:97} INFO - Command exited with return code 0
[2025-09-07T23:54:36.856+0000] {taskinstance.py:340} INFO - ::group::Post task execution logs
[2025-09-07T23:54:36.857+0000] {taskinstance.py:352} INFO - Marking task as SUCCESS. dag_id=executing_multiple_tasks, task_id=taskA, run_id=manual__2025-09-07T23:54:34.886386+00:00, execution_date=20250907T235434, start_date=20250907T235436, end_date=20250907T235436
[2025-09-07T23:54:36.886+0000] {local_task_job_runner.py:266} INFO - Task exited with return code 0
[2025-09-07T23:54:36.904+0000] {taskinstance.py:3900} INFO - 3 downstream tasks scheduled from follow-on schedule check
[2025-09-07T23:54:36.908+0000] {local_task_job_runner.py:245} INFO - ::endgroup::
