[2025-09-07T23:42:28.826+0000] {local_task_job_runner.py:123} INFO - ::group::Pre task execution logs
[2025-09-07T23:42:28.834+0000] {taskinstance.py:2612} INFO - Dependencies all met for dep_context=non-requeueable deps ti=<TaskInstance: executing_multiple_tasks.taskB scheduled__2025-09-06T00:00:00+00:00 [queued]>
[2025-09-07T23:42:28.838+0000] {taskinstance.py:2612} INFO - Dependencies all met for dep_context=requeueable deps ti=<TaskInstance: executing_multiple_tasks.taskB scheduled__2025-09-06T00:00:00+00:00 [queued]>
[2025-09-07T23:42:28.838+0000] {taskinstance.py:2865} INFO - Starting attempt 1 of 1
[2025-09-07T23:42:28.848+0000] {taskinstance.py:2888} INFO - Executing <Task(BashOperator): taskB> on 2025-09-06 00:00:00+00:00
[2025-09-07T23:42:28.851+0000] {standard_task_runner.py:72} INFO - Started process 45066 to run task
[2025-09-07T23:42:28.854+0000] {standard_task_runner.py:104} INFO - Running: ['airflow', 'tasks', 'run', 'executing_multiple_tasks', 'taskB', 'scheduled__2025-09-06T00:00:00+00:00', '--job-id', '8', '--raw', '--subdir', 'DAGS_FOLDER/execute_multiple_tasks.py', '--cfg-path', '/tmp/tmpwvcirdmd']
[2025-09-07T23:42:28.855+0000] {standard_task_runner.py:105} INFO - Job 8: Subtask taskB
[2025-09-07T23:42:28.879+0000] {task_command.py:467} INFO - Running <TaskInstance: executing_multiple_tasks.taskB scheduled__2025-09-06T00:00:00+00:00 [running]> on host codespaces-9bd7b3
[2025-09-07T23:42:28.922+0000] {taskinstance.py:3131} INFO - Exporting env vars: AIRFLOW_CTX_DAG_OWNER='loonycorn' AIRFLOW_CTX_DAG_ID='executing_multiple_tasks' AIRFLOW_CTX_TASK_ID='taskB' AIRFLOW_CTX_EXECUTION_DATE='2025-09-06T00:00:00+00:00' AIRFLOW_CTX_TRY_NUMBER='1' AIRFLOW_CTX_DAG_RUN_ID='scheduled__2025-09-06T00:00:00+00:00'
[2025-09-07T23:42:28.922+0000] {taskinstance.py:731} INFO - ::endgroup::
[2025-09-07T23:42:28.935+0000] {subprocess.py:63} INFO - Tmp dir root location: /tmp
[2025-09-07T23:42:28.936+0000] {subprocess.py:75} INFO - Running command: ['/usr/bin/bash', '-c', 'echo TASK B has executed!']
[2025-09-07T23:42:28.942+0000] {subprocess.py:86} INFO - Output:
[2025-09-07T23:42:28.943+0000] {subprocess.py:93} INFO - TASK B has executed!
[2025-09-07T23:42:28.943+0000] {subprocess.py:97} INFO - Command exited with return code 0
[2025-09-07T23:42:28.957+0000] {taskinstance.py:340} INFO - ::group::Post task execution logs
[2025-09-07T23:42:28.957+0000] {taskinstance.py:352} INFO - Marking task as SUCCESS. dag_id=executing_multiple_tasks, task_id=taskB, run_id=scheduled__2025-09-06T00:00:00+00:00, execution_date=20250906T000000, start_date=20250907T234228, end_date=20250907T234228
[2025-09-07T23:42:28.987+0000] {local_task_job_runner.py:266} INFO - Task exited with return code 0
[2025-09-07T23:42:28.999+0000] {taskinstance.py:3900} INFO - 1 downstream tasks scheduled from follow-on schedule check
[2025-09-07T23:42:29.003+0000] {local_task_job_runner.py:245} INFO - ::endgroup::
