[2025-09-07T23:53:36.249+0000] {local_task_job_runner.py:123} INFO - ::group::Pre task execution logs
[2025-09-07T23:53:36.255+0000] {taskinstance.py:2612} INFO - Dependencies all met for dep_context=non-requeueable deps ti=<TaskInstance: executing_multiple_tasks.taskA manual__2025-09-07T23:53:33.927649+00:00 [queued]>
[2025-09-07T23:53:36.260+0000] {taskinstance.py:2612} INFO - Dependencies all met for dep_context=requeueable deps ti=<TaskInstance: executing_multiple_tasks.taskA manual__2025-09-07T23:53:33.927649+00:00 [queued]>
[2025-09-07T23:53:36.260+0000] {taskinstance.py:2865} INFO - Starting attempt 1 of 1
[2025-09-07T23:53:36.270+0000] {taskinstance.py:2888} INFO - Executing <Task(BashOperator): taskA> on 2025-09-07 23:53:33.927649+00:00
[2025-09-07T23:53:36.273+0000] {standard_task_runner.py:72} INFO - Started process 50427 to run task
[2025-09-07T23:53:36.276+0000] {standard_task_runner.py:104} INFO - Running: ['airflow', 'tasks', 'run', 'executing_multiple_tasks', 'taskA', 'manual__2025-09-07T23:53:33.927649+00:00', '--job-id', '18', '--raw', '--subdir', 'DAGS_FOLDER/execute_multiple_tasks.py', '--cfg-path', '/tmp/tmpywgfgla7']
[2025-09-07T23:53:36.276+0000] {standard_task_runner.py:105} INFO - Job 18: Subtask taskA
[2025-09-07T23:53:36.301+0000] {task_command.py:467} INFO - Running <TaskInstance: executing_multiple_tasks.taskA manual__2025-09-07T23:53:33.927649+00:00 [running]> on host codespaces-9bd7b3
[2025-09-07T23:53:36.346+0000] {taskinstance.py:3131} INFO - Exporting env vars: AIRFLOW_CTX_DAG_OWNER='loonycorn' AIRFLOW_CTX_DAG_ID='executing_multiple_tasks' AIRFLOW_CTX_TASK_ID='taskA' AIRFLOW_CTX_EXECUTION_DATE='2025-09-07T23:53:33.927649+00:00' AIRFLOW_CTX_TRY_NUMBER='1' AIRFLOW_CTX_DAG_RUN_ID='manual__2025-09-07T23:53:33.927649+00:00'
[2025-09-07T23:53:36.346+0000] {taskinstance.py:731} INFO - ::endgroup::
[2025-09-07T23:53:36.359+0000] {subprocess.py:63} INFO - Tmp dir root location: /tmp
[2025-09-07T23:53:36.359+0000] {subprocess.py:75} INFO - Running command: ['/usr/bin/bash', '-c', 'echo TASK A has started!\n            \nfor i in {1..10}\ndo\n    echo TASK A printing $i\ndone\n\necho TASK A has ended!']
[2025-09-07T23:53:36.365+0000] {subprocess.py:86} INFO - Output:
[2025-09-07T23:53:36.367+0000] {subprocess.py:93} INFO - TASK A has started!
[2025-09-07T23:53:36.367+0000] {subprocess.py:93} INFO - TASK A printing 1
[2025-09-07T23:53:36.367+0000] {subprocess.py:93} INFO - TASK A printing 2
[2025-09-07T23:53:36.367+0000] {subprocess.py:93} INFO - TASK A printing 3
[2025-09-07T23:53:36.367+0000] {subprocess.py:93} INFO - TASK A printing 4
[2025-09-07T23:53:36.367+0000] {subprocess.py:93} INFO - TASK A printing 5
[2025-09-07T23:53:36.368+0000] {subprocess.py:93} INFO - TASK A printing 6
[2025-09-07T23:53:36.368+0000] {subprocess.py:93} INFO - TASK A printing 7
[2025-09-07T23:53:36.368+0000] {subprocess.py:93} INFO - TASK A printing 8
[2025-09-07T23:53:36.368+0000] {subprocess.py:93} INFO - TASK A printing 9
[2025-09-07T23:53:36.368+0000] {subprocess.py:93} INFO - TASK A printing 10
[2025-09-07T23:53:36.368+0000] {subprocess.py:93} INFO - TASK A has ended!
[2025-09-07T23:53:36.368+0000] {subprocess.py:97} INFO - Command exited with return code 0
[2025-09-07T23:53:36.382+0000] {taskinstance.py:340} INFO - ::group::Post task execution logs
[2025-09-07T23:53:36.382+0000] {taskinstance.py:352} INFO - Marking task as SUCCESS. dag_id=executing_multiple_tasks, task_id=taskA, run_id=manual__2025-09-07T23:53:33.927649+00:00, execution_date=20250907T235333, start_date=20250907T235336, end_date=20250907T235336
[2025-09-07T23:53:36.408+0000] {local_task_job_runner.py:266} INFO - Task exited with return code 0
[2025-09-07T23:53:36.425+0000] {taskinstance.py:3900} INFO - 3 downstream tasks scheduled from follow-on schedule check
[2025-09-07T23:53:36.429+0000] {local_task_job_runner.py:245} INFO - ::endgroup::
