[2025-09-08T17:09:46.139+0000] {local_task_job_runner.py:123} INFO - ::group::Pre task execution logs
[2025-09-08T17:09:46.147+0000] {taskinstance.py:2612} INFO - Dependencies all met for dep_context=non-requeueable deps ti=<TaskInstance: cron_catchup_backfill.taskBranch backfill__2025-04-27T00:00:00+00:00 [queued]>
[2025-09-08T17:09:46.152+0000] {taskinstance.py:2612} INFO - Dependencies all met for dep_context=requeueable deps ti=<TaskInstance: cron_catchup_backfill.taskBranch backfill__2025-04-27T00:00:00+00:00 [queued]>
[2025-09-08T17:09:46.152+0000] {taskinstance.py:2865} INFO - Starting attempt 1 of 1
[2025-09-08T17:09:46.163+0000] {taskinstance.py:2888} INFO - Executing <Task(BranchPythonOperator): taskBranch> on 2025-04-27 00:00:00+00:00
[2025-09-08T17:09:46.166+0000] {standard_task_runner.py:72} INFO - Started process 20882 to run task
[2025-09-08T17:09:46.169+0000] {standard_task_runner.py:104} INFO - Running: ['airflow', 'tasks', 'run', 'cron_catchup_backfill', 'taskBranch', 'backfill__2025-04-27T00:00:00+00:00', '--job-id', '162', '--pool', 'default_pool', '--raw', '--subdir', 'DAGS_FOLDER/executing_cron_catchup_backfill.py', '--cfg-path', '/tmp/tmp7nn10vlx']
[2025-09-08T17:09:46.170+0000] {standard_task_runner.py:105} INFO - Job 162: Subtask taskBranch
[2025-09-08T17:09:46.201+0000] {task_command.py:467} INFO - Running <TaskInstance: cron_catchup_backfill.taskBranch backfill__2025-04-27T00:00:00+00:00 [running]> on host codespaces-9bd7b3
[2025-09-08T17:09:46.270+0000] {taskinstance.py:3131} INFO - Exporting env vars: AIRFLOW_CTX_DAG_OWNER='loonycorn' AIRFLOW_CTX_DAG_ID='cron_catchup_backfill' AIRFLOW_CTX_TASK_ID='taskBranch' AIRFLOW_CTX_EXECUTION_DATE='2025-04-27T00:00:00+00:00' AIRFLOW_CTX_TRY_NUMBER='1' AIRFLOW_CTX_DAG_RUN_ID='backfill__2025-04-27T00:00:00+00:00'
[2025-09-08T17:09:46.271+0000] {taskinstance.py:731} INFO - ::endgroup::
[2025-09-08T17:09:46.286+0000] {baseoperator.py:405} WARNING - BranchPythonOperator.execute cannot be called outside TaskInstance!
[2025-09-08T17:09:46.290+0000] {python.py:240} INFO - Done. Returned value was: taskC
[2025-09-08T17:09:46.291+0000] {branch.py:38} INFO - Branch into taskC
[2025-09-08T17:09:46.291+0000] {skipmixin.py:230} INFO - Following branch {'taskC'}
[2025-09-08T17:09:46.297+0000] {skipmixin.py:278} INFO - Skipping tasks [('taskE', -1)]
[2025-09-08T17:09:46.314+0000] {taskinstance.py:340} INFO - ::group::Post task execution logs
[2025-09-08T17:09:46.315+0000] {taskinstance.py:352} INFO - Marking task as SUCCESS. dag_id=cron_catchup_backfill, task_id=taskBranch, run_id=backfill__2025-04-27T00:00:00+00:00, execution_date=20250427T000000, start_date=20250908T170946, end_date=20250908T170946
[2025-09-08T17:09:46.343+0000] {local_task_job_runner.py:266} INFO - Task exited with return code 0
[2025-09-08T17:09:46.363+0000] {taskinstance.py:3900} INFO - 1 downstream tasks scheduled from follow-on schedule check
[2025-09-08T17:09:46.367+0000] {local_task_job_runner.py:245} INFO - ::endgroup::
