[2025-09-07T23:44:47.933+0000] {local_task_job_runner.py:123} INFO - ::group::Pre task execution logs
[2025-09-07T23:44:47.939+0000] {taskinstance.py:2612} INFO - Dependencies all met for dep_context=non-requeueable deps ti=<TaskInstance: executing_multiple_tasks.taskD manual__2025-09-07T23:44:20.672695+00:00 [queued]>
[2025-09-07T23:44:47.944+0000] {taskinstance.py:2612} INFO - Dependencies all met for dep_context=requeueable deps ti=<TaskInstance: executing_multiple_tasks.taskD manual__2025-09-07T23:44:20.672695+00:00 [queued]>
[2025-09-07T23:44:47.944+0000] {taskinstance.py:2865} INFO - Starting attempt 1 of 1
[2025-09-07T23:44:47.954+0000] {taskinstance.py:2888} INFO - Executing <Task(BashOperator): taskD> on 2025-09-07 23:44:20.672695+00:00
[2025-09-07T23:44:47.957+0000] {standard_task_runner.py:72} INFO - Started process 46080 to run task
[2025-09-07T23:44:47.960+0000] {standard_task_runner.py:104} INFO - Running: ['airflow', 'tasks', 'run', 'executing_multiple_tasks', 'taskD', 'manual__2025-09-07T23:44:20.672695+00:00', '--job-id', '15', '--raw', '--subdir', 'DAGS_FOLDER/execute_multiple_tasks.py', '--cfg-path', '/tmp/tmp1wkxt59p']
[2025-09-07T23:44:47.961+0000] {standard_task_runner.py:105} INFO - Job 15: Subtask taskD
[2025-09-07T23:44:47.984+0000] {task_command.py:467} INFO - Running <TaskInstance: executing_multiple_tasks.taskD manual__2025-09-07T23:44:20.672695+00:00 [running]> on host codespaces-9bd7b3
[2025-09-07T23:44:48.028+0000] {taskinstance.py:3131} INFO - Exporting env vars: AIRFLOW_CTX_DAG_OWNER='loonycorn' AIRFLOW_CTX_DAG_ID='executing_multiple_tasks' AIRFLOW_CTX_TASK_ID='taskD' AIRFLOW_CTX_EXECUTION_DATE='2025-09-07T23:44:20.672695+00:00' AIRFLOW_CTX_TRY_NUMBER='1' AIRFLOW_CTX_DAG_RUN_ID='manual__2025-09-07T23:44:20.672695+00:00'
[2025-09-07T23:44:48.028+0000] {taskinstance.py:731} INFO - ::endgroup::
[2025-09-07T23:44:48.040+0000] {subprocess.py:63} INFO - Tmp dir root location: /tmp
[2025-09-07T23:44:48.041+0000] {subprocess.py:75} INFO - Running command: ['/usr/bin/bash', '-c', 'echo TASK D completed!']
[2025-09-07T23:44:48.047+0000] {subprocess.py:86} INFO - Output:
[2025-09-07T23:44:48.048+0000] {subprocess.py:93} INFO - TASK D completed!
[2025-09-07T23:44:48.048+0000] {subprocess.py:97} INFO - Command exited with return code 0
[2025-09-07T23:44:48.060+0000] {taskinstance.py:340} INFO - ::group::Post task execution logs
[2025-09-07T23:44:48.060+0000] {taskinstance.py:352} INFO - Marking task as SUCCESS. dag_id=executing_multiple_tasks, task_id=taskD, run_id=manual__2025-09-07T23:44:20.672695+00:00, execution_date=20250907T234420, start_date=20250907T234447, end_date=20250907T234448
[2025-09-07T23:44:48.092+0000] {local_task_job_runner.py:266} INFO - Task exited with return code 0
[2025-09-07T23:44:48.100+0000] {taskinstance.py:3900} INFO - 0 downstream tasks scheduled from follow-on schedule check
[2025-09-07T23:44:48.101+0000] {local_task_job_runner.py:245} INFO - ::endgroup::
