[2025-09-08T17:01:54.336+0000] {local_task_job_runner.py:123} INFO - ::group::Pre task execution logs
[2025-09-08T17:01:54.343+0000] {taskinstance.py:2612} INFO - Dependencies all met for dep_context=non-requeueable deps ti=<TaskInstance: cron_catchup_backfill.taskA scheduled__2025-09-07T00:00:00+00:00 [queued]>
[2025-09-08T17:01:54.347+0000] {taskinstance.py:2612} INFO - Dependencies all met for dep_context=requeueable deps ti=<TaskInstance: cron_catchup_backfill.taskA scheduled__2025-09-07T00:00:00+00:00 [queued]>
[2025-09-08T17:01:54.347+0000] {taskinstance.py:2865} INFO - Starting attempt 1 of 1
[2025-09-08T17:01:54.359+0000] {taskinstance.py:2888} INFO - Executing <Task(BashOperator): taskA> on 2025-09-07 00:00:00+00:00
[2025-09-08T17:01:54.361+0000] {standard_task_runner.py:72} INFO - Started process 16383 to run task
[2025-09-08T17:01:54.364+0000] {standard_task_runner.py:104} INFO - Running: ['airflow', 'tasks', 'run', 'cron_catchup_backfill', 'taskA', 'scheduled__2025-09-07T00:00:00+00:00', '--job-id', '119', '--raw', '--subdir', 'DAGS_FOLDER/executing_cron_catchup_backfill.py', '--cfg-path', '/tmp/tmpuk1tzvyd']
[2025-09-08T17:01:54.365+0000] {standard_task_runner.py:105} INFO - Job 119: Subtask taskA
[2025-09-08T17:01:54.392+0000] {task_command.py:467} INFO - Running <TaskInstance: cron_catchup_backfill.taskA scheduled__2025-09-07T00:00:00+00:00 [running]> on host codespaces-9bd7b3
[2025-09-08T17:01:54.439+0000] {taskinstance.py:3131} INFO - Exporting env vars: AIRFLOW_CTX_DAG_OWNER='loonycorn' AIRFLOW_CTX_DAG_ID='cron_catchup_backfill' AIRFLOW_CTX_TASK_ID='taskA' AIRFLOW_CTX_EXECUTION_DATE='2025-09-07T00:00:00+00:00' AIRFLOW_CTX_TRY_NUMBER='1' AIRFLOW_CTX_DAG_RUN_ID='scheduled__2025-09-07T00:00:00+00:00'
[2025-09-08T17:01:54.439+0000] {taskinstance.py:731} INFO - ::endgroup::
[2025-09-08T17:01:54.451+0000] {subprocess.py:63} INFO - Tmp dir root location: /tmp
[2025-09-08T17:01:54.451+0000] {subprocess.py:75} INFO - Running command: ['/usr/bin/bash', '-c', 'echo TASK A has executed!']
[2025-09-08T17:01:54.458+0000] {subprocess.py:86} INFO - Output:
[2025-09-08T17:01:54.459+0000] {subprocess.py:93} INFO - TASK A has executed!
[2025-09-08T17:01:54.459+0000] {subprocess.py:97} INFO - Command exited with return code 0
[2025-09-08T17:01:54.475+0000] {taskinstance.py:340} INFO - ::group::Post task execution logs
[2025-09-08T17:01:54.475+0000] {taskinstance.py:352} INFO - Marking task as SUCCESS. dag_id=cron_catchup_backfill, task_id=taskA, run_id=scheduled__2025-09-07T00:00:00+00:00, execution_date=20250907T000000, start_date=20250908T170154, end_date=20250908T170154
[2025-09-08T17:01:54.496+0000] {local_task_job_runner.py:266} INFO - Task exited with return code 0
[2025-09-08T17:01:54.513+0000] {taskinstance.py:3900} INFO - 1 downstream tasks scheduled from follow-on schedule check
[2025-09-08T17:01:54.517+0000] {local_task_job_runner.py:245} INFO - ::endgroup::
[2025-09-08T17:06:14.658+0000] {local_task_job_runner.py:123} INFO - ::group::Pre task execution logs
[2025-09-08T17:06:14.665+0000] {taskinstance.py:2612} INFO - Dependencies all met for dep_context=non-requeueable deps ti=<TaskInstance: cron_catchup_backfill.taskA scheduled__2025-09-07T00:00:00+00:00 [queued]>
[2025-09-08T17:06:14.670+0000] {taskinstance.py:2612} INFO - Dependencies all met for dep_context=requeueable deps ti=<TaskInstance: cron_catchup_backfill.taskA scheduled__2025-09-07T00:00:00+00:00 [queued]>
[2025-09-08T17:06:14.670+0000] {taskinstance.py:2865} INFO - Starting attempt 1 of 1
[2025-09-08T17:06:14.681+0000] {taskinstance.py:2888} INFO - Executing <Task(BashOperator): taskA> on 2025-09-07 00:00:00+00:00
[2025-09-08T17:06:14.684+0000] {standard_task_runner.py:72} INFO - Started process 18449 to run task
[2025-09-08T17:06:14.687+0000] {standard_task_runner.py:104} INFO - Running: ['airflow', 'tasks', 'run', 'cron_catchup_backfill', 'taskA', 'scheduled__2025-09-07T00:00:00+00:00', '--job-id', '110', '--raw', '--subdir', 'DAGS_FOLDER/executing_cron_catchup_backfill.py', '--cfg-path', '/tmp/tmpnvbsiywn']
[2025-09-08T17:06:14.688+0000] {standard_task_runner.py:105} INFO - Job 110: Subtask taskA
[2025-09-08T17:06:14.715+0000] {task_command.py:467} INFO - Running <TaskInstance: cron_catchup_backfill.taskA scheduled__2025-09-07T00:00:00+00:00 [running]> on host codespaces-9bd7b3
[2025-09-08T17:06:14.758+0000] {taskinstance.py:3131} INFO - Exporting env vars: AIRFLOW_CTX_DAG_OWNER='loonycorn' AIRFLOW_CTX_DAG_ID='cron_catchup_backfill' AIRFLOW_CTX_TASK_ID='taskA' AIRFLOW_CTX_EXECUTION_DATE='2025-09-07T00:00:00+00:00' AIRFLOW_CTX_TRY_NUMBER='1' AIRFLOW_CTX_DAG_RUN_ID='scheduled__2025-09-07T00:00:00+00:00'
[2025-09-08T17:06:14.758+0000] {taskinstance.py:731} INFO - ::endgroup::
[2025-09-08T17:06:14.769+0000] {subprocess.py:63} INFO - Tmp dir root location: /tmp
[2025-09-08T17:06:14.769+0000] {subprocess.py:75} INFO - Running command: ['/usr/bin/bash', '-c', 'echo TASK A has executed!']
[2025-09-08T17:06:14.776+0000] {subprocess.py:86} INFO - Output:
[2025-09-08T17:06:14.777+0000] {subprocess.py:93} INFO - TASK A has executed!
[2025-09-08T17:06:14.777+0000] {subprocess.py:97} INFO - Command exited with return code 0
[2025-09-08T17:06:14.791+0000] {taskinstance.py:340} INFO - ::group::Post task execution logs
[2025-09-08T17:06:14.791+0000] {taskinstance.py:352} INFO - Marking task as SUCCESS. dag_id=cron_catchup_backfill, task_id=taskA, run_id=scheduled__2025-09-07T00:00:00+00:00, execution_date=20250907T000000, start_date=20250908T170614, end_date=20250908T170614
[2025-09-08T17:06:14.819+0000] {local_task_job_runner.py:266} INFO - Task exited with return code 0
[2025-09-08T17:06:14.837+0000] {taskinstance.py:3900} INFO - 1 downstream tasks scheduled from follow-on schedule check
[2025-09-08T17:06:14.842+0000] {local_task_job_runner.py:245} INFO - ::endgroup::
