[2025-09-08T16:50:49.186+0000] {local_task_job_runner.py:123} INFO - ::group::Pre task execution logs
[2025-09-08T16:50:49.195+0000] {taskinstance.py:2612} INFO - Dependencies all met for dep_context=non-requeueable deps ti=<TaskInstance: executing_branching.determine_branch scheduled__2025-09-07T00:00:00+00:00 [queued]>
[2025-09-08T16:50:49.200+0000] {taskinstance.py:2612} INFO - Dependencies all met for dep_context=requeueable deps ti=<TaskInstance: executing_branching.determine_branch scheduled__2025-09-07T00:00:00+00:00 [queued]>
[2025-09-08T16:50:49.201+0000] {taskinstance.py:2865} INFO - Starting attempt 1 of 1
[2025-09-08T16:50:49.214+0000] {taskinstance.py:2888} INFO - Executing <Task(BranchPythonOperator): determine_branch> on 2025-09-07 00:00:00+00:00
[2025-09-08T16:50:49.218+0000] {standard_task_runner.py:72} INFO - Started process 11189 to run task
[2025-09-08T16:50:49.221+0000] {standard_task_runner.py:104} INFO - Running: ['airflow', 'tasks', 'run', 'executing_branching', 'determine_branch', 'scheduled__2025-09-07T00:00:00+00:00', '--job-id', '100', '--raw', '--subdir', 'DAGS_FOLDER/executing_branching_pipeline.py', '--cfg-path', '/tmp/tmphy3eihbt']
[2025-09-08T16:50:49.222+0000] {standard_task_runner.py:105} INFO - Job 100: Subtask determine_branch
[2025-09-08T16:50:49.250+0000] {task_command.py:467} INFO - Running <TaskInstance: executing_branching.determine_branch scheduled__2025-09-07T00:00:00+00:00 [running]> on host codespaces-9bd7b3
[2025-09-08T16:50:49.295+0000] {taskinstance.py:3131} INFO - Exporting env vars: AIRFLOW_CTX_DAG_OWNER='loonycorn' AIRFLOW_CTX_DAG_ID='executing_branching' AIRFLOW_CTX_TASK_ID='determine_branch' AIRFLOW_CTX_EXECUTION_DATE='2025-09-07T00:00:00+00:00' AIRFLOW_CTX_TRY_NUMBER='1' AIRFLOW_CTX_DAG_RUN_ID='scheduled__2025-09-07T00:00:00+00:00'
[2025-09-08T16:50:49.296+0000] {taskinstance.py:731} INFO - ::endgroup::
[2025-09-08T16:50:49.307+0000] {baseoperator.py:405} WARNING - BranchPythonOperator.execute cannot be called outside TaskInstance!
[2025-09-08T16:50:49.311+0000] {python.py:240} INFO - Done. Returned value was: filter_by_southeast
[2025-09-08T16:50:49.311+0000] {branch.py:38} INFO - Branch into filter_by_southeast
[2025-09-08T16:50:49.311+0000] {skipmixin.py:230} INFO - Following branch {'filter_by_southeast'}
[2025-09-08T16:50:49.317+0000] {skipmixin.py:278} INFO - Skipping tasks [('filter_by_northeast', -1), ('filter_by_northwest', -1), ('filter_by_southwest', -1), ('groupby_region_smoker', -1)]
[2025-09-08T16:50:49.335+0000] {taskinstance.py:340} INFO - ::group::Post task execution logs
[2025-09-08T16:50:49.336+0000] {taskinstance.py:352} INFO - Marking task as SUCCESS. dag_id=executing_branching, task_id=determine_branch, run_id=scheduled__2025-09-07T00:00:00+00:00, execution_date=20250907T000000, start_date=20250908T165049, end_date=20250908T165049
[2025-09-08T16:50:49.353+0000] {local_task_job_runner.py:266} INFO - Task exited with return code 0
[2025-09-08T16:50:49.369+0000] {taskinstance.py:3900} INFO - 1 downstream tasks scheduled from follow-on schedule check
[2025-09-08T16:50:49.373+0000] {local_task_job_runner.py:245} INFO - ::endgroup::
