[2025-09-07T23:55:00.642+0000] {local_task_job_runner.py:123} INFO - ::group::Pre task execution logs
[2025-09-07T23:55:00.649+0000] {taskinstance.py:2612} INFO - Dependencies all met for dep_context=non-requeueable deps ti=<TaskInstance: executing_multiple_tasks.taskG manual__2025-09-07T23:54:34.886386+00:00 [queued]>
[2025-09-07T23:55:00.653+0000] {taskinstance.py:2612} INFO - Dependencies all met for dep_context=requeueable deps ti=<TaskInstance: executing_multiple_tasks.taskG manual__2025-09-07T23:54:34.886386+00:00 [queued]>
[2025-09-07T23:55:00.653+0000] {taskinstance.py:2865} INFO - Starting attempt 1 of 1
[2025-09-07T23:55:00.664+0000] {taskinstance.py:2888} INFO - Executing <Task(BashOperator): taskG> on 2025-09-07 23:54:34.886386+00:00
[2025-09-07T23:55:00.668+0000] {standard_task_runner.py:72} INFO - Started process 51086 to run task
[2025-09-07T23:55:00.673+0000] {standard_task_runner.py:104} INFO - Running: ['airflow', 'tasks', 'run', 'executing_multiple_tasks', 'taskG', 'manual__2025-09-07T23:54:34.886386+00:00', '--job-id', '28', '--raw', '--subdir', 'DAGS_FOLDER/execute_multiple_tasks.py', '--cfg-path', '/tmp/tmp0hkjc7ju']
[2025-09-07T23:55:00.674+0000] {standard_task_runner.py:105} INFO - Job 28: Subtask taskG
[2025-09-07T23:55:00.699+0000] {task_command.py:467} INFO - Running <TaskInstance: executing_multiple_tasks.taskG manual__2025-09-07T23:54:34.886386+00:00 [running]> on host codespaces-9bd7b3
[2025-09-07T23:55:00.740+0000] {taskinstance.py:3131} INFO - Exporting env vars: AIRFLOW_CTX_DAG_OWNER='loonycorn' AIRFLOW_CTX_DAG_ID='executing_multiple_tasks' AIRFLOW_CTX_TASK_ID='taskG' AIRFLOW_CTX_EXECUTION_DATE='2025-09-07T23:54:34.886386+00:00' AIRFLOW_CTX_TRY_NUMBER='1' AIRFLOW_CTX_DAG_RUN_ID='manual__2025-09-07T23:54:34.886386+00:00'
[2025-09-07T23:55:00.740+0000] {taskinstance.py:731} INFO - ::endgroup::
[2025-09-07T23:55:00.753+0000] {subprocess.py:63} INFO - Tmp dir root location: /tmp
[2025-09-07T23:55:00.753+0000] {subprocess.py:75} INFO - Running command: ['/usr/bin/bash', '-c', 'echo TASK G completed!']
[2025-09-07T23:55:00.759+0000] {subprocess.py:86} INFO - Output:
[2025-09-07T23:55:00.761+0000] {subprocess.py:93} INFO - TASK G completed!
[2025-09-07T23:55:00.761+0000] {subprocess.py:97} INFO - Command exited with return code 0
[2025-09-07T23:55:00.778+0000] {taskinstance.py:340} INFO - ::group::Post task execution logs
[2025-09-07T23:55:00.779+0000] {taskinstance.py:352} INFO - Marking task as SUCCESS. dag_id=executing_multiple_tasks, task_id=taskG, run_id=manual__2025-09-07T23:54:34.886386+00:00, execution_date=20250907T235434, start_date=20250907T235500, end_date=20250907T235500
[2025-09-07T23:55:00.807+0000] {local_task_job_runner.py:266} INFO - Task exited with return code 0
[2025-09-07T23:55:00.815+0000] {taskinstance.py:3900} INFO - 0 downstream tasks scheduled from follow-on schedule check
[2025-09-07T23:55:00.816+0000] {local_task_job_runner.py:245} INFO - ::endgroup::
