[2025-09-08T17:02:18.158+0000] {local_task_job_runner.py:123} INFO - ::group::Pre task execution logs
[2025-09-08T17:02:18.167+0000] {taskinstance.py:2612} INFO - Dependencies all met for dep_context=non-requeueable deps ti=<TaskInstance: cron_catchup_backfill.taskC scheduled__2025-09-07T00:00:00+00:00 [queued]>
[2025-09-08T17:02:18.173+0000] {taskinstance.py:2612} INFO - Dependencies all met for dep_context=requeueable deps ti=<TaskInstance: cron_catchup_backfill.taskC scheduled__2025-09-07T00:00:00+00:00 [queued]>
[2025-09-08T17:02:18.173+0000] {taskinstance.py:2865} INFO - Starting attempt 1 of 1
[2025-09-08T17:02:18.187+0000] {taskinstance.py:2888} INFO - Executing <Task(PythonOperator): taskC> on 2025-09-07 00:00:00+00:00
[2025-09-08T17:02:18.190+0000] {standard_task_runner.py:72} INFO - Started process 16580 to run task
[2025-09-08T17:02:18.193+0000] {standard_task_runner.py:104} INFO - Running: ['airflow', 'tasks', 'run', 'cron_catchup_backfill', 'taskC', 'scheduled__2025-09-07T00:00:00+00:00', '--job-id', '130', '--raw', '--subdir', 'DAGS_FOLDER/executing_cron_catchup_backfill.py', '--cfg-path', '/tmp/tmps0mn4_xc']
[2025-09-08T17:02:18.194+0000] {standard_task_runner.py:105} INFO - Job 130: Subtask taskC
[2025-09-08T17:02:18.220+0000] {task_command.py:467} INFO - Running <TaskInstance: cron_catchup_backfill.taskC scheduled__2025-09-07T00:00:00+00:00 [running]> on host codespaces-9bd7b3
[2025-09-08T17:02:18.269+0000] {taskinstance.py:3131} INFO - Exporting env vars: AIRFLOW_CTX_DAG_OWNER='loonycorn' AIRFLOW_CTX_DAG_ID='cron_catchup_backfill' AIRFLOW_CTX_TASK_ID='taskC' AIRFLOW_CTX_EXECUTION_DATE='2025-09-07T00:00:00+00:00' AIRFLOW_CTX_TRY_NUMBER='1' AIRFLOW_CTX_DAG_RUN_ID='scheduled__2025-09-07T00:00:00+00:00'
[2025-09-08T17:02:18.270+0000] {taskinstance.py:731} INFO - ::endgroup::
[2025-09-08T17:02:18.281+0000] {logging_mixin.py:190} INFO - TASK C executed!
[2025-09-08T17:02:18.281+0000] {python.py:240} INFO - Done. Returned value was: None
[2025-09-08T17:02:18.286+0000] {taskinstance.py:340} INFO - ::group::Post task execution logs
[2025-09-08T17:02:18.286+0000] {taskinstance.py:352} INFO - Marking task as SUCCESS. dag_id=cron_catchup_backfill, task_id=taskC, run_id=scheduled__2025-09-07T00:00:00+00:00, execution_date=20250907T000000, start_date=20250908T170218, end_date=20250908T170218
[2025-09-08T17:02:18.325+0000] {local_task_job_runner.py:266} INFO - Task exited with return code 0
[2025-09-08T17:02:18.338+0000] {taskinstance.py:3900} INFO - 1 downstream tasks scheduled from follow-on schedule check
[2025-09-08T17:02:18.342+0000] {local_task_job_runner.py:245} INFO - ::endgroup::
[2025-09-08T17:06:20.815+0000] {local_task_job_runner.py:123} INFO - ::group::Pre task execution logs
[2025-09-08T17:06:20.826+0000] {taskinstance.py:2612} INFO - Dependencies all met for dep_context=non-requeueable deps ti=<TaskInstance: cron_catchup_backfill.taskC scheduled__2025-09-07T00:00:00+00:00 [queued]>
[2025-09-08T17:06:20.831+0000] {taskinstance.py:2612} INFO - Dependencies all met for dep_context=requeueable deps ti=<TaskInstance: cron_catchup_backfill.taskC scheduled__2025-09-07T00:00:00+00:00 [queued]>
[2025-09-08T17:06:20.831+0000] {taskinstance.py:2865} INFO - Starting attempt 1 of 1
[2025-09-08T17:06:20.843+0000] {taskinstance.py:2888} INFO - Executing <Task(PythonOperator): taskC> on 2025-09-07 00:00:00+00:00
[2025-09-08T17:06:20.846+0000] {standard_task_runner.py:72} INFO - Started process 18506 to run task
[2025-09-08T17:06:20.849+0000] {standard_task_runner.py:104} INFO - Running: ['airflow', 'tasks', 'run', 'cron_catchup_backfill', 'taskC', 'scheduled__2025-09-07T00:00:00+00:00', '--job-id', '113', '--raw', '--subdir', 'DAGS_FOLDER/executing_cron_catchup_backfill.py', '--cfg-path', '/tmp/tmp_hm8z65m']
[2025-09-08T17:06:20.850+0000] {standard_task_runner.py:105} INFO - Job 113: Subtask taskC
[2025-09-08T17:06:20.878+0000] {task_command.py:467} INFO - Running <TaskInstance: cron_catchup_backfill.taskC scheduled__2025-09-07T00:00:00+00:00 [running]> on host codespaces-9bd7b3
[2025-09-08T17:06:20.919+0000] {taskinstance.py:3131} INFO - Exporting env vars: AIRFLOW_CTX_DAG_OWNER='loonycorn' AIRFLOW_CTX_DAG_ID='cron_catchup_backfill' AIRFLOW_CTX_TASK_ID='taskC' AIRFLOW_CTX_EXECUTION_DATE='2025-09-07T00:00:00+00:00' AIRFLOW_CTX_TRY_NUMBER='1' AIRFLOW_CTX_DAG_RUN_ID='scheduled__2025-09-07T00:00:00+00:00'
[2025-09-08T17:06:20.920+0000] {taskinstance.py:731} INFO - ::endgroup::
[2025-09-08T17:06:20.930+0000] {logging_mixin.py:190} INFO - TASK C executed!
[2025-09-08T17:06:20.930+0000] {python.py:240} INFO - Done. Returned value was: None
[2025-09-08T17:06:20.933+0000] {taskinstance.py:340} INFO - ::group::Post task execution logs
[2025-09-08T17:06:20.934+0000] {taskinstance.py:352} INFO - Marking task as SUCCESS. dag_id=cron_catchup_backfill, task_id=taskC, run_id=scheduled__2025-09-07T00:00:00+00:00, execution_date=20250907T000000, start_date=20250908T170620, end_date=20250908T170620
[2025-09-08T17:06:20.981+0000] {local_task_job_runner.py:266} INFO - Task exited with return code 0
[2025-09-08T17:06:20.995+0000] {taskinstance.py:3900} INFO - 1 downstream tasks scheduled from follow-on schedule check
[2025-09-08T17:06:20.999+0000] {local_task_job_runner.py:245} INFO - ::endgroup::
