[2025-09-07T23:39:27.490+0000] {local_task_job_runner.py:123} INFO - ::group::Pre task execution logs
[2025-09-07T23:39:27.496+0000] {taskinstance.py:2612} INFO - Dependencies all met for dep_context=non-requeueable deps ti=<TaskInstance: hello_world.hello_world_task manual__2025-09-07T23:39:24.577731+00:00 [queued]>
[2025-09-07T23:39:27.500+0000] {taskinstance.py:2612} INFO - Dependencies all met for dep_context=requeueable deps ti=<TaskInstance: hello_world.hello_world_task manual__2025-09-07T23:39:24.577731+00:00 [queued]>
[2025-09-07T23:39:27.500+0000] {taskinstance.py:2865} INFO - Starting attempt 1 of 1
[2025-09-07T23:39:27.511+0000] {taskinstance.py:2888} INFO - Executing <Task(BashOperator): hello_world_task> on 2025-09-07 23:39:24.577731+00:00
[2025-09-07T23:39:27.514+0000] {standard_task_runner.py:72} INFO - Started process 43743 to run task
[2025-09-07T23:39:27.516+0000] {standard_task_runner.py:104} INFO - Running: ['airflow', 'tasks', 'run', 'hello_world', 'hello_world_task', 'manual__2025-09-07T23:39:24.577731+00:00', '--job-id', '6', '--raw', '--subdir', 'DAGS_FOLDER/simple_hello_world.py', '--cfg-path', '/tmp/tmpiaqxlgip']
[2025-09-07T23:39:27.518+0000] {standard_task_runner.py:105} INFO - Job 6: Subtask hello_world_task
[2025-09-07T23:39:27.540+0000] {task_command.py:467} INFO - Running <TaskInstance: hello_world.hello_world_task manual__2025-09-07T23:39:24.577731+00:00 [running]> on host codespaces-9bd7b3
[2025-09-07T23:39:27.587+0000] {taskinstance.py:3131} INFO - Exporting env vars: AIRFLOW_CTX_DAG_OWNER='loonycorn' AIRFLOW_CTX_DAG_ID='hello_world' AIRFLOW_CTX_TASK_ID='hello_world_task' AIRFLOW_CTX_EXECUTION_DATE='2025-09-07T23:39:24.577731+00:00' AIRFLOW_CTX_TRY_NUMBER='1' AIRFLOW_CTX_DAG_RUN_ID='manual__2025-09-07T23:39:24.577731+00:00'
[2025-09-07T23:39:27.587+0000] {taskinstance.py:731} INFO - ::endgroup::
[2025-09-07T23:39:27.600+0000] {subprocess.py:63} INFO - Tmp dir root location: /tmp
[2025-09-07T23:39:27.600+0000] {subprocess.py:75} INFO - Running command: ['/usr/bin/bash', '-c', 'echo Hello world again!']
[2025-09-07T23:39:27.606+0000] {subprocess.py:86} INFO - Output:
[2025-09-07T23:39:27.607+0000] {subprocess.py:93} INFO - Hello world again!
[2025-09-07T23:39:27.608+0000] {subprocess.py:97} INFO - Command exited with return code 0
[2025-09-07T23:39:27.620+0000] {taskinstance.py:340} INFO - ::group::Post task execution logs
[2025-09-07T23:39:27.621+0000] {taskinstance.py:352} INFO - Marking task as SUCCESS. dag_id=hello_world, task_id=hello_world_task, run_id=manual__2025-09-07T23:39:24.577731+00:00, execution_date=20250907T233924, start_date=20250907T233927, end_date=20250907T233927
[2025-09-07T23:39:27.650+0000] {local_task_job_runner.py:266} INFO - Task exited with return code 0
[2025-09-07T23:39:27.658+0000] {taskinstance.py:3900} INFO - 0 downstream tasks scheduled from follow-on schedule check
[2025-09-07T23:39:27.658+0000] {local_task_job_runner.py:245} INFO - ::endgroup::
