[2025-09-07T23:44:30.913+0000] {local_task_job_runner.py:123} INFO - ::group::Pre task execution logs
[2025-09-07T23:44:30.920+0000] {taskinstance.py:2612} INFO - Dependencies all met for dep_context=non-requeueable deps ti=<TaskInstance: executing_multiple_tasks.taskC manual__2025-09-07T23:44:20.672695+00:00 [queued]>
[2025-09-07T23:44:30.924+0000] {taskinstance.py:2612} INFO - Dependencies all met for dep_context=requeueable deps ti=<TaskInstance: executing_multiple_tasks.taskC manual__2025-09-07T23:44:20.672695+00:00 [queued]>
[2025-09-07T23:44:30.924+0000] {taskinstance.py:2865} INFO - Starting attempt 1 of 1
[2025-09-07T23:44:30.935+0000] {taskinstance.py:2888} INFO - Executing <Task(BashOperator): taskC> on 2025-09-07 23:44:20.672695+00:00
[2025-09-07T23:44:30.938+0000] {standard_task_runner.py:72} INFO - Started process 45965 to run task
[2025-09-07T23:44:30.940+0000] {standard_task_runner.py:104} INFO - Running: ['airflow', 'tasks', 'run', 'executing_multiple_tasks', 'taskC', 'manual__2025-09-07T23:44:20.672695+00:00', '--job-id', '14', '--raw', '--subdir', 'DAGS_FOLDER/execute_multiple_tasks.py', '--cfg-path', '/tmp/tmp04qlgk6s']
[2025-09-07T23:44:30.941+0000] {standard_task_runner.py:105} INFO - Job 14: Subtask taskC
[2025-09-07T23:44:30.963+0000] {task_command.py:467} INFO - Running <TaskInstance: executing_multiple_tasks.taskC manual__2025-09-07T23:44:20.672695+00:00 [running]> on host codespaces-9bd7b3
[2025-09-07T23:44:31.007+0000] {taskinstance.py:3131} INFO - Exporting env vars: AIRFLOW_CTX_DAG_OWNER='loonycorn' AIRFLOW_CTX_DAG_ID='executing_multiple_tasks' AIRFLOW_CTX_TASK_ID='taskC' AIRFLOW_CTX_EXECUTION_DATE='2025-09-07T23:44:20.672695+00:00' AIRFLOW_CTX_TRY_NUMBER='1' AIRFLOW_CTX_DAG_RUN_ID='manual__2025-09-07T23:44:20.672695+00:00'
[2025-09-07T23:44:31.008+0000] {taskinstance.py:731} INFO - ::endgroup::
[2025-09-07T23:44:31.020+0000] {subprocess.py:63} INFO - Tmp dir root location: /tmp
[2025-09-07T23:44:31.021+0000] {subprocess.py:75} INFO - Running command: ['/usr/bin/bash', '-c', '\n            echo TASK C has started!\n            sleep 15\n            echo TASK C has ended!\n        ']
[2025-09-07T23:44:31.027+0000] {subprocess.py:86} INFO - Output:
[2025-09-07T23:44:31.028+0000] {subprocess.py:93} INFO - TASK C has started!
[2025-09-07T23:44:46.030+0000] {subprocess.py:93} INFO - TASK C has ended!
[2025-09-07T23:44:46.030+0000] {subprocess.py:97} INFO - Command exited with return code 0
[2025-09-07T23:44:46.053+0000] {taskinstance.py:340} INFO - ::group::Post task execution logs
[2025-09-07T23:44:46.053+0000] {taskinstance.py:352} INFO - Marking task as SUCCESS. dag_id=executing_multiple_tasks, task_id=taskC, run_id=manual__2025-09-07T23:44:20.672695+00:00, execution_date=20250907T234420, start_date=20250907T234430, end_date=20250907T234446
[2025-09-07T23:44:46.076+0000] {local_task_job_runner.py:266} INFO - Task exited with return code 0
[2025-09-07T23:44:46.087+0000] {taskinstance.py:3900} INFO - 1 downstream tasks scheduled from follow-on schedule check
[2025-09-07T23:44:46.090+0000] {local_task_job_runner.py:245} INFO - ::endgroup::
