[2025-09-07T22:28:35.177+0000] {processor.py:186} INFO - Started process (PID=12040) to work on /usr/local/python/3.12.1/lib/python3.12/site-packages/airflow/example_dags/example_branch_datetime_operator.py
[2025-09-07T22:28:35.178+0000] {processor.py:914} INFO - Processing file /usr/local/python/3.12.1/lib/python3.12/site-packages/airflow/example_dags/example_branch_datetime_operator.py for tasks to queue
[2025-09-07T22:28:35.179+0000] {logging_mixin.py:190} INFO - [2025-09-07T22:28:35.179+0000] {dagbag.py:588} INFO - Filling up the DagBag from /usr/local/python/3.12.1/lib/python3.12/site-packages/airflow/example_dags/example_branch_datetime_operator.py
[2025-09-07T22:28:35.189+0000] {processor.py:925} INFO - DAG(s) 'example_branch_datetime_operator_3', 'example_branch_datetime_operator_2', 'example_branch_datetime_operator' retrieved from /usr/local/python/3.12.1/lib/python3.12/site-packages/airflow/example_dags/example_branch_datetime_operator.py
[2025-09-07T22:28:35.275+0000] {logging_mixin.py:190} INFO - [2025-09-07T22:28:35.275+0000] {override.py:1900} INFO - Created Permission View: can edit on DAG:example_branch_datetime_operator_3
[2025-09-07T22:28:35.285+0000] {logging_mixin.py:190} INFO - [2025-09-07T22:28:35.284+0000] {override.py:1900} INFO - Created Permission View: can delete on DAG:example_branch_datetime_operator_3
[2025-09-07T22:28:35.291+0000] {logging_mixin.py:190} INFO - [2025-09-07T22:28:35.290+0000] {override.py:1900} INFO - Created Permission View: can read on DAG:example_branch_datetime_operator_3
[2025-09-07T22:28:35.301+0000] {logging_mixin.py:190} INFO - [2025-09-07T22:28:35.300+0000] {override.py:1900} INFO - Created Permission View: can delete on DAG Run:example_branch_datetime_operator_3
[2025-09-07T22:28:35.307+0000] {logging_mixin.py:190} INFO - [2025-09-07T22:28:35.307+0000] {override.py:1900} INFO - Created Permission View: can create on DAG Run:example_branch_datetime_operator_3
[2025-09-07T22:28:35.313+0000] {logging_mixin.py:190} INFO - [2025-09-07T22:28:35.313+0000] {override.py:1900} INFO - Created Permission View: can read on DAG Run:example_branch_datetime_operator_3
[2025-09-07T22:28:35.319+0000] {logging_mixin.py:190} INFO - [2025-09-07T22:28:35.319+0000] {override.py:1900} INFO - Created Permission View: menu access on DAG Run:example_branch_datetime_operator_3
[2025-09-07T22:28:35.334+0000] {logging_mixin.py:190} INFO - [2025-09-07T22:28:35.334+0000] {override.py:1900} INFO - Created Permission View: can edit on DAG:example_branch_datetime_operator_2
[2025-09-07T22:28:35.341+0000] {logging_mixin.py:190} INFO - [2025-09-07T22:28:35.341+0000] {override.py:1900} INFO - Created Permission View: can delete on DAG:example_branch_datetime_operator_2
[2025-09-07T22:28:35.348+0000] {logging_mixin.py:190} INFO - [2025-09-07T22:28:35.347+0000] {override.py:1900} INFO - Created Permission View: can read on DAG:example_branch_datetime_operator_2
[2025-09-07T22:28:35.357+0000] {logging_mixin.py:190} INFO - [2025-09-07T22:28:35.357+0000] {override.py:1900} INFO - Created Permission View: can delete on DAG Run:example_branch_datetime_operator_2
[2025-09-07T22:28:35.363+0000] {logging_mixin.py:190} INFO - [2025-09-07T22:28:35.363+0000] {override.py:1900} INFO - Created Permission View: can create on DAG Run:example_branch_datetime_operator_2
[2025-09-07T22:28:35.369+0000] {logging_mixin.py:190} INFO - [2025-09-07T22:28:35.369+0000] {override.py:1900} INFO - Created Permission View: can read on DAG Run:example_branch_datetime_operator_2
[2025-09-07T22:28:35.375+0000] {logging_mixin.py:190} INFO - [2025-09-07T22:28:35.375+0000] {override.py:1900} INFO - Created Permission View: menu access on DAG Run:example_branch_datetime_operator_2
[2025-09-07T22:28:35.391+0000] {logging_mixin.py:190} INFO - [2025-09-07T22:28:35.391+0000] {override.py:1900} INFO - Created Permission View: can edit on DAG:example_branch_datetime_operator
[2025-09-07T22:28:35.397+0000] {logging_mixin.py:190} INFO - [2025-09-07T22:28:35.397+0000] {override.py:1900} INFO - Created Permission View: can delete on DAG:example_branch_datetime_operator
[2025-09-07T22:28:35.403+0000] {logging_mixin.py:190} INFO - [2025-09-07T22:28:35.403+0000] {override.py:1900} INFO - Created Permission View: can read on DAG:example_branch_datetime_operator
[2025-09-07T22:28:35.412+0000] {logging_mixin.py:190} INFO - [2025-09-07T22:28:35.412+0000] {override.py:1900} INFO - Created Permission View: can delete on DAG Run:example_branch_datetime_operator
[2025-09-07T22:28:35.418+0000] {logging_mixin.py:190} INFO - [2025-09-07T22:28:35.418+0000] {override.py:1900} INFO - Created Permission View: can create on DAG Run:example_branch_datetime_operator
[2025-09-07T22:28:35.424+0000] {logging_mixin.py:190} INFO - [2025-09-07T22:28:35.424+0000] {override.py:1900} INFO - Created Permission View: can read on DAG Run:example_branch_datetime_operator
[2025-09-07T22:28:35.430+0000] {logging_mixin.py:190} INFO - [2025-09-07T22:28:35.430+0000] {override.py:1900} INFO - Created Permission View: menu access on DAG Run:example_branch_datetime_operator
[2025-09-07T22:28:35.430+0000] {logging_mixin.py:190} INFO - [2025-09-07T22:28:35.430+0000] {dag.py:3239} INFO - Sync 3 DAGs
[2025-09-07T22:28:35.439+0000] {logging_mixin.py:190} INFO - [2025-09-07T22:28:35.439+0000] {dag.py:3262} INFO - Creating ORM DAG for example_branch_datetime_operator_3
[2025-09-07T22:28:35.439+0000] {logging_mixin.py:190} INFO - [2025-09-07T22:28:35.439+0000] {dag.py:3262} INFO - Creating ORM DAG for example_branch_datetime_operator_2
[2025-09-07T22:28:35.440+0000] {logging_mixin.py:190} INFO - [2025-09-07T22:28:35.440+0000] {dag.py:3262} INFO - Creating ORM DAG for example_branch_datetime_operator
[2025-09-07T22:28:35.447+0000] {logging_mixin.py:190} INFO - [2025-09-07T22:28:35.447+0000] {dag.py:4180} INFO - Setting next_dagrun for example_branch_datetime_operator to 2025-09-06 00:00:00+00:00, run_after=2025-09-07 00:00:00+00:00
[2025-09-07T22:28:35.448+0000] {logging_mixin.py:190} INFO - [2025-09-07T22:28:35.448+0000] {dag.py:4180} INFO - Setting next_dagrun for example_branch_datetime_operator_2 to 2025-09-06 00:00:00+00:00, run_after=2025-09-07 00:00:00+00:00
[2025-09-07T22:28:35.450+0000] {logging_mixin.py:190} INFO - [2025-09-07T22:28:35.449+0000] {dag.py:4180} INFO - Setting next_dagrun for example_branch_datetime_operator_3 to 2025-09-06 00:00:00+00:00, run_after=2025-09-07 00:00:00+00:00
[2025-09-07T22:28:35.467+0000] {processor.py:208} INFO - Processing /usr/local/python/3.12.1/lib/python3.12/site-packages/airflow/example_dags/example_branch_datetime_operator.py took 0.294 seconds
[2025-09-07T22:29:30.982+0000] {processor.py:186} INFO - Started process (PID=12734) to work on /usr/local/python/3.12.1/lib/python3.12/site-packages/airflow/example_dags/example_branch_datetime_operator.py
[2025-09-07T22:29:30.983+0000] {processor.py:914} INFO - Processing file /usr/local/python/3.12.1/lib/python3.12/site-packages/airflow/example_dags/example_branch_datetime_operator.py for tasks to queue
[2025-09-07T22:29:30.984+0000] {logging_mixin.py:190} INFO - [2025-09-07T22:29:30.984+0000] {dagbag.py:588} INFO - Filling up the DagBag from /usr/local/python/3.12.1/lib/python3.12/site-packages/airflow/example_dags/example_branch_datetime_operator.py
[2025-09-07T22:29:30.993+0000] {processor.py:925} INFO - DAG(s) 'example_branch_datetime_operator_2', 'example_branch_datetime_operator_3', 'example_branch_datetime_operator' retrieved from /usr/local/python/3.12.1/lib/python3.12/site-packages/airflow/example_dags/example_branch_datetime_operator.py
[2025-09-07T22:29:31.009+0000] {logging_mixin.py:190} INFO - [2025-09-07T22:29:31.009+0000] {dag.py:3239} INFO - Sync 3 DAGs
[2025-09-07T22:29:31.025+0000] {logging_mixin.py:190} INFO - [2025-09-07T22:29:31.025+0000] {dag.py:4180} INFO - Setting next_dagrun for example_branch_datetime_operator to 2025-09-06 00:00:00+00:00, run_after=2025-09-07 00:00:00+00:00
[2025-09-07T22:29:31.029+0000] {logging_mixin.py:190} INFO - [2025-09-07T22:29:31.029+0000] {dag.py:4180} INFO - Setting next_dagrun for example_branch_datetime_operator_2 to 2025-09-06 00:00:00+00:00, run_after=2025-09-07 00:00:00+00:00
[2025-09-07T22:29:31.032+0000] {logging_mixin.py:190} INFO - [2025-09-07T22:29:31.031+0000] {dag.py:4180} INFO - Setting next_dagrun for example_branch_datetime_operator_3 to 2025-09-06 00:00:00+00:00, run_after=2025-09-07 00:00:00+00:00
[2025-09-07T22:29:31.046+0000] {processor.py:208} INFO - Processing /usr/local/python/3.12.1/lib/python3.12/site-packages/airflow/example_dags/example_branch_datetime_operator.py took 0.068 seconds
[2025-09-07T22:31:57.040+0000] {processor.py:186} INFO - Started process (PID=14504) to work on /usr/local/python/3.12.1/lib/python3.12/site-packages/airflow/example_dags/example_branch_datetime_operator.py
[2025-09-07T22:31:57.041+0000] {processor.py:914} INFO - Processing file /usr/local/python/3.12.1/lib/python3.12/site-packages/airflow/example_dags/example_branch_datetime_operator.py for tasks to queue
[2025-09-07T22:31:57.042+0000] {logging_mixin.py:190} INFO - [2025-09-07T22:31:57.042+0000] {dagbag.py:588} INFO - Filling up the DagBag from /usr/local/python/3.12.1/lib/python3.12/site-packages/airflow/example_dags/example_branch_datetime_operator.py
[2025-09-07T22:31:57.052+0000] {processor.py:925} INFO - DAG(s) 'example_branch_datetime_operator_2', 'example_branch_datetime_operator_3', 'example_branch_datetime_operator' retrieved from /usr/local/python/3.12.1/lib/python3.12/site-packages/airflow/example_dags/example_branch_datetime_operator.py
[2025-09-07T22:31:57.068+0000] {logging_mixin.py:190} INFO - [2025-09-07T22:31:57.068+0000] {dag.py:3239} INFO - Sync 3 DAGs
[2025-09-07T22:31:57.085+0000] {logging_mixin.py:190} INFO - [2025-09-07T22:31:57.085+0000] {dag.py:4180} INFO - Setting next_dagrun for example_branch_datetime_operator to 2025-09-06 00:00:00+00:00, run_after=2025-09-07 00:00:00+00:00
[2025-09-07T22:31:57.088+0000] {logging_mixin.py:190} INFO - [2025-09-07T22:31:57.088+0000] {dag.py:4180} INFO - Setting next_dagrun for example_branch_datetime_operator_2 to 2025-09-06 00:00:00+00:00, run_after=2025-09-07 00:00:00+00:00
[2025-09-07T22:31:57.090+0000] {logging_mixin.py:190} INFO - [2025-09-07T22:31:57.090+0000] {dag.py:4180} INFO - Setting next_dagrun for example_branch_datetime_operator_3 to 2025-09-06 00:00:00+00:00, run_after=2025-09-07 00:00:00+00:00
[2025-09-07T22:31:57.104+0000] {processor.py:208} INFO - Processing /usr/local/python/3.12.1/lib/python3.12/site-packages/airflow/example_dags/example_branch_datetime_operator.py took 0.068 seconds
