[2025-09-07T22:27:53.163+0000] {processor.py:186} INFO - Started process (PID=11702) to work on /usr/local/python/3.12.1/lib/python3.12/site-packages/airflow/example_dags/example_short_circuit_operator.py
[2025-09-07T22:27:53.164+0000] {processor.py:914} INFO - Processing file /usr/local/python/3.12.1/lib/python3.12/site-packages/airflow/example_dags/example_short_circuit_operator.py for tasks to queue
[2025-09-07T22:27:53.165+0000] {logging_mixin.py:190} INFO - [2025-09-07T22:27:53.165+0000] {dagbag.py:588} INFO - Filling up the DagBag from /usr/local/python/3.12.1/lib/python3.12/site-packages/airflow/example_dags/example_short_circuit_operator.py
[2025-09-07T22:27:53.172+0000] {processor.py:925} INFO - DAG(s) 'example_short_circuit_operator' retrieved from /usr/local/python/3.12.1/lib/python3.12/site-packages/airflow/example_dags/example_short_circuit_operator.py
[2025-09-07T22:27:53.283+0000] {logging_mixin.py:190} INFO - [2025-09-07T22:27:53.282+0000] {override.py:1900} INFO - Created Permission View: can edit on DAG:example_short_circuit_operator
[2025-09-07T22:27:53.295+0000] {logging_mixin.py:190} INFO - [2025-09-07T22:27:53.295+0000] {override.py:1900} INFO - Created Permission View: can delete on DAG:example_short_circuit_operator
[2025-09-07T22:27:53.302+0000] {logging_mixin.py:190} INFO - [2025-09-07T22:27:53.302+0000] {override.py:1900} INFO - Created Permission View: can read on DAG:example_short_circuit_operator
[2025-09-07T22:27:53.313+0000] {logging_mixin.py:190} INFO - [2025-09-07T22:27:53.313+0000] {override.py:1900} INFO - Created Permission View: can delete on DAG Run:example_short_circuit_operator
[2025-09-07T22:27:53.320+0000] {logging_mixin.py:190} INFO - [2025-09-07T22:27:53.320+0000] {override.py:1900} INFO - Created Permission View: can create on DAG Run:example_short_circuit_operator
[2025-09-07T22:27:53.328+0000] {logging_mixin.py:190} INFO - [2025-09-07T22:27:53.327+0000] {override.py:1900} INFO - Created Permission View: can read on DAG Run:example_short_circuit_operator
[2025-09-07T22:27:53.335+0000] {logging_mixin.py:190} INFO - [2025-09-07T22:27:53.335+0000] {override.py:1900} INFO - Created Permission View: menu access on DAG Run:example_short_circuit_operator
[2025-09-07T22:27:53.335+0000] {logging_mixin.py:190} INFO - [2025-09-07T22:27:53.335+0000] {dag.py:3239} INFO - Sync 1 DAGs
[2025-09-07T22:27:53.351+0000] {logging_mixin.py:190} INFO - [2025-09-07T22:27:53.351+0000] {dag.py:3262} INFO - Creating ORM DAG for example_short_circuit_operator
[2025-09-07T22:27:53.352+0000] {logging_mixin.py:190} INFO - [2025-09-07T22:27:53.352+0000] {dag.py:4180} INFO - Setting next_dagrun for example_short_circuit_operator to None, run_after=None
[2025-09-07T22:27:53.369+0000] {processor.py:208} INFO - Processing /usr/local/python/3.12.1/lib/python3.12/site-packages/airflow/example_dags/example_short_circuit_operator.py took 0.209 seconds
[2025-09-07T22:28:56.430+0000] {processor.py:186} INFO - Started process (PID=12307) to work on /usr/local/python/3.12.1/lib/python3.12/site-packages/airflow/example_dags/example_short_circuit_operator.py
[2025-09-07T22:28:56.431+0000] {processor.py:914} INFO - Processing file /usr/local/python/3.12.1/lib/python3.12/site-packages/airflow/example_dags/example_short_circuit_operator.py for tasks to queue
[2025-09-07T22:28:56.432+0000] {logging_mixin.py:190} INFO - [2025-09-07T22:28:56.432+0000] {dagbag.py:588} INFO - Filling up the DagBag from /usr/local/python/3.12.1/lib/python3.12/site-packages/airflow/example_dags/example_short_circuit_operator.py
[2025-09-07T22:28:56.439+0000] {processor.py:925} INFO - DAG(s) 'example_short_circuit_operator' retrieved from /usr/local/python/3.12.1/lib/python3.12/site-packages/airflow/example_dags/example_short_circuit_operator.py
[2025-09-07T22:28:56.453+0000] {logging_mixin.py:190} INFO - [2025-09-07T22:28:56.453+0000] {dag.py:3239} INFO - Sync 1 DAGs
[2025-09-07T22:28:56.463+0000] {logging_mixin.py:190} INFO - [2025-09-07T22:28:56.463+0000] {dag.py:4180} INFO - Setting next_dagrun for example_short_circuit_operator to None, run_after=None
[2025-09-07T22:28:56.480+0000] {processor.py:208} INFO - Processing /usr/local/python/3.12.1/lib/python3.12/site-packages/airflow/example_dags/example_short_circuit_operator.py took 0.054 seconds
[2025-09-07T22:29:50.585+0000] {processor.py:186} INFO - Started process (PID=12903) to work on /usr/local/python/3.12.1/lib/python3.12/site-packages/airflow/example_dags/example_short_circuit_operator.py
[2025-09-07T22:29:50.585+0000] {processor.py:914} INFO - Processing file /usr/local/python/3.12.1/lib/python3.12/site-packages/airflow/example_dags/example_short_circuit_operator.py for tasks to queue
[2025-09-07T22:29:50.587+0000] {logging_mixin.py:190} INFO - [2025-09-07T22:29:50.587+0000] {dagbag.py:588} INFO - Filling up the DagBag from /usr/local/python/3.12.1/lib/python3.12/site-packages/airflow/example_dags/example_short_circuit_operator.py
[2025-09-07T22:29:50.594+0000] {processor.py:925} INFO - DAG(s) 'example_short_circuit_operator' retrieved from /usr/local/python/3.12.1/lib/python3.12/site-packages/airflow/example_dags/example_short_circuit_operator.py
[2025-09-07T22:29:50.610+0000] {logging_mixin.py:190} INFO - [2025-09-07T22:29:50.610+0000] {dag.py:3239} INFO - Sync 1 DAGs
[2025-09-07T22:29:50.619+0000] {logging_mixin.py:190} INFO - [2025-09-07T22:29:50.619+0000] {dag.py:4180} INFO - Setting next_dagrun for example_short_circuit_operator to None, run_after=None
[2025-09-07T22:29:50.635+0000] {processor.py:208} INFO - Processing /usr/local/python/3.12.1/lib/python3.12/site-packages/airflow/example_dags/example_short_circuit_operator.py took 0.054 seconds
[2025-09-07T22:30:39.115+0000] {processor.py:186} INFO - Started process (PID=13658) to work on /usr/local/python/3.12.1/lib/python3.12/site-packages/airflow/example_dags/example_short_circuit_operator.py
[2025-09-07T22:30:39.115+0000] {processor.py:914} INFO - Processing file /usr/local/python/3.12.1/lib/python3.12/site-packages/airflow/example_dags/example_short_circuit_operator.py for tasks to queue
[2025-09-07T22:30:39.117+0000] {logging_mixin.py:190} INFO - [2025-09-07T22:30:39.117+0000] {dagbag.py:588} INFO - Filling up the DagBag from /usr/local/python/3.12.1/lib/python3.12/site-packages/airflow/example_dags/example_short_circuit_operator.py
[2025-09-07T22:30:39.124+0000] {processor.py:925} INFO - DAG(s) 'example_short_circuit_operator' retrieved from /usr/local/python/3.12.1/lib/python3.12/site-packages/airflow/example_dags/example_short_circuit_operator.py
[2025-09-07T22:30:39.138+0000] {logging_mixin.py:190} INFO - [2025-09-07T22:30:39.138+0000] {dag.py:3239} INFO - Sync 1 DAGs
[2025-09-07T22:30:39.147+0000] {logging_mixin.py:190} INFO - [2025-09-07T22:30:39.147+0000] {dag.py:4180} INFO - Setting next_dagrun for example_short_circuit_operator to None, run_after=None
[2025-09-07T22:30:39.163+0000] {processor.py:208} INFO - Processing /usr/local/python/3.12.1/lib/python3.12/site-packages/airflow/example_dags/example_short_circuit_operator.py took 0.052 seconds
[2025-09-07T22:31:22.054+0000] {processor.py:186} INFO - Started process (PID=14203) to work on /usr/local/python/3.12.1/lib/python3.12/site-packages/airflow/example_dags/example_short_circuit_operator.py
[2025-09-07T22:31:22.055+0000] {processor.py:914} INFO - Processing file /usr/local/python/3.12.1/lib/python3.12/site-packages/airflow/example_dags/example_short_circuit_operator.py for tasks to queue
[2025-09-07T22:31:22.056+0000] {logging_mixin.py:190} INFO - [2025-09-07T22:31:22.056+0000] {dagbag.py:588} INFO - Filling up the DagBag from /usr/local/python/3.12.1/lib/python3.12/site-packages/airflow/example_dags/example_short_circuit_operator.py
[2025-09-07T22:31:22.063+0000] {processor.py:925} INFO - DAG(s) 'example_short_circuit_operator' retrieved from /usr/local/python/3.12.1/lib/python3.12/site-packages/airflow/example_dags/example_short_circuit_operator.py
[2025-09-07T22:31:22.079+0000] {logging_mixin.py:190} INFO - [2025-09-07T22:31:22.079+0000] {dag.py:3239} INFO - Sync 1 DAGs
[2025-09-07T22:31:22.089+0000] {logging_mixin.py:190} INFO - [2025-09-07T22:31:22.089+0000] {dag.py:4180} INFO - Setting next_dagrun for example_short_circuit_operator to None, run_after=None
[2025-09-07T22:31:22.105+0000] {processor.py:208} INFO - Processing /usr/local/python/3.12.1/lib/python3.12/site-packages/airflow/example_dags/example_short_circuit_operator.py took 0.055 seconds
[2025-09-07T22:32:16.455+0000] {processor.py:186} INFO - Started process (PID=14674) to work on /usr/local/python/3.12.1/lib/python3.12/site-packages/airflow/example_dags/example_short_circuit_operator.py
[2025-09-07T22:32:16.456+0000] {processor.py:914} INFO - Processing file /usr/local/python/3.12.1/lib/python3.12/site-packages/airflow/example_dags/example_short_circuit_operator.py for tasks to queue
[2025-09-07T22:32:16.458+0000] {logging_mixin.py:190} INFO - [2025-09-07T22:32:16.457+0000] {dagbag.py:588} INFO - Filling up the DagBag from /usr/local/python/3.12.1/lib/python3.12/site-packages/airflow/example_dags/example_short_circuit_operator.py
[2025-09-07T22:32:16.468+0000] {processor.py:925} INFO - DAG(s) 'example_short_circuit_operator' retrieved from /usr/local/python/3.12.1/lib/python3.12/site-packages/airflow/example_dags/example_short_circuit_operator.py
[2025-09-07T22:32:16.485+0000] {logging_mixin.py:190} INFO - [2025-09-07T22:32:16.485+0000] {dag.py:3239} INFO - Sync 1 DAGs
[2025-09-07T22:32:16.497+0000] {logging_mixin.py:190} INFO - [2025-09-07T22:32:16.497+0000] {dag.py:4180} INFO - Setting next_dagrun for example_short_circuit_operator to None, run_after=None
[2025-09-07T22:32:16.515+0000] {processor.py:208} INFO - Processing /usr/local/python/3.12.1/lib/python3.12/site-packages/airflow/example_dags/example_short_circuit_operator.py took 0.066 seconds
