[2025-09-07T22:27:44.190+0000] {processor.py:186} INFO - Started process (PID=11622) to work on /usr/local/python/3.12.1/lib/python3.12/site-packages/airflow/example_dags/example_time_delta_sensor_async.py
[2025-09-07T22:27:44.190+0000] {processor.py:914} INFO - Processing file /usr/local/python/3.12.1/lib/python3.12/site-packages/airflow/example_dags/example_time_delta_sensor_async.py for tasks to queue
[2025-09-07T22:27:44.192+0000] {logging_mixin.py:190} INFO - [2025-09-07T22:27:44.191+0000] {dagbag.py:588} INFO - Filling up the DagBag from /usr/local/python/3.12.1/lib/python3.12/site-packages/airflow/example_dags/example_time_delta_sensor_async.py
[2025-09-07T22:27:44.197+0000] {processor.py:925} INFO - DAG(s) 'example_time_delta_sensor_async' retrieved from /usr/local/python/3.12.1/lib/python3.12/site-packages/airflow/example_dags/example_time_delta_sensor_async.py
[2025-09-07T22:27:44.286+0000] {logging_mixin.py:190} INFO - [2025-09-07T22:27:44.286+0000] {override.py:1900} INFO - Created Permission View: can edit on DAG:example_time_delta_sensor_async
[2025-09-07T22:27:44.295+0000] {logging_mixin.py:190} INFO - [2025-09-07T22:27:44.295+0000] {override.py:1900} INFO - Created Permission View: can delete on DAG:example_time_delta_sensor_async
[2025-09-07T22:27:44.301+0000] {logging_mixin.py:190} INFO - [2025-09-07T22:27:44.301+0000] {override.py:1900} INFO - Created Permission View: can read on DAG:example_time_delta_sensor_async
[2025-09-07T22:27:44.310+0000] {logging_mixin.py:190} INFO - [2025-09-07T22:27:44.310+0000] {override.py:1900} INFO - Created Permission View: can delete on DAG Run:example_time_delta_sensor_async
[2025-09-07T22:27:44.317+0000] {logging_mixin.py:190} INFO - [2025-09-07T22:27:44.316+0000] {override.py:1900} INFO - Created Permission View: can create on DAG Run:example_time_delta_sensor_async
[2025-09-07T22:27:44.323+0000] {logging_mixin.py:190} INFO - [2025-09-07T22:27:44.322+0000] {override.py:1900} INFO - Created Permission View: can read on DAG Run:example_time_delta_sensor_async
[2025-09-07T22:27:44.329+0000] {logging_mixin.py:190} INFO - [2025-09-07T22:27:44.329+0000] {override.py:1900} INFO - Created Permission View: menu access on DAG Run:example_time_delta_sensor_async
[2025-09-07T22:27:44.329+0000] {logging_mixin.py:190} INFO - [2025-09-07T22:27:44.329+0000] {dag.py:3239} INFO - Sync 1 DAGs
[2025-09-07T22:27:44.338+0000] {logging_mixin.py:190} INFO - [2025-09-07T22:27:44.338+0000] {dag.py:3262} INFO - Creating ORM DAG for example_time_delta_sensor_async
[2025-09-07T22:27:44.338+0000] {logging_mixin.py:190} INFO - [2025-09-07T22:27:44.338+0000] {dag.py:4180} INFO - Setting next_dagrun for example_time_delta_sensor_async to None, run_after=None
[2025-09-07T22:27:44.355+0000] {processor.py:208} INFO - Processing /usr/local/python/3.12.1/lib/python3.12/site-packages/airflow/example_dags/example_time_delta_sensor_async.py took 0.170 seconds
[2025-09-07T22:28:48.900+0000] {processor.py:186} INFO - Started process (PID=12172) to work on /usr/local/python/3.12.1/lib/python3.12/site-packages/airflow/example_dags/example_time_delta_sensor_async.py
[2025-09-07T22:28:48.901+0000] {processor.py:914} INFO - Processing file /usr/local/python/3.12.1/lib/python3.12/site-packages/airflow/example_dags/example_time_delta_sensor_async.py for tasks to queue
[2025-09-07T22:28:48.902+0000] {logging_mixin.py:190} INFO - [2025-09-07T22:28:48.902+0000] {dagbag.py:588} INFO - Filling up the DagBag from /usr/local/python/3.12.1/lib/python3.12/site-packages/airflow/example_dags/example_time_delta_sensor_async.py
[2025-09-07T22:28:48.907+0000] {processor.py:925} INFO - DAG(s) 'example_time_delta_sensor_async' retrieved from /usr/local/python/3.12.1/lib/python3.12/site-packages/airflow/example_dags/example_time_delta_sensor_async.py
[2025-09-07T22:28:48.918+0000] {logging_mixin.py:190} INFO - [2025-09-07T22:28:48.918+0000] {dag.py:3239} INFO - Sync 1 DAGs
[2025-09-07T22:28:48.927+0000] {logging_mixin.py:190} INFO - [2025-09-07T22:28:48.927+0000] {dag.py:4180} INFO - Setting next_dagrun for example_time_delta_sensor_async to None, run_after=None
[2025-09-07T22:28:48.943+0000] {processor.py:208} INFO - Processing /usr/local/python/3.12.1/lib/python3.12/site-packages/airflow/example_dags/example_time_delta_sensor_async.py took 0.047 seconds
[2025-09-07T22:29:43.276+0000] {processor.py:186} INFO - Started process (PID=12836) to work on /usr/local/python/3.12.1/lib/python3.12/site-packages/airflow/example_dags/example_time_delta_sensor_async.py
[2025-09-07T22:29:43.277+0000] {processor.py:914} INFO - Processing file /usr/local/python/3.12.1/lib/python3.12/site-packages/airflow/example_dags/example_time_delta_sensor_async.py for tasks to queue
[2025-09-07T22:29:43.278+0000] {logging_mixin.py:190} INFO - [2025-09-07T22:29:43.278+0000] {dagbag.py:588} INFO - Filling up the DagBag from /usr/local/python/3.12.1/lib/python3.12/site-packages/airflow/example_dags/example_time_delta_sensor_async.py
[2025-09-07T22:29:43.283+0000] {processor.py:925} INFO - DAG(s) 'example_time_delta_sensor_async' retrieved from /usr/local/python/3.12.1/lib/python3.12/site-packages/airflow/example_dags/example_time_delta_sensor_async.py
[2025-09-07T22:29:43.295+0000] {logging_mixin.py:190} INFO - [2025-09-07T22:29:43.295+0000] {dag.py:3239} INFO - Sync 1 DAGs
[2025-09-07T22:29:43.306+0000] {logging_mixin.py:190} INFO - [2025-09-07T22:29:43.306+0000] {dag.py:4180} INFO - Setting next_dagrun for example_time_delta_sensor_async to None, run_after=None
[2025-09-07T22:29:43.323+0000] {processor.py:208} INFO - Processing /usr/local/python/3.12.1/lib/python3.12/site-packages/airflow/example_dags/example_time_delta_sensor_async.py took 0.051 seconds
[2025-09-07T22:30:31.816+0000] {processor.py:186} INFO - Started process (PID=13502) to work on /usr/local/python/3.12.1/lib/python3.12/site-packages/airflow/example_dags/example_time_delta_sensor_async.py
[2025-09-07T22:30:31.820+0000] {processor.py:914} INFO - Processing file /usr/local/python/3.12.1/lib/python3.12/site-packages/airflow/example_dags/example_time_delta_sensor_async.py for tasks to queue
[2025-09-07T22:30:31.822+0000] {logging_mixin.py:190} INFO - [2025-09-07T22:30:31.821+0000] {dagbag.py:588} INFO - Filling up the DagBag from /usr/local/python/3.12.1/lib/python3.12/site-packages/airflow/example_dags/example_time_delta_sensor_async.py
[2025-09-07T22:30:31.829+0000] {processor.py:925} INFO - DAG(s) 'example_time_delta_sensor_async' retrieved from /usr/local/python/3.12.1/lib/python3.12/site-packages/airflow/example_dags/example_time_delta_sensor_async.py
[2025-09-07T22:30:31.846+0000] {logging_mixin.py:190} INFO - [2025-09-07T22:30:31.845+0000] {dag.py:3239} INFO - Sync 1 DAGs
[2025-09-07T22:30:31.862+0000] {logging_mixin.py:190} INFO - [2025-09-07T22:30:31.862+0000] {dag.py:4180} INFO - Setting next_dagrun for example_time_delta_sensor_async to None, run_after=None
[2025-09-07T22:30:31.878+0000] {processor.py:208} INFO - Processing /usr/local/python/3.12.1/lib/python3.12/site-packages/airflow/example_dags/example_time_delta_sensor_async.py took 0.069 seconds
[2025-09-07T22:31:15.783+0000] {processor.py:186} INFO - Started process (PID=14138) to work on /usr/local/python/3.12.1/lib/python3.12/site-packages/airflow/example_dags/example_time_delta_sensor_async.py
[2025-09-07T22:31:15.784+0000] {processor.py:914} INFO - Processing file /usr/local/python/3.12.1/lib/python3.12/site-packages/airflow/example_dags/example_time_delta_sensor_async.py for tasks to queue
[2025-09-07T22:31:15.786+0000] {logging_mixin.py:190} INFO - [2025-09-07T22:31:15.786+0000] {dagbag.py:588} INFO - Filling up the DagBag from /usr/local/python/3.12.1/lib/python3.12/site-packages/airflow/example_dags/example_time_delta_sensor_async.py
[2025-09-07T22:31:15.794+0000] {processor.py:925} INFO - DAG(s) 'example_time_delta_sensor_async' retrieved from /usr/local/python/3.12.1/lib/python3.12/site-packages/airflow/example_dags/example_time_delta_sensor_async.py
[2025-09-07T22:31:15.818+0000] {logging_mixin.py:190} INFO - [2025-09-07T22:31:15.818+0000] {dag.py:3239} INFO - Sync 1 DAGs
[2025-09-07T22:31:15.828+0000] {logging_mixin.py:190} INFO - [2025-09-07T22:31:15.828+0000] {dag.py:4180} INFO - Setting next_dagrun for example_time_delta_sensor_async to None, run_after=None
[2025-09-07T22:31:15.844+0000] {processor.py:208} INFO - Processing /usr/local/python/3.12.1/lib/python3.12/site-packages/airflow/example_dags/example_time_delta_sensor_async.py took 0.067 seconds
[2025-09-07T22:32:09.623+0000] {processor.py:186} INFO - Started process (PID=14622) to work on /usr/local/python/3.12.1/lib/python3.12/site-packages/airflow/example_dags/example_time_delta_sensor_async.py
[2025-09-07T22:32:09.624+0000] {processor.py:914} INFO - Processing file /usr/local/python/3.12.1/lib/python3.12/site-packages/airflow/example_dags/example_time_delta_sensor_async.py for tasks to queue
[2025-09-07T22:32:09.626+0000] {logging_mixin.py:190} INFO - [2025-09-07T22:32:09.626+0000] {dagbag.py:588} INFO - Filling up the DagBag from /usr/local/python/3.12.1/lib/python3.12/site-packages/airflow/example_dags/example_time_delta_sensor_async.py
[2025-09-07T22:32:09.633+0000] {processor.py:925} INFO - DAG(s) 'example_time_delta_sensor_async' retrieved from /usr/local/python/3.12.1/lib/python3.12/site-packages/airflow/example_dags/example_time_delta_sensor_async.py
[2025-09-07T22:32:09.649+0000] {logging_mixin.py:190} INFO - [2025-09-07T22:32:09.649+0000] {dag.py:3239} INFO - Sync 1 DAGs
[2025-09-07T22:32:09.658+0000] {logging_mixin.py:190} INFO - [2025-09-07T22:32:09.658+0000] {dag.py:4180} INFO - Setting next_dagrun for example_time_delta_sensor_async to None, run_after=None
[2025-09-07T22:32:09.674+0000] {processor.py:208} INFO - Processing /usr/local/python/3.12.1/lib/python3.12/site-packages/airflow/example_dags/example_time_delta_sensor_async.py took 0.057 seconds
