[2025-09-07T22:28:20.774+0000] {processor.py:186} INFO - Started process (PID=11936) to work on /usr/local/python/3.12.1/lib/python3.12/site-packages/airflow/example_dags/example_dynamic_task_mapping.py
[2025-09-07T22:28:20.774+0000] {processor.py:914} INFO - Processing file /usr/local/python/3.12.1/lib/python3.12/site-packages/airflow/example_dags/example_dynamic_task_mapping.py for tasks to queue
[2025-09-07T22:28:20.776+0000] {logging_mixin.py:190} INFO - [2025-09-07T22:28:20.776+0000] {dagbag.py:588} INFO - Filling up the DagBag from /usr/local/python/3.12.1/lib/python3.12/site-packages/airflow/example_dags/example_dynamic_task_mapping.py
[2025-09-07T22:28:20.782+0000] {processor.py:925} INFO - DAG(s) 'example_dynamic_task_mapping' retrieved from /usr/local/python/3.12.1/lib/python3.12/site-packages/airflow/example_dags/example_dynamic_task_mapping.py
[2025-09-07T22:28:20.901+0000] {logging_mixin.py:190} INFO - [2025-09-07T22:28:20.901+0000] {override.py:1900} INFO - Created Permission View: can edit on DAG:example_dynamic_task_mapping
[2025-09-07T22:28:20.910+0000] {logging_mixin.py:190} INFO - [2025-09-07T22:28:20.910+0000] {override.py:1900} INFO - Created Permission View: can delete on DAG:example_dynamic_task_mapping
[2025-09-07T22:28:20.916+0000] {logging_mixin.py:190} INFO - [2025-09-07T22:28:20.916+0000] {override.py:1900} INFO - Created Permission View: can read on DAG:example_dynamic_task_mapping
[2025-09-07T22:28:20.925+0000] {logging_mixin.py:190} INFO - [2025-09-07T22:28:20.925+0000] {override.py:1900} INFO - Created Permission View: can delete on DAG Run:example_dynamic_task_mapping
[2025-09-07T22:28:20.931+0000] {logging_mixin.py:190} INFO - [2025-09-07T22:28:20.931+0000] {override.py:1900} INFO - Created Permission View: can create on DAG Run:example_dynamic_task_mapping
[2025-09-07T22:28:20.938+0000] {logging_mixin.py:190} INFO - [2025-09-07T22:28:20.938+0000] {override.py:1900} INFO - Created Permission View: can read on DAG Run:example_dynamic_task_mapping
[2025-09-07T22:28:20.945+0000] {logging_mixin.py:190} INFO - [2025-09-07T22:28:20.944+0000] {override.py:1900} INFO - Created Permission View: menu access on DAG Run:example_dynamic_task_mapping
[2025-09-07T22:28:20.945+0000] {logging_mixin.py:190} INFO - [2025-09-07T22:28:20.945+0000] {dag.py:3239} INFO - Sync 1 DAGs
[2025-09-07T22:28:20.954+0000] {logging_mixin.py:190} INFO - [2025-09-07T22:28:20.954+0000] {dag.py:3262} INFO - Creating ORM DAG for example_dynamic_task_mapping
[2025-09-07T22:28:20.955+0000] {logging_mixin.py:190} INFO - [2025-09-07T22:28:20.954+0000] {dag.py:4180} INFO - Setting next_dagrun for example_dynamic_task_mapping to None, run_after=None
[2025-09-07T22:28:20.968+0000] {processor.py:208} INFO - Processing /usr/local/python/3.12.1/lib/python3.12/site-packages/airflow/example_dags/example_dynamic_task_mapping.py took 0.199 seconds
[2025-09-07T22:29:20.848+0000] {processor.py:186} INFO - Started process (PID=12595) to work on /usr/local/python/3.12.1/lib/python3.12/site-packages/airflow/example_dags/example_dynamic_task_mapping.py
[2025-09-07T22:29:20.848+0000] {processor.py:914} INFO - Processing file /usr/local/python/3.12.1/lib/python3.12/site-packages/airflow/example_dags/example_dynamic_task_mapping.py for tasks to queue
[2025-09-07T22:29:20.850+0000] {logging_mixin.py:190} INFO - [2025-09-07T22:29:20.850+0000] {dagbag.py:588} INFO - Filling up the DagBag from /usr/local/python/3.12.1/lib/python3.12/site-packages/airflow/example_dags/example_dynamic_task_mapping.py
[2025-09-07T22:29:20.857+0000] {processor.py:925} INFO - DAG(s) 'example_dynamic_task_mapping' retrieved from /usr/local/python/3.12.1/lib/python3.12/site-packages/airflow/example_dags/example_dynamic_task_mapping.py
[2025-09-07T22:29:20.869+0000] {logging_mixin.py:190} INFO - [2025-09-07T22:29:20.869+0000] {dag.py:3239} INFO - Sync 1 DAGs
[2025-09-07T22:29:20.879+0000] {logging_mixin.py:190} INFO - [2025-09-07T22:29:20.879+0000] {dag.py:4180} INFO - Setting next_dagrun for example_dynamic_task_mapping to None, run_after=None
[2025-09-07T22:29:20.895+0000] {processor.py:208} INFO - Processing /usr/local/python/3.12.1/lib/python3.12/site-packages/airflow/example_dags/example_dynamic_task_mapping.py took 0.051 seconds
[2025-09-07T22:30:15.096+0000] {processor.py:186} INFO - Started process (PID=13247) to work on /usr/local/python/3.12.1/lib/python3.12/site-packages/airflow/example_dags/example_dynamic_task_mapping.py
[2025-09-07T22:30:15.097+0000] {processor.py:914} INFO - Processing file /usr/local/python/3.12.1/lib/python3.12/site-packages/airflow/example_dags/example_dynamic_task_mapping.py for tasks to queue
[2025-09-07T22:30:15.098+0000] {logging_mixin.py:190} INFO - [2025-09-07T22:30:15.098+0000] {dagbag.py:588} INFO - Filling up the DagBag from /usr/local/python/3.12.1/lib/python3.12/site-packages/airflow/example_dags/example_dynamic_task_mapping.py
[2025-09-07T22:30:15.104+0000] {processor.py:925} INFO - DAG(s) 'example_dynamic_task_mapping' retrieved from /usr/local/python/3.12.1/lib/python3.12/site-packages/airflow/example_dags/example_dynamic_task_mapping.py
[2025-09-07T22:30:15.124+0000] {logging_mixin.py:190} INFO - [2025-09-07T22:30:15.124+0000] {dag.py:3239} INFO - Sync 1 DAGs
[2025-09-07T22:30:15.139+0000] {logging_mixin.py:190} INFO - [2025-09-07T22:30:15.138+0000] {dag.py:4180} INFO - Setting next_dagrun for example_dynamic_task_mapping to None, run_after=None
[2025-09-07T22:30:15.181+0000] {processor.py:208} INFO - Processing /usr/local/python/3.12.1/lib/python3.12/site-packages/airflow/example_dags/example_dynamic_task_mapping.py took 0.089 seconds
[2025-09-07T22:31:44.424+0000] {processor.py:186} INFO - Started process (PID=14401) to work on /usr/local/python/3.12.1/lib/python3.12/site-packages/airflow/example_dags/example_dynamic_task_mapping.py
[2025-09-07T22:31:44.424+0000] {processor.py:914} INFO - Processing file /usr/local/python/3.12.1/lib/python3.12/site-packages/airflow/example_dags/example_dynamic_task_mapping.py for tasks to queue
[2025-09-07T22:31:44.426+0000] {logging_mixin.py:190} INFO - [2025-09-07T22:31:44.425+0000] {dagbag.py:588} INFO - Filling up the DagBag from /usr/local/python/3.12.1/lib/python3.12/site-packages/airflow/example_dags/example_dynamic_task_mapping.py
[2025-09-07T22:31:44.432+0000] {processor.py:925} INFO - DAG(s) 'example_dynamic_task_mapping' retrieved from /usr/local/python/3.12.1/lib/python3.12/site-packages/airflow/example_dags/example_dynamic_task_mapping.py
[2025-09-07T22:31:44.443+0000] {logging_mixin.py:190} INFO - [2025-09-07T22:31:44.443+0000] {dag.py:3239} INFO - Sync 1 DAGs
[2025-09-07T22:31:44.452+0000] {logging_mixin.py:190} INFO - [2025-09-07T22:31:44.452+0000] {dag.py:4180} INFO - Setting next_dagrun for example_dynamic_task_mapping to None, run_after=None
[2025-09-07T22:31:44.468+0000] {processor.py:208} INFO - Processing /usr/local/python/3.12.1/lib/python3.12/site-packages/airflow/example_dags/example_dynamic_task_mapping.py took 0.049 seconds
