[2025-09-07T22:28:14.828+0000] {processor.py:186} INFO - Started process (PID=11872) to work on /usr/local/python/3.12.1/lib/python3.12/site-packages/airflow/example_dags/example_external_task_marker_dag.py
[2025-09-07T22:28:14.829+0000] {processor.py:914} INFO - Processing file /usr/local/python/3.12.1/lib/python3.12/site-packages/airflow/example_dags/example_external_task_marker_dag.py for tasks to queue
[2025-09-07T22:28:14.831+0000] {logging_mixin.py:190} INFO - [2025-09-07T22:28:14.831+0000] {dagbag.py:588} INFO - Filling up the DagBag from /usr/local/python/3.12.1/lib/python3.12/site-packages/airflow/example_dags/example_external_task_marker_dag.py
[2025-09-07T22:28:14.837+0000] {processor.py:925} INFO - DAG(s) 'example_external_task_marker_parent', 'example_external_task_marker_child' retrieved from /usr/local/python/3.12.1/lib/python3.12/site-packages/airflow/example_dags/example_external_task_marker_dag.py
[2025-09-07T22:28:14.952+0000] {logging_mixin.py:190} INFO - [2025-09-07T22:28:14.951+0000] {override.py:1900} INFO - Created Permission View: can edit on DAG:example_external_task_marker_parent
[2025-09-07T22:28:14.964+0000] {logging_mixin.py:190} INFO - [2025-09-07T22:28:14.964+0000] {override.py:1900} INFO - Created Permission View: can delete on DAG:example_external_task_marker_parent
[2025-09-07T22:28:14.975+0000] {logging_mixin.py:190} INFO - [2025-09-07T22:28:14.975+0000] {override.py:1900} INFO - Created Permission View: can read on DAG:example_external_task_marker_parent
[2025-09-07T22:28:14.987+0000] {logging_mixin.py:190} INFO - [2025-09-07T22:28:14.987+0000] {override.py:1900} INFO - Created Permission View: can delete on DAG Run:example_external_task_marker_parent
[2025-09-07T22:28:14.999+0000] {logging_mixin.py:190} INFO - [2025-09-07T22:28:14.999+0000] {override.py:1900} INFO - Created Permission View: can create on DAG Run:example_external_task_marker_parent
[2025-09-07T22:28:15.007+0000] {logging_mixin.py:190} INFO - [2025-09-07T22:28:15.007+0000] {override.py:1900} INFO - Created Permission View: can read on DAG Run:example_external_task_marker_parent
[2025-09-07T22:28:15.014+0000] {logging_mixin.py:190} INFO - [2025-09-07T22:28:15.014+0000] {override.py:1900} INFO - Created Permission View: menu access on DAG Run:example_external_task_marker_parent
[2025-09-07T22:28:15.032+0000] {logging_mixin.py:190} INFO - [2025-09-07T22:28:15.032+0000] {override.py:1900} INFO - Created Permission View: can edit on DAG:example_external_task_marker_child
[2025-09-07T22:28:15.039+0000] {logging_mixin.py:190} INFO - [2025-09-07T22:28:15.038+0000] {override.py:1900} INFO - Created Permission View: can delete on DAG:example_external_task_marker_child
[2025-09-07T22:28:15.046+0000] {logging_mixin.py:190} INFO - [2025-09-07T22:28:15.045+0000] {override.py:1900} INFO - Created Permission View: can read on DAG:example_external_task_marker_child
[2025-09-07T22:28:15.058+0000] {logging_mixin.py:190} INFO - [2025-09-07T22:28:15.058+0000] {override.py:1900} INFO - Created Permission View: can delete on DAG Run:example_external_task_marker_child
[2025-09-07T22:28:15.064+0000] {logging_mixin.py:190} INFO - [2025-09-07T22:28:15.064+0000] {override.py:1900} INFO - Created Permission View: can create on DAG Run:example_external_task_marker_child
[2025-09-07T22:28:15.070+0000] {logging_mixin.py:190} INFO - [2025-09-07T22:28:15.070+0000] {override.py:1900} INFO - Created Permission View: can read on DAG Run:example_external_task_marker_child
[2025-09-07T22:28:15.076+0000] {logging_mixin.py:190} INFO - [2025-09-07T22:28:15.076+0000] {override.py:1900} INFO - Created Permission View: menu access on DAG Run:example_external_task_marker_child
[2025-09-07T22:28:15.076+0000] {logging_mixin.py:190} INFO - [2025-09-07T22:28:15.076+0000] {dag.py:3239} INFO - Sync 2 DAGs
[2025-09-07T22:28:15.085+0000] {logging_mixin.py:190} INFO - [2025-09-07T22:28:15.085+0000] {dag.py:3262} INFO - Creating ORM DAG for example_external_task_marker_parent
[2025-09-07T22:28:15.085+0000] {logging_mixin.py:190} INFO - [2025-09-07T22:28:15.085+0000] {dag.py:3262} INFO - Creating ORM DAG for example_external_task_marker_child
[2025-09-07T22:28:15.086+0000] {logging_mixin.py:190} INFO - [2025-09-07T22:28:15.086+0000] {dag.py:4180} INFO - Setting next_dagrun for example_external_task_marker_child to None, run_after=None
[2025-09-07T22:28:15.086+0000] {logging_mixin.py:190} INFO - [2025-09-07T22:28:15.086+0000] {dag.py:4180} INFO - Setting next_dagrun for example_external_task_marker_parent to None, run_after=None
[2025-09-07T22:28:15.103+0000] {processor.py:208} INFO - Processing /usr/local/python/3.12.1/lib/python3.12/site-packages/airflow/example_dags/example_external_task_marker_dag.py took 0.279 seconds
[2025-09-07T22:29:15.709+0000] {processor.py:186} INFO - Started process (PID=12544) to work on /usr/local/python/3.12.1/lib/python3.12/site-packages/airflow/example_dags/example_external_task_marker_dag.py
[2025-09-07T22:29:15.710+0000] {processor.py:914} INFO - Processing file /usr/local/python/3.12.1/lib/python3.12/site-packages/airflow/example_dags/example_external_task_marker_dag.py for tasks to queue
[2025-09-07T22:29:15.711+0000] {logging_mixin.py:190} INFO - [2025-09-07T22:29:15.711+0000] {dagbag.py:588} INFO - Filling up the DagBag from /usr/local/python/3.12.1/lib/python3.12/site-packages/airflow/example_dags/example_external_task_marker_dag.py
[2025-09-07T22:29:15.718+0000] {processor.py:925} INFO - DAG(s) 'example_external_task_marker_child', 'example_external_task_marker_parent' retrieved from /usr/local/python/3.12.1/lib/python3.12/site-packages/airflow/example_dags/example_external_task_marker_dag.py
[2025-09-07T22:29:15.734+0000] {logging_mixin.py:190} INFO - [2025-09-07T22:29:15.734+0000] {dag.py:3239} INFO - Sync 2 DAGs
[2025-09-07T22:29:15.749+0000] {logging_mixin.py:190} INFO - [2025-09-07T22:29:15.748+0000] {dag.py:4180} INFO - Setting next_dagrun for example_external_task_marker_child to None, run_after=None
[2025-09-07T22:29:15.753+0000] {logging_mixin.py:190} INFO - [2025-09-07T22:29:15.752+0000] {dag.py:4180} INFO - Setting next_dagrun for example_external_task_marker_parent to None, run_after=None
[2025-09-07T22:29:15.786+0000] {processor.py:208} INFO - Processing /usr/local/python/3.12.1/lib/python3.12/site-packages/airflow/example_dags/example_external_task_marker_dag.py took 0.081 seconds
[2025-09-07T22:30:10.017+0000] {processor.py:186} INFO - Started process (PID=13180) to work on /usr/local/python/3.12.1/lib/python3.12/site-packages/airflow/example_dags/example_external_task_marker_dag.py
[2025-09-07T22:30:10.018+0000] {processor.py:914} INFO - Processing file /usr/local/python/3.12.1/lib/python3.12/site-packages/airflow/example_dags/example_external_task_marker_dag.py for tasks to queue
[2025-09-07T22:30:10.019+0000] {logging_mixin.py:190} INFO - [2025-09-07T22:30:10.019+0000] {dagbag.py:588} INFO - Filling up the DagBag from /usr/local/python/3.12.1/lib/python3.12/site-packages/airflow/example_dags/example_external_task_marker_dag.py
[2025-09-07T22:30:10.025+0000] {processor.py:925} INFO - DAG(s) 'example_external_task_marker_parent', 'example_external_task_marker_child' retrieved from /usr/local/python/3.12.1/lib/python3.12/site-packages/airflow/example_dags/example_external_task_marker_dag.py
[2025-09-07T22:30:10.039+0000] {logging_mixin.py:190} INFO - [2025-09-07T22:30:10.039+0000] {dag.py:3239} INFO - Sync 2 DAGs
[2025-09-07T22:30:10.048+0000] {logging_mixin.py:190} INFO - [2025-09-07T22:30:10.048+0000] {dag.py:4180} INFO - Setting next_dagrun for example_external_task_marker_child to None, run_after=None
[2025-09-07T22:30:10.051+0000] {logging_mixin.py:190} INFO - [2025-09-07T22:30:10.051+0000] {dag.py:4180} INFO - Setting next_dagrun for example_external_task_marker_parent to None, run_after=None
[2025-09-07T22:30:10.074+0000] {processor.py:208} INFO - Processing /usr/local/python/3.12.1/lib/python3.12/site-packages/airflow/example_dags/example_external_task_marker_dag.py took 0.062 seconds
[2025-09-07T22:31:39.284+0000] {processor.py:186} INFO - Started process (PID=14367) to work on /usr/local/python/3.12.1/lib/python3.12/site-packages/airflow/example_dags/example_external_task_marker_dag.py
[2025-09-07T22:31:39.284+0000] {processor.py:914} INFO - Processing file /usr/local/python/3.12.1/lib/python3.12/site-packages/airflow/example_dags/example_external_task_marker_dag.py for tasks to queue
[2025-09-07T22:31:39.286+0000] {logging_mixin.py:190} INFO - [2025-09-07T22:31:39.285+0000] {dagbag.py:588} INFO - Filling up the DagBag from /usr/local/python/3.12.1/lib/python3.12/site-packages/airflow/example_dags/example_external_task_marker_dag.py
[2025-09-07T22:31:39.292+0000] {processor.py:925} INFO - DAG(s) 'example_external_task_marker_parent', 'example_external_task_marker_child' retrieved from /usr/local/python/3.12.1/lib/python3.12/site-packages/airflow/example_dags/example_external_task_marker_dag.py
[2025-09-07T22:31:39.306+0000] {logging_mixin.py:190} INFO - [2025-09-07T22:31:39.306+0000] {dag.py:3239} INFO - Sync 2 DAGs
[2025-09-07T22:31:39.316+0000] {logging_mixin.py:190} INFO - [2025-09-07T22:31:39.315+0000] {dag.py:4180} INFO - Setting next_dagrun for example_external_task_marker_child to None, run_after=None
[2025-09-07T22:31:39.318+0000] {logging_mixin.py:190} INFO - [2025-09-07T22:31:39.318+0000] {dag.py:4180} INFO - Setting next_dagrun for example_external_task_marker_parent to None, run_after=None
[2025-09-07T22:31:39.333+0000] {processor.py:208} INFO - Processing /usr/local/python/3.12.1/lib/python3.12/site-packages/airflow/example_dags/example_external_task_marker_dag.py took 0.053 seconds
