[2025-09-07T22:28:12.763+0000] {processor.py:186} INFO - Started process (PID=11862) to work on /usr/local/python/3.12.1/lib/python3.12/site-packages/airflow/example_dags/example_outlet_event_extra.py
[2025-09-07T22:28:12.764+0000] {processor.py:914} INFO - Processing file /usr/local/python/3.12.1/lib/python3.12/site-packages/airflow/example_dags/example_outlet_event_extra.py for tasks to queue
[2025-09-07T22:28:12.766+0000] {logging_mixin.py:190} INFO - [2025-09-07T22:28:12.766+0000] {dagbag.py:588} INFO - Filling up the DagBag from /usr/local/python/3.12.1/lib/python3.12/site-packages/airflow/example_dags/example_outlet_event_extra.py
[2025-09-07T22:28:12.783+0000] {processor.py:925} INFO - DAG(s) 'dataset_with_extra_from_classic_operator', 'dataset_with_extra_by_yield', 'dataset_with_extra_by_context' retrieved from /usr/local/python/3.12.1/lib/python3.12/site-packages/airflow/example_dags/example_outlet_event_extra.py
[2025-09-07T22:28:12.871+0000] {logging_mixin.py:190} INFO - [2025-09-07T22:28:12.870+0000] {override.py:1900} INFO - Created Permission View: can edit on DAG:dataset_with_extra_from_classic_operator
[2025-09-07T22:28:12.880+0000] {logging_mixin.py:190} INFO - [2025-09-07T22:28:12.879+0000] {override.py:1900} INFO - Created Permission View: can delete on DAG:dataset_with_extra_from_classic_operator
[2025-09-07T22:28:12.886+0000] {logging_mixin.py:190} INFO - [2025-09-07T22:28:12.886+0000] {override.py:1900} INFO - Created Permission View: can read on DAG:dataset_with_extra_from_classic_operator
[2025-09-07T22:28:12.900+0000] {logging_mixin.py:190} INFO - [2025-09-07T22:28:12.899+0000] {override.py:1900} INFO - Created Permission View: can delete on DAG Run:dataset_with_extra_from_classic_operator
[2025-09-07T22:28:12.906+0000] {logging_mixin.py:190} INFO - [2025-09-07T22:28:12.906+0000] {override.py:1900} INFO - Created Permission View: can create on DAG Run:dataset_with_extra_from_classic_operator
[2025-09-07T22:28:12.912+0000] {logging_mixin.py:190} INFO - [2025-09-07T22:28:12.912+0000] {override.py:1900} INFO - Created Permission View: can read on DAG Run:dataset_with_extra_from_classic_operator
[2025-09-07T22:28:12.918+0000] {logging_mixin.py:190} INFO - [2025-09-07T22:28:12.918+0000] {override.py:1900} INFO - Created Permission View: menu access on DAG Run:dataset_with_extra_from_classic_operator
[2025-09-07T22:28:12.935+0000] {logging_mixin.py:190} INFO - [2025-09-07T22:28:12.934+0000] {override.py:1900} INFO - Created Permission View: can edit on DAG:dataset_with_extra_by_yield
[2025-09-07T22:28:12.942+0000] {logging_mixin.py:190} INFO - [2025-09-07T22:28:12.942+0000] {override.py:1900} INFO - Created Permission View: can delete on DAG:dataset_with_extra_by_yield
[2025-09-07T22:28:12.948+0000] {logging_mixin.py:190} INFO - [2025-09-07T22:28:12.948+0000] {override.py:1900} INFO - Created Permission View: can read on DAG:dataset_with_extra_by_yield
[2025-09-07T22:28:12.957+0000] {logging_mixin.py:190} INFO - [2025-09-07T22:28:12.957+0000] {override.py:1900} INFO - Created Permission View: can delete on DAG Run:dataset_with_extra_by_yield
[2025-09-07T22:28:12.963+0000] {logging_mixin.py:190} INFO - [2025-09-07T22:28:12.963+0000] {override.py:1900} INFO - Created Permission View: can create on DAG Run:dataset_with_extra_by_yield
[2025-09-07T22:28:12.969+0000] {logging_mixin.py:190} INFO - [2025-09-07T22:28:12.969+0000] {override.py:1900} INFO - Created Permission View: can read on DAG Run:dataset_with_extra_by_yield
[2025-09-07T22:28:12.975+0000] {logging_mixin.py:190} INFO - [2025-09-07T22:28:12.975+0000] {override.py:1900} INFO - Created Permission View: menu access on DAG Run:dataset_with_extra_by_yield
[2025-09-07T22:28:12.989+0000] {logging_mixin.py:190} INFO - [2025-09-07T22:28:12.989+0000] {override.py:1900} INFO - Created Permission View: can edit on DAG:dataset_with_extra_by_context
[2025-09-07T22:28:12.995+0000] {logging_mixin.py:190} INFO - [2025-09-07T22:28:12.995+0000] {override.py:1900} INFO - Created Permission View: can delete on DAG:dataset_with_extra_by_context
[2025-09-07T22:28:13.001+0000] {logging_mixin.py:190} INFO - [2025-09-07T22:28:13.001+0000] {override.py:1900} INFO - Created Permission View: can read on DAG:dataset_with_extra_by_context
[2025-09-07T22:28:13.010+0000] {logging_mixin.py:190} INFO - [2025-09-07T22:28:13.010+0000] {override.py:1900} INFO - Created Permission View: can delete on DAG Run:dataset_with_extra_by_context
[2025-09-07T22:28:13.016+0000] {logging_mixin.py:190} INFO - [2025-09-07T22:28:13.016+0000] {override.py:1900} INFO - Created Permission View: can create on DAG Run:dataset_with_extra_by_context
[2025-09-07T22:28:13.022+0000] {logging_mixin.py:190} INFO - [2025-09-07T22:28:13.022+0000] {override.py:1900} INFO - Created Permission View: can read on DAG Run:dataset_with_extra_by_context
[2025-09-07T22:28:13.028+0000] {logging_mixin.py:190} INFO - [2025-09-07T22:28:13.028+0000] {override.py:1900} INFO - Created Permission View: menu access on DAG Run:dataset_with_extra_by_context
[2025-09-07T22:28:13.028+0000] {logging_mixin.py:190} INFO - [2025-09-07T22:28:13.028+0000] {dag.py:3239} INFO - Sync 3 DAGs
[2025-09-07T22:28:13.038+0000] {logging_mixin.py:190} INFO - [2025-09-07T22:28:13.038+0000] {dag.py:3262} INFO - Creating ORM DAG for dataset_with_extra_by_yield
[2025-09-07T22:28:13.038+0000] {logging_mixin.py:190} INFO - [2025-09-07T22:28:13.038+0000] {dag.py:3262} INFO - Creating ORM DAG for dataset_with_extra_from_classic_operator
[2025-09-07T22:28:13.039+0000] {logging_mixin.py:190} INFO - [2025-09-07T22:28:13.039+0000] {dag.py:3262} INFO - Creating ORM DAG for dataset_with_extra_by_context
[2025-09-07T22:28:13.046+0000] {logging_mixin.py:190} INFO - [2025-09-07T22:28:13.046+0000] {dag.py:4180} INFO - Setting next_dagrun for dataset_with_extra_by_context to 2025-09-06 00:00:00+00:00, run_after=2025-09-07 00:00:00+00:00
[2025-09-07T22:28:13.047+0000] {logging_mixin.py:190} INFO - [2025-09-07T22:28:13.047+0000] {dag.py:4180} INFO - Setting next_dagrun for dataset_with_extra_by_yield to 2025-09-06 00:00:00+00:00, run_after=2025-09-07 00:00:00+00:00
[2025-09-07T22:28:13.049+0000] {logging_mixin.py:190} INFO - [2025-09-07T22:28:13.049+0000] {dag.py:4180} INFO - Setting next_dagrun for dataset_with_extra_from_classic_operator to 2025-09-06 00:00:00+00:00, run_after=2025-09-07 00:00:00+00:00
[2025-09-07T22:28:13.070+0000] {processor.py:208} INFO - Processing /usr/local/python/3.12.1/lib/python3.12/site-packages/airflow/example_dags/example_outlet_event_extra.py took 0.313 seconds
[2025-09-07T22:29:13.568+0000] {processor.py:186} INFO - Started process (PID=12528) to work on /usr/local/python/3.12.1/lib/python3.12/site-packages/airflow/example_dags/example_outlet_event_extra.py
[2025-09-07T22:29:13.569+0000] {processor.py:914} INFO - Processing file /usr/local/python/3.12.1/lib/python3.12/site-packages/airflow/example_dags/example_outlet_event_extra.py for tasks to queue
[2025-09-07T22:29:13.570+0000] {logging_mixin.py:190} INFO - [2025-09-07T22:29:13.570+0000] {dagbag.py:588} INFO - Filling up the DagBag from /usr/local/python/3.12.1/lib/python3.12/site-packages/airflow/example_dags/example_outlet_event_extra.py
[2025-09-07T22:29:13.581+0000] {processor.py:925} INFO - DAG(s) 'dataset_with_extra_from_classic_operator', 'dataset_with_extra_by_yield', 'dataset_with_extra_by_context' retrieved from /usr/local/python/3.12.1/lib/python3.12/site-packages/airflow/example_dags/example_outlet_event_extra.py
[2025-09-07T22:29:13.597+0000] {logging_mixin.py:190} INFO - [2025-09-07T22:29:13.596+0000] {dag.py:3239} INFO - Sync 3 DAGs
[2025-09-07T22:29:13.613+0000] {logging_mixin.py:190} INFO - [2025-09-07T22:29:13.613+0000] {dag.py:4180} INFO - Setting next_dagrun for dataset_with_extra_by_context to 2025-09-06 00:00:00+00:00, run_after=2025-09-07 00:00:00+00:00
[2025-09-07T22:29:13.616+0000] {logging_mixin.py:190} INFO - [2025-09-07T22:29:13.616+0000] {dag.py:4180} INFO - Setting next_dagrun for dataset_with_extra_by_yield to 2025-09-06 00:00:00+00:00, run_after=2025-09-07 00:00:00+00:00
[2025-09-07T22:29:13.618+0000] {logging_mixin.py:190} INFO - [2025-09-07T22:29:13.618+0000] {dag.py:4180} INFO - Setting next_dagrun for dataset_with_extra_from_classic_operator to 2025-09-06 00:00:00+00:00, run_after=2025-09-07 00:00:00+00:00
[2025-09-07T22:29:13.636+0000] {processor.py:208} INFO - Processing /usr/local/python/3.12.1/lib/python3.12/site-packages/airflow/example_dags/example_outlet_event_extra.py took 0.072 seconds
[2025-09-07T22:30:08.319+0000] {processor.py:186} INFO - Started process (PID=13163) to work on /usr/local/python/3.12.1/lib/python3.12/site-packages/airflow/example_dags/example_outlet_event_extra.py
[2025-09-07T22:30:08.319+0000] {processor.py:914} INFO - Processing file /usr/local/python/3.12.1/lib/python3.12/site-packages/airflow/example_dags/example_outlet_event_extra.py for tasks to queue
[2025-09-07T22:30:08.321+0000] {logging_mixin.py:190} INFO - [2025-09-07T22:30:08.321+0000] {dagbag.py:588} INFO - Filling up the DagBag from /usr/local/python/3.12.1/lib/python3.12/site-packages/airflow/example_dags/example_outlet_event_extra.py
[2025-09-07T22:30:08.332+0000] {processor.py:925} INFO - DAG(s) 'dataset_with_extra_by_yield', 'dataset_with_extra_from_classic_operator', 'dataset_with_extra_by_context' retrieved from /usr/local/python/3.12.1/lib/python3.12/site-packages/airflow/example_dags/example_outlet_event_extra.py
[2025-09-07T22:30:08.347+0000] {logging_mixin.py:190} INFO - [2025-09-07T22:30:08.347+0000] {dag.py:3239} INFO - Sync 3 DAGs
[2025-09-07T22:30:08.364+0000] {logging_mixin.py:190} INFO - [2025-09-07T22:30:08.363+0000] {dag.py:4180} INFO - Setting next_dagrun for dataset_with_extra_by_context to 2025-09-06 00:00:00+00:00, run_after=2025-09-07 00:00:00+00:00
[2025-09-07T22:30:08.367+0000] {logging_mixin.py:190} INFO - [2025-09-07T22:30:08.367+0000] {dag.py:4180} INFO - Setting next_dagrun for dataset_with_extra_by_yield to 2025-09-06 00:00:00+00:00, run_after=2025-09-07 00:00:00+00:00
[2025-09-07T22:30:08.369+0000] {logging_mixin.py:190} INFO - [2025-09-07T22:30:08.369+0000] {dag.py:4180} INFO - Setting next_dagrun for dataset_with_extra_from_classic_operator to 2025-09-06 00:00:00+00:00, run_after=2025-09-07 00:00:00+00:00
[2025-09-07T22:30:08.385+0000] {processor.py:208} INFO - Processing /usr/local/python/3.12.1/lib/python3.12/site-packages/airflow/example_dags/example_outlet_event_extra.py took 0.071 seconds
[2025-09-07T22:31:37.573+0000] {processor.py:186} INFO - Started process (PID=14329) to work on /usr/local/python/3.12.1/lib/python3.12/site-packages/airflow/example_dags/example_outlet_event_extra.py
[2025-09-07T22:31:37.574+0000] {processor.py:914} INFO - Processing file /usr/local/python/3.12.1/lib/python3.12/site-packages/airflow/example_dags/example_outlet_event_extra.py for tasks to queue
[2025-09-07T22:31:37.575+0000] {logging_mixin.py:190} INFO - [2025-09-07T22:31:37.575+0000] {dagbag.py:588} INFO - Filling up the DagBag from /usr/local/python/3.12.1/lib/python3.12/site-packages/airflow/example_dags/example_outlet_event_extra.py
[2025-09-07T22:31:37.588+0000] {processor.py:925} INFO - DAG(s) 'dataset_with_extra_from_classic_operator', 'dataset_with_extra_by_yield', 'dataset_with_extra_by_context' retrieved from /usr/local/python/3.12.1/lib/python3.12/site-packages/airflow/example_dags/example_outlet_event_extra.py
[2025-09-07T22:31:37.616+0000] {logging_mixin.py:190} INFO - [2025-09-07T22:31:37.614+0000] {dag.py:3239} INFO - Sync 3 DAGs
[2025-09-07T22:31:37.673+0000] {logging_mixin.py:190} INFO - [2025-09-07T22:31:37.673+0000] {dag.py:4180} INFO - Setting next_dagrun for dataset_with_extra_by_context to 2025-09-06 00:00:00+00:00, run_after=2025-09-07 00:00:00+00:00
[2025-09-07T22:31:37.678+0000] {logging_mixin.py:190} INFO - [2025-09-07T22:31:37.678+0000] {dag.py:4180} INFO - Setting next_dagrun for dataset_with_extra_by_yield to 2025-09-06 00:00:00+00:00, run_after=2025-09-07 00:00:00+00:00
[2025-09-07T22:31:37.682+0000] {logging_mixin.py:190} INFO - [2025-09-07T22:31:37.682+0000] {dag.py:4180} INFO - Setting next_dagrun for dataset_with_extra_from_classic_operator to 2025-09-06 00:00:00+00:00, run_after=2025-09-07 00:00:00+00:00
[2025-09-07T22:31:37.709+0000] {processor.py:208} INFO - Processing /usr/local/python/3.12.1/lib/python3.12/site-packages/airflow/example_dags/example_outlet_event_extra.py took 0.140 seconds
