[2025-09-07T22:27:57.156+0000] {processor.py:186} INFO - Started process (PID=11739) to work on /usr/local/python/3.12.1/lib/python3.12/site-packages/airflow/example_dags/example_short_circuit_decorator.py
[2025-09-07T22:27:57.156+0000] {processor.py:914} INFO - Processing file /usr/local/python/3.12.1/lib/python3.12/site-packages/airflow/example_dags/example_short_circuit_decorator.py for tasks to queue
[2025-09-07T22:27:57.158+0000] {logging_mixin.py:190} INFO - [2025-09-07T22:27:57.158+0000] {dagbag.py:588} INFO - Filling up the DagBag from /usr/local/python/3.12.1/lib/python3.12/site-packages/airflow/example_dags/example_short_circuit_decorator.py
[2025-09-07T22:27:57.165+0000] {processor.py:925} INFO - DAG(s) 'example_short_circuit_decorator' retrieved from /usr/local/python/3.12.1/lib/python3.12/site-packages/airflow/example_dags/example_short_circuit_decorator.py
[2025-09-07T22:27:57.253+0000] {logging_mixin.py:190} INFO - [2025-09-07T22:27:57.253+0000] {override.py:1900} INFO - Created Permission View: can edit on DAG:example_short_circuit_decorator
[2025-09-07T22:27:57.262+0000] {logging_mixin.py:190} INFO - [2025-09-07T22:27:57.262+0000] {override.py:1900} INFO - Created Permission View: can delete on DAG:example_short_circuit_decorator
[2025-09-07T22:27:57.268+0000] {logging_mixin.py:190} INFO - [2025-09-07T22:27:57.268+0000] {override.py:1900} INFO - Created Permission View: can read on DAG:example_short_circuit_decorator
[2025-09-07T22:27:57.278+0000] {logging_mixin.py:190} INFO - [2025-09-07T22:27:57.278+0000] {override.py:1900} INFO - Created Permission View: can delete on DAG Run:example_short_circuit_decorator
[2025-09-07T22:27:57.284+0000] {logging_mixin.py:190} INFO - [2025-09-07T22:27:57.284+0000] {override.py:1900} INFO - Created Permission View: can create on DAG Run:example_short_circuit_decorator
[2025-09-07T22:27:57.290+0000] {logging_mixin.py:190} INFO - [2025-09-07T22:27:57.290+0000] {override.py:1900} INFO - Created Permission View: can read on DAG Run:example_short_circuit_decorator
[2025-09-07T22:27:57.296+0000] {logging_mixin.py:190} INFO - [2025-09-07T22:27:57.296+0000] {override.py:1900} INFO - Created Permission View: menu access on DAG Run:example_short_circuit_decorator
[2025-09-07T22:27:57.296+0000] {logging_mixin.py:190} INFO - [2025-09-07T22:27:57.296+0000] {dag.py:3239} INFO - Sync 1 DAGs
[2025-09-07T22:27:57.306+0000] {logging_mixin.py:190} INFO - [2025-09-07T22:27:57.306+0000] {dag.py:3262} INFO - Creating ORM DAG for example_short_circuit_decorator
[2025-09-07T22:27:57.307+0000] {logging_mixin.py:190} INFO - [2025-09-07T22:27:57.306+0000] {dag.py:4180} INFO - Setting next_dagrun for example_short_circuit_decorator to None, run_after=None
[2025-09-07T22:27:57.322+0000] {processor.py:208} INFO - Processing /usr/local/python/3.12.1/lib/python3.12/site-packages/airflow/example_dags/example_short_circuit_decorator.py took 0.171 seconds
[2025-09-07T22:28:59.215+0000] {processor.py:186} INFO - Started process (PID=12343) to work on /usr/local/python/3.12.1/lib/python3.12/site-packages/airflow/example_dags/example_short_circuit_decorator.py
[2025-09-07T22:28:59.215+0000] {processor.py:914} INFO - Processing file /usr/local/python/3.12.1/lib/python3.12/site-packages/airflow/example_dags/example_short_circuit_decorator.py for tasks to queue
[2025-09-07T22:28:59.218+0000] {logging_mixin.py:190} INFO - [2025-09-07T22:28:59.217+0000] {dagbag.py:588} INFO - Filling up the DagBag from /usr/local/python/3.12.1/lib/python3.12/site-packages/airflow/example_dags/example_short_circuit_decorator.py
[2025-09-07T22:28:59.229+0000] {processor.py:925} INFO - DAG(s) 'example_short_circuit_decorator' retrieved from /usr/local/python/3.12.1/lib/python3.12/site-packages/airflow/example_dags/example_short_circuit_decorator.py
[2025-09-07T22:28:59.253+0000] {logging_mixin.py:190} INFO - [2025-09-07T22:28:59.252+0000] {dag.py:3239} INFO - Sync 1 DAGs
[2025-09-07T22:28:59.268+0000] {logging_mixin.py:190} INFO - [2025-09-07T22:28:59.268+0000] {dag.py:4180} INFO - Setting next_dagrun for example_short_circuit_decorator to None, run_after=None
[2025-09-07T22:28:59.284+0000] {processor.py:208} INFO - Processing /usr/local/python/3.12.1/lib/python3.12/site-packages/airflow/example_dags/example_short_circuit_decorator.py took 0.075 seconds
[2025-09-07T22:29:53.424+0000] {processor.py:186} INFO - Started process (PID=12957) to work on /usr/local/python/3.12.1/lib/python3.12/site-packages/airflow/example_dags/example_short_circuit_decorator.py
[2025-09-07T22:29:53.425+0000] {processor.py:914} INFO - Processing file /usr/local/python/3.12.1/lib/python3.12/site-packages/airflow/example_dags/example_short_circuit_decorator.py for tasks to queue
[2025-09-07T22:29:53.426+0000] {logging_mixin.py:190} INFO - [2025-09-07T22:29:53.426+0000] {dagbag.py:588} INFO - Filling up the DagBag from /usr/local/python/3.12.1/lib/python3.12/site-packages/airflow/example_dags/example_short_circuit_decorator.py
[2025-09-07T22:29:53.434+0000] {processor.py:925} INFO - DAG(s) 'example_short_circuit_decorator' retrieved from /usr/local/python/3.12.1/lib/python3.12/site-packages/airflow/example_dags/example_short_circuit_decorator.py
[2025-09-07T22:29:53.448+0000] {logging_mixin.py:190} INFO - [2025-09-07T22:29:53.448+0000] {dag.py:3239} INFO - Sync 1 DAGs
[2025-09-07T22:29:53.458+0000] {logging_mixin.py:190} INFO - [2025-09-07T22:29:53.457+0000] {dag.py:4180} INFO - Setting next_dagrun for example_short_circuit_decorator to None, run_after=None
[2025-09-07T22:29:53.473+0000] {processor.py:208} INFO - Processing /usr/local/python/3.12.1/lib/python3.12/site-packages/airflow/example_dags/example_short_circuit_decorator.py took 0.053 seconds
[2025-09-07T22:31:23.759+0000] {processor.py:186} INFO - Started process (PID=14219) to work on /usr/local/python/3.12.1/lib/python3.12/site-packages/airflow/example_dags/example_short_circuit_decorator.py
[2025-09-07T22:31:23.760+0000] {processor.py:914} INFO - Processing file /usr/local/python/3.12.1/lib/python3.12/site-packages/airflow/example_dags/example_short_circuit_decorator.py for tasks to queue
[2025-09-07T22:31:23.761+0000] {logging_mixin.py:190} INFO - [2025-09-07T22:31:23.761+0000] {dagbag.py:588} INFO - Filling up the DagBag from /usr/local/python/3.12.1/lib/python3.12/site-packages/airflow/example_dags/example_short_circuit_decorator.py
[2025-09-07T22:31:23.769+0000] {processor.py:925} INFO - DAG(s) 'example_short_circuit_decorator' retrieved from /usr/local/python/3.12.1/lib/python3.12/site-packages/airflow/example_dags/example_short_circuit_decorator.py
[2025-09-07T22:31:23.787+0000] {logging_mixin.py:190} INFO - [2025-09-07T22:31:23.787+0000] {dag.py:3239} INFO - Sync 1 DAGs
[2025-09-07T22:31:23.797+0000] {logging_mixin.py:190} INFO - [2025-09-07T22:31:23.797+0000] {dag.py:4180} INFO - Setting next_dagrun for example_short_circuit_decorator to None, run_after=None
[2025-09-07T22:31:23.814+0000] {processor.py:208} INFO - Processing /usr/local/python/3.12.1/lib/python3.12/site-packages/airflow/example_dags/example_short_circuit_decorator.py took 0.059 seconds
[2025-09-07T22:32:18.953+0000] {processor.py:186} INFO - Started process (PID=14690) to work on /usr/local/python/3.12.1/lib/python3.12/site-packages/airflow/example_dags/example_short_circuit_decorator.py
[2025-09-07T22:32:18.953+0000] {processor.py:914} INFO - Processing file /usr/local/python/3.12.1/lib/python3.12/site-packages/airflow/example_dags/example_short_circuit_decorator.py for tasks to queue
[2025-09-07T22:32:18.955+0000] {logging_mixin.py:190} INFO - [2025-09-07T22:32:18.954+0000] {dagbag.py:588} INFO - Filling up the DagBag from /usr/local/python/3.12.1/lib/python3.12/site-packages/airflow/example_dags/example_short_circuit_decorator.py
[2025-09-07T22:32:18.962+0000] {processor.py:925} INFO - DAG(s) 'example_short_circuit_decorator' retrieved from /usr/local/python/3.12.1/lib/python3.12/site-packages/airflow/example_dags/example_short_circuit_decorator.py
[2025-09-07T22:32:18.976+0000] {logging_mixin.py:190} INFO - [2025-09-07T22:32:18.976+0000] {dag.py:3239} INFO - Sync 1 DAGs
[2025-09-07T22:32:18.991+0000] {logging_mixin.py:190} INFO - [2025-09-07T22:32:18.990+0000] {dag.py:4180} INFO - Setting next_dagrun for example_short_circuit_decorator to None, run_after=None
[2025-09-07T22:32:19.006+0000] {processor.py:208} INFO - Processing /usr/local/python/3.12.1/lib/python3.12/site-packages/airflow/example_dags/example_short_circuit_decorator.py took 0.057 seconds
