[2025-09-07T22:28:22.117+0000] {processor.py:186} INFO - Started process (PID=11944) to work on /usr/local/python/3.12.1/lib/python3.12/site-packages/airflow/example_dags/example_dynamic_task_mapping_with_no_taskflow_operators.py
[2025-09-07T22:28:22.118+0000] {processor.py:914} INFO - Processing file /usr/local/python/3.12.1/lib/python3.12/site-packages/airflow/example_dags/example_dynamic_task_mapping_with_no_taskflow_operators.py for tasks to queue
[2025-09-07T22:28:22.119+0000] {logging_mixin.py:190} INFO - [2025-09-07T22:28:22.119+0000] {dagbag.py:588} INFO - Filling up the DagBag from /usr/local/python/3.12.1/lib/python3.12/site-packages/airflow/example_dags/example_dynamic_task_mapping_with_no_taskflow_operators.py
[2025-09-07T22:28:22.126+0000] {processor.py:925} INFO - DAG(s) 'example_dynamic_task_mapping_with_no_taskflow_operators' retrieved from /usr/local/python/3.12.1/lib/python3.12/site-packages/airflow/example_dags/example_dynamic_task_mapping_with_no_taskflow_operators.py
[2025-09-07T22:28:22.228+0000] {logging_mixin.py:190} INFO - [2025-09-07T22:28:22.227+0000] {override.py:1900} INFO - Created Permission View: can edit on DAG:example_dynamic_task_mapping_with_no_taskflow_operators
[2025-09-07T22:28:22.237+0000] {logging_mixin.py:190} INFO - [2025-09-07T22:28:22.236+0000] {override.py:1900} INFO - Created Permission View: can delete on DAG:example_dynamic_task_mapping_with_no_taskflow_operators
[2025-09-07T22:28:22.243+0000] {logging_mixin.py:190} INFO - [2025-09-07T22:28:22.243+0000] {override.py:1900} INFO - Created Permission View: can read on DAG:example_dynamic_task_mapping_with_no_taskflow_operators
[2025-09-07T22:28:22.252+0000] {logging_mixin.py:190} INFO - [2025-09-07T22:28:22.252+0000] {override.py:1900} INFO - Created Permission View: can delete on DAG Run:example_dynamic_task_mapping_with_no_taskflow_operators
[2025-09-07T22:28:22.258+0000] {logging_mixin.py:190} INFO - [2025-09-07T22:28:22.258+0000] {override.py:1900} INFO - Created Permission View: can create on DAG Run:example_dynamic_task_mapping_with_no_taskflow_operators
[2025-09-07T22:28:22.264+0000] {logging_mixin.py:190} INFO - [2025-09-07T22:28:22.264+0000] {override.py:1900} INFO - Created Permission View: can read on DAG Run:example_dynamic_task_mapping_with_no_taskflow_operators
[2025-09-07T22:28:22.270+0000] {logging_mixin.py:190} INFO - [2025-09-07T22:28:22.270+0000] {override.py:1900} INFO - Created Permission View: menu access on DAG Run:example_dynamic_task_mapping_with_no_taskflow_operators
[2025-09-07T22:28:22.271+0000] {logging_mixin.py:190} INFO - [2025-09-07T22:28:22.271+0000] {dag.py:3239} INFO - Sync 1 DAGs
[2025-09-07T22:28:22.280+0000] {logging_mixin.py:190} INFO - [2025-09-07T22:28:22.279+0000] {dag.py:3262} INFO - Creating ORM DAG for example_dynamic_task_mapping_with_no_taskflow_operators
[2025-09-07T22:28:22.280+0000] {logging_mixin.py:190} INFO - [2025-09-07T22:28:22.280+0000] {dag.py:4180} INFO - Setting next_dagrun for example_dynamic_task_mapping_with_no_taskflow_operators to None, run_after=None
[2025-09-07T22:28:22.295+0000] {processor.py:208} INFO - Processing /usr/local/python/3.12.1/lib/python3.12/site-packages/airflow/example_dags/example_dynamic_task_mapping_with_no_taskflow_operators.py took 0.181 seconds
[2025-09-07T22:29:22.008+0000] {processor.py:186} INFO - Started process (PID=12638) to work on /usr/local/python/3.12.1/lib/python3.12/site-packages/airflow/example_dags/example_dynamic_task_mapping_with_no_taskflow_operators.py
[2025-09-07T22:29:22.009+0000] {processor.py:914} INFO - Processing file /usr/local/python/3.12.1/lib/python3.12/site-packages/airflow/example_dags/example_dynamic_task_mapping_with_no_taskflow_operators.py for tasks to queue
[2025-09-07T22:29:22.011+0000] {logging_mixin.py:190} INFO - [2025-09-07T22:29:22.010+0000] {dagbag.py:588} INFO - Filling up the DagBag from /usr/local/python/3.12.1/lib/python3.12/site-packages/airflow/example_dags/example_dynamic_task_mapping_with_no_taskflow_operators.py
[2025-09-07T22:29:22.017+0000] {processor.py:925} INFO - DAG(s) 'example_dynamic_task_mapping_with_no_taskflow_operators' retrieved from /usr/local/python/3.12.1/lib/python3.12/site-packages/airflow/example_dags/example_dynamic_task_mapping_with_no_taskflow_operators.py
[2025-09-07T22:29:22.028+0000] {logging_mixin.py:190} INFO - [2025-09-07T22:29:22.028+0000] {dag.py:3239} INFO - Sync 1 DAGs
[2025-09-07T22:29:22.038+0000] {logging_mixin.py:190} INFO - [2025-09-07T22:29:22.038+0000] {dag.py:4180} INFO - Setting next_dagrun for example_dynamic_task_mapping_with_no_taskflow_operators to None, run_after=None
[2025-09-07T22:29:22.055+0000] {processor.py:208} INFO - Processing /usr/local/python/3.12.1/lib/python3.12/site-packages/airflow/example_dags/example_dynamic_task_mapping_with_no_taskflow_operators.py took 0.050 seconds
[2025-09-07T22:30:16.231+0000] {processor.py:186} INFO - Started process (PID=13270) to work on /usr/local/python/3.12.1/lib/python3.12/site-packages/airflow/example_dags/example_dynamic_task_mapping_with_no_taskflow_operators.py
[2025-09-07T22:30:16.231+0000] {processor.py:914} INFO - Processing file /usr/local/python/3.12.1/lib/python3.12/site-packages/airflow/example_dags/example_dynamic_task_mapping_with_no_taskflow_operators.py for tasks to queue
[2025-09-07T22:30:16.233+0000] {logging_mixin.py:190} INFO - [2025-09-07T22:30:16.232+0000] {dagbag.py:588} INFO - Filling up the DagBag from /usr/local/python/3.12.1/lib/python3.12/site-packages/airflow/example_dags/example_dynamic_task_mapping_with_no_taskflow_operators.py
[2025-09-07T22:30:16.239+0000] {processor.py:925} INFO - DAG(s) 'example_dynamic_task_mapping_with_no_taskflow_operators' retrieved from /usr/local/python/3.12.1/lib/python3.12/site-packages/airflow/example_dags/example_dynamic_task_mapping_with_no_taskflow_operators.py
[2025-09-07T22:30:16.251+0000] {logging_mixin.py:190} INFO - [2025-09-07T22:30:16.250+0000] {dag.py:3239} INFO - Sync 1 DAGs
[2025-09-07T22:30:16.260+0000] {logging_mixin.py:190} INFO - [2025-09-07T22:30:16.260+0000] {dag.py:4180} INFO - Setting next_dagrun for example_dynamic_task_mapping_with_no_taskflow_operators to None, run_after=None
[2025-09-07T22:30:16.277+0000] {processor.py:208} INFO - Processing /usr/local/python/3.12.1/lib/python3.12/site-packages/airflow/example_dags/example_dynamic_task_mapping_with_no_taskflow_operators.py took 0.052 seconds
[2025-09-07T22:31:45.564+0000] {processor.py:186} INFO - Started process (PID=14409) to work on /usr/local/python/3.12.1/lib/python3.12/site-packages/airflow/example_dags/example_dynamic_task_mapping_with_no_taskflow_operators.py
[2025-09-07T22:31:45.565+0000] {processor.py:914} INFO - Processing file /usr/local/python/3.12.1/lib/python3.12/site-packages/airflow/example_dags/example_dynamic_task_mapping_with_no_taskflow_operators.py for tasks to queue
[2025-09-07T22:31:45.567+0000] {logging_mixin.py:190} INFO - [2025-09-07T22:31:45.566+0000] {dagbag.py:588} INFO - Filling up the DagBag from /usr/local/python/3.12.1/lib/python3.12/site-packages/airflow/example_dags/example_dynamic_task_mapping_with_no_taskflow_operators.py
[2025-09-07T22:31:45.574+0000] {processor.py:925} INFO - DAG(s) 'example_dynamic_task_mapping_with_no_taskflow_operators' retrieved from /usr/local/python/3.12.1/lib/python3.12/site-packages/airflow/example_dags/example_dynamic_task_mapping_with_no_taskflow_operators.py
[2025-09-07T22:31:45.585+0000] {logging_mixin.py:190} INFO - [2025-09-07T22:31:45.585+0000] {dag.py:3239} INFO - Sync 1 DAGs
[2025-09-07T22:31:45.594+0000] {logging_mixin.py:190} INFO - [2025-09-07T22:31:45.594+0000] {dag.py:4180} INFO - Setting next_dagrun for example_dynamic_task_mapping_with_no_taskflow_operators to None, run_after=None
[2025-09-07T22:31:45.609+0000] {processor.py:208} INFO - Processing /usr/local/python/3.12.1/lib/python3.12/site-packages/airflow/example_dags/example_dynamic_task_mapping_with_no_taskflow_operators.py took 0.050 seconds
