[2025-09-07T22:28:16.740+0000] {processor.py:186} INFO - Started process (PID=11911) to work on /usr/local/python/3.12.1/lib/python3.12/site-packages/airflow/example_dags/example_inlet_event_extra.py
[2025-09-07T22:28:16.741+0000] {processor.py:914} INFO - Processing file /usr/local/python/3.12.1/lib/python3.12/site-packages/airflow/example_dags/example_inlet_event_extra.py for tasks to queue
[2025-09-07T22:28:16.742+0000] {logging_mixin.py:190} INFO - [2025-09-07T22:28:16.742+0000] {dagbag.py:588} INFO - Filling up the DagBag from /usr/local/python/3.12.1/lib/python3.12/site-packages/airflow/example_dags/example_inlet_event_extra.py
[2025-09-07T22:28:16.752+0000] {processor.py:925} INFO - DAG(s) 'read_dataset_event_from_classic', 'read_dataset_event' retrieved from /usr/local/python/3.12.1/lib/python3.12/site-packages/airflow/example_dags/example_inlet_event_extra.py
[2025-09-07T22:28:16.867+0000] {logging_mixin.py:190} INFO - [2025-09-07T22:28:16.867+0000] {override.py:1900} INFO - Created Permission View: can edit on DAG:read_dataset_event_from_classic
[2025-09-07T22:28:16.878+0000] {logging_mixin.py:190} INFO - [2025-09-07T22:28:16.878+0000] {override.py:1900} INFO - Created Permission View: can delete on DAG:read_dataset_event_from_classic
[2025-09-07T22:28:16.886+0000] {logging_mixin.py:190} INFO - [2025-09-07T22:28:16.886+0000] {override.py:1900} INFO - Created Permission View: can read on DAG:read_dataset_event_from_classic
[2025-09-07T22:28:16.897+0000] {logging_mixin.py:190} INFO - [2025-09-07T22:28:16.896+0000] {override.py:1900} INFO - Created Permission View: can delete on DAG Run:read_dataset_event_from_classic
[2025-09-07T22:28:16.904+0000] {logging_mixin.py:190} INFO - [2025-09-07T22:28:16.903+0000] {override.py:1900} INFO - Created Permission View: can create on DAG Run:read_dataset_event_from_classic
[2025-09-07T22:28:16.910+0000] {logging_mixin.py:190} INFO - [2025-09-07T22:28:16.910+0000] {override.py:1900} INFO - Created Permission View: can read on DAG Run:read_dataset_event_from_classic
[2025-09-07T22:28:16.916+0000] {logging_mixin.py:190} INFO - [2025-09-07T22:28:16.916+0000] {override.py:1900} INFO - Created Permission View: menu access on DAG Run:read_dataset_event_from_classic
[2025-09-07T22:28:16.935+0000] {logging_mixin.py:190} INFO - [2025-09-07T22:28:16.934+0000] {override.py:1900} INFO - Created Permission View: can edit on DAG:read_dataset_event
[2025-09-07T22:28:16.943+0000] {logging_mixin.py:190} INFO - [2025-09-07T22:28:16.942+0000] {override.py:1900} INFO - Created Permission View: can delete on DAG:read_dataset_event
[2025-09-07T22:28:16.950+0000] {logging_mixin.py:190} INFO - [2025-09-07T22:28:16.950+0000] {override.py:1900} INFO - Created Permission View: can read on DAG:read_dataset_event
[2025-09-07T22:28:16.960+0000] {logging_mixin.py:190} INFO - [2025-09-07T22:28:16.959+0000] {override.py:1900} INFO - Created Permission View: can delete on DAG Run:read_dataset_event
[2025-09-07T22:28:16.967+0000] {logging_mixin.py:190} INFO - [2025-09-07T22:28:16.966+0000] {override.py:1900} INFO - Created Permission View: can create on DAG Run:read_dataset_event
[2025-09-07T22:28:16.974+0000] {logging_mixin.py:190} INFO - [2025-09-07T22:28:16.973+0000] {override.py:1900} INFO - Created Permission View: can read on DAG Run:read_dataset_event
[2025-09-07T22:28:16.985+0000] {logging_mixin.py:190} INFO - [2025-09-07T22:28:16.985+0000] {override.py:1900} INFO - Created Permission View: menu access on DAG Run:read_dataset_event
[2025-09-07T22:28:16.985+0000] {logging_mixin.py:190} INFO - [2025-09-07T22:28:16.985+0000] {dag.py:3239} INFO - Sync 2 DAGs
[2025-09-07T22:28:16.998+0000] {logging_mixin.py:190} INFO - [2025-09-07T22:28:16.997+0000] {dag.py:3262} INFO - Creating ORM DAG for read_dataset_event
[2025-09-07T22:28:16.998+0000] {logging_mixin.py:190} INFO - [2025-09-07T22:28:16.998+0000] {dag.py:3262} INFO - Creating ORM DAG for read_dataset_event_from_classic
[2025-09-07T22:28:17.008+0000] {logging_mixin.py:190} INFO - [2025-09-07T22:28:17.008+0000] {dag.py:4180} INFO - Setting next_dagrun for read_dataset_event to 2025-09-06 00:00:00+00:00, run_after=2025-09-07 00:00:00+00:00
[2025-09-07T22:28:17.010+0000] {logging_mixin.py:190} INFO - [2025-09-07T22:28:17.010+0000] {dag.py:4180} INFO - Setting next_dagrun for read_dataset_event_from_classic to 2025-09-06 00:00:00+00:00, run_after=2025-09-07 00:00:00+00:00
[2025-09-07T22:28:17.025+0000] {processor.py:208} INFO - Processing /usr/local/python/3.12.1/lib/python3.12/site-packages/airflow/example_dags/example_inlet_event_extra.py took 0.290 seconds
[2025-09-07T22:29:17.569+0000] {processor.py:186} INFO - Started process (PID=12577) to work on /usr/local/python/3.12.1/lib/python3.12/site-packages/airflow/example_dags/example_inlet_event_extra.py
[2025-09-07T22:29:17.570+0000] {processor.py:914} INFO - Processing file /usr/local/python/3.12.1/lib/python3.12/site-packages/airflow/example_dags/example_inlet_event_extra.py for tasks to queue
[2025-09-07T22:29:17.571+0000] {logging_mixin.py:190} INFO - [2025-09-07T22:29:17.571+0000] {dagbag.py:588} INFO - Filling up the DagBag from /usr/local/python/3.12.1/lib/python3.12/site-packages/airflow/example_dags/example_inlet_event_extra.py
[2025-09-07T22:29:17.581+0000] {processor.py:925} INFO - DAG(s) 'read_dataset_event_from_classic', 'read_dataset_event' retrieved from /usr/local/python/3.12.1/lib/python3.12/site-packages/airflow/example_dags/example_inlet_event_extra.py
[2025-09-07T22:29:17.594+0000] {logging_mixin.py:190} INFO - [2025-09-07T22:29:17.594+0000] {dag.py:3239} INFO - Sync 2 DAGs
[2025-09-07T22:29:17.611+0000] {logging_mixin.py:190} INFO - [2025-09-07T22:29:17.610+0000] {dag.py:4180} INFO - Setting next_dagrun for read_dataset_event to 2025-09-06 00:00:00+00:00, run_after=2025-09-07 00:00:00+00:00
[2025-09-07T22:29:17.614+0000] {logging_mixin.py:190} INFO - [2025-09-07T22:29:17.614+0000] {dag.py:4180} INFO - Setting next_dagrun for read_dataset_event_from_classic to 2025-09-06 00:00:00+00:00, run_after=2025-09-07 00:00:00+00:00
[2025-09-07T22:29:17.627+0000] {processor.py:208} INFO - Processing /usr/local/python/3.12.1/lib/python3.12/site-packages/airflow/example_dags/example_inlet_event_extra.py took 0.062 seconds
[2025-09-07T22:30:11.532+0000] {processor.py:186} INFO - Started process (PID=13195) to work on /usr/local/python/3.12.1/lib/python3.12/site-packages/airflow/example_dags/example_inlet_event_extra.py
[2025-09-07T22:30:11.533+0000] {processor.py:914} INFO - Processing file /usr/local/python/3.12.1/lib/python3.12/site-packages/airflow/example_dags/example_inlet_event_extra.py for tasks to queue
[2025-09-07T22:30:11.534+0000] {logging_mixin.py:190} INFO - [2025-09-07T22:30:11.534+0000] {dagbag.py:588} INFO - Filling up the DagBag from /usr/local/python/3.12.1/lib/python3.12/site-packages/airflow/example_dags/example_inlet_event_extra.py
[2025-09-07T22:30:11.544+0000] {processor.py:925} INFO - DAG(s) 'read_dataset_event', 'read_dataset_event_from_classic' retrieved from /usr/local/python/3.12.1/lib/python3.12/site-packages/airflow/example_dags/example_inlet_event_extra.py
[2025-09-07T22:30:11.557+0000] {logging_mixin.py:190} INFO - [2025-09-07T22:30:11.557+0000] {dag.py:3239} INFO - Sync 2 DAGs
[2025-09-07T22:30:11.574+0000] {logging_mixin.py:190} INFO - [2025-09-07T22:30:11.573+0000] {dag.py:4180} INFO - Setting next_dagrun for read_dataset_event to 2025-09-06 00:00:00+00:00, run_after=2025-09-07 00:00:00+00:00
[2025-09-07T22:30:11.577+0000] {logging_mixin.py:190} INFO - [2025-09-07T22:30:11.577+0000] {dag.py:4180} INFO - Setting next_dagrun for read_dataset_event_from_classic to 2025-09-06 00:00:00+00:00, run_after=2025-09-07 00:00:00+00:00
[2025-09-07T22:30:11.591+0000] {processor.py:208} INFO - Processing /usr/local/python/3.12.1/lib/python3.12/site-packages/airflow/example_dags/example_inlet_event_extra.py took 0.063 seconds
[2025-09-07T22:31:41.580+0000] {processor.py:186} INFO - Started process (PID=14378) to work on /usr/local/python/3.12.1/lib/python3.12/site-packages/airflow/example_dags/example_inlet_event_extra.py
[2025-09-07T22:31:41.581+0000] {processor.py:914} INFO - Processing file /usr/local/python/3.12.1/lib/python3.12/site-packages/airflow/example_dags/example_inlet_event_extra.py for tasks to queue
[2025-09-07T22:31:41.582+0000] {logging_mixin.py:190} INFO - [2025-09-07T22:31:41.582+0000] {dagbag.py:588} INFO - Filling up the DagBag from /usr/local/python/3.12.1/lib/python3.12/site-packages/airflow/example_dags/example_inlet_event_extra.py
[2025-09-07T22:31:41.591+0000] {processor.py:925} INFO - DAG(s) 'read_dataset_event_from_classic', 'read_dataset_event' retrieved from /usr/local/python/3.12.1/lib/python3.12/site-packages/airflow/example_dags/example_inlet_event_extra.py
[2025-09-07T22:31:41.604+0000] {logging_mixin.py:190} INFO - [2025-09-07T22:31:41.604+0000] {dag.py:3239} INFO - Sync 2 DAGs
[2025-09-07T22:31:41.620+0000] {logging_mixin.py:190} INFO - [2025-09-07T22:31:41.620+0000] {dag.py:4180} INFO - Setting next_dagrun for read_dataset_event to 2025-09-06 00:00:00+00:00, run_after=2025-09-07 00:00:00+00:00
[2025-09-07T22:31:41.623+0000] {logging_mixin.py:190} INFO - [2025-09-07T22:31:41.623+0000] {dag.py:4180} INFO - Setting next_dagrun for read_dataset_event_from_classic to 2025-09-06 00:00:00+00:00, run_after=2025-09-07 00:00:00+00:00
[2025-09-07T22:31:41.638+0000] {processor.py:208} INFO - Processing /usr/local/python/3.12.1/lib/python3.12/site-packages/airflow/example_dags/example_inlet_event_extra.py took 0.062 seconds
