[2025-09-07T22:28:33.943+0000] {processor.py:186} INFO - Started process (PID=12031) to work on /usr/local/python/3.12.1/lib/python3.12/site-packages/airflow/example_dags/example_bash_operator.py
[2025-09-07T22:28:33.944+0000] {processor.py:914} INFO - Processing file /usr/local/python/3.12.1/lib/python3.12/site-packages/airflow/example_dags/example_bash_operator.py for tasks to queue
[2025-09-07T22:28:33.945+0000] {logging_mixin.py:190} INFO - [2025-09-07T22:28:33.945+0000] {dagbag.py:588} INFO - Filling up the DagBag from /usr/local/python/3.12.1/lib/python3.12/site-packages/airflow/example_dags/example_bash_operator.py
[2025-09-07T22:28:33.955+0000] {processor.py:925} INFO - DAG(s) 'example_bash_operator' retrieved from /usr/local/python/3.12.1/lib/python3.12/site-packages/airflow/example_dags/example_bash_operator.py
[2025-09-07T22:28:34.050+0000] {logging_mixin.py:190} INFO - [2025-09-07T22:28:34.049+0000] {override.py:1900} INFO - Created Permission View: can edit on DAG:example_bash_operator
[2025-09-07T22:28:34.058+0000] {logging_mixin.py:190} INFO - [2025-09-07T22:28:34.058+0000] {override.py:1900} INFO - Created Permission View: can delete on DAG:example_bash_operator
[2025-09-07T22:28:34.064+0000] {logging_mixin.py:190} INFO - [2025-09-07T22:28:34.064+0000] {override.py:1900} INFO - Created Permission View: can read on DAG:example_bash_operator
[2025-09-07T22:28:34.074+0000] {logging_mixin.py:190} INFO - [2025-09-07T22:28:34.074+0000] {override.py:1900} INFO - Created Permission View: can delete on DAG Run:example_bash_operator
[2025-09-07T22:28:34.080+0000] {logging_mixin.py:190} INFO - [2025-09-07T22:28:34.080+0000] {override.py:1900} INFO - Created Permission View: can create on DAG Run:example_bash_operator
[2025-09-07T22:28:34.086+0000] {logging_mixin.py:190} INFO - [2025-09-07T22:28:34.086+0000] {override.py:1900} INFO - Created Permission View: can read on DAG Run:example_bash_operator
[2025-09-07T22:28:34.092+0000] {logging_mixin.py:190} INFO - [2025-09-07T22:28:34.092+0000] {override.py:1900} INFO - Created Permission View: menu access on DAG Run:example_bash_operator
[2025-09-07T22:28:34.092+0000] {logging_mixin.py:190} INFO - [2025-09-07T22:28:34.092+0000] {dag.py:3239} INFO - Sync 1 DAGs
[2025-09-07T22:28:34.101+0000] {logging_mixin.py:190} INFO - [2025-09-07T22:28:34.101+0000] {dag.py:3262} INFO - Creating ORM DAG for example_bash_operator
[2025-09-07T22:28:34.108+0000] {logging_mixin.py:190} INFO - [2025-09-07T22:28:34.108+0000] {dag.py:4180} INFO - Setting next_dagrun for example_bash_operator to 2025-09-06 00:00:00+00:00, run_after=2025-09-07 00:00:00+00:00
[2025-09-07T22:28:34.123+0000] {processor.py:208} INFO - Processing /usr/local/python/3.12.1/lib/python3.12/site-packages/airflow/example_dags/example_bash_operator.py took 0.184 seconds
[2025-09-07T22:29:30.847+0000] {processor.py:186} INFO - Started process (PID=12733) to work on /usr/local/python/3.12.1/lib/python3.12/site-packages/airflow/example_dags/example_bash_operator.py
[2025-09-07T22:29:30.848+0000] {processor.py:914} INFO - Processing file /usr/local/python/3.12.1/lib/python3.12/site-packages/airflow/example_dags/example_bash_operator.py for tasks to queue
[2025-09-07T22:29:30.849+0000] {logging_mixin.py:190} INFO - [2025-09-07T22:29:30.849+0000] {dagbag.py:588} INFO - Filling up the DagBag from /usr/local/python/3.12.1/lib/python3.12/site-packages/airflow/example_dags/example_bash_operator.py
[2025-09-07T22:29:30.859+0000] {processor.py:925} INFO - DAG(s) 'example_bash_operator' retrieved from /usr/local/python/3.12.1/lib/python3.12/site-packages/airflow/example_dags/example_bash_operator.py
[2025-09-07T22:29:30.876+0000] {logging_mixin.py:190} INFO - [2025-09-07T22:29:30.876+0000] {dag.py:3239} INFO - Sync 1 DAGs
[2025-09-07T22:29:30.891+0000] {logging_mixin.py:190} INFO - [2025-09-07T22:29:30.891+0000] {dag.py:4180} INFO - Setting next_dagrun for example_bash_operator to 2025-09-06 00:00:00+00:00, run_after=2025-09-07 00:00:00+00:00
[2025-09-07T22:29:30.907+0000] {processor.py:208} INFO - Processing /usr/local/python/3.12.1/lib/python3.12/site-packages/airflow/example_dags/example_bash_operator.py took 0.065 seconds
[2025-09-07T22:31:55.883+0000] {processor.py:186} INFO - Started process (PID=14499) to work on /usr/local/python/3.12.1/lib/python3.12/site-packages/airflow/example_dags/example_bash_operator.py
[2025-09-07T22:31:55.883+0000] {processor.py:914} INFO - Processing file /usr/local/python/3.12.1/lib/python3.12/site-packages/airflow/example_dags/example_bash_operator.py for tasks to queue
[2025-09-07T22:31:55.885+0000] {logging_mixin.py:190} INFO - [2025-09-07T22:31:55.885+0000] {dagbag.py:588} INFO - Filling up the DagBag from /usr/local/python/3.12.1/lib/python3.12/site-packages/airflow/example_dags/example_bash_operator.py
[2025-09-07T22:31:55.896+0000] {processor.py:925} INFO - DAG(s) 'example_bash_operator' retrieved from /usr/local/python/3.12.1/lib/python3.12/site-packages/airflow/example_dags/example_bash_operator.py
[2025-09-07T22:31:55.916+0000] {logging_mixin.py:190} INFO - [2025-09-07T22:31:55.916+0000] {dag.py:3239} INFO - Sync 1 DAGs
[2025-09-07T22:31:55.932+0000] {logging_mixin.py:190} INFO - [2025-09-07T22:31:55.932+0000] {dag.py:4180} INFO - Setting next_dagrun for example_bash_operator to 2025-09-06 00:00:00+00:00, run_after=2025-09-07 00:00:00+00:00
[2025-09-07T22:31:55.948+0000] {processor.py:208} INFO - Processing /usr/local/python/3.12.1/lib/python3.12/site-packages/airflow/example_dags/example_bash_operator.py took 0.069 seconds
