[2025-09-07T22:28:18.123+0000] {processor.py:186} INFO - Started process (PID=11920) to work on /usr/local/python/3.12.1/lib/python3.12/site-packages/airflow/example_dags/example_datasets.py
[2025-09-07T22:28:18.124+0000] {processor.py:914} INFO - Processing file /usr/local/python/3.12.1/lib/python3.12/site-packages/airflow/example_dags/example_datasets.py for tasks to queue
[2025-09-07T22:28:18.125+0000] {logging_mixin.py:190} INFO - [2025-09-07T22:28:18.125+0000] {dagbag.py:588} INFO - Filling up the DagBag from /usr/local/python/3.12.1/lib/python3.12/site-packages/airflow/example_dags/example_datasets.py
[2025-09-07T22:28:18.137+0000] {processor.py:925} INFO - DAG(s) 'dataset_consumes_1_and_2', 'dataset_consumes_unknown_never_scheduled', 'consume_1_or_2_with_dataset_expressions', 'consume_1_and_2_with_dataset_expressions', 'dataset_consumes_1_never_scheduled', 'dataset_produces_1', 'conditional_dataset_and_time_based_timetable', 'dataset_produces_2', 'dataset_consumes_1', 'consume_1_or_both_2_and_3_with_dataset_expressions' retrieved from /usr/local/python/3.12.1/lib/python3.12/site-packages/airflow/example_dags/example_datasets.py
[2025-09-07T22:28:18.223+0000] {logging_mixin.py:190} INFO - [2025-09-07T22:28:18.223+0000] {override.py:1900} INFO - Created Permission View: can edit on DAG:dataset_consumes_1_and_2
[2025-09-07T22:28:18.232+0000] {logging_mixin.py:190} INFO - [2025-09-07T22:28:18.231+0000] {override.py:1900} INFO - Created Permission View: can delete on DAG:dataset_consumes_1_and_2
[2025-09-07T22:28:18.238+0000] {logging_mixin.py:190} INFO - [2025-09-07T22:28:18.238+0000] {override.py:1900} INFO - Created Permission View: can read on DAG:dataset_consumes_1_and_2
[2025-09-07T22:28:18.247+0000] {logging_mixin.py:190} INFO - [2025-09-07T22:28:18.247+0000] {override.py:1900} INFO - Created Permission View: can delete on DAG Run:dataset_consumes_1_and_2
[2025-09-07T22:28:18.254+0000] {logging_mixin.py:190} INFO - [2025-09-07T22:28:18.254+0000] {override.py:1900} INFO - Created Permission View: can create on DAG Run:dataset_consumes_1_and_2
[2025-09-07T22:28:18.260+0000] {logging_mixin.py:190} INFO - [2025-09-07T22:28:18.259+0000] {override.py:1900} INFO - Created Permission View: can read on DAG Run:dataset_consumes_1_and_2
[2025-09-07T22:28:18.266+0000] {logging_mixin.py:190} INFO - [2025-09-07T22:28:18.266+0000] {override.py:1900} INFO - Created Permission View: menu access on DAG Run:dataset_consumes_1_and_2
[2025-09-07T22:28:18.280+0000] {logging_mixin.py:190} INFO - [2025-09-07T22:28:18.280+0000] {override.py:1900} INFO - Created Permission View: can edit on DAG:dataset_consumes_unknown_never_scheduled
[2025-09-07T22:28:18.286+0000] {logging_mixin.py:190} INFO - [2025-09-07T22:28:18.286+0000] {override.py:1900} INFO - Created Permission View: can delete on DAG:dataset_consumes_unknown_never_scheduled
[2025-09-07T22:28:18.293+0000] {logging_mixin.py:190} INFO - [2025-09-07T22:28:18.292+0000] {override.py:1900} INFO - Created Permission View: can read on DAG:dataset_consumes_unknown_never_scheduled
[2025-09-07T22:28:18.302+0000] {logging_mixin.py:190} INFO - [2025-09-07T22:28:18.302+0000] {override.py:1900} INFO - Created Permission View: can delete on DAG Run:dataset_consumes_unknown_never_scheduled
[2025-09-07T22:28:18.308+0000] {logging_mixin.py:190} INFO - [2025-09-07T22:28:18.308+0000] {override.py:1900} INFO - Created Permission View: can create on DAG Run:dataset_consumes_unknown_never_scheduled
[2025-09-07T22:28:18.315+0000] {logging_mixin.py:190} INFO - [2025-09-07T22:28:18.315+0000] {override.py:1900} INFO - Created Permission View: can read on DAG Run:dataset_consumes_unknown_never_scheduled
[2025-09-07T22:28:18.321+0000] {logging_mixin.py:190} INFO - [2025-09-07T22:28:18.321+0000] {override.py:1900} INFO - Created Permission View: menu access on DAG Run:dataset_consumes_unknown_never_scheduled
[2025-09-07T22:28:18.337+0000] {logging_mixin.py:190} INFO - [2025-09-07T22:28:18.337+0000] {override.py:1900} INFO - Created Permission View: can edit on DAG:consume_1_or_2_with_dataset_expressions
[2025-09-07T22:28:18.343+0000] {logging_mixin.py:190} INFO - [2025-09-07T22:28:18.343+0000] {override.py:1900} INFO - Created Permission View: can delete on DAG:consume_1_or_2_with_dataset_expressions
[2025-09-07T22:28:18.349+0000] {logging_mixin.py:190} INFO - [2025-09-07T22:28:18.349+0000] {override.py:1900} INFO - Created Permission View: can read on DAG:consume_1_or_2_with_dataset_expressions
[2025-09-07T22:28:18.360+0000] {logging_mixin.py:190} INFO - [2025-09-07T22:28:18.359+0000] {override.py:1900} INFO - Created Permission View: can delete on DAG Run:consume_1_or_2_with_dataset_expressions
[2025-09-07T22:28:18.366+0000] {logging_mixin.py:190} INFO - [2025-09-07T22:28:18.365+0000] {override.py:1900} INFO - Created Permission View: can create on DAG Run:consume_1_or_2_with_dataset_expressions
[2025-09-07T22:28:18.372+0000] {logging_mixin.py:190} INFO - [2025-09-07T22:28:18.371+0000] {override.py:1900} INFO - Created Permission View: can read on DAG Run:consume_1_or_2_with_dataset_expressions
[2025-09-07T22:28:18.379+0000] {logging_mixin.py:190} INFO - [2025-09-07T22:28:18.379+0000] {override.py:1900} INFO - Created Permission View: menu access on DAG Run:consume_1_or_2_with_dataset_expressions
[2025-09-07T22:28:18.393+0000] {logging_mixin.py:190} INFO - [2025-09-07T22:28:18.392+0000] {override.py:1900} INFO - Created Permission View: can edit on DAG:consume_1_and_2_with_dataset_expressions
[2025-09-07T22:28:18.399+0000] {logging_mixin.py:190} INFO - [2025-09-07T22:28:18.398+0000] {override.py:1900} INFO - Created Permission View: can delete on DAG:consume_1_and_2_with_dataset_expressions
[2025-09-07T22:28:18.405+0000] {logging_mixin.py:190} INFO - [2025-09-07T22:28:18.404+0000] {override.py:1900} INFO - Created Permission View: can read on DAG:consume_1_and_2_with_dataset_expressions
[2025-09-07T22:28:18.413+0000] {logging_mixin.py:190} INFO - [2025-09-07T22:28:18.413+0000] {override.py:1900} INFO - Created Permission View: can delete on DAG Run:consume_1_and_2_with_dataset_expressions
[2025-09-07T22:28:18.419+0000] {logging_mixin.py:190} INFO - [2025-09-07T22:28:18.419+0000] {override.py:1900} INFO - Created Permission View: can create on DAG Run:consume_1_and_2_with_dataset_expressions
[2025-09-07T22:28:18.425+0000] {logging_mixin.py:190} INFO - [2025-09-07T22:28:18.425+0000] {override.py:1900} INFO - Created Permission View: can read on DAG Run:consume_1_and_2_with_dataset_expressions
[2025-09-07T22:28:18.431+0000] {logging_mixin.py:190} INFO - [2025-09-07T22:28:18.431+0000] {override.py:1900} INFO - Created Permission View: menu access on DAG Run:consume_1_and_2_with_dataset_expressions
[2025-09-07T22:28:18.445+0000] {logging_mixin.py:190} INFO - [2025-09-07T22:28:18.445+0000] {override.py:1900} INFO - Created Permission View: can edit on DAG:dataset_consumes_1_never_scheduled
[2025-09-07T22:28:18.451+0000] {logging_mixin.py:190} INFO - [2025-09-07T22:28:18.451+0000] {override.py:1900} INFO - Created Permission View: can delete on DAG:dataset_consumes_1_never_scheduled
[2025-09-07T22:28:18.457+0000] {logging_mixin.py:190} INFO - [2025-09-07T22:28:18.456+0000] {override.py:1900} INFO - Created Permission View: can read on DAG:dataset_consumes_1_never_scheduled
[2025-09-07T22:28:18.465+0000] {logging_mixin.py:190} INFO - [2025-09-07T22:28:18.465+0000] {override.py:1900} INFO - Created Permission View: can delete on DAG Run:dataset_consumes_1_never_scheduled
[2025-09-07T22:28:18.471+0000] {logging_mixin.py:190} INFO - [2025-09-07T22:28:18.471+0000] {override.py:1900} INFO - Created Permission View: can create on DAG Run:dataset_consumes_1_never_scheduled
[2025-09-07T22:28:18.476+0000] {logging_mixin.py:190} INFO - [2025-09-07T22:28:18.476+0000] {override.py:1900} INFO - Created Permission View: can read on DAG Run:dataset_consumes_1_never_scheduled
[2025-09-07T22:28:18.482+0000] {logging_mixin.py:190} INFO - [2025-09-07T22:28:18.482+0000] {override.py:1900} INFO - Created Permission View: menu access on DAG Run:dataset_consumes_1_never_scheduled
[2025-09-07T22:28:18.496+0000] {logging_mixin.py:190} INFO - [2025-09-07T22:28:18.495+0000] {override.py:1900} INFO - Created Permission View: can edit on DAG:dataset_produces_1
[2025-09-07T22:28:18.502+0000] {logging_mixin.py:190} INFO - [2025-09-07T22:28:18.502+0000] {override.py:1900} INFO - Created Permission View: can delete on DAG:dataset_produces_1
[2025-09-07T22:28:18.508+0000] {logging_mixin.py:190} INFO - [2025-09-07T22:28:18.508+0000] {override.py:1900} INFO - Created Permission View: can read on DAG:dataset_produces_1
[2025-09-07T22:28:18.517+0000] {logging_mixin.py:190} INFO - [2025-09-07T22:28:18.517+0000] {override.py:1900} INFO - Created Permission View: can delete on DAG Run:dataset_produces_1
[2025-09-07T22:28:18.523+0000] {logging_mixin.py:190} INFO - [2025-09-07T22:28:18.522+0000] {override.py:1900} INFO - Created Permission View: can create on DAG Run:dataset_produces_1
[2025-09-07T22:28:18.529+0000] {logging_mixin.py:190} INFO - [2025-09-07T22:28:18.529+0000] {override.py:1900} INFO - Created Permission View: can read on DAG Run:dataset_produces_1
[2025-09-07T22:28:18.535+0000] {logging_mixin.py:190} INFO - [2025-09-07T22:28:18.535+0000] {override.py:1900} INFO - Created Permission View: menu access on DAG Run:dataset_produces_1
[2025-09-07T22:28:18.549+0000] {logging_mixin.py:190} INFO - [2025-09-07T22:28:18.549+0000] {override.py:1900} INFO - Created Permission View: can edit on DAG:conditional_dataset_and_time_based_timetable
[2025-09-07T22:28:18.555+0000] {logging_mixin.py:190} INFO - [2025-09-07T22:28:18.554+0000] {override.py:1900} INFO - Created Permission View: can delete on DAG:conditional_dataset_and_time_based_timetable
[2025-09-07T22:28:18.560+0000] {logging_mixin.py:190} INFO - [2025-09-07T22:28:18.560+0000] {override.py:1900} INFO - Created Permission View: can read on DAG:conditional_dataset_and_time_based_timetable
[2025-09-07T22:28:18.569+0000] {logging_mixin.py:190} INFO - [2025-09-07T22:28:18.569+0000] {override.py:1900} INFO - Created Permission View: can delete on DAG Run:conditional_dataset_and_time_based_timetable
[2025-09-07T22:28:18.588+0000] {logging_mixin.py:190} INFO - [2025-09-07T22:28:18.588+0000] {override.py:1900} INFO - Created Permission View: can create on DAG Run:conditional_dataset_and_time_based_timetable
[2025-09-07T22:28:18.597+0000] {logging_mixin.py:190} INFO - [2025-09-07T22:28:18.596+0000] {override.py:1900} INFO - Created Permission View: can read on DAG Run:conditional_dataset_and_time_based_timetable
[2025-09-07T22:28:18.604+0000] {logging_mixin.py:190} INFO - [2025-09-07T22:28:18.604+0000] {override.py:1900} INFO - Created Permission View: menu access on DAG Run:conditional_dataset_and_time_based_timetable
[2025-09-07T22:28:18.620+0000] {logging_mixin.py:190} INFO - [2025-09-07T22:28:18.620+0000] {override.py:1900} INFO - Created Permission View: can edit on DAG:dataset_produces_2
[2025-09-07T22:28:18.628+0000] {logging_mixin.py:190} INFO - [2025-09-07T22:28:18.627+0000] {override.py:1900} INFO - Created Permission View: can delete on DAG:dataset_produces_2
[2025-09-07T22:28:18.635+0000] {logging_mixin.py:190} INFO - [2025-09-07T22:28:18.635+0000] {override.py:1900} INFO - Created Permission View: can read on DAG:dataset_produces_2
[2025-09-07T22:28:18.646+0000] {logging_mixin.py:190} INFO - [2025-09-07T22:28:18.646+0000] {override.py:1900} INFO - Created Permission View: can delete on DAG Run:dataset_produces_2
[2025-09-07T22:28:18.654+0000] {logging_mixin.py:190} INFO - [2025-09-07T22:28:18.654+0000] {override.py:1900} INFO - Created Permission View: can create on DAG Run:dataset_produces_2
[2025-09-07T22:28:18.661+0000] {logging_mixin.py:190} INFO - [2025-09-07T22:28:18.660+0000] {override.py:1900} INFO - Created Permission View: can read on DAG Run:dataset_produces_2
[2025-09-07T22:28:18.667+0000] {logging_mixin.py:190} INFO - [2025-09-07T22:28:18.667+0000] {override.py:1900} INFO - Created Permission View: menu access on DAG Run:dataset_produces_2
[2025-09-07T22:28:18.683+0000] {logging_mixin.py:190} INFO - [2025-09-07T22:28:18.683+0000] {override.py:1900} INFO - Created Permission View: can edit on DAG:dataset_consumes_1
[2025-09-07T22:28:18.689+0000] {logging_mixin.py:190} INFO - [2025-09-07T22:28:18.689+0000] {override.py:1900} INFO - Created Permission View: can delete on DAG:dataset_consumes_1
[2025-09-07T22:28:18.695+0000] {logging_mixin.py:190} INFO - [2025-09-07T22:28:18.694+0000] {override.py:1900} INFO - Created Permission View: can read on DAG:dataset_consumes_1
[2025-09-07T22:28:18.702+0000] {logging_mixin.py:190} INFO - [2025-09-07T22:28:18.702+0000] {override.py:1900} INFO - Created Permission View: can delete on DAG Run:dataset_consumes_1
[2025-09-07T22:28:18.707+0000] {logging_mixin.py:190} INFO - [2025-09-07T22:28:18.707+0000] {override.py:1900} INFO - Created Permission View: can create on DAG Run:dataset_consumes_1
[2025-09-07T22:28:18.712+0000] {logging_mixin.py:190} INFO - [2025-09-07T22:28:18.712+0000] {override.py:1900} INFO - Created Permission View: can read on DAG Run:dataset_consumes_1
[2025-09-07T22:28:18.718+0000] {logging_mixin.py:190} INFO - [2025-09-07T22:28:18.717+0000] {override.py:1900} INFO - Created Permission View: menu access on DAG Run:dataset_consumes_1
[2025-09-07T22:28:18.731+0000] {logging_mixin.py:190} INFO - [2025-09-07T22:28:18.731+0000] {override.py:1900} INFO - Created Permission View: can edit on DAG:consume_1_or_both_2_and_3_with_dataset_expressions
[2025-09-07T22:28:18.737+0000] {logging_mixin.py:190} INFO - [2025-09-07T22:28:18.737+0000] {override.py:1900} INFO - Created Permission View: can delete on DAG:consume_1_or_both_2_and_3_with_dataset_expressions
[2025-09-07T22:28:18.743+0000] {logging_mixin.py:190} INFO - [2025-09-07T22:28:18.742+0000] {override.py:1900} INFO - Created Permission View: can read on DAG:consume_1_or_both_2_and_3_with_dataset_expressions
[2025-09-07T22:28:18.751+0000] {logging_mixin.py:190} INFO - [2025-09-07T22:28:18.751+0000] {override.py:1900} INFO - Created Permission View: can delete on DAG Run:consume_1_or_both_2_and_3_with_dataset_expressions
[2025-09-07T22:28:18.757+0000] {logging_mixin.py:190} INFO - [2025-09-07T22:28:18.756+0000] {override.py:1900} INFO - Created Permission View: can create on DAG Run:consume_1_or_both_2_and_3_with_dataset_expressions
[2025-09-07T22:28:18.762+0000] {logging_mixin.py:190} INFO - [2025-09-07T22:28:18.762+0000] {override.py:1900} INFO - Created Permission View: can read on DAG Run:consume_1_or_both_2_and_3_with_dataset_expressions
[2025-09-07T22:28:18.768+0000] {logging_mixin.py:190} INFO - [2025-09-07T22:28:18.768+0000] {override.py:1900} INFO - Created Permission View: menu access on DAG Run:consume_1_or_both_2_and_3_with_dataset_expressions
[2025-09-07T22:28:18.768+0000] {logging_mixin.py:190} INFO - [2025-09-07T22:28:18.768+0000] {dag.py:3239} INFO - Sync 10 DAGs
[2025-09-07T22:28:18.778+0000] {logging_mixin.py:190} INFO - [2025-09-07T22:28:18.777+0000] {dag.py:3262} INFO - Creating ORM DAG for dataset_produces_1
[2025-09-07T22:28:18.778+0000] {logging_mixin.py:190} INFO - [2025-09-07T22:28:18.778+0000] {dag.py:3262} INFO - Creating ORM DAG for dataset_consumes_1_never_scheduled
[2025-09-07T22:28:18.778+0000] {logging_mixin.py:190} INFO - [2025-09-07T22:28:18.778+0000] {dag.py:3262} INFO - Creating ORM DAG for consume_1_or_2_with_dataset_expressions
[2025-09-07T22:28:18.779+0000] {logging_mixin.py:190} INFO - [2025-09-07T22:28:18.779+0000] {dag.py:3262} INFO - Creating ORM DAG for consume_1_and_2_with_dataset_expressions
[2025-09-07T22:28:18.779+0000] {logging_mixin.py:190} INFO - [2025-09-07T22:28:18.779+0000] {dag.py:3262} INFO - Creating ORM DAG for dataset_consumes_1_and_2
[2025-09-07T22:28:18.780+0000] {logging_mixin.py:190} INFO - [2025-09-07T22:28:18.780+0000] {dag.py:3262} INFO - Creating ORM DAG for dataset_consumes_unknown_never_scheduled
[2025-09-07T22:28:18.780+0000] {logging_mixin.py:190} INFO - [2025-09-07T22:28:18.780+0000] {dag.py:3262} INFO - Creating ORM DAG for consume_1_or_both_2_and_3_with_dataset_expressions
[2025-09-07T22:28:18.780+0000] {logging_mixin.py:190} INFO - [2025-09-07T22:28:18.780+0000] {dag.py:3262} INFO - Creating ORM DAG for conditional_dataset_and_time_based_timetable
[2025-09-07T22:28:18.781+0000] {logging_mixin.py:190} INFO - [2025-09-07T22:28:18.781+0000] {dag.py:3262} INFO - Creating ORM DAG for dataset_consumes_1
[2025-09-07T22:28:18.781+0000] {logging_mixin.py:190} INFO - [2025-09-07T22:28:18.781+0000] {dag.py:3262} INFO - Creating ORM DAG for dataset_produces_2
[2025-09-07T22:28:18.789+0000] {logging_mixin.py:190} INFO - [2025-09-07T22:28:18.789+0000] {dag.py:4180} INFO - Setting next_dagrun for conditional_dataset_and_time_based_timetable to 2025-09-03 01:00:00+00:00, run_after=2025-09-03 01:00:00+00:00
[2025-09-07T22:28:18.790+0000] {logging_mixin.py:190} INFO - [2025-09-07T22:28:18.789+0000] {dag.py:4180} INFO - Setting next_dagrun for consume_1_and_2_with_dataset_expressions to None, run_after=None
[2025-09-07T22:28:18.790+0000] {logging_mixin.py:190} INFO - [2025-09-07T22:28:18.790+0000] {dag.py:4180} INFO - Setting next_dagrun for consume_1_or_2_with_dataset_expressions to None, run_after=None
[2025-09-07T22:28:18.790+0000] {logging_mixin.py:190} INFO - [2025-09-07T22:28:18.790+0000] {dag.py:4180} INFO - Setting next_dagrun for consume_1_or_both_2_and_3_with_dataset_expressions to None, run_after=None
[2025-09-07T22:28:18.791+0000] {logging_mixin.py:190} INFO - [2025-09-07T22:28:18.791+0000] {dag.py:4180} INFO - Setting next_dagrun for dataset_consumes_1 to None, run_after=None
[2025-09-07T22:28:18.791+0000] {logging_mixin.py:190} INFO - [2025-09-07T22:28:18.791+0000] {dag.py:4180} INFO - Setting next_dagrun for dataset_consumes_1_and_2 to None, run_after=None
[2025-09-07T22:28:18.792+0000] {logging_mixin.py:190} INFO - [2025-09-07T22:28:18.792+0000] {dag.py:4180} INFO - Setting next_dagrun for dataset_consumes_1_never_scheduled to None, run_after=None
[2025-09-07T22:28:18.792+0000] {logging_mixin.py:190} INFO - [2025-09-07T22:28:18.792+0000] {dag.py:4180} INFO - Setting next_dagrun for dataset_consumes_unknown_never_scheduled to None, run_after=None
[2025-09-07T22:28:18.793+0000] {logging_mixin.py:190} INFO - [2025-09-07T22:28:18.793+0000] {dag.py:4180} INFO - Setting next_dagrun for dataset_produces_1 to 2025-09-06 00:00:00+00:00, run_after=2025-09-07 00:00:00+00:00
[2025-09-07T22:28:18.794+0000] {logging_mixin.py:190} INFO - [2025-09-07T22:28:18.794+0000] {dag.py:4180} INFO - Setting next_dagrun for dataset_produces_2 to None, run_after=None
[2025-09-07T22:28:18.819+0000] {processor.py:208} INFO - Processing /usr/local/python/3.12.1/lib/python3.12/site-packages/airflow/example_dags/example_datasets.py took 0.700 seconds
[2025-09-07T22:29:18.711+0000] {processor.py:186} INFO - Started process (PID=12579) to work on /usr/local/python/3.12.1/lib/python3.12/site-packages/airflow/example_dags/example_datasets.py
[2025-09-07T22:29:18.713+0000] {processor.py:914} INFO - Processing file /usr/local/python/3.12.1/lib/python3.12/site-packages/airflow/example_dags/example_datasets.py for tasks to queue
[2025-09-07T22:29:18.714+0000] {logging_mixin.py:190} INFO - [2025-09-07T22:29:18.714+0000] {dagbag.py:588} INFO - Filling up the DagBag from /usr/local/python/3.12.1/lib/python3.12/site-packages/airflow/example_dags/example_datasets.py
[2025-09-07T22:29:18.729+0000] {processor.py:925} INFO - DAG(s) 'dataset_produces_1', 'dataset_consumes_1', 'dataset_consumes_unknown_never_scheduled', 'dataset_consumes_1_never_scheduled', 'consume_1_or_2_with_dataset_expressions', 'consume_1_or_both_2_and_3_with_dataset_expressions', 'dataset_consumes_1_and_2', 'dataset_produces_2', 'consume_1_and_2_with_dataset_expressions', 'conditional_dataset_and_time_based_timetable' retrieved from /usr/local/python/3.12.1/lib/python3.12/site-packages/airflow/example_dags/example_datasets.py
[2025-09-07T22:29:18.759+0000] {logging_mixin.py:190} INFO - [2025-09-07T22:29:18.759+0000] {dag.py:3239} INFO - Sync 10 DAGs
[2025-09-07T22:29:18.778+0000] {logging_mixin.py:190} INFO - [2025-09-07T22:29:18.778+0000] {dag.py:4180} INFO - Setting next_dagrun for conditional_dataset_and_time_based_timetable to 2025-09-03 01:00:00+00:00, run_after=2025-09-03 01:00:00+00:00
[2025-09-07T22:29:18.782+0000] {logging_mixin.py:190} INFO - [2025-09-07T22:29:18.782+0000] {dag.py:4180} INFO - Setting next_dagrun for consume_1_and_2_with_dataset_expressions to None, run_after=None
[2025-09-07T22:29:18.783+0000] {logging_mixin.py:190} INFO - [2025-09-07T22:29:18.783+0000] {dag.py:4180} INFO - Setting next_dagrun for consume_1_or_2_with_dataset_expressions to None, run_after=None
[2025-09-07T22:29:18.784+0000] {logging_mixin.py:190} INFO - [2025-09-07T22:29:18.784+0000] {dag.py:4180} INFO - Setting next_dagrun for consume_1_or_both_2_and_3_with_dataset_expressions to None, run_after=None
[2025-09-07T22:29:18.785+0000] {logging_mixin.py:190} INFO - [2025-09-07T22:29:18.785+0000] {dag.py:4180} INFO - Setting next_dagrun for dataset_consumes_1 to None, run_after=None
[2025-09-07T22:29:18.786+0000] {logging_mixin.py:190} INFO - [2025-09-07T22:29:18.786+0000] {dag.py:4180} INFO - Setting next_dagrun for dataset_consumes_1_and_2 to None, run_after=None
[2025-09-07T22:29:18.787+0000] {logging_mixin.py:190} INFO - [2025-09-07T22:29:18.787+0000] {dag.py:4180} INFO - Setting next_dagrun for dataset_consumes_1_never_scheduled to None, run_after=None
[2025-09-07T22:29:18.787+0000] {logging_mixin.py:190} INFO - [2025-09-07T22:29:18.787+0000] {dag.py:4180} INFO - Setting next_dagrun for dataset_consumes_unknown_never_scheduled to None, run_after=None
[2025-09-07T22:29:18.789+0000] {logging_mixin.py:190} INFO - [2025-09-07T22:29:18.789+0000] {dag.py:4180} INFO - Setting next_dagrun for dataset_produces_1 to 2025-09-06 00:00:00+00:00, run_after=2025-09-07 00:00:00+00:00
[2025-09-07T22:29:18.790+0000] {logging_mixin.py:190} INFO - [2025-09-07T22:29:18.789+0000] {dag.py:4180} INFO - Setting next_dagrun for dataset_produces_2 to None, run_after=None
[2025-09-07T22:29:18.812+0000] {processor.py:208} INFO - Processing /usr/local/python/3.12.1/lib/python3.12/site-packages/airflow/example_dags/example_datasets.py took 0.105 seconds
[2025-09-07T22:30:12.697+0000] {processor.py:186} INFO - Started process (PID=13203) to work on /usr/local/python/3.12.1/lib/python3.12/site-packages/airflow/example_dags/example_datasets.py
[2025-09-07T22:30:12.697+0000] {processor.py:914} INFO - Processing file /usr/local/python/3.12.1/lib/python3.12/site-packages/airflow/example_dags/example_datasets.py for tasks to queue
[2025-09-07T22:30:12.699+0000] {logging_mixin.py:190} INFO - [2025-09-07T22:30:12.699+0000] {dagbag.py:588} INFO - Filling up the DagBag from /usr/local/python/3.12.1/lib/python3.12/site-packages/airflow/example_dags/example_datasets.py
[2025-09-07T22:30:12.712+0000] {processor.py:925} INFO - DAG(s) 'consume_1_or_both_2_and_3_with_dataset_expressions', 'dataset_consumes_1', 'consume_1_or_2_with_dataset_expressions', 'dataset_consumes_unknown_never_scheduled', 'dataset_consumes_1_and_2', 'conditional_dataset_and_time_based_timetable', 'dataset_produces_1', 'consume_1_and_2_with_dataset_expressions', 'dataset_produces_2', 'dataset_consumes_1_never_scheduled' retrieved from /usr/local/python/3.12.1/lib/python3.12/site-packages/airflow/example_dags/example_datasets.py
[2025-09-07T22:30:12.739+0000] {logging_mixin.py:190} INFO - [2025-09-07T22:30:12.738+0000] {dag.py:3239} INFO - Sync 10 DAGs
[2025-09-07T22:30:12.761+0000] {logging_mixin.py:190} INFO - [2025-09-07T22:30:12.761+0000] {dag.py:4180} INFO - Setting next_dagrun for conditional_dataset_and_time_based_timetable to 2025-09-03 01:00:00+00:00, run_after=2025-09-03 01:00:00+00:00
[2025-09-07T22:30:12.763+0000] {logging_mixin.py:190} INFO - [2025-09-07T22:30:12.763+0000] {dag.py:4180} INFO - Setting next_dagrun for consume_1_and_2_with_dataset_expressions to None, run_after=None
[2025-09-07T22:30:12.764+0000] {logging_mixin.py:190} INFO - [2025-09-07T22:30:12.764+0000] {dag.py:4180} INFO - Setting next_dagrun for consume_1_or_2_with_dataset_expressions to None, run_after=None
[2025-09-07T22:30:12.765+0000] {logging_mixin.py:190} INFO - [2025-09-07T22:30:12.765+0000] {dag.py:4180} INFO - Setting next_dagrun for consume_1_or_both_2_and_3_with_dataset_expressions to None, run_after=None
[2025-09-07T22:30:12.765+0000] {logging_mixin.py:190} INFO - [2025-09-07T22:30:12.765+0000] {dag.py:4180} INFO - Setting next_dagrun for dataset_consumes_1 to None, run_after=None
[2025-09-07T22:30:12.766+0000] {logging_mixin.py:190} INFO - [2025-09-07T22:30:12.766+0000] {dag.py:4180} INFO - Setting next_dagrun for dataset_consumes_1_and_2 to None, run_after=None
[2025-09-07T22:30:12.767+0000] {logging_mixin.py:190} INFO - [2025-09-07T22:30:12.767+0000] {dag.py:4180} INFO - Setting next_dagrun for dataset_consumes_1_never_scheduled to None, run_after=None
[2025-09-07T22:30:12.767+0000] {logging_mixin.py:190} INFO - [2025-09-07T22:30:12.767+0000] {dag.py:4180} INFO - Setting next_dagrun for dataset_consumes_unknown_never_scheduled to None, run_after=None
[2025-09-07T22:30:12.769+0000] {logging_mixin.py:190} INFO - [2025-09-07T22:30:12.769+0000] {dag.py:4180} INFO - Setting next_dagrun for dataset_produces_1 to 2025-09-06 00:00:00+00:00, run_after=2025-09-07 00:00:00+00:00
[2025-09-07T22:30:12.770+0000] {logging_mixin.py:190} INFO - [2025-09-07T22:30:12.769+0000] {dag.py:4180} INFO - Setting next_dagrun for dataset_produces_2 to None, run_after=None
[2025-09-07T22:30:12.793+0000] {processor.py:208} INFO - Processing /usr/local/python/3.12.1/lib/python3.12/site-packages/airflow/example_dags/example_datasets.py took 0.100 seconds
[2025-09-07T22:31:42.715+0000] {processor.py:186} INFO - Started process (PID=14385) to work on /usr/local/python/3.12.1/lib/python3.12/site-packages/airflow/example_dags/example_datasets.py
[2025-09-07T22:31:42.715+0000] {processor.py:914} INFO - Processing file /usr/local/python/3.12.1/lib/python3.12/site-packages/airflow/example_dags/example_datasets.py for tasks to queue
[2025-09-07T22:31:42.717+0000] {logging_mixin.py:190} INFO - [2025-09-07T22:31:42.717+0000] {dagbag.py:588} INFO - Filling up the DagBag from /usr/local/python/3.12.1/lib/python3.12/site-packages/airflow/example_dags/example_datasets.py
[2025-09-07T22:31:42.729+0000] {processor.py:925} INFO - DAG(s) 'consume_1_or_both_2_and_3_with_dataset_expressions', 'conditional_dataset_and_time_based_timetable', 'consume_1_or_2_with_dataset_expressions', 'dataset_produces_2', 'consume_1_and_2_with_dataset_expressions', 'dataset_consumes_1_and_2', 'dataset_consumes_1_never_scheduled', 'dataset_consumes_unknown_never_scheduled', 'dataset_consumes_1', 'dataset_produces_1' retrieved from /usr/local/python/3.12.1/lib/python3.12/site-packages/airflow/example_dags/example_datasets.py
[2025-09-07T22:31:42.758+0000] {logging_mixin.py:190} INFO - [2025-09-07T22:31:42.758+0000] {dag.py:3239} INFO - Sync 10 DAGs
[2025-09-07T22:31:42.779+0000] {logging_mixin.py:190} INFO - [2025-09-07T22:31:42.779+0000] {dag.py:4180} INFO - Setting next_dagrun for conditional_dataset_and_time_based_timetable to 2025-09-03 01:00:00+00:00, run_after=2025-09-03 01:00:00+00:00
[2025-09-07T22:31:42.783+0000] {logging_mixin.py:190} INFO - [2025-09-07T22:31:42.783+0000] {dag.py:4180} INFO - Setting next_dagrun for consume_1_and_2_with_dataset_expressions to None, run_after=None
[2025-09-07T22:31:42.784+0000] {logging_mixin.py:190} INFO - [2025-09-07T22:31:42.784+0000] {dag.py:4180} INFO - Setting next_dagrun for consume_1_or_2_with_dataset_expressions to None, run_after=None
[2025-09-07T22:31:42.785+0000] {logging_mixin.py:190} INFO - [2025-09-07T22:31:42.784+0000] {dag.py:4180} INFO - Setting next_dagrun for consume_1_or_both_2_and_3_with_dataset_expressions to None, run_after=None
[2025-09-07T22:31:42.786+0000] {logging_mixin.py:190} INFO - [2025-09-07T22:31:42.785+0000] {dag.py:4180} INFO - Setting next_dagrun for dataset_consumes_1 to None, run_after=None
[2025-09-07T22:31:42.786+0000] {logging_mixin.py:190} INFO - [2025-09-07T22:31:42.786+0000] {dag.py:4180} INFO - Setting next_dagrun for dataset_consumes_1_and_2 to None, run_after=None
[2025-09-07T22:31:42.787+0000] {logging_mixin.py:190} INFO - [2025-09-07T22:31:42.787+0000] {dag.py:4180} INFO - Setting next_dagrun for dataset_consumes_1_never_scheduled to None, run_after=None
[2025-09-07T22:31:42.788+0000] {logging_mixin.py:190} INFO - [2025-09-07T22:31:42.788+0000] {dag.py:4180} INFO - Setting next_dagrun for dataset_consumes_unknown_never_scheduled to None, run_after=None
[2025-09-07T22:31:42.791+0000] {logging_mixin.py:190} INFO - [2025-09-07T22:31:42.791+0000] {dag.py:4180} INFO - Setting next_dagrun for dataset_produces_1 to 2025-09-06 00:00:00+00:00, run_after=2025-09-07 00:00:00+00:00
[2025-09-07T22:31:42.792+0000] {logging_mixin.py:190} INFO - [2025-09-07T22:31:42.792+0000] {dag.py:4180} INFO - Setting next_dagrun for dataset_produces_2 to None, run_after=None
[2025-09-07T22:31:42.822+0000] {processor.py:208} INFO - Processing /usr/local/python/3.12.1/lib/python3.12/site-packages/airflow/example_dags/example_datasets.py took 0.112 seconds
