[2025-09-07T22:28:15.499+0000] {processor.py:186} INFO - Started process (PID=11898) to work on /usr/local/python/3.12.1/lib/python3.12/site-packages/airflow/example_dags/example_display_name.py
[2025-09-07T22:28:15.499+0000] {processor.py:914} INFO - Processing file /usr/local/python/3.12.1/lib/python3.12/site-packages/airflow/example_dags/example_display_name.py for tasks to queue
[2025-09-07T22:28:15.502+0000] {logging_mixin.py:190} INFO - [2025-09-07T22:28:15.502+0000] {dagbag.py:588} INFO - Filling up the DagBag from /usr/local/python/3.12.1/lib/python3.12/site-packages/airflow/example_dags/example_display_name.py
[2025-09-07T22:28:15.507+0000] {processor.py:925} INFO - DAG(s) 'example_display_name' retrieved from /usr/local/python/3.12.1/lib/python3.12/site-packages/airflow/example_dags/example_display_name.py
[2025-09-07T22:28:15.593+0000] {logging_mixin.py:190} INFO - [2025-09-07T22:28:15.593+0000] {override.py:1900} INFO - Created Permission View: can edit on DAG:example_display_name
[2025-09-07T22:28:15.602+0000] {logging_mixin.py:190} INFO - [2025-09-07T22:28:15.602+0000] {override.py:1900} INFO - Created Permission View: can delete on DAG:example_display_name
[2025-09-07T22:28:15.608+0000] {logging_mixin.py:190} INFO - [2025-09-07T22:28:15.608+0000] {override.py:1900} INFO - Created Permission View: can read on DAG:example_display_name
[2025-09-07T22:28:15.617+0000] {logging_mixin.py:190} INFO - [2025-09-07T22:28:15.617+0000] {override.py:1900} INFO - Created Permission View: can delete on DAG Run:example_display_name
[2025-09-07T22:28:15.623+0000] {logging_mixin.py:190} INFO - [2025-09-07T22:28:15.623+0000] {override.py:1900} INFO - Created Permission View: can create on DAG Run:example_display_name
[2025-09-07T22:28:15.629+0000] {logging_mixin.py:190} INFO - [2025-09-07T22:28:15.629+0000] {override.py:1900} INFO - Created Permission View: can read on DAG Run:example_display_name
[2025-09-07T22:28:15.636+0000] {logging_mixin.py:190} INFO - [2025-09-07T22:28:15.635+0000] {override.py:1900} INFO - Created Permission View: menu access on DAG Run:example_display_name
[2025-09-07T22:28:15.636+0000] {logging_mixin.py:190} INFO - [2025-09-07T22:28:15.636+0000] {dag.py:3239} INFO - Sync 1 DAGs
[2025-09-07T22:28:15.648+0000] {logging_mixin.py:190} INFO - [2025-09-07T22:28:15.648+0000] {dag.py:3262} INFO - Creating ORM DAG for example_display_name
[2025-09-07T22:28:15.649+0000] {logging_mixin.py:190} INFO - [2025-09-07T22:28:15.649+0000] {dag.py:4180} INFO - Setting next_dagrun for example_display_name to None, run_after=None
[2025-09-07T22:28:15.665+0000] {processor.py:208} INFO - Processing /usr/local/python/3.12.1/lib/python3.12/site-packages/airflow/example_dags/example_display_name.py took 0.170 seconds
[2025-09-07T22:29:16.883+0000] {processor.py:186} INFO - Started process (PID=12569) to work on /usr/local/python/3.12.1/lib/python3.12/site-packages/airflow/example_dags/example_display_name.py
[2025-09-07T22:29:16.884+0000] {processor.py:914} INFO - Processing file /usr/local/python/3.12.1/lib/python3.12/site-packages/airflow/example_dags/example_display_name.py for tasks to queue
[2025-09-07T22:29:16.886+0000] {logging_mixin.py:190} INFO - [2025-09-07T22:29:16.886+0000] {dagbag.py:588} INFO - Filling up the DagBag from /usr/local/python/3.12.1/lib/python3.12/site-packages/airflow/example_dags/example_display_name.py
[2025-09-07T22:29:16.894+0000] {processor.py:925} INFO - DAG(s) 'example_display_name' retrieved from /usr/local/python/3.12.1/lib/python3.12/site-packages/airflow/example_dags/example_display_name.py
[2025-09-07T22:29:16.909+0000] {logging_mixin.py:190} INFO - [2025-09-07T22:29:16.908+0000] {dag.py:3239} INFO - Sync 1 DAGs
[2025-09-07T22:29:16.922+0000] {logging_mixin.py:190} INFO - [2025-09-07T22:29:16.922+0000] {dag.py:4180} INFO - Setting next_dagrun for example_display_name to None, run_after=None
[2025-09-07T22:29:16.942+0000] {processor.py:208} INFO - Processing /usr/local/python/3.12.1/lib/python3.12/site-packages/airflow/example_dags/example_display_name.py took 0.064 seconds
[2025-09-07T22:30:11.182+0000] {processor.py:186} INFO - Started process (PID=13193) to work on /usr/local/python/3.12.1/lib/python3.12/site-packages/airflow/example_dags/example_display_name.py
[2025-09-07T22:30:11.182+0000] {processor.py:914} INFO - Processing file /usr/local/python/3.12.1/lib/python3.12/site-packages/airflow/example_dags/example_display_name.py for tasks to queue
[2025-09-07T22:30:11.184+0000] {logging_mixin.py:190} INFO - [2025-09-07T22:30:11.184+0000] {dagbag.py:588} INFO - Filling up the DagBag from /usr/local/python/3.12.1/lib/python3.12/site-packages/airflow/example_dags/example_display_name.py
[2025-09-07T22:30:11.190+0000] {processor.py:925} INFO - DAG(s) 'example_display_name' retrieved from /usr/local/python/3.12.1/lib/python3.12/site-packages/airflow/example_dags/example_display_name.py
[2025-09-07T22:30:11.201+0000] {logging_mixin.py:190} INFO - [2025-09-07T22:30:11.201+0000] {dag.py:3239} INFO - Sync 1 DAGs
[2025-09-07T22:30:11.212+0000] {logging_mixin.py:190} INFO - [2025-09-07T22:30:11.212+0000] {dag.py:4180} INFO - Setting next_dagrun for example_display_name to None, run_after=None
[2025-09-07T22:30:11.227+0000] {processor.py:208} INFO - Processing /usr/local/python/3.12.1/lib/python3.12/site-packages/airflow/example_dags/example_display_name.py took 0.051 seconds
[2025-09-07T22:31:40.423+0000] {processor.py:186} INFO - Started process (PID=14370) to work on /usr/local/python/3.12.1/lib/python3.12/site-packages/airflow/example_dags/example_display_name.py
[2025-09-07T22:31:40.424+0000] {processor.py:914} INFO - Processing file /usr/local/python/3.12.1/lib/python3.12/site-packages/airflow/example_dags/example_display_name.py for tasks to queue
[2025-09-07T22:31:40.426+0000] {logging_mixin.py:190} INFO - [2025-09-07T22:31:40.425+0000] {dagbag.py:588} INFO - Filling up the DagBag from /usr/local/python/3.12.1/lib/python3.12/site-packages/airflow/example_dags/example_display_name.py
[2025-09-07T22:31:40.431+0000] {processor.py:925} INFO - DAG(s) 'example_display_name' retrieved from /usr/local/python/3.12.1/lib/python3.12/site-packages/airflow/example_dags/example_display_name.py
[2025-09-07T22:31:40.442+0000] {logging_mixin.py:190} INFO - [2025-09-07T22:31:40.442+0000] {dag.py:3239} INFO - Sync 1 DAGs
[2025-09-07T22:31:40.452+0000] {logging_mixin.py:190} INFO - [2025-09-07T22:31:40.452+0000] {dag.py:4180} INFO - Setting next_dagrun for example_display_name to None, run_after=None
[2025-09-07T22:31:40.467+0000] {processor.py:208} INFO - Processing /usr/local/python/3.12.1/lib/python3.12/site-packages/airflow/example_dags/example_display_name.py took 0.048 seconds
