[2025-09-07T22:27:59.453+0000] {processor.py:186} INFO - Started process (PID=11760) to work on /usr/local/python/3.12.1/lib/python3.12/site-packages/airflow/example_dags/example_skip_dag.py
[2025-09-07T22:27:59.454+0000] {processor.py:914} INFO - Processing file /usr/local/python/3.12.1/lib/python3.12/site-packages/airflow/example_dags/example_skip_dag.py for tasks to queue
[2025-09-07T22:27:59.455+0000] {logging_mixin.py:190} INFO - [2025-09-07T22:27:59.455+0000] {dagbag.py:588} INFO - Filling up the DagBag from /usr/local/python/3.12.1/lib/python3.12/site-packages/airflow/example_dags/example_skip_dag.py
[2025-09-07T22:27:59.461+0000] {processor.py:925} INFO - DAG(s) 'example_skip_dag' retrieved from /usr/local/python/3.12.1/lib/python3.12/site-packages/airflow/example_dags/example_skip_dag.py
[2025-09-07T22:27:59.557+0000] {logging_mixin.py:190} INFO - [2025-09-07T22:27:59.557+0000] {override.py:1900} INFO - Created Permission View: can edit on DAG:example_skip_dag
[2025-09-07T22:27:59.566+0000] {logging_mixin.py:190} INFO - [2025-09-07T22:27:59.566+0000] {override.py:1900} INFO - Created Permission View: can delete on DAG:example_skip_dag
[2025-09-07T22:27:59.572+0000] {logging_mixin.py:190} INFO - [2025-09-07T22:27:59.572+0000] {override.py:1900} INFO - Created Permission View: can read on DAG:example_skip_dag
[2025-09-07T22:27:59.581+0000] {logging_mixin.py:190} INFO - [2025-09-07T22:27:59.581+0000] {override.py:1900} INFO - Created Permission View: can delete on DAG Run:example_skip_dag
[2025-09-07T22:27:59.587+0000] {logging_mixin.py:190} INFO - [2025-09-07T22:27:59.587+0000] {override.py:1900} INFO - Created Permission View: can create on DAG Run:example_skip_dag
[2025-09-07T22:27:59.593+0000] {logging_mixin.py:190} INFO - [2025-09-07T22:27:59.593+0000] {override.py:1900} INFO - Created Permission View: can read on DAG Run:example_skip_dag
[2025-09-07T22:27:59.600+0000] {logging_mixin.py:190} INFO - [2025-09-07T22:27:59.600+0000] {override.py:1900} INFO - Created Permission View: menu access on DAG Run:example_skip_dag
[2025-09-07T22:27:59.600+0000] {logging_mixin.py:190} INFO - [2025-09-07T22:27:59.600+0000] {dag.py:3239} INFO - Sync 1 DAGs
[2025-09-07T22:27:59.615+0000] {logging_mixin.py:190} INFO - [2025-09-07T22:27:59.614+0000] {dag.py:3262} INFO - Creating ORM DAG for example_skip_dag
[2025-09-07T22:27:59.628+0000] {logging_mixin.py:190} INFO - [2025-09-07T22:27:59.625+0000] {dag.py:4180} INFO - Setting next_dagrun for example_skip_dag to 2025-09-06 00:00:00+00:00, run_after=2025-09-07 00:00:00+00:00
[2025-09-07T22:27:59.650+0000] {processor.py:208} INFO - Processing /usr/local/python/3.12.1/lib/python3.12/site-packages/airflow/example_dags/example_skip_dag.py took 0.201 seconds
[2025-09-07T22:29:00.574+0000] {processor.py:186} INFO - Started process (PID=12346) to work on /usr/local/python/3.12.1/lib/python3.12/site-packages/airflow/example_dags/example_skip_dag.py
[2025-09-07T22:29:00.575+0000] {processor.py:914} INFO - Processing file /usr/local/python/3.12.1/lib/python3.12/site-packages/airflow/example_dags/example_skip_dag.py for tasks to queue
[2025-09-07T22:29:00.576+0000] {logging_mixin.py:190} INFO - [2025-09-07T22:29:00.576+0000] {dagbag.py:588} INFO - Filling up the DagBag from /usr/local/python/3.12.1/lib/python3.12/site-packages/airflow/example_dags/example_skip_dag.py
[2025-09-07T22:29:00.584+0000] {processor.py:925} INFO - DAG(s) 'example_skip_dag' retrieved from /usr/local/python/3.12.1/lib/python3.12/site-packages/airflow/example_dags/example_skip_dag.py
[2025-09-07T22:29:00.603+0000] {logging_mixin.py:190} INFO - [2025-09-07T22:29:00.603+0000] {dag.py:3239} INFO - Sync 1 DAGs
[2025-09-07T22:29:00.619+0000] {logging_mixin.py:190} INFO - [2025-09-07T22:29:00.619+0000] {dag.py:4180} INFO - Setting next_dagrun for example_skip_dag to 2025-09-06 00:00:00+00:00, run_after=2025-09-07 00:00:00+00:00
[2025-09-07T22:29:00.635+0000] {processor.py:208} INFO - Processing /usr/local/python/3.12.1/lib/python3.12/site-packages/airflow/example_dags/example_skip_dag.py took 0.065 seconds
[2025-09-07T22:29:55.723+0000] {processor.py:186} INFO - Started process (PID=12976) to work on /usr/local/python/3.12.1/lib/python3.12/site-packages/airflow/example_dags/example_skip_dag.py
[2025-09-07T22:29:55.724+0000] {processor.py:914} INFO - Processing file /usr/local/python/3.12.1/lib/python3.12/site-packages/airflow/example_dags/example_skip_dag.py for tasks to queue
[2025-09-07T22:29:55.726+0000] {logging_mixin.py:190} INFO - [2025-09-07T22:29:55.726+0000] {dagbag.py:588} INFO - Filling up the DagBag from /usr/local/python/3.12.1/lib/python3.12/site-packages/airflow/example_dags/example_skip_dag.py
[2025-09-07T22:29:55.733+0000] {processor.py:925} INFO - DAG(s) 'example_skip_dag' retrieved from /usr/local/python/3.12.1/lib/python3.12/site-packages/airflow/example_dags/example_skip_dag.py
[2025-09-07T22:29:55.747+0000] {logging_mixin.py:190} INFO - [2025-09-07T22:29:55.747+0000] {dag.py:3239} INFO - Sync 1 DAGs
[2025-09-07T22:29:55.762+0000] {logging_mixin.py:190} INFO - [2025-09-07T22:29:55.762+0000] {dag.py:4180} INFO - Setting next_dagrun for example_skip_dag to 2025-09-06 00:00:00+00:00, run_after=2025-09-07 00:00:00+00:00
[2025-09-07T22:29:55.779+0000] {processor.py:208} INFO - Processing /usr/local/python/3.12.1/lib/python3.12/site-packages/airflow/example_dags/example_skip_dag.py took 0.060 seconds
[2025-09-07T22:31:26.080+0000] {processor.py:186} INFO - Started process (PID=14229) to work on /usr/local/python/3.12.1/lib/python3.12/site-packages/airflow/example_dags/example_skip_dag.py
[2025-09-07T22:31:26.081+0000] {processor.py:914} INFO - Processing file /usr/local/python/3.12.1/lib/python3.12/site-packages/airflow/example_dags/example_skip_dag.py for tasks to queue
[2025-09-07T22:31:26.083+0000] {logging_mixin.py:190} INFO - [2025-09-07T22:31:26.082+0000] {dagbag.py:588} INFO - Filling up the DagBag from /usr/local/python/3.12.1/lib/python3.12/site-packages/airflow/example_dags/example_skip_dag.py
[2025-09-07T22:31:26.093+0000] {processor.py:925} INFO - DAG(s) 'example_skip_dag' retrieved from /usr/local/python/3.12.1/lib/python3.12/site-packages/airflow/example_dags/example_skip_dag.py
[2025-09-07T22:31:26.114+0000] {logging_mixin.py:190} INFO - [2025-09-07T22:31:26.114+0000] {dag.py:3239} INFO - Sync 1 DAGs
[2025-09-07T22:31:26.133+0000] {logging_mixin.py:190} INFO - [2025-09-07T22:31:26.132+0000] {dag.py:4180} INFO - Setting next_dagrun for example_skip_dag to 2025-09-06 00:00:00+00:00, run_after=2025-09-07 00:00:00+00:00
[2025-09-07T22:31:26.157+0000] {processor.py:208} INFO - Processing /usr/local/python/3.12.1/lib/python3.12/site-packages/airflow/example_dags/example_skip_dag.py took 0.083 seconds
[2025-09-07T22:32:20.447+0000] {processor.py:186} INFO - Started process (PID=14718) to work on /usr/local/python/3.12.1/lib/python3.12/site-packages/airflow/example_dags/example_skip_dag.py
[2025-09-07T22:32:20.448+0000] {processor.py:914} INFO - Processing file /usr/local/python/3.12.1/lib/python3.12/site-packages/airflow/example_dags/example_skip_dag.py for tasks to queue
[2025-09-07T22:32:20.449+0000] {logging_mixin.py:190} INFO - [2025-09-07T22:32:20.449+0000] {dagbag.py:588} INFO - Filling up the DagBag from /usr/local/python/3.12.1/lib/python3.12/site-packages/airflow/example_dags/example_skip_dag.py
[2025-09-07T22:32:20.455+0000] {processor.py:925} INFO - DAG(s) 'example_skip_dag' retrieved from /usr/local/python/3.12.1/lib/python3.12/site-packages/airflow/example_dags/example_skip_dag.py
[2025-09-07T22:32:20.468+0000] {logging_mixin.py:190} INFO - [2025-09-07T22:32:20.468+0000] {dag.py:3239} INFO - Sync 1 DAGs
[2025-09-07T22:32:20.484+0000] {logging_mixin.py:190} INFO - [2025-09-07T22:32:20.484+0000] {dag.py:4180} INFO - Setting next_dagrun for example_skip_dag to 2025-09-06 00:00:00+00:00, run_after=2025-09-07 00:00:00+00:00
[2025-09-07T22:32:20.500+0000] {processor.py:208} INFO - Processing /usr/local/python/3.12.1/lib/python3.12/site-packages/airflow/example_dags/example_skip_dag.py took 0.056 seconds
