[2025-09-07T22:27:55.900+0000] {processor.py:186} INFO - Started process (PID=11736) to work on /usr/local/python/3.12.1/lib/python3.12/site-packages/airflow/example_dags/example_setup_teardown.py
[2025-09-07T22:27:55.901+0000] {processor.py:914} INFO - Processing file /usr/local/python/3.12.1/lib/python3.12/site-packages/airflow/example_dags/example_setup_teardown.py for tasks to queue
[2025-09-07T22:27:55.902+0000] {logging_mixin.py:190} INFO - [2025-09-07T22:27:55.902+0000] {dagbag.py:588} INFO - Filling up the DagBag from /usr/local/python/3.12.1/lib/python3.12/site-packages/airflow/example_dags/example_setup_teardown.py
[2025-09-07T22:27:55.908+0000] {processor.py:925} INFO - DAG(s) 'example_setup_teardown' retrieved from /usr/local/python/3.12.1/lib/python3.12/site-packages/airflow/example_dags/example_setup_teardown.py
[2025-09-07T22:27:55.997+0000] {logging_mixin.py:190} INFO - [2025-09-07T22:27:55.996+0000] {override.py:1900} INFO - Created Permission View: can edit on DAG:example_setup_teardown
[2025-09-07T22:27:56.005+0000] {logging_mixin.py:190} INFO - [2025-09-07T22:27:56.005+0000] {override.py:1900} INFO - Created Permission View: can delete on DAG:example_setup_teardown
[2025-09-07T22:27:56.012+0000] {logging_mixin.py:190} INFO - [2025-09-07T22:27:56.012+0000] {override.py:1900} INFO - Created Permission View: can read on DAG:example_setup_teardown
[2025-09-07T22:27:56.022+0000] {logging_mixin.py:190} INFO - [2025-09-07T22:27:56.022+0000] {override.py:1900} INFO - Created Permission View: can delete on DAG Run:example_setup_teardown
[2025-09-07T22:27:56.028+0000] {logging_mixin.py:190} INFO - [2025-09-07T22:27:56.028+0000] {override.py:1900} INFO - Created Permission View: can create on DAG Run:example_setup_teardown
[2025-09-07T22:27:56.034+0000] {logging_mixin.py:190} INFO - [2025-09-07T22:27:56.034+0000] {override.py:1900} INFO - Created Permission View: can read on DAG Run:example_setup_teardown
[2025-09-07T22:27:56.040+0000] {logging_mixin.py:190} INFO - [2025-09-07T22:27:56.040+0000] {override.py:1900} INFO - Created Permission View: menu access on DAG Run:example_setup_teardown
[2025-09-07T22:27:56.040+0000] {logging_mixin.py:190} INFO - [2025-09-07T22:27:56.040+0000] {dag.py:3239} INFO - Sync 1 DAGs
[2025-09-07T22:27:56.050+0000] {logging_mixin.py:190} INFO - [2025-09-07T22:27:56.050+0000] {dag.py:3262} INFO - Creating ORM DAG for example_setup_teardown
[2025-09-07T22:27:56.051+0000] {logging_mixin.py:190} INFO - [2025-09-07T22:27:56.051+0000] {dag.py:4180} INFO - Setting next_dagrun for example_setup_teardown to None, run_after=None
[2025-09-07T22:27:56.067+0000] {processor.py:208} INFO - Processing /usr/local/python/3.12.1/lib/python3.12/site-packages/airflow/example_dags/example_setup_teardown.py took 0.172 seconds
[2025-09-07T22:28:58.021+0000] {processor.py:186} INFO - Started process (PID=12325) to work on /usr/local/python/3.12.1/lib/python3.12/site-packages/airflow/example_dags/example_setup_teardown.py
[2025-09-07T22:28:58.021+0000] {processor.py:914} INFO - Processing file /usr/local/python/3.12.1/lib/python3.12/site-packages/airflow/example_dags/example_setup_teardown.py for tasks to queue
[2025-09-07T22:28:58.023+0000] {logging_mixin.py:190} INFO - [2025-09-07T22:28:58.023+0000] {dagbag.py:588} INFO - Filling up the DagBag from /usr/local/python/3.12.1/lib/python3.12/site-packages/airflow/example_dags/example_setup_teardown.py
[2025-09-07T22:28:58.030+0000] {processor.py:925} INFO - DAG(s) 'example_setup_teardown' retrieved from /usr/local/python/3.12.1/lib/python3.12/site-packages/airflow/example_dags/example_setup_teardown.py
[2025-09-07T22:28:58.043+0000] {logging_mixin.py:190} INFO - [2025-09-07T22:28:58.043+0000] {dag.py:3239} INFO - Sync 1 DAGs
[2025-09-07T22:28:58.056+0000] {logging_mixin.py:190} INFO - [2025-09-07T22:28:58.056+0000] {dag.py:4180} INFO - Setting next_dagrun for example_setup_teardown to None, run_after=None
[2025-09-07T22:28:58.072+0000] {processor.py:208} INFO - Processing /usr/local/python/3.12.1/lib/python3.12/site-packages/airflow/example_dags/example_setup_teardown.py took 0.055 seconds
[2025-09-07T22:29:52.416+0000] {processor.py:186} INFO - Started process (PID=12930) to work on /usr/local/python/3.12.1/lib/python3.12/site-packages/airflow/example_dags/example_setup_teardown.py
[2025-09-07T22:29:52.417+0000] {processor.py:914} INFO - Processing file /usr/local/python/3.12.1/lib/python3.12/site-packages/airflow/example_dags/example_setup_teardown.py for tasks to queue
[2025-09-07T22:29:52.419+0000] {logging_mixin.py:190} INFO - [2025-09-07T22:29:52.419+0000] {dagbag.py:588} INFO - Filling up the DagBag from /usr/local/python/3.12.1/lib/python3.12/site-packages/airflow/example_dags/example_setup_teardown.py
[2025-09-07T22:29:52.431+0000] {processor.py:925} INFO - DAG(s) 'example_setup_teardown' retrieved from /usr/local/python/3.12.1/lib/python3.12/site-packages/airflow/example_dags/example_setup_teardown.py
[2025-09-07T22:29:52.454+0000] {logging_mixin.py:190} INFO - [2025-09-07T22:29:52.454+0000] {dag.py:3239} INFO - Sync 1 DAGs
[2025-09-07T22:29:52.468+0000] {logging_mixin.py:190} INFO - [2025-09-07T22:29:52.468+0000] {dag.py:4180} INFO - Setting next_dagrun for example_setup_teardown to None, run_after=None
[2025-09-07T22:29:52.493+0000] {processor.py:208} INFO - Processing /usr/local/python/3.12.1/lib/python3.12/site-packages/airflow/example_dags/example_setup_teardown.py took 0.081 seconds
[2025-09-07T22:30:40.855+0000] {processor.py:186} INFO - Started process (PID=13671) to work on /usr/local/python/3.12.1/lib/python3.12/site-packages/airflow/example_dags/example_setup_teardown.py
[2025-09-07T22:30:40.856+0000] {processor.py:914} INFO - Processing file /usr/local/python/3.12.1/lib/python3.12/site-packages/airflow/example_dags/example_setup_teardown.py for tasks to queue
[2025-09-07T22:30:40.857+0000] {logging_mixin.py:190} INFO - [2025-09-07T22:30:40.857+0000] {dagbag.py:588} INFO - Filling up the DagBag from /usr/local/python/3.12.1/lib/python3.12/site-packages/airflow/example_dags/example_setup_teardown.py
[2025-09-07T22:30:40.863+0000] {processor.py:925} INFO - DAG(s) 'example_setup_teardown' retrieved from /usr/local/python/3.12.1/lib/python3.12/site-packages/airflow/example_dags/example_setup_teardown.py
[2025-09-07T22:30:40.875+0000] {logging_mixin.py:190} INFO - [2025-09-07T22:30:40.875+0000] {dag.py:3239} INFO - Sync 1 DAGs
[2025-09-07T22:30:40.885+0000] {logging_mixin.py:190} INFO - [2025-09-07T22:30:40.885+0000] {dag.py:4180} INFO - Setting next_dagrun for example_setup_teardown to None, run_after=None
[2025-09-07T22:30:40.901+0000] {processor.py:208} INFO - Processing /usr/local/python/3.12.1/lib/python3.12/site-packages/airflow/example_dags/example_setup_teardown.py took 0.050 seconds
[2025-09-07T22:31:23.610+0000] {processor.py:186} INFO - Started process (PID=14218) to work on /usr/local/python/3.12.1/lib/python3.12/site-packages/airflow/example_dags/example_setup_teardown.py
[2025-09-07T22:31:23.611+0000] {processor.py:914} INFO - Processing file /usr/local/python/3.12.1/lib/python3.12/site-packages/airflow/example_dags/example_setup_teardown.py for tasks to queue
[2025-09-07T22:31:23.612+0000] {logging_mixin.py:190} INFO - [2025-09-07T22:31:23.612+0000] {dagbag.py:588} INFO - Filling up the DagBag from /usr/local/python/3.12.1/lib/python3.12/site-packages/airflow/example_dags/example_setup_teardown.py
[2025-09-07T22:31:23.618+0000] {processor.py:925} INFO - DAG(s) 'example_setup_teardown' retrieved from /usr/local/python/3.12.1/lib/python3.12/site-packages/airflow/example_dags/example_setup_teardown.py
[2025-09-07T22:31:23.632+0000] {logging_mixin.py:190} INFO - [2025-09-07T22:31:23.632+0000] {dag.py:3239} INFO - Sync 1 DAGs
[2025-09-07T22:31:23.643+0000] {logging_mixin.py:190} INFO - [2025-09-07T22:31:23.643+0000] {dag.py:4180} INFO - Setting next_dagrun for example_setup_teardown to None, run_after=None
[2025-09-07T22:31:23.658+0000] {processor.py:208} INFO - Processing /usr/local/python/3.12.1/lib/python3.12/site-packages/airflow/example_dags/example_setup_teardown.py took 0.052 seconds
[2025-09-07T22:32:18.746+0000] {processor.py:186} INFO - Started process (PID=14689) to work on /usr/local/python/3.12.1/lib/python3.12/site-packages/airflow/example_dags/example_setup_teardown.py
[2025-09-07T22:32:18.747+0000] {processor.py:914} INFO - Processing file /usr/local/python/3.12.1/lib/python3.12/site-packages/airflow/example_dags/example_setup_teardown.py for tasks to queue
[2025-09-07T22:32:18.748+0000] {logging_mixin.py:190} INFO - [2025-09-07T22:32:18.748+0000] {dagbag.py:588} INFO - Filling up the DagBag from /usr/local/python/3.12.1/lib/python3.12/site-packages/airflow/example_dags/example_setup_teardown.py
[2025-09-07T22:32:18.755+0000] {processor.py:925} INFO - DAG(s) 'example_setup_teardown' retrieved from /usr/local/python/3.12.1/lib/python3.12/site-packages/airflow/example_dags/example_setup_teardown.py
[2025-09-07T22:32:18.766+0000] {logging_mixin.py:190} INFO - [2025-09-07T22:32:18.766+0000] {dag.py:3239} INFO - Sync 1 DAGs
[2025-09-07T22:32:18.776+0000] {logging_mixin.py:190} INFO - [2025-09-07T22:32:18.776+0000] {dag.py:4180} INFO - Setting next_dagrun for example_setup_teardown to None, run_after=None
[2025-09-07T22:32:18.791+0000] {processor.py:208} INFO - Processing /usr/local/python/3.12.1/lib/python3.12/site-packages/airflow/example_dags/example_setup_teardown.py took 0.049 seconds
