[2025-09-07T22:28:19.959+0000] {processor.py:186} INFO - Started process (PID=11922) to work on /usr/local/python/3.12.1/lib/python3.12/site-packages/airflow/example_dags/example_dataset_alias_with_no_taskflow.py
[2025-09-07T22:28:19.960+0000] {processor.py:914} INFO - Processing file /usr/local/python/3.12.1/lib/python3.12/site-packages/airflow/example_dags/example_dataset_alias_with_no_taskflow.py for tasks to queue
[2025-09-07T22:28:19.961+0000] {logging_mixin.py:190} INFO - [2025-09-07T22:28:19.961+0000] {dagbag.py:588} INFO - Filling up the DagBag from /usr/local/python/3.12.1/lib/python3.12/site-packages/airflow/example_dags/example_dataset_alias_with_no_taskflow.py
[2025-09-07T22:28:19.975+0000] {processor.py:925} INFO - DAG(s) 'dataset_s3_bucket_consumer_with_no_taskflow', 'dataset_s3_bucket_producer_with_no_taskflow', 'dataset_alias_example_alias_producer_with_no_taskflow', 'dataset_alias_example_alias_consumer_with_no_taskflow' retrieved from /usr/local/python/3.12.1/lib/python3.12/site-packages/airflow/example_dags/example_dataset_alias_with_no_taskflow.py
[2025-09-07T22:28:20.065+0000] {logging_mixin.py:190} INFO - [2025-09-07T22:28:20.065+0000] {override.py:1900} INFO - Created Permission View: can edit on DAG:dataset_s3_bucket_consumer_with_no_taskflow
[2025-09-07T22:28:20.074+0000] {logging_mixin.py:190} INFO - [2025-09-07T22:28:20.074+0000] {override.py:1900} INFO - Created Permission View: can delete on DAG:dataset_s3_bucket_consumer_with_no_taskflow
[2025-09-07T22:28:20.080+0000] {logging_mixin.py:190} INFO - [2025-09-07T22:28:20.080+0000] {override.py:1900} INFO - Created Permission View: can read on DAG:dataset_s3_bucket_consumer_with_no_taskflow
[2025-09-07T22:28:20.089+0000] {logging_mixin.py:190} INFO - [2025-09-07T22:28:20.089+0000] {override.py:1900} INFO - Created Permission View: can delete on DAG Run:dataset_s3_bucket_consumer_with_no_taskflow
[2025-09-07T22:28:20.096+0000] {logging_mixin.py:190} INFO - [2025-09-07T22:28:20.096+0000] {override.py:1900} INFO - Created Permission View: can create on DAG Run:dataset_s3_bucket_consumer_with_no_taskflow
[2025-09-07T22:28:20.102+0000] {logging_mixin.py:190} INFO - [2025-09-07T22:28:20.102+0000] {override.py:1900} INFO - Created Permission View: can read on DAG Run:dataset_s3_bucket_consumer_with_no_taskflow
[2025-09-07T22:28:20.108+0000] {logging_mixin.py:190} INFO - [2025-09-07T22:28:20.108+0000] {override.py:1900} INFO - Created Permission View: menu access on DAG Run:dataset_s3_bucket_consumer_with_no_taskflow
[2025-09-07T22:28:20.124+0000] {logging_mixin.py:190} INFO - [2025-09-07T22:28:20.124+0000] {override.py:1900} INFO - Created Permission View: can edit on DAG:dataset_s3_bucket_producer_with_no_taskflow
[2025-09-07T22:28:20.134+0000] {logging_mixin.py:190} INFO - [2025-09-07T22:28:20.133+0000] {override.py:1900} INFO - Created Permission View: can delete on DAG:dataset_s3_bucket_producer_with_no_taskflow
[2025-09-07T22:28:20.143+0000] {logging_mixin.py:190} INFO - [2025-09-07T22:28:20.142+0000] {override.py:1900} INFO - Created Permission View: can read on DAG:dataset_s3_bucket_producer_with_no_taskflow
[2025-09-07T22:28:20.154+0000] {logging_mixin.py:190} INFO - [2025-09-07T22:28:20.153+0000] {override.py:1900} INFO - Created Permission View: can delete on DAG Run:dataset_s3_bucket_producer_with_no_taskflow
[2025-09-07T22:28:20.161+0000] {logging_mixin.py:190} INFO - [2025-09-07T22:28:20.160+0000] {override.py:1900} INFO - Created Permission View: can create on DAG Run:dataset_s3_bucket_producer_with_no_taskflow
[2025-09-07T22:28:20.167+0000] {logging_mixin.py:190} INFO - [2025-09-07T22:28:20.167+0000] {override.py:1900} INFO - Created Permission View: can read on DAG Run:dataset_s3_bucket_producer_with_no_taskflow
[2025-09-07T22:28:20.174+0000] {logging_mixin.py:190} INFO - [2025-09-07T22:28:20.174+0000] {override.py:1900} INFO - Created Permission View: menu access on DAG Run:dataset_s3_bucket_producer_with_no_taskflow
[2025-09-07T22:28:20.192+0000] {logging_mixin.py:190} INFO - [2025-09-07T22:28:20.191+0000] {override.py:1900} INFO - Created Permission View: can edit on DAG:dataset_alias_example_alias_producer_with_no_taskflow
[2025-09-07T22:28:20.197+0000] {logging_mixin.py:190} INFO - [2025-09-07T22:28:20.197+0000] {override.py:1900} INFO - Created Permission View: can delete on DAG:dataset_alias_example_alias_producer_with_no_taskflow
[2025-09-07T22:28:20.203+0000] {logging_mixin.py:190} INFO - [2025-09-07T22:28:20.203+0000] {override.py:1900} INFO - Created Permission View: can read on DAG:dataset_alias_example_alias_producer_with_no_taskflow
[2025-09-07T22:28:20.213+0000] {logging_mixin.py:190} INFO - [2025-09-07T22:28:20.213+0000] {override.py:1900} INFO - Created Permission View: can delete on DAG Run:dataset_alias_example_alias_producer_with_no_taskflow
[2025-09-07T22:28:20.219+0000] {logging_mixin.py:190} INFO - [2025-09-07T22:28:20.219+0000] {override.py:1900} INFO - Created Permission View: can create on DAG Run:dataset_alias_example_alias_producer_with_no_taskflow
[2025-09-07T22:28:20.225+0000] {logging_mixin.py:190} INFO - [2025-09-07T22:28:20.225+0000] {override.py:1900} INFO - Created Permission View: can read on DAG Run:dataset_alias_example_alias_producer_with_no_taskflow
[2025-09-07T22:28:20.231+0000] {logging_mixin.py:190} INFO - [2025-09-07T22:28:20.231+0000] {override.py:1900} INFO - Created Permission View: menu access on DAG Run:dataset_alias_example_alias_producer_with_no_taskflow
[2025-09-07T22:28:20.246+0000] {logging_mixin.py:190} INFO - [2025-09-07T22:28:20.246+0000] {override.py:1900} INFO - Created Permission View: can edit on DAG:dataset_alias_example_alias_consumer_with_no_taskflow
[2025-09-07T22:28:20.254+0000] {logging_mixin.py:190} INFO - [2025-09-07T22:28:20.254+0000] {override.py:1900} INFO - Created Permission View: can delete on DAG:dataset_alias_example_alias_consumer_with_no_taskflow
[2025-09-07T22:28:20.263+0000] {logging_mixin.py:190} INFO - [2025-09-07T22:28:20.263+0000] {override.py:1900} INFO - Created Permission View: can read on DAG:dataset_alias_example_alias_consumer_with_no_taskflow
[2025-09-07T22:28:20.274+0000] {logging_mixin.py:190} INFO - [2025-09-07T22:28:20.274+0000] {override.py:1900} INFO - Created Permission View: can delete on DAG Run:dataset_alias_example_alias_consumer_with_no_taskflow
[2025-09-07T22:28:20.280+0000] {logging_mixin.py:190} INFO - [2025-09-07T22:28:20.280+0000] {override.py:1900} INFO - Created Permission View: can create on DAG Run:dataset_alias_example_alias_consumer_with_no_taskflow
[2025-09-07T22:28:20.285+0000] {logging_mixin.py:190} INFO - [2025-09-07T22:28:20.285+0000] {override.py:1900} INFO - Created Permission View: can read on DAG Run:dataset_alias_example_alias_consumer_with_no_taskflow
[2025-09-07T22:28:20.292+0000] {logging_mixin.py:190} INFO - [2025-09-07T22:28:20.291+0000] {override.py:1900} INFO - Created Permission View: menu access on DAG Run:dataset_alias_example_alias_consumer_with_no_taskflow
[2025-09-07T22:28:20.292+0000] {logging_mixin.py:190} INFO - [2025-09-07T22:28:20.292+0000] {dag.py:3239} INFO - Sync 4 DAGs
[2025-09-07T22:28:20.300+0000] {logging_mixin.py:190} INFO - [2025-09-07T22:28:20.300+0000] {dag.py:3262} INFO - Creating ORM DAG for dataset_alias_example_alias_producer_with_no_taskflow
[2025-09-07T22:28:20.301+0000] {logging_mixin.py:190} INFO - [2025-09-07T22:28:20.301+0000] {dag.py:3262} INFO - Creating ORM DAG for dataset_s3_bucket_producer_with_no_taskflow
[2025-09-07T22:28:20.301+0000] {logging_mixin.py:190} INFO - [2025-09-07T22:28:20.301+0000] {dag.py:3262} INFO - Creating ORM DAG for dataset_alias_example_alias_consumer_with_no_taskflow
[2025-09-07T22:28:20.302+0000] {logging_mixin.py:190} INFO - [2025-09-07T22:28:20.302+0000] {dag.py:3262} INFO - Creating ORM DAG for dataset_s3_bucket_consumer_with_no_taskflow
[2025-09-07T22:28:20.308+0000] {logging_mixin.py:190} INFO - [2025-09-07T22:28:20.308+0000] {dag.py:4180} INFO - Setting next_dagrun for dataset_alias_example_alias_consumer_with_no_taskflow to None, run_after=None
[2025-09-07T22:28:20.308+0000] {logging_mixin.py:190} INFO - [2025-09-07T22:28:20.308+0000] {dag.py:4180} INFO - Setting next_dagrun for dataset_alias_example_alias_producer_with_no_taskflow to None, run_after=None
[2025-09-07T22:28:20.309+0000] {logging_mixin.py:190} INFO - [2025-09-07T22:28:20.308+0000] {dag.py:4180} INFO - Setting next_dagrun for dataset_s3_bucket_consumer_with_no_taskflow to None, run_after=None
[2025-09-07T22:28:20.309+0000] {logging_mixin.py:190} INFO - [2025-09-07T22:28:20.309+0000] {dag.py:4180} INFO - Setting next_dagrun for dataset_s3_bucket_producer_with_no_taskflow to None, run_after=None
[2025-09-07T22:28:20.332+0000] {processor.py:208} INFO - Processing /usr/local/python/3.12.1/lib/python3.12/site-packages/airflow/example_dags/example_dataset_alias_with_no_taskflow.py took 0.377 seconds
[2025-09-07T22:29:19.968+0000] {processor.py:186} INFO - Started process (PID=12587) to work on /usr/local/python/3.12.1/lib/python3.12/site-packages/airflow/example_dags/example_dataset_alias_with_no_taskflow.py
[2025-09-07T22:29:19.969+0000] {processor.py:914} INFO - Processing file /usr/local/python/3.12.1/lib/python3.12/site-packages/airflow/example_dags/example_dataset_alias_with_no_taskflow.py for tasks to queue
[2025-09-07T22:29:19.971+0000] {logging_mixin.py:190} INFO - [2025-09-07T22:29:19.970+0000] {dagbag.py:588} INFO - Filling up the DagBag from /usr/local/python/3.12.1/lib/python3.12/site-packages/airflow/example_dags/example_dataset_alias_with_no_taskflow.py
[2025-09-07T22:29:19.988+0000] {processor.py:925} INFO - DAG(s) 'dataset_s3_bucket_producer_with_no_taskflow', 'dataset_alias_example_alias_producer_with_no_taskflow', 'dataset_s3_bucket_consumer_with_no_taskflow', 'dataset_alias_example_alias_consumer_with_no_taskflow' retrieved from /usr/local/python/3.12.1/lib/python3.12/site-packages/airflow/example_dags/example_dataset_alias_with_no_taskflow.py
[2025-09-07T22:29:20.002+0000] {logging_mixin.py:190} INFO - [2025-09-07T22:29:20.002+0000] {dag.py:3239} INFO - Sync 4 DAGs
[2025-09-07T22:29:20.017+0000] {logging_mixin.py:190} INFO - [2025-09-07T22:29:20.017+0000] {dag.py:4180} INFO - Setting next_dagrun for dataset_alias_example_alias_consumer_with_no_taskflow to None, run_after=None
[2025-09-07T22:29:20.019+0000] {logging_mixin.py:190} INFO - [2025-09-07T22:29:20.019+0000] {dag.py:4180} INFO - Setting next_dagrun for dataset_alias_example_alias_producer_with_no_taskflow to None, run_after=None
[2025-09-07T22:29:20.020+0000] {logging_mixin.py:190} INFO - [2025-09-07T22:29:20.019+0000] {dag.py:4180} INFO - Setting next_dagrun for dataset_s3_bucket_consumer_with_no_taskflow to None, run_after=None
[2025-09-07T22:29:20.020+0000] {logging_mixin.py:190} INFO - [2025-09-07T22:29:20.020+0000] {dag.py:4180} INFO - Setting next_dagrun for dataset_s3_bucket_producer_with_no_taskflow to None, run_after=None
[2025-09-07T22:29:20.038+0000] {processor.py:208} INFO - Processing /usr/local/python/3.12.1/lib/python3.12/site-packages/airflow/example_dags/example_dataset_alias_with_no_taskflow.py took 0.074 seconds
[2025-09-07T22:30:13.932+0000] {processor.py:186} INFO - Started process (PID=13205) to work on /usr/local/python/3.12.1/lib/python3.12/site-packages/airflow/example_dags/example_dataset_alias_with_no_taskflow.py
[2025-09-07T22:30:13.932+0000] {processor.py:914} INFO - Processing file /usr/local/python/3.12.1/lib/python3.12/site-packages/airflow/example_dags/example_dataset_alias_with_no_taskflow.py for tasks to queue
[2025-09-07T22:30:13.934+0000] {logging_mixin.py:190} INFO - [2025-09-07T22:30:13.933+0000] {dagbag.py:588} INFO - Filling up the DagBag from /usr/local/python/3.12.1/lib/python3.12/site-packages/airflow/example_dags/example_dataset_alias_with_no_taskflow.py
[2025-09-07T22:30:13.950+0000] {processor.py:925} INFO - DAG(s) 'dataset_alias_example_alias_consumer_with_no_taskflow', 'dataset_s3_bucket_producer_with_no_taskflow', 'dataset_s3_bucket_consumer_with_no_taskflow', 'dataset_alias_example_alias_producer_with_no_taskflow' retrieved from /usr/local/python/3.12.1/lib/python3.12/site-packages/airflow/example_dags/example_dataset_alias_with_no_taskflow.py
[2025-09-07T22:30:13.967+0000] {logging_mixin.py:190} INFO - [2025-09-07T22:30:13.967+0000] {dag.py:3239} INFO - Sync 4 DAGs
[2025-09-07T22:30:13.983+0000] {logging_mixin.py:190} INFO - [2025-09-07T22:30:13.982+0000] {dag.py:4180} INFO - Setting next_dagrun for dataset_alias_example_alias_consumer_with_no_taskflow to None, run_after=None
[2025-09-07T22:30:13.984+0000] {logging_mixin.py:190} INFO - [2025-09-07T22:30:13.984+0000] {dag.py:4180} INFO - Setting next_dagrun for dataset_alias_example_alias_producer_with_no_taskflow to None, run_after=None
[2025-09-07T22:30:13.985+0000] {logging_mixin.py:190} INFO - [2025-09-07T22:30:13.985+0000] {dag.py:4180} INFO - Setting next_dagrun for dataset_s3_bucket_consumer_with_no_taskflow to None, run_after=None
[2025-09-07T22:30:13.985+0000] {logging_mixin.py:190} INFO - [2025-09-07T22:30:13.985+0000] {dag.py:4180} INFO - Setting next_dagrun for dataset_s3_bucket_producer_with_no_taskflow to None, run_after=None
[2025-09-07T22:30:14.003+0000] {processor.py:208} INFO - Processing /usr/local/python/3.12.1/lib/python3.12/site-packages/airflow/example_dags/example_dataset_alias_with_no_taskflow.py took 0.075 seconds
[2025-09-07T22:31:43.904+0000] {processor.py:186} INFO - Started process (PID=14399) to work on /usr/local/python/3.12.1/lib/python3.12/site-packages/airflow/example_dags/example_dataset_alias_with_no_taskflow.py
[2025-09-07T22:31:43.905+0000] {processor.py:914} INFO - Processing file /usr/local/python/3.12.1/lib/python3.12/site-packages/airflow/example_dags/example_dataset_alias_with_no_taskflow.py for tasks to queue
[2025-09-07T22:31:43.906+0000] {logging_mixin.py:190} INFO - [2025-09-07T22:31:43.906+0000] {dagbag.py:588} INFO - Filling up the DagBag from /usr/local/python/3.12.1/lib/python3.12/site-packages/airflow/example_dags/example_dataset_alias_with_no_taskflow.py
[2025-09-07T22:31:43.923+0000] {processor.py:925} INFO - DAG(s) 'dataset_alias_example_alias_consumer_with_no_taskflow', 'dataset_alias_example_alias_producer_with_no_taskflow', 'dataset_s3_bucket_producer_with_no_taskflow', 'dataset_s3_bucket_consumer_with_no_taskflow' retrieved from /usr/local/python/3.12.1/lib/python3.12/site-packages/airflow/example_dags/example_dataset_alias_with_no_taskflow.py
[2025-09-07T22:31:43.938+0000] {logging_mixin.py:190} INFO - [2025-09-07T22:31:43.937+0000] {dag.py:3239} INFO - Sync 4 DAGs
[2025-09-07T22:31:43.952+0000] {logging_mixin.py:190} INFO - [2025-09-07T22:31:43.952+0000] {dag.py:4180} INFO - Setting next_dagrun for dataset_alias_example_alias_consumer_with_no_taskflow to None, run_after=None
[2025-09-07T22:31:43.954+0000] {logging_mixin.py:190} INFO - [2025-09-07T22:31:43.954+0000] {dag.py:4180} INFO - Setting next_dagrun for dataset_alias_example_alias_producer_with_no_taskflow to None, run_after=None
[2025-09-07T22:31:43.955+0000] {logging_mixin.py:190} INFO - [2025-09-07T22:31:43.954+0000] {dag.py:4180} INFO - Setting next_dagrun for dataset_s3_bucket_consumer_with_no_taskflow to None, run_after=None
[2025-09-07T22:31:43.955+0000] {logging_mixin.py:190} INFO - [2025-09-07T22:31:43.955+0000] {dag.py:4180} INFO - Setting next_dagrun for dataset_s3_bucket_producer_with_no_taskflow to None, run_after=None
[2025-09-07T22:31:43.972+0000] {processor.py:208} INFO - Processing /usr/local/python/3.12.1/lib/python3.12/site-packages/airflow/example_dags/example_dataset_alias_with_no_taskflow.py took 0.072 seconds
