[2025-09-07T22:28:23.374+0000] {processor.py:186} INFO - Started process (PID=11952) to work on /usr/local/python/3.12.1/lib/python3.12/site-packages/airflow/example_dags/example_branch_operator.py
[2025-09-07T22:28:23.375+0000] {processor.py:914} INFO - Processing file /usr/local/python/3.12.1/lib/python3.12/site-packages/airflow/example_dags/example_branch_operator.py for tasks to queue
[2025-09-07T22:28:23.376+0000] {logging_mixin.py:190} INFO - [2025-09-07T22:28:23.376+0000] {dagbag.py:588} INFO - Filling up the DagBag from /usr/local/python/3.12.1/lib/python3.12/site-packages/airflow/example_dags/example_branch_operator.py
[2025-09-07T22:28:23.390+0000] {processor.py:925} INFO - DAG(s) 'example_branch_operator' retrieved from /usr/local/python/3.12.1/lib/python3.12/site-packages/airflow/example_dags/example_branch_operator.py
[2025-09-07T22:28:23.482+0000] {logging_mixin.py:190} INFO - [2025-09-07T22:28:23.482+0000] {override.py:1900} INFO - Created Permission View: can edit on DAG:example_branch_operator
[2025-09-07T22:28:23.491+0000] {logging_mixin.py:190} INFO - [2025-09-07T22:28:23.491+0000] {override.py:1900} INFO - Created Permission View: can delete on DAG:example_branch_operator
[2025-09-07T22:28:23.497+0000] {logging_mixin.py:190} INFO - [2025-09-07T22:28:23.497+0000] {override.py:1900} INFO - Created Permission View: can read on DAG:example_branch_operator
[2025-09-07T22:28:23.507+0000] {logging_mixin.py:190} INFO - [2025-09-07T22:28:23.506+0000] {override.py:1900} INFO - Created Permission View: can delete on DAG Run:example_branch_operator
[2025-09-07T22:28:23.513+0000] {logging_mixin.py:190} INFO - [2025-09-07T22:28:23.512+0000] {override.py:1900} INFO - Created Permission View: can create on DAG Run:example_branch_operator
[2025-09-07T22:28:23.519+0000] {logging_mixin.py:190} INFO - [2025-09-07T22:28:23.518+0000] {override.py:1900} INFO - Created Permission View: can read on DAG Run:example_branch_operator
[2025-09-07T22:28:23.525+0000] {logging_mixin.py:190} INFO - [2025-09-07T22:28:23.525+0000] {override.py:1900} INFO - Created Permission View: menu access on DAG Run:example_branch_operator
[2025-09-07T22:28:23.525+0000] {logging_mixin.py:190} INFO - [2025-09-07T22:28:23.525+0000] {dag.py:3239} INFO - Sync 1 DAGs
[2025-09-07T22:28:23.535+0000] {logging_mixin.py:190} INFO - [2025-09-07T22:28:23.535+0000] {dag.py:3262} INFO - Creating ORM DAG for example_branch_operator
[2025-09-07T22:28:23.542+0000] {logging_mixin.py:190} INFO - [2025-09-07T22:28:23.542+0000] {dag.py:4180} INFO - Setting next_dagrun for example_branch_operator to 2025-09-06 00:00:00+00:00, run_after=2025-09-07 00:00:00+00:00
[2025-09-07T22:28:23.559+0000] {processor.py:208} INFO - Processing /usr/local/python/3.12.1/lib/python3.12/site-packages/airflow/example_dags/example_branch_operator.py took 0.189 seconds
[2025-09-07T22:29:22.711+0000] {processor.py:186} INFO - Started process (PID=12640) to work on /usr/local/python/3.12.1/lib/python3.12/site-packages/airflow/example_dags/example_branch_operator.py
[2025-09-07T22:29:22.712+0000] {processor.py:914} INFO - Processing file /usr/local/python/3.12.1/lib/python3.12/site-packages/airflow/example_dags/example_branch_operator.py for tasks to queue
[2025-09-07T22:29:22.713+0000] {logging_mixin.py:190} INFO - [2025-09-07T22:29:22.713+0000] {dagbag.py:588} INFO - Filling up the DagBag from /usr/local/python/3.12.1/lib/python3.12/site-packages/airflow/example_dags/example_branch_operator.py
[2025-09-07T22:29:22.727+0000] {processor.py:925} INFO - DAG(s) 'example_branch_operator' retrieved from /usr/local/python/3.12.1/lib/python3.12/site-packages/airflow/example_dags/example_branch_operator.py
[2025-09-07T22:29:22.746+0000] {logging_mixin.py:190} INFO - [2025-09-07T22:29:22.746+0000] {dag.py:3239} INFO - Sync 1 DAGs
[2025-09-07T22:29:22.762+0000] {logging_mixin.py:190} INFO - [2025-09-07T22:29:22.761+0000] {dag.py:4180} INFO - Setting next_dagrun for example_branch_operator to 2025-09-06 00:00:00+00:00, run_after=2025-09-07 00:00:00+00:00
[2025-09-07T22:29:22.777+0000] {processor.py:208} INFO - Processing /usr/local/python/3.12.1/lib/python3.12/site-packages/airflow/example_dags/example_branch_operator.py took 0.070 seconds
[2025-09-07T22:30:17.415+0000] {processor.py:186} INFO - Started process (PID=13287) to work on /usr/local/python/3.12.1/lib/python3.12/site-packages/airflow/example_dags/example_branch_operator.py
[2025-09-07T22:30:17.416+0000] {processor.py:914} INFO - Processing file /usr/local/python/3.12.1/lib/python3.12/site-packages/airflow/example_dags/example_branch_operator.py for tasks to queue
[2025-09-07T22:30:17.418+0000] {logging_mixin.py:190} INFO - [2025-09-07T22:30:17.418+0000] {dagbag.py:588} INFO - Filling up the DagBag from /usr/local/python/3.12.1/lib/python3.12/site-packages/airflow/example_dags/example_branch_operator.py
[2025-09-07T22:30:17.444+0000] {processor.py:925} INFO - DAG(s) 'example_branch_operator' retrieved from /usr/local/python/3.12.1/lib/python3.12/site-packages/airflow/example_dags/example_branch_operator.py
[2025-09-07T22:30:17.476+0000] {logging_mixin.py:190} INFO - [2025-09-07T22:30:17.476+0000] {dag.py:3239} INFO - Sync 1 DAGs
[2025-09-07T22:30:17.504+0000] {logging_mixin.py:190} INFO - [2025-09-07T22:30:17.504+0000] {dag.py:4180} INFO - Setting next_dagrun for example_branch_operator to 2025-09-06 00:00:00+00:00, run_after=2025-09-07 00:00:00+00:00
[2025-09-07T22:30:17.525+0000] {processor.py:208} INFO - Processing /usr/local/python/3.12.1/lib/python3.12/site-packages/airflow/example_dags/example_branch_operator.py took 0.117 seconds
[2025-09-07T22:31:46.725+0000] {processor.py:186} INFO - Started process (PID=14411) to work on /usr/local/python/3.12.1/lib/python3.12/site-packages/airflow/example_dags/example_branch_operator.py
[2025-09-07T22:31:46.726+0000] {processor.py:914} INFO - Processing file /usr/local/python/3.12.1/lib/python3.12/site-packages/airflow/example_dags/example_branch_operator.py for tasks to queue
[2025-09-07T22:31:46.728+0000] {logging_mixin.py:190} INFO - [2025-09-07T22:31:46.727+0000] {dagbag.py:588} INFO - Filling up the DagBag from /usr/local/python/3.12.1/lib/python3.12/site-packages/airflow/example_dags/example_branch_operator.py
[2025-09-07T22:31:46.742+0000] {processor.py:925} INFO - DAG(s) 'example_branch_operator' retrieved from /usr/local/python/3.12.1/lib/python3.12/site-packages/airflow/example_dags/example_branch_operator.py
[2025-09-07T22:31:46.831+0000] {logging_mixin.py:190} INFO - [2025-09-07T22:31:46.831+0000] {dag.py:3239} INFO - Sync 1 DAGs
[2025-09-07T22:31:46.845+0000] {logging_mixin.py:190} INFO - [2025-09-07T22:31:46.845+0000] {dag.py:4180} INFO - Setting next_dagrun for example_branch_operator to 2025-09-06 00:00:00+00:00, run_after=2025-09-07 00:00:00+00:00
[2025-09-07T22:31:46.863+0000] {processor.py:208} INFO - Processing /usr/local/python/3.12.1/lib/python3.12/site-packages/airflow/example_dags/example_branch_operator.py took 0.142 seconds
