[2025-09-07T22:28:27.315+0000] {processor.py:186} INFO - Started process (PID=11995) to work on /usr/local/python/3.12.1/lib/python3.12/site-packages/airflow/example_dags/example_branch_labels.py
[2025-09-07T22:28:27.316+0000] {processor.py:914} INFO - Processing file /usr/local/python/3.12.1/lib/python3.12/site-packages/airflow/example_dags/example_branch_labels.py for tasks to queue
[2025-09-07T22:28:27.317+0000] {logging_mixin.py:190} INFO - [2025-09-07T22:28:27.317+0000] {dagbag.py:588} INFO - Filling up the DagBag from /usr/local/python/3.12.1/lib/python3.12/site-packages/airflow/example_dags/example_branch_labels.py
[2025-09-07T22:28:27.325+0000] {processor.py:925} INFO - DAG(s) 'example_branch_labels' retrieved from /usr/local/python/3.12.1/lib/python3.12/site-packages/airflow/example_dags/example_branch_labels.py
[2025-09-07T22:28:27.411+0000] {logging_mixin.py:190} INFO - [2025-09-07T22:28:27.411+0000] {override.py:1900} INFO - Created Permission View: can edit on DAG:example_branch_labels
[2025-09-07T22:28:27.420+0000] {logging_mixin.py:190} INFO - [2025-09-07T22:28:27.420+0000] {override.py:1900} INFO - Created Permission View: can delete on DAG:example_branch_labels
[2025-09-07T22:28:27.426+0000] {logging_mixin.py:190} INFO - [2025-09-07T22:28:27.426+0000] {override.py:1900} INFO - Created Permission View: can read on DAG:example_branch_labels
[2025-09-07T22:28:27.436+0000] {logging_mixin.py:190} INFO - [2025-09-07T22:28:27.436+0000] {override.py:1900} INFO - Created Permission View: can delete on DAG Run:example_branch_labels
[2025-09-07T22:28:27.443+0000] {logging_mixin.py:190} INFO - [2025-09-07T22:28:27.443+0000] {override.py:1900} INFO - Created Permission View: can create on DAG Run:example_branch_labels
[2025-09-07T22:28:27.449+0000] {logging_mixin.py:190} INFO - [2025-09-07T22:28:27.449+0000] {override.py:1900} INFO - Created Permission View: can read on DAG Run:example_branch_labels
[2025-09-07T22:28:27.455+0000] {logging_mixin.py:190} INFO - [2025-09-07T22:28:27.455+0000] {override.py:1900} INFO - Created Permission View: menu access on DAG Run:example_branch_labels
[2025-09-07T22:28:27.456+0000] {logging_mixin.py:190} INFO - [2025-09-07T22:28:27.456+0000] {dag.py:3239} INFO - Sync 1 DAGs
[2025-09-07T22:28:27.466+0000] {logging_mixin.py:190} INFO - [2025-09-07T22:28:27.465+0000] {dag.py:3262} INFO - Creating ORM DAG for example_branch_labels
[2025-09-07T22:28:27.473+0000] {logging_mixin.py:190} INFO - [2025-09-07T22:28:27.473+0000] {dag.py:4180} INFO - Setting next_dagrun for example_branch_labels to 2025-09-06 00:00:00+00:00, run_after=2025-09-07 00:00:00+00:00
[2025-09-07T22:28:27.488+0000] {processor.py:208} INFO - Processing /usr/local/python/3.12.1/lib/python3.12/site-packages/airflow/example_dags/example_branch_labels.py took 0.177 seconds
[2025-09-07T22:29:26.144+0000] {processor.py:186} INFO - Started process (PID=12671) to work on /usr/local/python/3.12.1/lib/python3.12/site-packages/airflow/example_dags/example_branch_labels.py
[2025-09-07T22:29:26.145+0000] {processor.py:914} INFO - Processing file /usr/local/python/3.12.1/lib/python3.12/site-packages/airflow/example_dags/example_branch_labels.py for tasks to queue
[2025-09-07T22:29:26.146+0000] {logging_mixin.py:190} INFO - [2025-09-07T22:29:26.146+0000] {dagbag.py:588} INFO - Filling up the DagBag from /usr/local/python/3.12.1/lib/python3.12/site-packages/airflow/example_dags/example_branch_labels.py
[2025-09-07T22:29:26.154+0000] {processor.py:925} INFO - DAG(s) 'example_branch_labels' retrieved from /usr/local/python/3.12.1/lib/python3.12/site-packages/airflow/example_dags/example_branch_labels.py
[2025-09-07T22:29:26.166+0000] {logging_mixin.py:190} INFO - [2025-09-07T22:29:26.166+0000] {dag.py:3239} INFO - Sync 1 DAGs
[2025-09-07T22:29:26.181+0000] {logging_mixin.py:190} INFO - [2025-09-07T22:29:26.181+0000] {dag.py:4180} INFO - Setting next_dagrun for example_branch_labels to 2025-09-06 00:00:00+00:00, run_after=2025-09-07 00:00:00+00:00
[2025-09-07T22:29:26.199+0000] {processor.py:208} INFO - Processing /usr/local/python/3.12.1/lib/python3.12/site-packages/airflow/example_dags/example_branch_labels.py took 0.059 seconds
[2025-09-07T22:30:20.255+0000] {processor.py:186} INFO - Started process (PID=13347) to work on /usr/local/python/3.12.1/lib/python3.12/site-packages/airflow/example_dags/example_branch_labels.py
[2025-09-07T22:30:20.256+0000] {processor.py:914} INFO - Processing file /usr/local/python/3.12.1/lib/python3.12/site-packages/airflow/example_dags/example_branch_labels.py for tasks to queue
[2025-09-07T22:30:20.257+0000] {logging_mixin.py:190} INFO - [2025-09-07T22:30:20.257+0000] {dagbag.py:588} INFO - Filling up the DagBag from /usr/local/python/3.12.1/lib/python3.12/site-packages/airflow/example_dags/example_branch_labels.py
[2025-09-07T22:30:20.265+0000] {processor.py:925} INFO - DAG(s) 'example_branch_labels' retrieved from /usr/local/python/3.12.1/lib/python3.12/site-packages/airflow/example_dags/example_branch_labels.py
[2025-09-07T22:30:20.277+0000] {logging_mixin.py:190} INFO - [2025-09-07T22:30:20.276+0000] {dag.py:3239} INFO - Sync 1 DAGs
[2025-09-07T22:30:20.292+0000] {logging_mixin.py:190} INFO - [2025-09-07T22:30:20.292+0000] {dag.py:4180} INFO - Setting next_dagrun for example_branch_labels to 2025-09-06 00:00:00+00:00, run_after=2025-09-07 00:00:00+00:00
[2025-09-07T22:30:20.307+0000] {processor.py:208} INFO - Processing /usr/local/python/3.12.1/lib/python3.12/site-packages/airflow/example_dags/example_branch_labels.py took 0.056 seconds
[2025-09-07T22:31:49.587+0000] {processor.py:186} INFO - Started process (PID=14458) to work on /usr/local/python/3.12.1/lib/python3.12/site-packages/airflow/example_dags/example_branch_labels.py
[2025-09-07T22:31:49.587+0000] {processor.py:914} INFO - Processing file /usr/local/python/3.12.1/lib/python3.12/site-packages/airflow/example_dags/example_branch_labels.py for tasks to queue
[2025-09-07T22:31:49.589+0000] {logging_mixin.py:190} INFO - [2025-09-07T22:31:49.589+0000] {dagbag.py:588} INFO - Filling up the DagBag from /usr/local/python/3.12.1/lib/python3.12/site-packages/airflow/example_dags/example_branch_labels.py
[2025-09-07T22:31:49.597+0000] {processor.py:925} INFO - DAG(s) 'example_branch_labels' retrieved from /usr/local/python/3.12.1/lib/python3.12/site-packages/airflow/example_dags/example_branch_labels.py
[2025-09-07T22:31:49.609+0000] {logging_mixin.py:190} INFO - [2025-09-07T22:31:49.609+0000] {dag.py:3239} INFO - Sync 1 DAGs
[2025-09-07T22:31:49.625+0000] {logging_mixin.py:190} INFO - [2025-09-07T22:31:49.625+0000] {dag.py:4180} INFO - Setting next_dagrun for example_branch_labels to 2025-09-06 00:00:00+00:00, run_after=2025-09-07 00:00:00+00:00
[2025-09-07T22:31:49.641+0000] {processor.py:208} INFO - Processing /usr/local/python/3.12.1/lib/python3.12/site-packages/airflow/example_dags/example_branch_labels.py took 0.058 seconds
