[2025-09-07T22:27:58.398+0000] {processor.py:186} INFO - Started process (PID=11752) to work on /usr/local/python/3.12.1/lib/python3.12/site-packages/airflow/example_dags/example_sla_dag.py
[2025-09-07T22:27:58.399+0000] {processor.py:914} INFO - Processing file /usr/local/python/3.12.1/lib/python3.12/site-packages/airflow/example_dags/example_sla_dag.py for tasks to queue
[2025-09-07T22:27:58.401+0000] {logging_mixin.py:190} INFO - [2025-09-07T22:27:58.401+0000] {dagbag.py:588} INFO - Filling up the DagBag from /usr/local/python/3.12.1/lib/python3.12/site-packages/airflow/example_dags/example_sla_dag.py
[2025-09-07T22:27:58.412+0000] {processor.py:925} INFO - DAG(s) 'example_sla_dag' retrieved from /usr/local/python/3.12.1/lib/python3.12/site-packages/airflow/example_dags/example_sla_dag.py
[2025-09-07T22:27:58.514+0000] {logging_mixin.py:190} INFO - [2025-09-07T22:27:58.513+0000] {override.py:1900} INFO - Created Permission View: can edit on DAG:example_sla_dag
[2025-09-07T22:27:58.527+0000] {logging_mixin.py:190} INFO - [2025-09-07T22:27:58.527+0000] {override.py:1900} INFO - Created Permission View: can delete on DAG:example_sla_dag
[2025-09-07T22:27:58.535+0000] {logging_mixin.py:190} INFO - [2025-09-07T22:27:58.534+0000] {override.py:1900} INFO - Created Permission View: can read on DAG:example_sla_dag
[2025-09-07T22:27:58.546+0000] {logging_mixin.py:190} INFO - [2025-09-07T22:27:58.545+0000] {override.py:1900} INFO - Created Permission View: can delete on DAG Run:example_sla_dag
[2025-09-07T22:27:58.553+0000] {logging_mixin.py:190} INFO - [2025-09-07T22:27:58.553+0000] {override.py:1900} INFO - Created Permission View: can create on DAG Run:example_sla_dag
[2025-09-07T22:27:58.561+0000] {logging_mixin.py:190} INFO - [2025-09-07T22:27:58.560+0000] {override.py:1900} INFO - Created Permission View: can read on DAG Run:example_sla_dag
[2025-09-07T22:27:58.567+0000] {logging_mixin.py:190} INFO - [2025-09-07T22:27:58.567+0000] {override.py:1900} INFO - Created Permission View: menu access on DAG Run:example_sla_dag
[2025-09-07T22:27:58.567+0000] {logging_mixin.py:190} INFO - [2025-09-07T22:27:58.567+0000] {dag.py:3239} INFO - Sync 1 DAGs
[2025-09-07T22:27:58.578+0000] {logging_mixin.py:190} INFO - [2025-09-07T22:27:58.578+0000] {dag.py:3262} INFO - Creating ORM DAG for example_sla_dag
[2025-09-07T22:27:58.588+0000] {logging_mixin.py:190} INFO - [2025-09-07T22:27:58.587+0000] {dag.py:4180} INFO - Setting next_dagrun for example_sla_dag to 2025-09-07 22:24:00+00:00, run_after=2025-09-07 22:26:00+00:00
[2025-09-07T22:27:58.602+0000] {processor.py:208} INFO - Processing /usr/local/python/3.12.1/lib/python3.12/site-packages/airflow/example_dags/example_sla_dag.py took 0.211 seconds
[2025-09-07T22:29:00.361+0000] {processor.py:186} INFO - Started process (PID=12345) to work on /usr/local/python/3.12.1/lib/python3.12/site-packages/airflow/example_dags/example_sla_dag.py
[2025-09-07T22:29:00.362+0000] {processor.py:914} INFO - Processing file /usr/local/python/3.12.1/lib/python3.12/site-packages/airflow/example_dags/example_sla_dag.py for tasks to queue
[2025-09-07T22:29:00.363+0000] {logging_mixin.py:190} INFO - [2025-09-07T22:29:00.363+0000] {dagbag.py:588} INFO - Filling up the DagBag from /usr/local/python/3.12.1/lib/python3.12/site-packages/airflow/example_dags/example_sla_dag.py
[2025-09-07T22:29:00.371+0000] {processor.py:925} INFO - DAG(s) 'example_sla_dag' retrieved from /usr/local/python/3.12.1/lib/python3.12/site-packages/airflow/example_dags/example_sla_dag.py
[2025-09-07T22:29:00.382+0000] {logging_mixin.py:190} INFO - [2025-09-07T22:29:00.382+0000] {dag.py:3239} INFO - Sync 1 DAGs
[2025-09-07T22:29:00.400+0000] {logging_mixin.py:190} INFO - [2025-09-07T22:29:00.399+0000] {dag.py:4180} INFO - Setting next_dagrun for example_sla_dag to 2025-09-07 22:26:00+00:00, run_after=2025-09-07 22:28:00+00:00
[2025-09-07T22:29:00.415+0000] {processor.py:208} INFO - Processing /usr/local/python/3.12.1/lib/python3.12/site-packages/airflow/example_dags/example_sla_dag.py took 0.058 seconds
[2025-09-07T22:29:54.589+0000] {processor.py:186} INFO - Started process (PID=12974) to work on /usr/local/python/3.12.1/lib/python3.12/site-packages/airflow/example_dags/example_sla_dag.py
[2025-09-07T22:29:54.590+0000] {processor.py:914} INFO - Processing file /usr/local/python/3.12.1/lib/python3.12/site-packages/airflow/example_dags/example_sla_dag.py for tasks to queue
[2025-09-07T22:29:54.591+0000] {logging_mixin.py:190} INFO - [2025-09-07T22:29:54.591+0000] {dagbag.py:588} INFO - Filling up the DagBag from /usr/local/python/3.12.1/lib/python3.12/site-packages/airflow/example_dags/example_sla_dag.py
[2025-09-07T22:29:54.603+0000] {processor.py:925} INFO - DAG(s) 'example_sla_dag' retrieved from /usr/local/python/3.12.1/lib/python3.12/site-packages/airflow/example_dags/example_sla_dag.py
[2025-09-07T22:29:54.615+0000] {logging_mixin.py:190} INFO - [2025-09-07T22:29:54.614+0000] {dag.py:3239} INFO - Sync 1 DAGs
[2025-09-07T22:29:54.631+0000] {logging_mixin.py:190} INFO - [2025-09-07T22:29:54.631+0000] {dag.py:4180} INFO - Setting next_dagrun for example_sla_dag to 2025-09-07 22:26:00+00:00, run_after=2025-09-07 22:28:00+00:00
[2025-09-07T22:29:54.647+0000] {processor.py:208} INFO - Processing /usr/local/python/3.12.1/lib/python3.12/site-packages/airflow/example_dags/example_sla_dag.py took 0.061 seconds
[2025-09-07T22:31:24.901+0000] {processor.py:186} INFO - Started process (PID=14227) to work on /usr/local/python/3.12.1/lib/python3.12/site-packages/airflow/example_dags/example_sla_dag.py
[2025-09-07T22:31:24.902+0000] {processor.py:914} INFO - Processing file /usr/local/python/3.12.1/lib/python3.12/site-packages/airflow/example_dags/example_sla_dag.py for tasks to queue
[2025-09-07T22:31:24.903+0000] {logging_mixin.py:190} INFO - [2025-09-07T22:31:24.903+0000] {dagbag.py:588} INFO - Filling up the DagBag from /usr/local/python/3.12.1/lib/python3.12/site-packages/airflow/example_dags/example_sla_dag.py
[2025-09-07T22:31:24.911+0000] {processor.py:925} INFO - DAG(s) 'example_sla_dag' retrieved from /usr/local/python/3.12.1/lib/python3.12/site-packages/airflow/example_dags/example_sla_dag.py
[2025-09-07T22:31:24.924+0000] {logging_mixin.py:190} INFO - [2025-09-07T22:31:24.924+0000] {dag.py:3239} INFO - Sync 1 DAGs
[2025-09-07T22:31:24.941+0000] {logging_mixin.py:190} INFO - [2025-09-07T22:31:24.940+0000] {dag.py:4180} INFO - Setting next_dagrun for example_sla_dag to 2025-09-07 22:28:00+00:00, run_after=2025-09-07 22:30:00+00:00
[2025-09-07T22:31:24.956+0000] {processor.py:208} INFO - Processing /usr/local/python/3.12.1/lib/python3.12/site-packages/airflow/example_dags/example_sla_dag.py took 0.059 seconds
[2025-09-07T22:32:20.110+0000] {processor.py:186} INFO - Started process (PID=14716) to work on /usr/local/python/3.12.1/lib/python3.12/site-packages/airflow/example_dags/example_sla_dag.py
[2025-09-07T22:32:20.111+0000] {processor.py:914} INFO - Processing file /usr/local/python/3.12.1/lib/python3.12/site-packages/airflow/example_dags/example_sla_dag.py for tasks to queue
[2025-09-07T22:32:20.112+0000] {logging_mixin.py:190} INFO - [2025-09-07T22:32:20.112+0000] {dagbag.py:588} INFO - Filling up the DagBag from /usr/local/python/3.12.1/lib/python3.12/site-packages/airflow/example_dags/example_sla_dag.py
[2025-09-07T22:32:20.120+0000] {processor.py:925} INFO - DAG(s) 'example_sla_dag' retrieved from /usr/local/python/3.12.1/lib/python3.12/site-packages/airflow/example_dags/example_sla_dag.py
[2025-09-07T22:32:20.132+0000] {logging_mixin.py:190} INFO - [2025-09-07T22:32:20.132+0000] {dag.py:3239} INFO - Sync 1 DAGs
[2025-09-07T22:32:20.149+0000] {logging_mixin.py:190} INFO - [2025-09-07T22:32:20.149+0000] {dag.py:4180} INFO - Setting next_dagrun for example_sla_dag to 2025-09-07 22:30:00+00:00, run_after=2025-09-07 22:32:00+00:00
[2025-09-07T22:32:20.165+0000] {processor.py:208} INFO - Processing /usr/local/python/3.12.1/lib/python3.12/site-packages/airflow/example_dags/example_sla_dag.py took 0.059 seconds
