[2025-09-07T22:28:11.499+0000] {processor.py:186} INFO - Started process (PID=11854) to work on /usr/local/python/3.12.1/lib/python3.12/site-packages/airflow/example_dags/example_latest_only_with_trigger.py
[2025-09-07T22:28:11.499+0000] {processor.py:914} INFO - Processing file /usr/local/python/3.12.1/lib/python3.12/site-packages/airflow/example_dags/example_latest_only_with_trigger.py for tasks to queue
[2025-09-07T22:28:11.501+0000] {logging_mixin.py:190} INFO - [2025-09-07T22:28:11.500+0000] {dagbag.py:588} INFO - Filling up the DagBag from /usr/local/python/3.12.1/lib/python3.12/site-packages/airflow/example_dags/example_latest_only_with_trigger.py
[2025-09-07T22:28:11.506+0000] {processor.py:925} INFO - DAG(s) 'latest_only_with_trigger' retrieved from /usr/local/python/3.12.1/lib/python3.12/site-packages/airflow/example_dags/example_latest_only_with_trigger.py
[2025-09-07T22:28:11.592+0000] {logging_mixin.py:190} INFO - [2025-09-07T22:28:11.592+0000] {override.py:1900} INFO - Created Permission View: can edit on DAG:latest_only_with_trigger
[2025-09-07T22:28:11.601+0000] {logging_mixin.py:190} INFO - [2025-09-07T22:28:11.601+0000] {override.py:1900} INFO - Created Permission View: can delete on DAG:latest_only_with_trigger
[2025-09-07T22:28:11.607+0000] {logging_mixin.py:190} INFO - [2025-09-07T22:28:11.607+0000] {override.py:1900} INFO - Created Permission View: can read on DAG:latest_only_with_trigger
[2025-09-07T22:28:11.620+0000] {logging_mixin.py:190} INFO - [2025-09-07T22:28:11.620+0000] {override.py:1900} INFO - Created Permission View: can delete on DAG Run:latest_only_with_trigger
[2025-09-07T22:28:11.626+0000] {logging_mixin.py:190} INFO - [2025-09-07T22:28:11.626+0000] {override.py:1900} INFO - Created Permission View: can create on DAG Run:latest_only_with_trigger
[2025-09-07T22:28:11.632+0000] {logging_mixin.py:190} INFO - [2025-09-07T22:28:11.632+0000] {override.py:1900} INFO - Created Permission View: can read on DAG Run:latest_only_with_trigger
[2025-09-07T22:28:11.638+0000] {logging_mixin.py:190} INFO - [2025-09-07T22:28:11.638+0000] {override.py:1900} INFO - Created Permission View: menu access on DAG Run:latest_only_with_trigger
[2025-09-07T22:28:11.639+0000] {logging_mixin.py:190} INFO - [2025-09-07T22:28:11.639+0000] {dag.py:3239} INFO - Sync 1 DAGs
[2025-09-07T22:28:11.647+0000] {logging_mixin.py:190} INFO - [2025-09-07T22:28:11.647+0000] {dag.py:3262} INFO - Creating ORM DAG for latest_only_with_trigger
[2025-09-07T22:28:11.654+0000] {logging_mixin.py:190} INFO - [2025-09-07T22:28:11.654+0000] {dag.py:4180} INFO - Setting next_dagrun for latest_only_with_trigger to 2025-09-07 16:00:00+00:00, run_after=2025-09-07 20:00:00+00:00
[2025-09-07T22:28:11.669+0000] {processor.py:208} INFO - Processing /usr/local/python/3.12.1/lib/python3.12/site-packages/airflow/example_dags/example_latest_only_with_trigger.py took 0.175 seconds
[2025-09-07T22:29:12.425+0000] {processor.py:186} INFO - Started process (PID=12517) to work on /usr/local/python/3.12.1/lib/python3.12/site-packages/airflow/example_dags/example_latest_only_with_trigger.py
[2025-09-07T22:29:12.425+0000] {processor.py:914} INFO - Processing file /usr/local/python/3.12.1/lib/python3.12/site-packages/airflow/example_dags/example_latest_only_with_trigger.py for tasks to queue
[2025-09-07T22:29:12.427+0000] {logging_mixin.py:190} INFO - [2025-09-07T22:29:12.427+0000] {dagbag.py:588} INFO - Filling up the DagBag from /usr/local/python/3.12.1/lib/python3.12/site-packages/airflow/example_dags/example_latest_only_with_trigger.py
[2025-09-07T22:29:12.434+0000] {processor.py:925} INFO - DAG(s) 'latest_only_with_trigger' retrieved from /usr/local/python/3.12.1/lib/python3.12/site-packages/airflow/example_dags/example_latest_only_with_trigger.py
[2025-09-07T22:29:12.446+0000] {logging_mixin.py:190} INFO - [2025-09-07T22:29:12.446+0000] {dag.py:3239} INFO - Sync 1 DAGs
[2025-09-07T22:29:12.461+0000] {logging_mixin.py:190} INFO - [2025-09-07T22:29:12.461+0000] {dag.py:4180} INFO - Setting next_dagrun for latest_only_with_trigger to 2025-09-07 16:00:00+00:00, run_after=2025-09-07 20:00:00+00:00
[2025-09-07T22:29:12.480+0000] {processor.py:208} INFO - Processing /usr/local/python/3.12.1/lib/python3.12/site-packages/airflow/example_dags/example_latest_only_with_trigger.py took 0.059 seconds
[2025-09-07T22:30:07.181+0000] {processor.py:186} INFO - Started process (PID=13139) to work on /usr/local/python/3.12.1/lib/python3.12/site-packages/airflow/example_dags/example_latest_only_with_trigger.py
[2025-09-07T22:30:07.181+0000] {processor.py:914} INFO - Processing file /usr/local/python/3.12.1/lib/python3.12/site-packages/airflow/example_dags/example_latest_only_with_trigger.py for tasks to queue
[2025-09-07T22:30:07.183+0000] {logging_mixin.py:190} INFO - [2025-09-07T22:30:07.183+0000] {dagbag.py:588} INFO - Filling up the DagBag from /usr/local/python/3.12.1/lib/python3.12/site-packages/airflow/example_dags/example_latest_only_with_trigger.py
[2025-09-07T22:30:07.192+0000] {processor.py:925} INFO - DAG(s) 'latest_only_with_trigger' retrieved from /usr/local/python/3.12.1/lib/python3.12/site-packages/airflow/example_dags/example_latest_only_with_trigger.py
[2025-09-07T22:30:07.211+0000] {logging_mixin.py:190} INFO - [2025-09-07T22:30:07.210+0000] {dag.py:3239} INFO - Sync 1 DAGs
[2025-09-07T22:30:07.235+0000] {logging_mixin.py:190} INFO - [2025-09-07T22:30:07.235+0000] {dag.py:4180} INFO - Setting next_dagrun for latest_only_with_trigger to 2025-09-07 16:00:00+00:00, run_after=2025-09-07 20:00:00+00:00
[2025-09-07T22:30:07.259+0000] {processor.py:208} INFO - Processing /usr/local/python/3.12.1/lib/python3.12/site-packages/airflow/example_dags/example_latest_only_with_trigger.py took 0.086 seconds
[2025-09-07T22:31:36.439+0000] {processor.py:186} INFO - Started process (PID=14321) to work on /usr/local/python/3.12.1/lib/python3.12/site-packages/airflow/example_dags/example_latest_only_with_trigger.py
[2025-09-07T22:31:36.439+0000] {processor.py:914} INFO - Processing file /usr/local/python/3.12.1/lib/python3.12/site-packages/airflow/example_dags/example_latest_only_with_trigger.py for tasks to queue
[2025-09-07T22:31:36.441+0000] {logging_mixin.py:190} INFO - [2025-09-07T22:31:36.440+0000] {dagbag.py:588} INFO - Filling up the DagBag from /usr/local/python/3.12.1/lib/python3.12/site-packages/airflow/example_dags/example_latest_only_with_trigger.py
[2025-09-07T22:31:36.446+0000] {processor.py:925} INFO - DAG(s) 'latest_only_with_trigger' retrieved from /usr/local/python/3.12.1/lib/python3.12/site-packages/airflow/example_dags/example_latest_only_with_trigger.py
[2025-09-07T22:31:36.460+0000] {logging_mixin.py:190} INFO - [2025-09-07T22:31:36.460+0000] {dag.py:3239} INFO - Sync 1 DAGs
[2025-09-07T22:31:36.477+0000] {logging_mixin.py:190} INFO - [2025-09-07T22:31:36.477+0000] {dag.py:4180} INFO - Setting next_dagrun for latest_only_with_trigger to 2025-09-07 16:00:00+00:00, run_after=2025-09-07 20:00:00+00:00
[2025-09-07T22:31:36.494+0000] {processor.py:208} INFO - Processing /usr/local/python/3.12.1/lib/python3.12/site-packages/airflow/example_dags/example_latest_only_with_trigger.py took 0.059 seconds
