[2025-09-07T22:28:29.168+0000] {processor.py:186} INFO - Started process (PID=12005) to work on /usr/local/python/3.12.1/lib/python3.12/site-packages/airflow/example_dags/example_branch_operator_decorator.py
[2025-09-07T22:28:29.168+0000] {processor.py:914} INFO - Processing file /usr/local/python/3.12.1/lib/python3.12/site-packages/airflow/example_dags/example_branch_operator_decorator.py for tasks to queue
[2025-09-07T22:28:29.170+0000] {logging_mixin.py:190} INFO - [2025-09-07T22:28:29.169+0000] {dagbag.py:588} INFO - Filling up the DagBag from /usr/local/python/3.12.1/lib/python3.12/site-packages/airflow/example_dags/example_branch_operator_decorator.py
[2025-09-07T22:28:29.188+0000] {processor.py:925} INFO - DAG(s) 'example_branch_python_operator_decorator' retrieved from /usr/local/python/3.12.1/lib/python3.12/site-packages/airflow/example_dags/example_branch_operator_decorator.py
[2025-09-07T22:28:29.281+0000] {logging_mixin.py:190} INFO - [2025-09-07T22:28:29.281+0000] {override.py:1900} INFO - Created Permission View: can edit on DAG:example_branch_python_operator_decorator
[2025-09-07T22:28:29.290+0000] {logging_mixin.py:190} INFO - [2025-09-07T22:28:29.290+0000] {override.py:1900} INFO - Created Permission View: can delete on DAG:example_branch_python_operator_decorator
[2025-09-07T22:28:29.296+0000] {logging_mixin.py:190} INFO - [2025-09-07T22:28:29.296+0000] {override.py:1900} INFO - Created Permission View: can read on DAG:example_branch_python_operator_decorator
[2025-09-07T22:28:29.306+0000] {logging_mixin.py:190} INFO - [2025-09-07T22:28:29.305+0000] {override.py:1900} INFO - Created Permission View: can delete on DAG Run:example_branch_python_operator_decorator
[2025-09-07T22:28:29.312+0000] {logging_mixin.py:190} INFO - [2025-09-07T22:28:29.312+0000] {override.py:1900} INFO - Created Permission View: can create on DAG Run:example_branch_python_operator_decorator
[2025-09-07T22:28:29.318+0000] {logging_mixin.py:190} INFO - [2025-09-07T22:28:29.318+0000] {override.py:1900} INFO - Created Permission View: can read on DAG Run:example_branch_python_operator_decorator
[2025-09-07T22:28:29.324+0000] {logging_mixin.py:190} INFO - [2025-09-07T22:28:29.324+0000] {override.py:1900} INFO - Created Permission View: menu access on DAG Run:example_branch_python_operator_decorator
[2025-09-07T22:28:29.324+0000] {logging_mixin.py:190} INFO - [2025-09-07T22:28:29.324+0000] {dag.py:3239} INFO - Sync 1 DAGs
[2025-09-07T22:28:29.333+0000] {logging_mixin.py:190} INFO - [2025-09-07T22:28:29.333+0000] {dag.py:3262} INFO - Creating ORM DAG for example_branch_python_operator_decorator
[2025-09-07T22:28:29.340+0000] {logging_mixin.py:190} INFO - [2025-09-07T22:28:29.340+0000] {dag.py:4180} INFO - Setting next_dagrun for example_branch_python_operator_decorator to 2025-09-06 00:00:00+00:00, run_after=2025-09-07 00:00:00+00:00
[2025-09-07T22:28:29.356+0000] {processor.py:208} INFO - Processing /usr/local/python/3.12.1/lib/python3.12/site-packages/airflow/example_dags/example_branch_operator_decorator.py took 0.192 seconds
[2025-09-07T22:29:27.854+0000] {processor.py:186} INFO - Started process (PID=12717) to work on /usr/local/python/3.12.1/lib/python3.12/site-packages/airflow/example_dags/example_branch_operator_decorator.py
[2025-09-07T22:29:27.854+0000] {processor.py:914} INFO - Processing file /usr/local/python/3.12.1/lib/python3.12/site-packages/airflow/example_dags/example_branch_operator_decorator.py for tasks to queue
[2025-09-07T22:29:27.856+0000] {logging_mixin.py:190} INFO - [2025-09-07T22:29:27.856+0000] {dagbag.py:588} INFO - Filling up the DagBag from /usr/local/python/3.12.1/lib/python3.12/site-packages/airflow/example_dags/example_branch_operator_decorator.py
[2025-09-07T22:29:27.873+0000] {processor.py:925} INFO - DAG(s) 'example_branch_python_operator_decorator' retrieved from /usr/local/python/3.12.1/lib/python3.12/site-packages/airflow/example_dags/example_branch_operator_decorator.py
[2025-09-07T22:29:27.891+0000] {logging_mixin.py:190} INFO - [2025-09-07T22:29:27.891+0000] {dag.py:3239} INFO - Sync 1 DAGs
[2025-09-07T22:29:27.907+0000] {logging_mixin.py:190} INFO - [2025-09-07T22:29:27.907+0000] {dag.py:4180} INFO - Setting next_dagrun for example_branch_python_operator_decorator to 2025-09-06 00:00:00+00:00, run_after=2025-09-07 00:00:00+00:00
[2025-09-07T22:29:27.922+0000] {processor.py:208} INFO - Processing /usr/local/python/3.12.1/lib/python3.12/site-packages/airflow/example_dags/example_branch_operator_decorator.py took 0.072 seconds
[2025-09-07T22:30:21.667+0000] {processor.py:186} INFO - Started process (PID=13370) to work on /usr/local/python/3.12.1/lib/python3.12/site-packages/airflow/example_dags/example_branch_operator_decorator.py
[2025-09-07T22:30:21.668+0000] {processor.py:914} INFO - Processing file /usr/local/python/3.12.1/lib/python3.12/site-packages/airflow/example_dags/example_branch_operator_decorator.py for tasks to queue
[2025-09-07T22:30:21.669+0000] {logging_mixin.py:190} INFO - [2025-09-07T22:30:21.669+0000] {dagbag.py:588} INFO - Filling up the DagBag from /usr/local/python/3.12.1/lib/python3.12/site-packages/airflow/example_dags/example_branch_operator_decorator.py
[2025-09-07T22:30:21.687+0000] {processor.py:925} INFO - DAG(s) 'example_branch_python_operator_decorator' retrieved from /usr/local/python/3.12.1/lib/python3.12/site-packages/airflow/example_dags/example_branch_operator_decorator.py
[2025-09-07T22:30:21.706+0000] {logging_mixin.py:190} INFO - [2025-09-07T22:30:21.706+0000] {dag.py:3239} INFO - Sync 1 DAGs
[2025-09-07T22:30:21.722+0000] {logging_mixin.py:190} INFO - [2025-09-07T22:30:21.722+0000] {dag.py:4180} INFO - Setting next_dagrun for example_branch_python_operator_decorator to 2025-09-06 00:00:00+00:00, run_after=2025-09-07 00:00:00+00:00
[2025-09-07T22:30:21.738+0000] {processor.py:208} INFO - Processing /usr/local/python/3.12.1/lib/python3.12/site-packages/airflow/example_dags/example_branch_operator_decorator.py took 0.074 seconds
[2025-09-07T22:31:51.940+0000] {processor.py:186} INFO - Started process (PID=14468) to work on /usr/local/python/3.12.1/lib/python3.12/site-packages/airflow/example_dags/example_branch_operator_decorator.py
[2025-09-07T22:31:51.941+0000] {processor.py:914} INFO - Processing file /usr/local/python/3.12.1/lib/python3.12/site-packages/airflow/example_dags/example_branch_operator_decorator.py for tasks to queue
[2025-09-07T22:31:51.943+0000] {logging_mixin.py:190} INFO - [2025-09-07T22:31:51.942+0000] {dagbag.py:588} INFO - Filling up the DagBag from /usr/local/python/3.12.1/lib/python3.12/site-packages/airflow/example_dags/example_branch_operator_decorator.py
[2025-09-07T22:31:51.960+0000] {processor.py:925} INFO - DAG(s) 'example_branch_python_operator_decorator' retrieved from /usr/local/python/3.12.1/lib/python3.12/site-packages/airflow/example_dags/example_branch_operator_decorator.py
[2025-09-07T22:31:52.046+0000] {logging_mixin.py:190} INFO - [2025-09-07T22:31:52.046+0000] {dag.py:3239} INFO - Sync 1 DAGs
[2025-09-07T22:31:52.062+0000] {logging_mixin.py:190} INFO - [2025-09-07T22:31:52.061+0000] {dag.py:4180} INFO - Setting next_dagrun for example_branch_python_operator_decorator to 2025-09-06 00:00:00+00:00, run_after=2025-09-07 00:00:00+00:00
[2025-09-07T22:31:52.078+0000] {processor.py:208} INFO - Processing /usr/local/python/3.12.1/lib/python3.12/site-packages/airflow/example_dags/example_branch_operator_decorator.py took 0.141 seconds
