[2025-09-07T22:27:54.548+0000] {processor.py:186} INFO - Started process (PID=11710) to work on /usr/local/python/3.12.1/lib/python3.12/site-packages/airflow/example_dags/example_subdag_operator.py
[2025-09-07T22:27:54.549+0000] {processor.py:914} INFO - Processing file /usr/local/python/3.12.1/lib/python3.12/site-packages/airflow/example_dags/example_subdag_operator.py for tasks to queue
[2025-09-07T22:27:54.550+0000] {logging_mixin.py:190} INFO - [2025-09-07T22:27:54.550+0000] {dagbag.py:588} INFO - Filling up the DagBag from /usr/local/python/3.12.1/lib/python3.12/site-packages/airflow/example_dags/example_subdag_operator.py
[2025-09-07T22:27:54.567+0000] {processor.py:925} INFO - DAG(s) 'example_subdag_operator.section-1', 'example_subdag_operator.section-2', 'example_subdag_operator' retrieved from /usr/local/python/3.12.1/lib/python3.12/site-packages/airflow/example_dags/example_subdag_operator.py
[2025-09-07T22:27:54.653+0000] {logging_mixin.py:190} INFO - [2025-09-07T22:27:54.652+0000] {override.py:1900} INFO - Created Permission View: can edit on DAG:example_subdag_operator
[2025-09-07T22:27:54.661+0000] {logging_mixin.py:190} INFO - [2025-09-07T22:27:54.661+0000] {override.py:1900} INFO - Created Permission View: can delete on DAG:example_subdag_operator
[2025-09-07T22:27:54.667+0000] {logging_mixin.py:190} INFO - [2025-09-07T22:27:54.667+0000] {override.py:1900} INFO - Created Permission View: can read on DAG:example_subdag_operator
[2025-09-07T22:27:54.676+0000] {logging_mixin.py:190} INFO - [2025-09-07T22:27:54.676+0000] {override.py:1900} INFO - Created Permission View: can delete on DAG Run:example_subdag_operator
[2025-09-07T22:27:54.683+0000] {logging_mixin.py:190} INFO - [2025-09-07T22:27:54.682+0000] {override.py:1900} INFO - Created Permission View: can create on DAG Run:example_subdag_operator
[2025-09-07T22:27:54.689+0000] {logging_mixin.py:190} INFO - [2025-09-07T22:27:54.689+0000] {override.py:1900} INFO - Created Permission View: can read on DAG Run:example_subdag_operator
[2025-09-07T22:27:54.700+0000] {logging_mixin.py:190} INFO - [2025-09-07T22:27:54.700+0000] {override.py:1900} INFO - Created Permission View: menu access on DAG Run:example_subdag_operator
[2025-09-07T22:27:54.701+0000] {logging_mixin.py:190} INFO - [2025-09-07T22:27:54.701+0000] {dag.py:3239} INFO - Sync 3 DAGs
[2025-09-07T22:27:54.718+0000] {logging_mixin.py:190} INFO - [2025-09-07T22:27:54.718+0000] {dag.py:3262} INFO - Creating ORM DAG for example_subdag_operator.section-2
[2025-09-07T22:27:54.719+0000] {logging_mixin.py:190} INFO - [2025-09-07T22:27:54.719+0000] {dag.py:3262} INFO - Creating ORM DAG for example_subdag_operator
[2025-09-07T22:27:54.721+0000] {logging_mixin.py:190} INFO - [2025-09-07T22:27:54.721+0000] {dag.py:3262} INFO - Creating ORM DAG for example_subdag_operator.section-1
[2025-09-07T22:27:54.730+0000] {logging_mixin.py:190} INFO - [2025-09-07T22:27:54.730+0000] {dag.py:4180} INFO - Setting next_dagrun for example_subdag_operator to 2022-01-01 00:00:00+00:00, run_after=2022-01-01 00:00:00+00:00
[2025-09-07T22:27:54.731+0000] {logging_mixin.py:190} INFO - [2025-09-07T22:27:54.731+0000] {dag.py:4180} INFO - Setting next_dagrun for example_subdag_operator.section-1 to None, run_after=None
[2025-09-07T22:27:54.731+0000] {logging_mixin.py:190} INFO - [2025-09-07T22:27:54.731+0000] {dag.py:4180} INFO - Setting next_dagrun for example_subdag_operator.section-2 to None, run_after=None
[2025-09-07T22:27:54.741+0000] {logging_mixin.py:190} INFO - [2025-09-07T22:27:54.741+0000] {dag.py:3239} INFO - Sync 2 DAGs
[2025-09-07T22:27:54.749+0000] {logging_mixin.py:190} INFO - [2025-09-07T22:27:54.749+0000] {dag.py:4180} INFO - Setting next_dagrun for example_subdag_operator.section-1 to None, run_after=None
[2025-09-07T22:27:54.753+0000] {logging_mixin.py:190} INFO - [2025-09-07T22:27:54.752+0000] {dag.py:4180} INFO - Setting next_dagrun for example_subdag_operator.section-2 to None, run_after=None
[2025-09-07T22:27:54.781+0000] {processor.py:208} INFO - Processing /usr/local/python/3.12.1/lib/python3.12/site-packages/airflow/example_dags/example_subdag_operator.py took 0.237 seconds
[2025-09-07T22:28:56.876+0000] {processor.py:186} INFO - Started process (PID=12308) to work on /usr/local/python/3.12.1/lib/python3.12/site-packages/airflow/example_dags/example_subdag_operator.py
[2025-09-07T22:28:56.877+0000] {processor.py:914} INFO - Processing file /usr/local/python/3.12.1/lib/python3.12/site-packages/airflow/example_dags/example_subdag_operator.py for tasks to queue
[2025-09-07T22:28:56.878+0000] {logging_mixin.py:190} INFO - [2025-09-07T22:28:56.878+0000] {dagbag.py:588} INFO - Filling up the DagBag from /usr/local/python/3.12.1/lib/python3.12/site-packages/airflow/example_dags/example_subdag_operator.py
[2025-09-07T22:28:56.895+0000] {processor.py:925} INFO - DAG(s) 'example_subdag_operator.section-1', 'example_subdag_operator.section-2', 'example_subdag_operator' retrieved from /usr/local/python/3.12.1/lib/python3.12/site-packages/airflow/example_dags/example_subdag_operator.py
[2025-09-07T22:28:56.910+0000] {logging_mixin.py:190} INFO - [2025-09-07T22:28:56.910+0000] {dag.py:3239} INFO - Sync 3 DAGs
[2025-09-07T22:28:56.934+0000] {logging_mixin.py:190} INFO - [2025-09-07T22:28:56.934+0000] {dag.py:4180} INFO - Setting next_dagrun for example_subdag_operator to 2022-01-01 00:00:00+00:00, run_after=2022-01-01 00:00:00+00:00
[2025-09-07T22:28:56.939+0000] {logging_mixin.py:190} INFO - [2025-09-07T22:28:56.939+0000] {dag.py:4180} INFO - Setting next_dagrun for example_subdag_operator.section-1 to None, run_after=None
[2025-09-07T22:28:56.940+0000] {logging_mixin.py:190} INFO - [2025-09-07T22:28:56.940+0000] {dag.py:4180} INFO - Setting next_dagrun for example_subdag_operator.section-2 to None, run_after=None
[2025-09-07T22:28:56.946+0000] {logging_mixin.py:190} INFO - [2025-09-07T22:28:56.946+0000] {dag.py:3239} INFO - Sync 2 DAGs
[2025-09-07T22:28:56.952+0000] {logging_mixin.py:190} INFO - [2025-09-07T22:28:56.952+0000] {dag.py:4180} INFO - Setting next_dagrun for example_subdag_operator.section-1 to None, run_after=None
[2025-09-07T22:28:56.953+0000] {logging_mixin.py:190} INFO - [2025-09-07T22:28:56.952+0000] {dag.py:4180} INFO - Setting next_dagrun for example_subdag_operator.section-2 to None, run_after=None
[2025-09-07T22:28:56.968+0000] {processor.py:208} INFO - Processing /usr/local/python/3.12.1/lib/python3.12/site-packages/airflow/example_dags/example_subdag_operator.py took 0.096 seconds
[2025-09-07T22:29:51.256+0000] {processor.py:186} INFO - Started process (PID=12910) to work on /usr/local/python/3.12.1/lib/python3.12/site-packages/airflow/example_dags/example_subdag_operator.py
[2025-09-07T22:29:51.257+0000] {processor.py:914} INFO - Processing file /usr/local/python/3.12.1/lib/python3.12/site-packages/airflow/example_dags/example_subdag_operator.py for tasks to queue
[2025-09-07T22:29:51.260+0000] {logging_mixin.py:190} INFO - [2025-09-07T22:29:51.259+0000] {dagbag.py:588} INFO - Filling up the DagBag from /usr/local/python/3.12.1/lib/python3.12/site-packages/airflow/example_dags/example_subdag_operator.py
[2025-09-07T22:29:51.279+0000] {processor.py:925} INFO - DAG(s) 'example_subdag_operator.section-1', 'example_subdag_operator.section-2', 'example_subdag_operator' retrieved from /usr/local/python/3.12.1/lib/python3.12/site-packages/airflow/example_dags/example_subdag_operator.py
[2025-09-07T22:29:51.291+0000] {logging_mixin.py:190} INFO - [2025-09-07T22:29:51.291+0000] {dag.py:3239} INFO - Sync 3 DAGs
[2025-09-07T22:29:51.308+0000] {logging_mixin.py:190} INFO - [2025-09-07T22:29:51.308+0000] {dag.py:4180} INFO - Setting next_dagrun for example_subdag_operator to 2022-01-01 00:00:00+00:00, run_after=2022-01-01 00:00:00+00:00
[2025-09-07T22:29:51.312+0000] {logging_mixin.py:190} INFO - [2025-09-07T22:29:51.312+0000] {dag.py:4180} INFO - Setting next_dagrun for example_subdag_operator.section-1 to None, run_after=None
[2025-09-07T22:29:51.313+0000] {logging_mixin.py:190} INFO - [2025-09-07T22:29:51.313+0000] {dag.py:4180} INFO - Setting next_dagrun for example_subdag_operator.section-2 to None, run_after=None
[2025-09-07T22:29:51.317+0000] {logging_mixin.py:190} INFO - [2025-09-07T22:29:51.317+0000] {dag.py:3239} INFO - Sync 2 DAGs
[2025-09-07T22:29:51.321+0000] {logging_mixin.py:190} INFO - [2025-09-07T22:29:51.321+0000] {dag.py:4180} INFO - Setting next_dagrun for example_subdag_operator.section-1 to None, run_after=None
[2025-09-07T22:29:51.321+0000] {logging_mixin.py:190} INFO - [2025-09-07T22:29:51.321+0000] {dag.py:4180} INFO - Setting next_dagrun for example_subdag_operator.section-2 to None, run_after=None
[2025-09-07T22:29:51.332+0000] {processor.py:208} INFO - Processing /usr/local/python/3.12.1/lib/python3.12/site-packages/airflow/example_dags/example_subdag_operator.py took 0.080 seconds
[2025-09-07T22:30:39.661+0000] {processor.py:186} INFO - Started process (PID=13669) to work on /usr/local/python/3.12.1/lib/python3.12/site-packages/airflow/example_dags/example_subdag_operator.py
[2025-09-07T22:30:39.661+0000] {processor.py:914} INFO - Processing file /usr/local/python/3.12.1/lib/python3.12/site-packages/airflow/example_dags/example_subdag_operator.py for tasks to queue
[2025-09-07T22:30:39.663+0000] {logging_mixin.py:190} INFO - [2025-09-07T22:30:39.663+0000] {dagbag.py:588} INFO - Filling up the DagBag from /usr/local/python/3.12.1/lib/python3.12/site-packages/airflow/example_dags/example_subdag_operator.py
[2025-09-07T22:30:39.686+0000] {processor.py:925} INFO - DAG(s) 'example_subdag_operator.section-1', 'example_subdag_operator.section-2', 'example_subdag_operator' retrieved from /usr/local/python/3.12.1/lib/python3.12/site-packages/airflow/example_dags/example_subdag_operator.py
[2025-09-07T22:30:39.702+0000] {logging_mixin.py:190} INFO - [2025-09-07T22:30:39.702+0000] {dag.py:3239} INFO - Sync 3 DAGs
[2025-09-07T22:30:39.722+0000] {logging_mixin.py:190} INFO - [2025-09-07T22:30:39.722+0000] {dag.py:4180} INFO - Setting next_dagrun for example_subdag_operator to 2022-01-01 00:00:00+00:00, run_after=2022-01-01 00:00:00+00:00
[2025-09-07T22:30:39.725+0000] {logging_mixin.py:190} INFO - [2025-09-07T22:30:39.725+0000] {dag.py:4180} INFO - Setting next_dagrun for example_subdag_operator.section-1 to None, run_after=None
[2025-09-07T22:30:39.726+0000] {logging_mixin.py:190} INFO - [2025-09-07T22:30:39.726+0000] {dag.py:4180} INFO - Setting next_dagrun for example_subdag_operator.section-2 to None, run_after=None
[2025-09-07T22:30:39.731+0000] {logging_mixin.py:190} INFO - [2025-09-07T22:30:39.731+0000] {dag.py:3239} INFO - Sync 2 DAGs
[2025-09-07T22:30:39.735+0000] {logging_mixin.py:190} INFO - [2025-09-07T22:30:39.735+0000] {dag.py:4180} INFO - Setting next_dagrun for example_subdag_operator.section-1 to None, run_after=None
[2025-09-07T22:30:39.736+0000] {logging_mixin.py:190} INFO - [2025-09-07T22:30:39.735+0000] {dag.py:4180} INFO - Setting next_dagrun for example_subdag_operator.section-2 to None, run_after=None
[2025-09-07T22:30:39.747+0000] {processor.py:208} INFO - Processing /usr/local/python/3.12.1/lib/python3.12/site-packages/airflow/example_dags/example_subdag_operator.py took 0.092 seconds
[2025-09-07T22:31:23.210+0000] {processor.py:186} INFO - Started process (PID=14216) to work on /usr/local/python/3.12.1/lib/python3.12/site-packages/airflow/example_dags/example_subdag_operator.py
[2025-09-07T22:31:23.211+0000] {processor.py:914} INFO - Processing file /usr/local/python/3.12.1/lib/python3.12/site-packages/airflow/example_dags/example_subdag_operator.py for tasks to queue
[2025-09-07T22:31:23.213+0000] {logging_mixin.py:190} INFO - [2025-09-07T22:31:23.212+0000] {dagbag.py:588} INFO - Filling up the DagBag from /usr/local/python/3.12.1/lib/python3.12/site-packages/airflow/example_dags/example_subdag_operator.py
[2025-09-07T22:31:23.230+0000] {processor.py:925} INFO - DAG(s) 'example_subdag_operator.section-1', 'example_subdag_operator.section-2', 'example_subdag_operator' retrieved from /usr/local/python/3.12.1/lib/python3.12/site-packages/airflow/example_dags/example_subdag_operator.py
[2025-09-07T22:31:23.244+0000] {logging_mixin.py:190} INFO - [2025-09-07T22:31:23.244+0000] {dag.py:3239} INFO - Sync 3 DAGs
[2025-09-07T22:31:23.259+0000] {logging_mixin.py:190} INFO - [2025-09-07T22:31:23.259+0000] {dag.py:4180} INFO - Setting next_dagrun for example_subdag_operator to 2022-01-01 00:00:00+00:00, run_after=2022-01-01 00:00:00+00:00
[2025-09-07T22:31:23.261+0000] {logging_mixin.py:190} INFO - [2025-09-07T22:31:23.261+0000] {dag.py:4180} INFO - Setting next_dagrun for example_subdag_operator.section-1 to None, run_after=None
[2025-09-07T22:31:23.262+0000] {logging_mixin.py:190} INFO - [2025-09-07T22:31:23.262+0000] {dag.py:4180} INFO - Setting next_dagrun for example_subdag_operator.section-2 to None, run_after=None
[2025-09-07T22:31:23.266+0000] {logging_mixin.py:190} INFO - [2025-09-07T22:31:23.266+0000] {dag.py:3239} INFO - Sync 2 DAGs
[2025-09-07T22:31:23.269+0000] {logging_mixin.py:190} INFO - [2025-09-07T22:31:23.269+0000] {dag.py:4180} INFO - Setting next_dagrun for example_subdag_operator.section-1 to None, run_after=None
[2025-09-07T22:31:23.269+0000] {logging_mixin.py:190} INFO - [2025-09-07T22:31:23.269+0000] {dag.py:4180} INFO - Setting next_dagrun for example_subdag_operator.section-2 to None, run_after=None
[2025-09-07T22:31:23.280+0000] {processor.py:208} INFO - Processing /usr/local/python/3.12.1/lib/python3.12/site-packages/airflow/example_dags/example_subdag_operator.py took 0.073 seconds
[2025-09-07T22:32:17.614+0000] {processor.py:186} INFO - Started process (PID=14681) to work on /usr/local/python/3.12.1/lib/python3.12/site-packages/airflow/example_dags/example_subdag_operator.py
[2025-09-07T22:32:17.614+0000] {processor.py:914} INFO - Processing file /usr/local/python/3.12.1/lib/python3.12/site-packages/airflow/example_dags/example_subdag_operator.py for tasks to queue
[2025-09-07T22:32:17.616+0000] {logging_mixin.py:190} INFO - [2025-09-07T22:32:17.616+0000] {dagbag.py:588} INFO - Filling up the DagBag from /usr/local/python/3.12.1/lib/python3.12/site-packages/airflow/example_dags/example_subdag_operator.py
[2025-09-07T22:32:17.638+0000] {processor.py:925} INFO - DAG(s) 'example_subdag_operator.section-1', 'example_subdag_operator.section-2', 'example_subdag_operator' retrieved from /usr/local/python/3.12.1/lib/python3.12/site-packages/airflow/example_dags/example_subdag_operator.py
[2025-09-07T22:32:17.650+0000] {logging_mixin.py:190} INFO - [2025-09-07T22:32:17.649+0000] {dag.py:3239} INFO - Sync 3 DAGs
[2025-09-07T22:32:17.665+0000] {logging_mixin.py:190} INFO - [2025-09-07T22:32:17.665+0000] {dag.py:4180} INFO - Setting next_dagrun for example_subdag_operator to 2022-01-01 00:00:00+00:00, run_after=2022-01-01 00:00:00+00:00
[2025-09-07T22:32:17.667+0000] {logging_mixin.py:190} INFO - [2025-09-07T22:32:17.667+0000] {dag.py:4180} INFO - Setting next_dagrun for example_subdag_operator.section-1 to None, run_after=None
[2025-09-07T22:32:17.668+0000] {logging_mixin.py:190} INFO - [2025-09-07T22:32:17.668+0000] {dag.py:4180} INFO - Setting next_dagrun for example_subdag_operator.section-2 to None, run_after=None
[2025-09-07T22:32:17.672+0000] {logging_mixin.py:190} INFO - [2025-09-07T22:32:17.672+0000] {dag.py:3239} INFO - Sync 2 DAGs
[2025-09-07T22:32:17.676+0000] {logging_mixin.py:190} INFO - [2025-09-07T22:32:17.676+0000] {dag.py:4180} INFO - Setting next_dagrun for example_subdag_operator.section-1 to None, run_after=None
[2025-09-07T22:32:17.676+0000] {logging_mixin.py:190} INFO - [2025-09-07T22:32:17.676+0000] {dag.py:4180} INFO - Setting next_dagrun for example_subdag_operator.section-2 to None, run_after=None
[2025-09-07T22:32:17.688+0000] {processor.py:208} INFO - Processing /usr/local/python/3.12.1/lib/python3.12/site-packages/airflow/example_dags/example_subdag_operator.py took 0.078 seconds
