[2025-09-07T22:27:46.837+0000] {processor.py:186} INFO - Started process (PID=11650) to work on /usr/local/python/3.12.1/lib/python3.12/site-packages/airflow/example_dags/example_trigger_controller_dag.py
[2025-09-07T22:27:46.838+0000] {processor.py:914} INFO - Processing file /usr/local/python/3.12.1/lib/python3.12/site-packages/airflow/example_dags/example_trigger_controller_dag.py for tasks to queue
[2025-09-07T22:27:46.840+0000] {logging_mixin.py:190} INFO - [2025-09-07T22:27:46.839+0000] {dagbag.py:588} INFO - Filling up the DagBag from /usr/local/python/3.12.1/lib/python3.12/site-packages/airflow/example_dags/example_trigger_controller_dag.py
[2025-09-07T22:27:46.846+0000] {processor.py:925} INFO - DAG(s) 'example_trigger_controller_dag' retrieved from /usr/local/python/3.12.1/lib/python3.12/site-packages/airflow/example_dags/example_trigger_controller_dag.py
[2025-09-07T22:27:46.939+0000] {logging_mixin.py:190} INFO - [2025-09-07T22:27:46.938+0000] {override.py:1900} INFO - Created Permission View: can edit on DAG:example_trigger_controller_dag
[2025-09-07T22:27:46.948+0000] {logging_mixin.py:190} INFO - [2025-09-07T22:27:46.948+0000] {override.py:1900} INFO - Created Permission View: can delete on DAG:example_trigger_controller_dag
[2025-09-07T22:27:46.955+0000] {logging_mixin.py:190} INFO - [2025-09-07T22:27:46.954+0000] {override.py:1900} INFO - Created Permission View: can read on DAG:example_trigger_controller_dag
[2025-09-07T22:27:46.965+0000] {logging_mixin.py:190} INFO - [2025-09-07T22:27:46.965+0000] {override.py:1900} INFO - Created Permission View: can delete on DAG Run:example_trigger_controller_dag
[2025-09-07T22:27:46.971+0000] {logging_mixin.py:190} INFO - [2025-09-07T22:27:46.971+0000] {override.py:1900} INFO - Created Permission View: can create on DAG Run:example_trigger_controller_dag
[2025-09-07T22:27:46.977+0000] {logging_mixin.py:190} INFO - [2025-09-07T22:27:46.977+0000] {override.py:1900} INFO - Created Permission View: can read on DAG Run:example_trigger_controller_dag
[2025-09-07T22:27:46.983+0000] {logging_mixin.py:190} INFO - [2025-09-07T22:27:46.983+0000] {override.py:1900} INFO - Created Permission View: menu access on DAG Run:example_trigger_controller_dag
[2025-09-07T22:27:46.983+0000] {logging_mixin.py:190} INFO - [2025-09-07T22:27:46.983+0000] {dag.py:3239} INFO - Sync 1 DAGs
[2025-09-07T22:27:46.993+0000] {logging_mixin.py:190} INFO - [2025-09-07T22:27:46.993+0000] {dag.py:3262} INFO - Creating ORM DAG for example_trigger_controller_dag
[2025-09-07T22:27:46.999+0000] {logging_mixin.py:190} INFO - [2025-09-07T22:27:46.999+0000] {dag.py:4180} INFO - Setting next_dagrun for example_trigger_controller_dag to 2021-01-01 00:00:00+00:00, run_after=2021-01-01 00:00:00+00:00
[2025-09-07T22:27:47.015+0000] {processor.py:208} INFO - Processing /usr/local/python/3.12.1/lib/python3.12/site-packages/airflow/example_dags/example_trigger_controller_dag.py took 0.185 seconds
[2025-09-07T22:28:50.564+0000] {processor.py:186} INFO - Started process (PID=12176) to work on /usr/local/python/3.12.1/lib/python3.12/site-packages/airflow/example_dags/example_trigger_controller_dag.py
[2025-09-07T22:28:50.565+0000] {processor.py:914} INFO - Processing file /usr/local/python/3.12.1/lib/python3.12/site-packages/airflow/example_dags/example_trigger_controller_dag.py for tasks to queue
[2025-09-07T22:28:50.566+0000] {logging_mixin.py:190} INFO - [2025-09-07T22:28:50.566+0000] {dagbag.py:588} INFO - Filling up the DagBag from /usr/local/python/3.12.1/lib/python3.12/site-packages/airflow/example_dags/example_trigger_controller_dag.py
[2025-09-07T22:28:50.572+0000] {processor.py:925} INFO - DAG(s) 'example_trigger_controller_dag' retrieved from /usr/local/python/3.12.1/lib/python3.12/site-packages/airflow/example_dags/example_trigger_controller_dag.py
[2025-09-07T22:28:50.583+0000] {logging_mixin.py:190} INFO - [2025-09-07T22:28:50.583+0000] {dag.py:3239} INFO - Sync 1 DAGs
[2025-09-07T22:28:50.599+0000] {logging_mixin.py:190} INFO - [2025-09-07T22:28:50.599+0000] {dag.py:4180} INFO - Setting next_dagrun for example_trigger_controller_dag to 2021-01-01 00:00:00+00:00, run_after=2021-01-01 00:00:00+00:00
[2025-09-07T22:28:50.616+0000] {processor.py:208} INFO - Processing /usr/local/python/3.12.1/lib/python3.12/site-packages/airflow/example_dags/example_trigger_controller_dag.py took 0.055 seconds
[2025-09-07T22:29:45.572+0000] {processor.py:186} INFO - Started process (PID=12846) to work on /usr/local/python/3.12.1/lib/python3.12/site-packages/airflow/example_dags/example_trigger_controller_dag.py
[2025-09-07T22:29:45.573+0000] {processor.py:914} INFO - Processing file /usr/local/python/3.12.1/lib/python3.12/site-packages/airflow/example_dags/example_trigger_controller_dag.py for tasks to queue
[2025-09-07T22:29:45.574+0000] {logging_mixin.py:190} INFO - [2025-09-07T22:29:45.574+0000] {dagbag.py:588} INFO - Filling up the DagBag from /usr/local/python/3.12.1/lib/python3.12/site-packages/airflow/example_dags/example_trigger_controller_dag.py
[2025-09-07T22:29:45.579+0000] {processor.py:925} INFO - DAG(s) 'example_trigger_controller_dag' retrieved from /usr/local/python/3.12.1/lib/python3.12/site-packages/airflow/example_dags/example_trigger_controller_dag.py
[2025-09-07T22:29:45.591+0000] {logging_mixin.py:190} INFO - [2025-09-07T22:29:45.591+0000] {dag.py:3239} INFO - Sync 1 DAGs
[2025-09-07T22:29:45.606+0000] {logging_mixin.py:190} INFO - [2025-09-07T22:29:45.606+0000] {dag.py:4180} INFO - Setting next_dagrun for example_trigger_controller_dag to 2021-01-01 00:00:00+00:00, run_after=2021-01-01 00:00:00+00:00
[2025-09-07T22:29:45.621+0000] {processor.py:208} INFO - Processing /usr/local/python/3.12.1/lib/python3.12/site-packages/airflow/example_dags/example_trigger_controller_dag.py took 0.053 seconds
[2025-09-07T22:30:34.105+0000] {processor.py:186} INFO - Started process (PID=13555) to work on /usr/local/python/3.12.1/lib/python3.12/site-packages/airflow/example_dags/example_trigger_controller_dag.py
[2025-09-07T22:30:34.106+0000] {processor.py:914} INFO - Processing file /usr/local/python/3.12.1/lib/python3.12/site-packages/airflow/example_dags/example_trigger_controller_dag.py for tasks to queue
[2025-09-07T22:30:34.107+0000] {logging_mixin.py:190} INFO - [2025-09-07T22:30:34.107+0000] {dagbag.py:588} INFO - Filling up the DagBag from /usr/local/python/3.12.1/lib/python3.12/site-packages/airflow/example_dags/example_trigger_controller_dag.py
[2025-09-07T22:30:34.112+0000] {processor.py:925} INFO - DAG(s) 'example_trigger_controller_dag' retrieved from /usr/local/python/3.12.1/lib/python3.12/site-packages/airflow/example_dags/example_trigger_controller_dag.py
[2025-09-07T22:30:34.123+0000] {logging_mixin.py:190} INFO - [2025-09-07T22:30:34.123+0000] {dag.py:3239} INFO - Sync 1 DAGs
[2025-09-07T22:30:34.138+0000] {logging_mixin.py:190} INFO - [2025-09-07T22:30:34.138+0000] {dag.py:4180} INFO - Setting next_dagrun for example_trigger_controller_dag to 2021-01-01 00:00:00+00:00, run_after=2021-01-01 00:00:00+00:00
[2025-09-07T22:30:34.154+0000] {processor.py:208} INFO - Processing /usr/local/python/3.12.1/lib/python3.12/site-packages/airflow/example_dags/example_trigger_controller_dag.py took 0.052 seconds
[2025-09-07T22:31:18.089+0000] {processor.py:186} INFO - Started process (PID=14159) to work on /usr/local/python/3.12.1/lib/python3.12/site-packages/airflow/example_dags/example_trigger_controller_dag.py
[2025-09-07T22:31:18.090+0000] {processor.py:914} INFO - Processing file /usr/local/python/3.12.1/lib/python3.12/site-packages/airflow/example_dags/example_trigger_controller_dag.py for tasks to queue
[2025-09-07T22:31:18.092+0000] {logging_mixin.py:190} INFO - [2025-09-07T22:31:18.091+0000] {dagbag.py:588} INFO - Filling up the DagBag from /usr/local/python/3.12.1/lib/python3.12/site-packages/airflow/example_dags/example_trigger_controller_dag.py
[2025-09-07T22:31:18.097+0000] {processor.py:925} INFO - DAG(s) 'example_trigger_controller_dag' retrieved from /usr/local/python/3.12.1/lib/python3.12/site-packages/airflow/example_dags/example_trigger_controller_dag.py
[2025-09-07T22:31:18.109+0000] {logging_mixin.py:190} INFO - [2025-09-07T22:31:18.109+0000] {dag.py:3239} INFO - Sync 1 DAGs
[2025-09-07T22:31:18.125+0000] {logging_mixin.py:190} INFO - [2025-09-07T22:31:18.124+0000] {dag.py:4180} INFO - Setting next_dagrun for example_trigger_controller_dag to 2021-01-01 00:00:00+00:00, run_after=2021-01-01 00:00:00+00:00
[2025-09-07T22:31:18.140+0000] {processor.py:208} INFO - Processing /usr/local/python/3.12.1/lib/python3.12/site-packages/airflow/example_dags/example_trigger_controller_dag.py took 0.055 seconds
[2025-09-07T22:32:11.305+0000] {processor.py:186} INFO - Started process (PID=14634) to work on /usr/local/python/3.12.1/lib/python3.12/site-packages/airflow/example_dags/example_trigger_controller_dag.py
[2025-09-07T22:32:11.305+0000] {processor.py:914} INFO - Processing file /usr/local/python/3.12.1/lib/python3.12/site-packages/airflow/example_dags/example_trigger_controller_dag.py for tasks to queue
[2025-09-07T22:32:11.307+0000] {logging_mixin.py:190} INFO - [2025-09-07T22:32:11.306+0000] {dagbag.py:588} INFO - Filling up the DagBag from /usr/local/python/3.12.1/lib/python3.12/site-packages/airflow/example_dags/example_trigger_controller_dag.py
[2025-09-07T22:32:11.312+0000] {processor.py:925} INFO - DAG(s) 'example_trigger_controller_dag' retrieved from /usr/local/python/3.12.1/lib/python3.12/site-packages/airflow/example_dags/example_trigger_controller_dag.py
[2025-09-07T22:32:11.323+0000] {logging_mixin.py:190} INFO - [2025-09-07T22:32:11.323+0000] {dag.py:3239} INFO - Sync 1 DAGs
[2025-09-07T22:32:11.337+0000] {logging_mixin.py:190} INFO - [2025-09-07T22:32:11.337+0000] {dag.py:4180} INFO - Setting next_dagrun for example_trigger_controller_dag to 2021-01-01 00:00:00+00:00, run_after=2021-01-01 00:00:00+00:00
[2025-09-07T22:32:11.352+0000] {processor.py:208} INFO - Processing /usr/local/python/3.12.1/lib/python3.12/site-packages/airflow/example_dags/example_trigger_controller_dag.py took 0.052 seconds
