[2025-09-07T22:28:08.861+0000] {processor.py:186} INFO - Started process (PID=11836) to work on /usr/local/python/3.12.1/lib/python3.12/site-packages/airflow/example_dags/example_kubernetes_executor.py
[2025-09-07T22:28:08.861+0000] {processor.py:914} INFO - Processing file /usr/local/python/3.12.1/lib/python3.12/site-packages/airflow/example_dags/example_kubernetes_executor.py for tasks to queue
[2025-09-07T22:28:08.863+0000] {logging_mixin.py:190} INFO - [2025-09-07T22:28:08.863+0000] {dagbag.py:588} INFO - Filling up the DagBag from /usr/local/python/3.12.1/lib/python3.12/site-packages/airflow/example_dags/example_kubernetes_executor.py
[2025-09-07T22:28:08.865+0000] {logging_mixin.py:190} INFO - [2025-09-07T22:28:08.865+0000] {example_kubernetes_executor.py:39} WARNING - The example_kubernetes_executor example DAG requires the kubernetes provider. Please install it with: pip install apache-airflow[cncf.kubernetes]
[2025-09-07T22:28:08.865+0000] {processor.py:927} WARNING - No viable dags retrieved from /usr/local/python/3.12.1/lib/python3.12/site-packages/airflow/example_dags/example_kubernetes_executor.py
[2025-09-07T22:28:08.872+0000] {processor.py:208} INFO - Processing /usr/local/python/3.12.1/lib/python3.12/site-packages/airflow/example_dags/example_kubernetes_executor.py took 0.015 seconds
[2025-09-07T22:29:09.583+0000] {processor.py:186} INFO - Started process (PID=12486) to work on /usr/local/python/3.12.1/lib/python3.12/site-packages/airflow/example_dags/example_kubernetes_executor.py
[2025-09-07T22:29:09.584+0000] {processor.py:914} INFO - Processing file /usr/local/python/3.12.1/lib/python3.12/site-packages/airflow/example_dags/example_kubernetes_executor.py for tasks to queue
[2025-09-07T22:29:09.585+0000] {logging_mixin.py:190} INFO - [2025-09-07T22:29:09.585+0000] {dagbag.py:588} INFO - Filling up the DagBag from /usr/local/python/3.12.1/lib/python3.12/site-packages/airflow/example_dags/example_kubernetes_executor.py
[2025-09-07T22:29:09.587+0000] {logging_mixin.py:190} INFO - [2025-09-07T22:29:09.587+0000] {example_kubernetes_executor.py:39} WARNING - The example_kubernetes_executor example DAG requires the kubernetes provider. Please install it with: pip install apache-airflow[cncf.kubernetes]
[2025-09-07T22:29:09.587+0000] {processor.py:927} WARNING - No viable dags retrieved from /usr/local/python/3.12.1/lib/python3.12/site-packages/airflow/example_dags/example_kubernetes_executor.py
[2025-09-07T22:29:09.595+0000] {processor.py:208} INFO - Processing /usr/local/python/3.12.1/lib/python3.12/site-packages/airflow/example_dags/example_kubernetes_executor.py took 0.016 seconds
[2025-09-07T22:30:03.693+0000] {processor.py:186} INFO - Started process (PID=13102) to work on /usr/local/python/3.12.1/lib/python3.12/site-packages/airflow/example_dags/example_kubernetes_executor.py
[2025-09-07T22:30:03.694+0000] {processor.py:914} INFO - Processing file /usr/local/python/3.12.1/lib/python3.12/site-packages/airflow/example_dags/example_kubernetes_executor.py for tasks to queue
[2025-09-07T22:30:03.695+0000] {logging_mixin.py:190} INFO - [2025-09-07T22:30:03.695+0000] {dagbag.py:588} INFO - Filling up the DagBag from /usr/local/python/3.12.1/lib/python3.12/site-packages/airflow/example_dags/example_kubernetes_executor.py
[2025-09-07T22:30:03.697+0000] {logging_mixin.py:190} INFO - [2025-09-07T22:30:03.697+0000] {example_kubernetes_executor.py:39} WARNING - The example_kubernetes_executor example DAG requires the kubernetes provider. Please install it with: pip install apache-airflow[cncf.kubernetes]
[2025-09-07T22:30:03.697+0000] {processor.py:927} WARNING - No viable dags retrieved from /usr/local/python/3.12.1/lib/python3.12/site-packages/airflow/example_dags/example_kubernetes_executor.py
[2025-09-07T22:30:03.705+0000] {processor.py:208} INFO - Processing /usr/local/python/3.12.1/lib/python3.12/site-packages/airflow/example_dags/example_kubernetes_executor.py took 0.016 seconds
[2025-09-07T22:31:33.746+0000] {processor.py:186} INFO - Started process (PID=14309) to work on /usr/local/python/3.12.1/lib/python3.12/site-packages/airflow/example_dags/example_kubernetes_executor.py
[2025-09-07T22:31:33.747+0000] {processor.py:914} INFO - Processing file /usr/local/python/3.12.1/lib/python3.12/site-packages/airflow/example_dags/example_kubernetes_executor.py for tasks to queue
[2025-09-07T22:31:33.748+0000] {logging_mixin.py:190} INFO - [2025-09-07T22:31:33.748+0000] {dagbag.py:588} INFO - Filling up the DagBag from /usr/local/python/3.12.1/lib/python3.12/site-packages/airflow/example_dags/example_kubernetes_executor.py
[2025-09-07T22:31:33.750+0000] {logging_mixin.py:190} INFO - [2025-09-07T22:31:33.750+0000] {example_kubernetes_executor.py:39} WARNING - The example_kubernetes_executor example DAG requires the kubernetes provider. Please install it with: pip install apache-airflow[cncf.kubernetes]
[2025-09-07T22:31:33.751+0000] {processor.py:927} WARNING - No viable dags retrieved from /usr/local/python/3.12.1/lib/python3.12/site-packages/airflow/example_dags/example_kubernetes_executor.py
[2025-09-07T22:31:33.758+0000] {processor.py:208} INFO - Processing /usr/local/python/3.12.1/lib/python3.12/site-packages/airflow/example_dags/example_kubernetes_executor.py took 0.016 seconds
[2025-09-07T22:32:29.162+0000] {processor.py:186} INFO - Started process (PID=14781) to work on /usr/local/python/3.12.1/lib/python3.12/site-packages/airflow/example_dags/example_kubernetes_executor.py
[2025-09-07T22:32:29.162+0000] {processor.py:914} INFO - Processing file /usr/local/python/3.12.1/lib/python3.12/site-packages/airflow/example_dags/example_kubernetes_executor.py for tasks to queue
[2025-09-07T22:32:29.164+0000] {logging_mixin.py:190} INFO - [2025-09-07T22:32:29.164+0000] {dagbag.py:588} INFO - Filling up the DagBag from /usr/local/python/3.12.1/lib/python3.12/site-packages/airflow/example_dags/example_kubernetes_executor.py
[2025-09-07T22:32:29.166+0000] {logging_mixin.py:190} INFO - [2025-09-07T22:32:29.166+0000] {example_kubernetes_executor.py:39} WARNING - The example_kubernetes_executor example DAG requires the kubernetes provider. Please install it with: pip install apache-airflow[cncf.kubernetes]
[2025-09-07T22:32:29.166+0000] {processor.py:927} WARNING - No viable dags retrieved from /usr/local/python/3.12.1/lib/python3.12/site-packages/airflow/example_dags/example_kubernetes_executor.py
[2025-09-07T22:32:29.174+0000] {processor.py:208} INFO - Processing /usr/local/python/3.12.1/lib/python3.12/site-packages/airflow/example_dags/example_kubernetes_executor.py took 0.016 seconds
