[2025-09-07T22:27:59.900+0000] {processor.py:186} INFO - Started process (PID=11767) to work on /usr/local/python/3.12.1/lib/python3.12/site-packages/airflow/example_dags/example_params_ui_tutorial.py
[2025-09-07T22:27:59.901+0000] {processor.py:914} INFO - Processing file /usr/local/python/3.12.1/lib/python3.12/site-packages/airflow/example_dags/example_params_ui_tutorial.py for tasks to queue
[2025-09-07T22:27:59.902+0000] {logging_mixin.py:190} INFO - [2025-09-07T22:27:59.902+0000] {dagbag.py:588} INFO - Filling up the DagBag from /usr/local/python/3.12.1/lib/python3.12/site-packages/airflow/example_dags/example_params_ui_tutorial.py
[2025-09-07T22:27:59.909+0000] {processor.py:925} INFO - DAG(s) 'example_params_ui_tutorial' retrieved from /usr/local/python/3.12.1/lib/python3.12/site-packages/airflow/example_dags/example_params_ui_tutorial.py
[2025-09-07T22:28:00.018+0000] {logging_mixin.py:190} INFO - [2025-09-07T22:28:00.018+0000] {override.py:1900} INFO - Created Permission View: can edit on DAG:example_params_ui_tutorial
[2025-09-07T22:28:00.028+0000] {logging_mixin.py:190} INFO - [2025-09-07T22:28:00.028+0000] {override.py:1900} INFO - Created Permission View: can delete on DAG:example_params_ui_tutorial
[2025-09-07T22:28:00.034+0000] {logging_mixin.py:190} INFO - [2025-09-07T22:28:00.034+0000] {override.py:1900} INFO - Created Permission View: can read on DAG:example_params_ui_tutorial
[2025-09-07T22:28:00.044+0000] {logging_mixin.py:190} INFO - [2025-09-07T22:28:00.043+0000] {override.py:1900} INFO - Created Permission View: can delete on DAG Run:example_params_ui_tutorial
[2025-09-07T22:28:00.051+0000] {logging_mixin.py:190} INFO - [2025-09-07T22:28:00.051+0000] {override.py:1900} INFO - Created Permission View: can create on DAG Run:example_params_ui_tutorial
[2025-09-07T22:28:00.057+0000] {logging_mixin.py:190} INFO - [2025-09-07T22:28:00.057+0000] {override.py:1900} INFO - Created Permission View: can read on DAG Run:example_params_ui_tutorial
[2025-09-07T22:28:00.063+0000] {logging_mixin.py:190} INFO - [2025-09-07T22:28:00.063+0000] {override.py:1900} INFO - Created Permission View: menu access on DAG Run:example_params_ui_tutorial
[2025-09-07T22:28:00.063+0000] {logging_mixin.py:190} INFO - [2025-09-07T22:28:00.063+0000] {dag.py:3239} INFO - Sync 1 DAGs
[2025-09-07T22:28:00.073+0000] {logging_mixin.py:190} INFO - [2025-09-07T22:28:00.073+0000] {dag.py:3262} INFO - Creating ORM DAG for example_params_ui_tutorial
[2025-09-07T22:28:00.073+0000] {logging_mixin.py:190} INFO - [2025-09-07T22:28:00.073+0000] {dag.py:4180} INFO - Setting next_dagrun for example_params_ui_tutorial to None, run_after=None
[2025-09-07T22:28:00.089+0000] {processor.py:208} INFO - Processing /usr/local/python/3.12.1/lib/python3.12/site-packages/airflow/example_dags/example_params_ui_tutorial.py took 0.193 seconds
[2025-09-07T22:29:01.736+0000] {processor.py:186} INFO - Started process (PID=12359) to work on /usr/local/python/3.12.1/lib/python3.12/site-packages/airflow/example_dags/example_params_ui_tutorial.py
[2025-09-07T22:29:01.736+0000] {processor.py:914} INFO - Processing file /usr/local/python/3.12.1/lib/python3.12/site-packages/airflow/example_dags/example_params_ui_tutorial.py for tasks to queue
[2025-09-07T22:29:01.738+0000] {logging_mixin.py:190} INFO - [2025-09-07T22:29:01.738+0000] {dagbag.py:588} INFO - Filling up the DagBag from /usr/local/python/3.12.1/lib/python3.12/site-packages/airflow/example_dags/example_params_ui_tutorial.py
[2025-09-07T22:29:01.745+0000] {processor.py:925} INFO - DAG(s) 'example_params_ui_tutorial' retrieved from /usr/local/python/3.12.1/lib/python3.12/site-packages/airflow/example_dags/example_params_ui_tutorial.py
[2025-09-07T22:29:01.777+0000] {logging_mixin.py:190} INFO - [2025-09-07T22:29:01.776+0000] {dag.py:3239} INFO - Sync 1 DAGs
[2025-09-07T22:29:01.786+0000] {logging_mixin.py:190} INFO - [2025-09-07T22:29:01.786+0000] {dag.py:4180} INFO - Setting next_dagrun for example_params_ui_tutorial to None, run_after=None
[2025-09-07T22:29:01.805+0000] {processor.py:208} INFO - Processing /usr/local/python/3.12.1/lib/python3.12/site-packages/airflow/example_dags/example_params_ui_tutorial.py took 0.073 seconds
[2025-09-07T22:29:56.887+0000] {processor.py:186} INFO - Started process (PID=12989) to work on /usr/local/python/3.12.1/lib/python3.12/site-packages/airflow/example_dags/example_params_ui_tutorial.py
[2025-09-07T22:29:56.888+0000] {processor.py:914} INFO - Processing file /usr/local/python/3.12.1/lib/python3.12/site-packages/airflow/example_dags/example_params_ui_tutorial.py for tasks to queue
[2025-09-07T22:29:56.889+0000] {logging_mixin.py:190} INFO - [2025-09-07T22:29:56.889+0000] {dagbag.py:588} INFO - Filling up the DagBag from /usr/local/python/3.12.1/lib/python3.12/site-packages/airflow/example_dags/example_params_ui_tutorial.py
[2025-09-07T22:29:56.896+0000] {processor.py:925} INFO - DAG(s) 'example_params_ui_tutorial' retrieved from /usr/local/python/3.12.1/lib/python3.12/site-packages/airflow/example_dags/example_params_ui_tutorial.py
[2025-09-07T22:29:56.948+0000] {logging_mixin.py:190} INFO - [2025-09-07T22:29:56.948+0000] {dag.py:3239} INFO - Sync 1 DAGs
[2025-09-07T22:29:56.968+0000] {logging_mixin.py:190} INFO - [2025-09-07T22:29:56.968+0000] {dag.py:4180} INFO - Setting next_dagrun for example_params_ui_tutorial to None, run_after=None
[2025-09-07T22:29:56.993+0000] {processor.py:208} INFO - Processing /usr/local/python/3.12.1/lib/python3.12/site-packages/airflow/example_dags/example_params_ui_tutorial.py took 0.110 seconds
[2025-09-07T22:31:27.211+0000] {processor.py:186} INFO - Started process (PID=14243) to work on /usr/local/python/3.12.1/lib/python3.12/site-packages/airflow/example_dags/example_params_ui_tutorial.py
[2025-09-07T22:31:27.212+0000] {processor.py:914} INFO - Processing file /usr/local/python/3.12.1/lib/python3.12/site-packages/airflow/example_dags/example_params_ui_tutorial.py for tasks to queue
[2025-09-07T22:31:27.214+0000] {logging_mixin.py:190} INFO - [2025-09-07T22:31:27.213+0000] {dagbag.py:588} INFO - Filling up the DagBag from /usr/local/python/3.12.1/lib/python3.12/site-packages/airflow/example_dags/example_params_ui_tutorial.py
[2025-09-07T22:31:27.220+0000] {processor.py:925} INFO - DAG(s) 'example_params_ui_tutorial' retrieved from /usr/local/python/3.12.1/lib/python3.12/site-packages/airflow/example_dags/example_params_ui_tutorial.py
[2025-09-07T22:31:27.253+0000] {logging_mixin.py:190} INFO - [2025-09-07T22:31:27.252+0000] {dag.py:3239} INFO - Sync 1 DAGs
[2025-09-07T22:31:27.262+0000] {logging_mixin.py:190} INFO - [2025-09-07T22:31:27.262+0000] {dag.py:4180} INFO - Setting next_dagrun for example_params_ui_tutorial to None, run_after=None
[2025-09-07T22:31:27.278+0000] {processor.py:208} INFO - Processing /usr/local/python/3.12.1/lib/python3.12/site-packages/airflow/example_dags/example_params_ui_tutorial.py took 0.071 seconds
[2025-09-07T22:32:21.588+0000] {processor.py:186} INFO - Started process (PID=14726) to work on /usr/local/python/3.12.1/lib/python3.12/site-packages/airflow/example_dags/example_params_ui_tutorial.py
[2025-09-07T22:32:21.589+0000] {processor.py:914} INFO - Processing file /usr/local/python/3.12.1/lib/python3.12/site-packages/airflow/example_dags/example_params_ui_tutorial.py for tasks to queue
[2025-09-07T22:32:21.590+0000] {logging_mixin.py:190} INFO - [2025-09-07T22:32:21.590+0000] {dagbag.py:588} INFO - Filling up the DagBag from /usr/local/python/3.12.1/lib/python3.12/site-packages/airflow/example_dags/example_params_ui_tutorial.py
[2025-09-07T22:32:21.597+0000] {processor.py:925} INFO - DAG(s) 'example_params_ui_tutorial' retrieved from /usr/local/python/3.12.1/lib/python3.12/site-packages/airflow/example_dags/example_params_ui_tutorial.py
[2025-09-07T22:32:21.628+0000] {logging_mixin.py:190} INFO - [2025-09-07T22:32:21.628+0000] {dag.py:3239} INFO - Sync 1 DAGs
[2025-09-07T22:32:21.638+0000] {logging_mixin.py:190} INFO - [2025-09-07T22:32:21.638+0000] {dag.py:4180} INFO - Setting next_dagrun for example_params_ui_tutorial to None, run_after=None
[2025-09-07T22:32:21.654+0000] {processor.py:208} INFO - Processing /usr/local/python/3.12.1/lib/python3.12/site-packages/airflow/example_dags/example_params_ui_tutorial.py took 0.070 seconds
