[2025-09-07T22:28:28.572+0000] {processor.py:186} INFO - Started process (PID=12003) to work on /usr/local/python/3.12.1/lib/python3.12/site-packages/airflow/example_dags/example_branch_python_dop_operator_3.py
[2025-09-07T22:28:28.573+0000] {processor.py:914} INFO - Processing file /usr/local/python/3.12.1/lib/python3.12/site-packages/airflow/example_dags/example_branch_python_dop_operator_3.py for tasks to queue
[2025-09-07T22:28:28.575+0000] {logging_mixin.py:190} INFO - [2025-09-07T22:28:28.574+0000] {dagbag.py:588} INFO - Filling up the DagBag from /usr/local/python/3.12.1/lib/python3.12/site-packages/airflow/example_dags/example_branch_python_dop_operator_3.py
[2025-09-07T22:28:28.583+0000] {processor.py:925} INFO - DAG(s) 'example_branch_dop_operator_v3' retrieved from /usr/local/python/3.12.1/lib/python3.12/site-packages/airflow/example_dags/example_branch_python_dop_operator_3.py
[2025-09-07T22:28:28.668+0000] {logging_mixin.py:190} INFO - [2025-09-07T22:28:28.667+0000] {override.py:1900} INFO - Created Permission View: can edit on DAG:example_branch_dop_operator_v3
[2025-09-07T22:28:28.677+0000] {logging_mixin.py:190} INFO - [2025-09-07T22:28:28.676+0000] {override.py:1900} INFO - Created Permission View: can delete on DAG:example_branch_dop_operator_v3
[2025-09-07T22:28:28.683+0000] {logging_mixin.py:190} INFO - [2025-09-07T22:28:28.683+0000] {override.py:1900} INFO - Created Permission View: can read on DAG:example_branch_dop_operator_v3
[2025-09-07T22:28:28.692+0000] {logging_mixin.py:190} INFO - [2025-09-07T22:28:28.692+0000] {override.py:1900} INFO - Created Permission View: can delete on DAG Run:example_branch_dop_operator_v3
[2025-09-07T22:28:28.699+0000] {logging_mixin.py:190} INFO - [2025-09-07T22:28:28.698+0000] {override.py:1900} INFO - Created Permission View: can create on DAG Run:example_branch_dop_operator_v3
[2025-09-07T22:28:28.705+0000] {logging_mixin.py:190} INFO - [2025-09-07T22:28:28.705+0000] {override.py:1900} INFO - Created Permission View: can read on DAG Run:example_branch_dop_operator_v3
[2025-09-07T22:28:28.711+0000] {logging_mixin.py:190} INFO - [2025-09-07T22:28:28.711+0000] {override.py:1900} INFO - Created Permission View: menu access on DAG Run:example_branch_dop_operator_v3
[2025-09-07T22:28:28.711+0000] {logging_mixin.py:190} INFO - [2025-09-07T22:28:28.711+0000] {dag.py:3239} INFO - Sync 1 DAGs
[2025-09-07T22:28:28.724+0000] {logging_mixin.py:190} INFO - [2025-09-07T22:28:28.724+0000] {dag.py:3262} INFO - Creating ORM DAG for example_branch_dop_operator_v3
[2025-09-07T22:28:28.739+0000] {logging_mixin.py:190} INFO - [2025-09-07T22:28:28.738+0000] {dag.py:4180} INFO - Setting next_dagrun for example_branch_dop_operator_v3 to 2025-09-07 22:27:00+00:00, run_after=2025-09-07 22:28:00+00:00
[2025-09-07T22:28:28.759+0000] {processor.py:208} INFO - Processing /usr/local/python/3.12.1/lib/python3.12/site-packages/airflow/example_dags/example_branch_python_dop_operator_3.py took 0.190 seconds
[2025-09-07T22:29:27.310+0000] {processor.py:186} INFO - Started process (PID=12710) to work on /usr/local/python/3.12.1/lib/python3.12/site-packages/airflow/example_dags/example_branch_python_dop_operator_3.py
[2025-09-07T22:29:27.311+0000] {processor.py:914} INFO - Processing file /usr/local/python/3.12.1/lib/python3.12/site-packages/airflow/example_dags/example_branch_python_dop_operator_3.py for tasks to queue
[2025-09-07T22:29:27.312+0000] {logging_mixin.py:190} INFO - [2025-09-07T22:29:27.312+0000] {dagbag.py:588} INFO - Filling up the DagBag from /usr/local/python/3.12.1/lib/python3.12/site-packages/airflow/example_dags/example_branch_python_dop_operator_3.py
[2025-09-07T22:29:27.320+0000] {processor.py:925} INFO - DAG(s) 'example_branch_dop_operator_v3' retrieved from /usr/local/python/3.12.1/lib/python3.12/site-packages/airflow/example_dags/example_branch_python_dop_operator_3.py
[2025-09-07T22:29:27.332+0000] {logging_mixin.py:190} INFO - [2025-09-07T22:29:27.331+0000] {dag.py:3239} INFO - Sync 1 DAGs
[2025-09-07T22:29:27.349+0000] {logging_mixin.py:190} INFO - [2025-09-07T22:29:27.349+0000] {dag.py:4180} INFO - Setting next_dagrun for example_branch_dop_operator_v3 to 2025-09-07 22:28:00+00:00, run_after=2025-09-07 22:29:00+00:00
[2025-09-07T22:29:27.365+0000] {processor.py:208} INFO - Processing /usr/local/python/3.12.1/lib/python3.12/site-packages/airflow/example_dags/example_branch_python_dop_operator_3.py took 0.059 seconds
[2025-09-07T22:30:21.388+0000] {processor.py:186} INFO - Started process (PID=13369) to work on /usr/local/python/3.12.1/lib/python3.12/site-packages/airflow/example_dags/example_branch_python_dop_operator_3.py
[2025-09-07T22:30:21.389+0000] {processor.py:914} INFO - Processing file /usr/local/python/3.12.1/lib/python3.12/site-packages/airflow/example_dags/example_branch_python_dop_operator_3.py for tasks to queue
[2025-09-07T22:30:21.390+0000] {logging_mixin.py:190} INFO - [2025-09-07T22:30:21.390+0000] {dagbag.py:588} INFO - Filling up the DagBag from /usr/local/python/3.12.1/lib/python3.12/site-packages/airflow/example_dags/example_branch_python_dop_operator_3.py
[2025-09-07T22:30:21.399+0000] {processor.py:925} INFO - DAG(s) 'example_branch_dop_operator_v3' retrieved from /usr/local/python/3.12.1/lib/python3.12/site-packages/airflow/example_dags/example_branch_python_dop_operator_3.py
[2025-09-07T22:30:21.412+0000] {logging_mixin.py:190} INFO - [2025-09-07T22:30:21.412+0000] {dag.py:3239} INFO - Sync 1 DAGs
[2025-09-07T22:30:21.430+0000] {logging_mixin.py:190} INFO - [2025-09-07T22:30:21.429+0000] {dag.py:4180} INFO - Setting next_dagrun for example_branch_dop_operator_v3 to 2025-09-07 22:29:00+00:00, run_after=2025-09-07 22:30:00+00:00
[2025-09-07T22:30:21.447+0000] {processor.py:208} INFO - Processing /usr/local/python/3.12.1/lib/python3.12/site-packages/airflow/example_dags/example_branch_python_dop_operator_3.py took 0.063 seconds
[2025-09-07T22:31:50.742+0000] {processor.py:186} INFO - Started process (PID=14460) to work on /usr/local/python/3.12.1/lib/python3.12/site-packages/airflow/example_dags/example_branch_python_dop_operator_3.py
[2025-09-07T22:31:50.743+0000] {processor.py:914} INFO - Processing file /usr/local/python/3.12.1/lib/python3.12/site-packages/airflow/example_dags/example_branch_python_dop_operator_3.py for tasks to queue
[2025-09-07T22:31:50.744+0000] {logging_mixin.py:190} INFO - [2025-09-07T22:31:50.744+0000] {dagbag.py:588} INFO - Filling up the DagBag from /usr/local/python/3.12.1/lib/python3.12/site-packages/airflow/example_dags/example_branch_python_dop_operator_3.py
[2025-09-07T22:31:50.753+0000] {processor.py:925} INFO - DAG(s) 'example_branch_dop_operator_v3' retrieved from /usr/local/python/3.12.1/lib/python3.12/site-packages/airflow/example_dags/example_branch_python_dop_operator_3.py
[2025-09-07T22:31:50.768+0000] {logging_mixin.py:190} INFO - [2025-09-07T22:31:50.768+0000] {dag.py:3239} INFO - Sync 1 DAGs
[2025-09-07T22:31:50.790+0000] {logging_mixin.py:190} INFO - [2025-09-07T22:31:50.790+0000] {dag.py:4180} INFO - Setting next_dagrun for example_branch_dop_operator_v3 to 2025-09-07 22:30:00+00:00, run_after=2025-09-07 22:31:00+00:00
[2025-09-07T22:31:50.813+0000] {processor.py:208} INFO - Processing /usr/local/python/3.12.1/lib/python3.12/site-packages/airflow/example_dags/example_branch_python_dop_operator_3.py took 0.075 seconds
