[2025-09-07T22:28:31.337+0000] {processor.py:186} INFO - Started process (PID=12015) to work on /usr/local/python/3.12.1/lib/python3.12/site-packages/airflow/example_dags/example_bash_decorator.py
[2025-09-07T22:28:31.338+0000] {processor.py:914} INFO - Processing file /usr/local/python/3.12.1/lib/python3.12/site-packages/airflow/example_dags/example_bash_decorator.py for tasks to queue
[2025-09-07T22:28:31.339+0000] {logging_mixin.py:190} INFO - [2025-09-07T22:28:31.339+0000] {dagbag.py:588} INFO - Filling up the DagBag from /usr/local/python/3.12.1/lib/python3.12/site-packages/airflow/example_dags/example_bash_decorator.py
[2025-09-07T22:28:31.351+0000] {processor.py:925} INFO - DAG(s) 'example_bash_decorator' retrieved from /usr/local/python/3.12.1/lib/python3.12/site-packages/airflow/example_dags/example_bash_decorator.py
[2025-09-07T22:28:31.474+0000] {logging_mixin.py:190} INFO - [2025-09-07T22:28:31.474+0000] {override.py:1900} INFO - Created Permission View: can edit on DAG:example_bash_decorator
[2025-09-07T22:28:31.483+0000] {logging_mixin.py:190} INFO - [2025-09-07T22:28:31.483+0000] {override.py:1900} INFO - Created Permission View: can delete on DAG:example_bash_decorator
[2025-09-07T22:28:31.490+0000] {logging_mixin.py:190} INFO - [2025-09-07T22:28:31.490+0000] {override.py:1900} INFO - Created Permission View: can read on DAG:example_bash_decorator
[2025-09-07T22:28:31.499+0000] {logging_mixin.py:190} INFO - [2025-09-07T22:28:31.499+0000] {override.py:1900} INFO - Created Permission View: can delete on DAG Run:example_bash_decorator
[2025-09-07T22:28:31.505+0000] {logging_mixin.py:190} INFO - [2025-09-07T22:28:31.505+0000] {override.py:1900} INFO - Created Permission View: can create on DAG Run:example_bash_decorator
[2025-09-07T22:28:31.511+0000] {logging_mixin.py:190} INFO - [2025-09-07T22:28:31.511+0000] {override.py:1900} INFO - Created Permission View: can read on DAG Run:example_bash_decorator
[2025-09-07T22:28:31.517+0000] {logging_mixin.py:190} INFO - [2025-09-07T22:28:31.517+0000] {override.py:1900} INFO - Created Permission View: menu access on DAG Run:example_bash_decorator
[2025-09-07T22:28:31.517+0000] {logging_mixin.py:190} INFO - [2025-09-07T22:28:31.517+0000] {dag.py:3239} INFO - Sync 1 DAGs
[2025-09-07T22:28:31.526+0000] {logging_mixin.py:190} INFO - [2025-09-07T22:28:31.526+0000] {dag.py:3262} INFO - Creating ORM DAG for example_bash_decorator
[2025-09-07T22:28:31.527+0000] {logging_mixin.py:190} INFO - [2025-09-07T22:28:31.526+0000] {dag.py:4180} INFO - Setting next_dagrun for example_bash_decorator to None, run_after=None
[2025-09-07T22:28:31.542+0000] {processor.py:208} INFO - Processing /usr/local/python/3.12.1/lib/python3.12/site-packages/airflow/example_dags/example_bash_decorator.py took 0.208 seconds
[2025-09-07T22:29:29.428+0000] {processor.py:186} INFO - Started process (PID=12724) to work on /usr/local/python/3.12.1/lib/python3.12/site-packages/airflow/example_dags/example_bash_decorator.py
[2025-09-07T22:29:29.428+0000] {processor.py:914} INFO - Processing file /usr/local/python/3.12.1/lib/python3.12/site-packages/airflow/example_dags/example_bash_decorator.py for tasks to queue
[2025-09-07T22:29:29.430+0000] {logging_mixin.py:190} INFO - [2025-09-07T22:29:29.429+0000] {dagbag.py:588} INFO - Filling up the DagBag from /usr/local/python/3.12.1/lib/python3.12/site-packages/airflow/example_dags/example_bash_decorator.py
[2025-09-07T22:29:29.441+0000] {processor.py:925} INFO - DAG(s) 'example_bash_decorator' retrieved from /usr/local/python/3.12.1/lib/python3.12/site-packages/airflow/example_dags/example_bash_decorator.py
[2025-09-07T22:29:29.455+0000] {logging_mixin.py:190} INFO - [2025-09-07T22:29:29.455+0000] {dag.py:3239} INFO - Sync 1 DAGs
[2025-09-07T22:29:29.464+0000] {logging_mixin.py:190} INFO - [2025-09-07T22:29:29.464+0000] {dag.py:4180} INFO - Setting next_dagrun for example_bash_decorator to None, run_after=None
[2025-09-07T22:29:29.479+0000] {processor.py:208} INFO - Processing /usr/local/python/3.12.1/lib/python3.12/site-packages/airflow/example_dags/example_bash_decorator.py took 0.056 seconds
[2025-09-07T22:31:54.086+0000] {processor.py:186} INFO - Started process (PID=14489) to work on /usr/local/python/3.12.1/lib/python3.12/site-packages/airflow/example_dags/example_bash_decorator.py
[2025-09-07T22:31:54.087+0000] {processor.py:914} INFO - Processing file /usr/local/python/3.12.1/lib/python3.12/site-packages/airflow/example_dags/example_bash_decorator.py for tasks to queue
[2025-09-07T22:31:54.088+0000] {logging_mixin.py:190} INFO - [2025-09-07T22:31:54.088+0000] {dagbag.py:588} INFO - Filling up the DagBag from /usr/local/python/3.12.1/lib/python3.12/site-packages/airflow/example_dags/example_bash_decorator.py
[2025-09-07T22:31:54.100+0000] {processor.py:925} INFO - DAG(s) 'example_bash_decorator' retrieved from /usr/local/python/3.12.1/lib/python3.12/site-packages/airflow/example_dags/example_bash_decorator.py
[2025-09-07T22:31:54.185+0000] {logging_mixin.py:190} INFO - [2025-09-07T22:31:54.185+0000] {dag.py:3239} INFO - Sync 1 DAGs
[2025-09-07T22:31:54.196+0000] {logging_mixin.py:190} INFO - [2025-09-07T22:31:54.196+0000] {dag.py:4180} INFO - Setting next_dagrun for example_bash_decorator to None, run_after=None
[2025-09-07T22:31:54.214+0000] {processor.py:208} INFO - Processing /usr/local/python/3.12.1/lib/python3.12/site-packages/airflow/example_dags/example_bash_decorator.py took 0.131 seconds
