[2025-09-07T22:28:14.194+0000] {processor.py:186} INFO - Started process (PID=11871) to work on /usr/local/python/3.12.1/lib/python3.12/site-packages/airflow/example_dags/example_nested_branch_dag.py
[2025-09-07T22:28:14.195+0000] {processor.py:914} INFO - Processing file /usr/local/python/3.12.1/lib/python3.12/site-packages/airflow/example_dags/example_nested_branch_dag.py for tasks to queue
[2025-09-07T22:28:14.196+0000] {logging_mixin.py:190} INFO - [2025-09-07T22:28:14.196+0000] {dagbag.py:588} INFO - Filling up the DagBag from /usr/local/python/3.12.1/lib/python3.12/site-packages/airflow/example_dags/example_nested_branch_dag.py
[2025-09-07T22:28:14.206+0000] {processor.py:925} INFO - DAG(s) 'example_nested_branch_dag' retrieved from /usr/local/python/3.12.1/lib/python3.12/site-packages/airflow/example_dags/example_nested_branch_dag.py
[2025-09-07T22:28:14.292+0000] {logging_mixin.py:190} INFO - [2025-09-07T22:28:14.292+0000] {override.py:1900} INFO - Created Permission View: can edit on DAG:example_nested_branch_dag
[2025-09-07T22:28:14.301+0000] {logging_mixin.py:190} INFO - [2025-09-07T22:28:14.301+0000] {override.py:1900} INFO - Created Permission View: can delete on DAG:example_nested_branch_dag
[2025-09-07T22:28:14.307+0000] {logging_mixin.py:190} INFO - [2025-09-07T22:28:14.307+0000] {override.py:1900} INFO - Created Permission View: can read on DAG:example_nested_branch_dag
[2025-09-07T22:28:14.317+0000] {logging_mixin.py:190} INFO - [2025-09-07T22:28:14.317+0000] {override.py:1900} INFO - Created Permission View: can delete on DAG Run:example_nested_branch_dag
[2025-09-07T22:28:14.323+0000] {logging_mixin.py:190} INFO - [2025-09-07T22:28:14.323+0000] {override.py:1900} INFO - Created Permission View: can create on DAG Run:example_nested_branch_dag
[2025-09-07T22:28:14.329+0000] {logging_mixin.py:190} INFO - [2025-09-07T22:28:14.329+0000] {override.py:1900} INFO - Created Permission View: can read on DAG Run:example_nested_branch_dag
[2025-09-07T22:28:14.335+0000] {logging_mixin.py:190} INFO - [2025-09-07T22:28:14.334+0000] {override.py:1900} INFO - Created Permission View: menu access on DAG Run:example_nested_branch_dag
[2025-09-07T22:28:14.335+0000] {logging_mixin.py:190} INFO - [2025-09-07T22:28:14.335+0000] {dag.py:3239} INFO - Sync 1 DAGs
[2025-09-07T22:28:14.344+0000] {logging_mixin.py:190} INFO - [2025-09-07T22:28:14.344+0000] {dag.py:3262} INFO - Creating ORM DAG for example_nested_branch_dag
[2025-09-07T22:28:14.351+0000] {logging_mixin.py:190} INFO - [2025-09-07T22:28:14.351+0000] {dag.py:4180} INFO - Setting next_dagrun for example_nested_branch_dag to 2025-09-06 00:00:00+00:00, run_after=2025-09-07 00:00:00+00:00
[2025-09-07T22:28:14.366+0000] {processor.py:208} INFO - Processing /usr/local/python/3.12.1/lib/python3.12/site-packages/airflow/example_dags/example_nested_branch_dag.py took 0.176 seconds
[2025-09-07T22:29:14.729+0000] {processor.py:186} INFO - Started process (PID=12530) to work on /usr/local/python/3.12.1/lib/python3.12/site-packages/airflow/example_dags/example_nested_branch_dag.py
[2025-09-07T22:29:14.729+0000] {processor.py:914} INFO - Processing file /usr/local/python/3.12.1/lib/python3.12/site-packages/airflow/example_dags/example_nested_branch_dag.py for tasks to queue
[2025-09-07T22:29:14.731+0000] {logging_mixin.py:190} INFO - [2025-09-07T22:29:14.731+0000] {dagbag.py:588} INFO - Filling up the DagBag from /usr/local/python/3.12.1/lib/python3.12/site-packages/airflow/example_dags/example_nested_branch_dag.py
[2025-09-07T22:29:14.744+0000] {processor.py:925} INFO - DAG(s) 'example_nested_branch_dag' retrieved from /usr/local/python/3.12.1/lib/python3.12/site-packages/airflow/example_dags/example_nested_branch_dag.py
[2025-09-07T22:29:14.761+0000] {logging_mixin.py:190} INFO - [2025-09-07T22:29:14.761+0000] {dag.py:3239} INFO - Sync 1 DAGs
[2025-09-07T22:29:14.777+0000] {logging_mixin.py:190} INFO - [2025-09-07T22:29:14.776+0000] {dag.py:4180} INFO - Setting next_dagrun for example_nested_branch_dag to 2025-09-06 00:00:00+00:00, run_after=2025-09-07 00:00:00+00:00
[2025-09-07T22:29:14.795+0000] {processor.py:208} INFO - Processing /usr/local/python/3.12.1/lib/python3.12/site-packages/airflow/example_dags/example_nested_branch_dag.py took 0.071 seconds
[2025-09-07T22:30:08.833+0000] {processor.py:186} INFO - Started process (PID=13173) to work on /usr/local/python/3.12.1/lib/python3.12/site-packages/airflow/example_dags/example_nested_branch_dag.py
[2025-09-07T22:30:08.833+0000] {processor.py:914} INFO - Processing file /usr/local/python/3.12.1/lib/python3.12/site-packages/airflow/example_dags/example_nested_branch_dag.py for tasks to queue
[2025-09-07T22:30:08.835+0000] {logging_mixin.py:190} INFO - [2025-09-07T22:30:08.835+0000] {dagbag.py:588} INFO - Filling up the DagBag from /usr/local/python/3.12.1/lib/python3.12/site-packages/airflow/example_dags/example_nested_branch_dag.py
[2025-09-07T22:30:08.844+0000] {processor.py:925} INFO - DAG(s) 'example_nested_branch_dag' retrieved from /usr/local/python/3.12.1/lib/python3.12/site-packages/airflow/example_dags/example_nested_branch_dag.py
[2025-09-07T22:30:08.856+0000] {logging_mixin.py:190} INFO - [2025-09-07T22:30:08.856+0000] {dag.py:3239} INFO - Sync 1 DAGs
[2025-09-07T22:30:08.872+0000] {logging_mixin.py:190} INFO - [2025-09-07T22:30:08.872+0000] {dag.py:4180} INFO - Setting next_dagrun for example_nested_branch_dag to 2025-09-06 00:00:00+00:00, run_after=2025-09-07 00:00:00+00:00
[2025-09-07T22:30:08.888+0000] {processor.py:208} INFO - Processing /usr/local/python/3.12.1/lib/python3.12/site-packages/airflow/example_dags/example_nested_branch_dag.py took 0.059 seconds
[2025-09-07T22:31:38.859+0000] {processor.py:186} INFO - Started process (PID=14343) to work on /usr/local/python/3.12.1/lib/python3.12/site-packages/airflow/example_dags/example_nested_branch_dag.py
[2025-09-07T22:31:38.860+0000] {processor.py:914} INFO - Processing file /usr/local/python/3.12.1/lib/python3.12/site-packages/airflow/example_dags/example_nested_branch_dag.py for tasks to queue
[2025-09-07T22:31:38.866+0000] {logging_mixin.py:190} INFO - [2025-09-07T22:31:38.865+0000] {dagbag.py:588} INFO - Filling up the DagBag from /usr/local/python/3.12.1/lib/python3.12/site-packages/airflow/example_dags/example_nested_branch_dag.py
[2025-09-07T22:31:38.881+0000] {processor.py:925} INFO - DAG(s) 'example_nested_branch_dag' retrieved from /usr/local/python/3.12.1/lib/python3.12/site-packages/airflow/example_dags/example_nested_branch_dag.py
[2025-09-07T22:31:38.905+0000] {logging_mixin.py:190} INFO - [2025-09-07T22:31:38.905+0000] {dag.py:3239} INFO - Sync 1 DAGs
[2025-09-07T22:31:38.931+0000] {logging_mixin.py:190} INFO - [2025-09-07T22:31:38.931+0000] {dag.py:4180} INFO - Setting next_dagrun for example_nested_branch_dag to 2025-09-06 00:00:00+00:00, run_after=2025-09-07 00:00:00+00:00
[2025-09-07T22:31:38.965+0000] {processor.py:208} INFO - Processing /usr/local/python/3.12.1/lib/python3.12/site-packages/airflow/example_dags/example_nested_branch_dag.py took 0.112 seconds
