[2025-09-07T22:27:50.573+0000] {processor.py:186} INFO - Started process (PID=11680) to work on /usr/local/python/3.12.1/lib/python3.12/site-packages/airflow/example_dags/example_workday_timetable.py
[2025-09-07T22:27:50.574+0000] {processor.py:914} INFO - Processing file /usr/local/python/3.12.1/lib/python3.12/site-packages/airflow/example_dags/example_workday_timetable.py for tasks to queue
[2025-09-07T22:27:50.575+0000] {logging_mixin.py:190} INFO - [2025-09-07T22:27:50.575+0000] {dagbag.py:588} INFO - Filling up the DagBag from /usr/local/python/3.12.1/lib/python3.12/site-packages/airflow/example_dags/example_workday_timetable.py
[2025-09-07T22:27:50.579+0000] {processor.py:925} INFO - DAG(s) 'example_workday_timetable' retrieved from /usr/local/python/3.12.1/lib/python3.12/site-packages/airflow/example_dags/example_workday_timetable.py
[2025-09-07T22:27:50.662+0000] {logging_mixin.py:190} INFO - [2025-09-07T22:27:50.662+0000] {override.py:1900} INFO - Created Permission View: can edit on DAG:example_workday_timetable
[2025-09-07T22:27:50.671+0000] {logging_mixin.py:190} INFO - [2025-09-07T22:27:50.671+0000] {override.py:1900} INFO - Created Permission View: can delete on DAG:example_workday_timetable
[2025-09-07T22:27:50.677+0000] {logging_mixin.py:190} INFO - [2025-09-07T22:27:50.677+0000] {override.py:1900} INFO - Created Permission View: can read on DAG:example_workday_timetable
[2025-09-07T22:27:50.687+0000] {logging_mixin.py:190} INFO - [2025-09-07T22:27:50.686+0000] {override.py:1900} INFO - Created Permission View: can delete on DAG Run:example_workday_timetable
[2025-09-07T22:27:50.693+0000] {logging_mixin.py:190} INFO - [2025-09-07T22:27:50.692+0000] {override.py:1900} INFO - Created Permission View: can create on DAG Run:example_workday_timetable
[2025-09-07T22:27:50.699+0000] {logging_mixin.py:190} INFO - [2025-09-07T22:27:50.699+0000] {override.py:1900} INFO - Created Permission View: can read on DAG Run:example_workday_timetable
[2025-09-07T22:27:50.705+0000] {logging_mixin.py:190} INFO - [2025-09-07T22:27:50.705+0000] {override.py:1900} INFO - Created Permission View: menu access on DAG Run:example_workday_timetable
[2025-09-07T22:27:50.705+0000] {logging_mixin.py:190} INFO - [2025-09-07T22:27:50.705+0000] {dag.py:3239} INFO - Sync 1 DAGs
[2025-09-07T22:27:50.714+0000] {logging_mixin.py:190} INFO - [2025-09-07T22:27:50.713+0000] {dag.py:3262} INFO - Creating ORM DAG for example_workday_timetable
[2025-09-07T22:27:50.787+0000] {logging_mixin.py:190} INFO - [2025-09-07T22:27:50.787+0000] {dag.py:4180} INFO - Setting next_dagrun for example_workday_timetable to 2021-01-04 00:00:00+00:00, run_after=2021-01-05 00:00:00+00:00
[2025-09-07T22:27:50.804+0000] {processor.py:208} INFO - Processing /usr/local/python/3.12.1/lib/python3.12/site-packages/airflow/example_dags/example_workday_timetable.py took 0.235 seconds
[2025-09-07T22:28:54.038+0000] {processor.py:186} INFO - Started process (PID=12246) to work on /usr/local/python/3.12.1/lib/python3.12/site-packages/airflow/example_dags/example_workday_timetable.py
[2025-09-07T22:28:54.039+0000] {processor.py:914} INFO - Processing file /usr/local/python/3.12.1/lib/python3.12/site-packages/airflow/example_dags/example_workday_timetable.py for tasks to queue
[2025-09-07T22:28:54.040+0000] {logging_mixin.py:190} INFO - [2025-09-07T22:28:54.040+0000] {dagbag.py:588} INFO - Filling up the DagBag from /usr/local/python/3.12.1/lib/python3.12/site-packages/airflow/example_dags/example_workday_timetable.py
[2025-09-07T22:28:54.046+0000] {processor.py:925} INFO - DAG(s) 'example_workday_timetable' retrieved from /usr/local/python/3.12.1/lib/python3.12/site-packages/airflow/example_dags/example_workday_timetable.py
[2025-09-07T22:28:54.063+0000] {logging_mixin.py:190} INFO - [2025-09-07T22:28:54.063+0000] {dag.py:3239} INFO - Sync 1 DAGs
[2025-09-07T22:28:54.129+0000] {logging_mixin.py:190} INFO - [2025-09-07T22:28:54.129+0000] {dag.py:4180} INFO - Setting next_dagrun for example_workday_timetable to 2021-01-04 00:00:00+00:00, run_after=2021-01-05 00:00:00+00:00
[2025-09-07T22:28:54.149+0000] {processor.py:208} INFO - Processing /usr/local/python/3.12.1/lib/python3.12/site-packages/airflow/example_dags/example_workday_timetable.py took 0.115 seconds
[2025-09-07T22:29:48.280+0000] {processor.py:186} INFO - Started process (PID=12893) to work on /usr/local/python/3.12.1/lib/python3.12/site-packages/airflow/example_dags/example_workday_timetable.py
[2025-09-07T22:29:48.281+0000] {processor.py:914} INFO - Processing file /usr/local/python/3.12.1/lib/python3.12/site-packages/airflow/example_dags/example_workday_timetable.py for tasks to queue
[2025-09-07T22:29:48.283+0000] {logging_mixin.py:190} INFO - [2025-09-07T22:29:48.282+0000] {dagbag.py:588} INFO - Filling up the DagBag from /usr/local/python/3.12.1/lib/python3.12/site-packages/airflow/example_dags/example_workday_timetable.py
[2025-09-07T22:29:48.287+0000] {processor.py:925} INFO - DAG(s) 'example_workday_timetable' retrieved from /usr/local/python/3.12.1/lib/python3.12/site-packages/airflow/example_dags/example_workday_timetable.py
[2025-09-07T22:29:48.298+0000] {logging_mixin.py:190} INFO - [2025-09-07T22:29:48.298+0000] {dag.py:3239} INFO - Sync 1 DAGs
[2025-09-07T22:29:48.342+0000] {logging_mixin.py:190} INFO - [2025-09-07T22:29:48.342+0000] {dag.py:4180} INFO - Setting next_dagrun for example_workday_timetable to 2021-01-04 00:00:00+00:00, run_after=2021-01-05 00:00:00+00:00
[2025-09-07T22:29:48.358+0000] {processor.py:208} INFO - Processing /usr/local/python/3.12.1/lib/python3.12/site-packages/airflow/example_dags/example_workday_timetable.py took 0.082 seconds
[2025-09-07T22:30:36.819+0000] {processor.py:186} INFO - Started process (PID=13603) to work on /usr/local/python/3.12.1/lib/python3.12/site-packages/airflow/example_dags/example_workday_timetable.py
[2025-09-07T22:30:36.819+0000] {processor.py:914} INFO - Processing file /usr/local/python/3.12.1/lib/python3.12/site-packages/airflow/example_dags/example_workday_timetable.py for tasks to queue
[2025-09-07T22:30:36.821+0000] {logging_mixin.py:190} INFO - [2025-09-07T22:30:36.821+0000] {dagbag.py:588} INFO - Filling up the DagBag from /usr/local/python/3.12.1/lib/python3.12/site-packages/airflow/example_dags/example_workday_timetable.py
[2025-09-07T22:30:36.825+0000] {processor.py:925} INFO - DAG(s) 'example_workday_timetable' retrieved from /usr/local/python/3.12.1/lib/python3.12/site-packages/airflow/example_dags/example_workday_timetable.py
[2025-09-07T22:30:36.837+0000] {logging_mixin.py:190} INFO - [2025-09-07T22:30:36.837+0000] {dag.py:3239} INFO - Sync 1 DAGs
[2025-09-07T22:30:36.879+0000] {logging_mixin.py:190} INFO - [2025-09-07T22:30:36.879+0000] {dag.py:4180} INFO - Setting next_dagrun for example_workday_timetable to 2021-01-04 00:00:00+00:00, run_after=2021-01-05 00:00:00+00:00
[2025-09-07T22:30:36.896+0000] {processor.py:208} INFO - Processing /usr/local/python/3.12.1/lib/python3.12/site-packages/airflow/example_dags/example_workday_timetable.py took 0.082 seconds
[2025-09-07T22:31:19.760+0000] {processor.py:186} INFO - Started process (PID=14187) to work on /usr/local/python/3.12.1/lib/python3.12/site-packages/airflow/example_dags/example_workday_timetable.py
[2025-09-07T22:31:19.760+0000] {processor.py:914} INFO - Processing file /usr/local/python/3.12.1/lib/python3.12/site-packages/airflow/example_dags/example_workday_timetable.py for tasks to queue
[2025-09-07T22:31:19.762+0000] {logging_mixin.py:190} INFO - [2025-09-07T22:31:19.762+0000] {dagbag.py:588} INFO - Filling up the DagBag from /usr/local/python/3.12.1/lib/python3.12/site-packages/airflow/example_dags/example_workday_timetable.py
[2025-09-07T22:31:19.767+0000] {processor.py:925} INFO - DAG(s) 'example_workday_timetable' retrieved from /usr/local/python/3.12.1/lib/python3.12/site-packages/airflow/example_dags/example_workday_timetable.py
[2025-09-07T22:31:19.781+0000] {logging_mixin.py:190} INFO - [2025-09-07T22:31:19.780+0000] {dag.py:3239} INFO - Sync 1 DAGs
[2025-09-07T22:31:19.829+0000] {logging_mixin.py:190} INFO - [2025-09-07T22:31:19.829+0000] {dag.py:4180} INFO - Setting next_dagrun for example_workday_timetable to 2021-01-04 00:00:00+00:00, run_after=2021-01-05 00:00:00+00:00
[2025-09-07T22:31:19.845+0000] {processor.py:208} INFO - Processing /usr/local/python/3.12.1/lib/python3.12/site-packages/airflow/example_dags/example_workday_timetable.py took 0.089 seconds
[2025-09-07T22:32:14.508+0000] {processor.py:186} INFO - Started process (PID=14658) to work on /usr/local/python/3.12.1/lib/python3.12/site-packages/airflow/example_dags/example_workday_timetable.py
[2025-09-07T22:32:14.509+0000] {processor.py:914} INFO - Processing file /usr/local/python/3.12.1/lib/python3.12/site-packages/airflow/example_dags/example_workday_timetable.py for tasks to queue
[2025-09-07T22:32:14.511+0000] {logging_mixin.py:190} INFO - [2025-09-07T22:32:14.510+0000] {dagbag.py:588} INFO - Filling up the DagBag from /usr/local/python/3.12.1/lib/python3.12/site-packages/airflow/example_dags/example_workday_timetable.py
[2025-09-07T22:32:14.515+0000] {processor.py:925} INFO - DAG(s) 'example_workday_timetable' retrieved from /usr/local/python/3.12.1/lib/python3.12/site-packages/airflow/example_dags/example_workday_timetable.py
[2025-09-07T22:32:14.526+0000] {logging_mixin.py:190} INFO - [2025-09-07T22:32:14.526+0000] {dag.py:3239} INFO - Sync 1 DAGs
[2025-09-07T22:32:14.567+0000] {logging_mixin.py:190} INFO - [2025-09-07T22:32:14.567+0000] {dag.py:4180} INFO - Setting next_dagrun for example_workday_timetable to 2021-01-04 00:00:00+00:00, run_after=2021-01-05 00:00:00+00:00
[2025-09-07T22:32:14.582+0000] {processor.py:208} INFO - Processing /usr/local/python/3.12.1/lib/python3.12/site-packages/airflow/example_dags/example_workday_timetable.py took 0.078 seconds
