[2025-09-07T22:28:24.608+0000] {processor.py:186} INFO - Started process (PID=11960) to work on /usr/local/python/3.12.1/lib/python3.12/site-packages/airflow/example_dags/example_dataset_alias.py
[2025-09-07T22:28:24.608+0000] {processor.py:914} INFO - Processing file /usr/local/python/3.12.1/lib/python3.12/site-packages/airflow/example_dags/example_dataset_alias.py for tasks to queue
[2025-09-07T22:28:24.610+0000] {logging_mixin.py:190} INFO - [2025-09-07T22:28:24.610+0000] {dagbag.py:588} INFO - Filling up the DagBag from /usr/local/python/3.12.1/lib/python3.12/site-packages/airflow/example_dags/example_dataset_alias.py
[2025-09-07T22:28:24.623+0000] {processor.py:925} INFO - DAG(s) 'dataset_alias_example_alias_consumer', 'dataset_alias_example_alias_producer', 'dataset_s3_bucket_producer', 'dataset_s3_bucket_consumer' retrieved from /usr/local/python/3.12.1/lib/python3.12/site-packages/airflow/example_dags/example_dataset_alias.py
[2025-09-07T22:28:24.704+0000] {logging_mixin.py:190} INFO - [2025-09-07T22:28:24.703+0000] {override.py:1900} INFO - Created Permission View: can edit on DAG:dataset_alias_example_alias_consumer
[2025-09-07T22:28:24.713+0000] {logging_mixin.py:190} INFO - [2025-09-07T22:28:24.712+0000] {override.py:1900} INFO - Created Permission View: can delete on DAG:dataset_alias_example_alias_consumer
[2025-09-07T22:28:24.719+0000] {logging_mixin.py:190} INFO - [2025-09-07T22:28:24.719+0000] {override.py:1900} INFO - Created Permission View: can read on DAG:dataset_alias_example_alias_consumer
[2025-09-07T22:28:24.731+0000] {logging_mixin.py:190} INFO - [2025-09-07T22:28:24.730+0000] {override.py:1900} INFO - Created Permission View: can delete on DAG Run:dataset_alias_example_alias_consumer
[2025-09-07T22:28:24.738+0000] {logging_mixin.py:190} INFO - [2025-09-07T22:28:24.738+0000] {override.py:1900} INFO - Created Permission View: can create on DAG Run:dataset_alias_example_alias_consumer
[2025-09-07T22:28:24.744+0000] {logging_mixin.py:190} INFO - [2025-09-07T22:28:24.744+0000] {override.py:1900} INFO - Created Permission View: can read on DAG Run:dataset_alias_example_alias_consumer
[2025-09-07T22:28:24.750+0000] {logging_mixin.py:190} INFO - [2025-09-07T22:28:24.750+0000] {override.py:1900} INFO - Created Permission View: menu access on DAG Run:dataset_alias_example_alias_consumer
[2025-09-07T22:28:24.765+0000] {logging_mixin.py:190} INFO - [2025-09-07T22:28:24.765+0000] {override.py:1900} INFO - Created Permission View: can edit on DAG:dataset_alias_example_alias_producer
[2025-09-07T22:28:24.771+0000] {logging_mixin.py:190} INFO - [2025-09-07T22:28:24.771+0000] {override.py:1900} INFO - Created Permission View: can delete on DAG:dataset_alias_example_alias_producer
[2025-09-07T22:28:24.777+0000] {logging_mixin.py:190} INFO - [2025-09-07T22:28:24.777+0000] {override.py:1900} INFO - Created Permission View: can read on DAG:dataset_alias_example_alias_producer
[2025-09-07T22:28:24.786+0000] {logging_mixin.py:190} INFO - [2025-09-07T22:28:24.786+0000] {override.py:1900} INFO - Created Permission View: can delete on DAG Run:dataset_alias_example_alias_producer
[2025-09-07T22:28:24.792+0000] {logging_mixin.py:190} INFO - [2025-09-07T22:28:24.792+0000] {override.py:1900} INFO - Created Permission View: can create on DAG Run:dataset_alias_example_alias_producer
[2025-09-07T22:28:24.798+0000] {logging_mixin.py:190} INFO - [2025-09-07T22:28:24.798+0000] {override.py:1900} INFO - Created Permission View: can read on DAG Run:dataset_alias_example_alias_producer
[2025-09-07T22:28:24.804+0000] {logging_mixin.py:190} INFO - [2025-09-07T22:28:24.804+0000] {override.py:1900} INFO - Created Permission View: menu access on DAG Run:dataset_alias_example_alias_producer
[2025-09-07T22:28:24.818+0000] {logging_mixin.py:190} INFO - [2025-09-07T22:28:24.818+0000] {override.py:1900} INFO - Created Permission View: can edit on DAG:dataset_s3_bucket_producer
[2025-09-07T22:28:24.824+0000] {logging_mixin.py:190} INFO - [2025-09-07T22:28:24.824+0000] {override.py:1900} INFO - Created Permission View: can delete on DAG:dataset_s3_bucket_producer
[2025-09-07T22:28:24.830+0000] {logging_mixin.py:190} INFO - [2025-09-07T22:28:24.829+0000] {override.py:1900} INFO - Created Permission View: can read on DAG:dataset_s3_bucket_producer
[2025-09-07T22:28:24.839+0000] {logging_mixin.py:190} INFO - [2025-09-07T22:28:24.839+0000] {override.py:1900} INFO - Created Permission View: can delete on DAG Run:dataset_s3_bucket_producer
[2025-09-07T22:28:24.845+0000] {logging_mixin.py:190} INFO - [2025-09-07T22:28:24.845+0000] {override.py:1900} INFO - Created Permission View: can create on DAG Run:dataset_s3_bucket_producer
[2025-09-07T22:28:24.851+0000] {logging_mixin.py:190} INFO - [2025-09-07T22:28:24.851+0000] {override.py:1900} INFO - Created Permission View: can read on DAG Run:dataset_s3_bucket_producer
[2025-09-07T22:28:24.857+0000] {logging_mixin.py:190} INFO - [2025-09-07T22:28:24.857+0000] {override.py:1900} INFO - Created Permission View: menu access on DAG Run:dataset_s3_bucket_producer
[2025-09-07T22:28:24.871+0000] {logging_mixin.py:190} INFO - [2025-09-07T22:28:24.871+0000] {override.py:1900} INFO - Created Permission View: can edit on DAG:dataset_s3_bucket_consumer
[2025-09-07T22:28:24.877+0000] {logging_mixin.py:190} INFO - [2025-09-07T22:28:24.877+0000] {override.py:1900} INFO - Created Permission View: can delete on DAG:dataset_s3_bucket_consumer
[2025-09-07T22:28:24.883+0000] {logging_mixin.py:190} INFO - [2025-09-07T22:28:24.883+0000] {override.py:1900} INFO - Created Permission View: can read on DAG:dataset_s3_bucket_consumer
[2025-09-07T22:28:24.892+0000] {logging_mixin.py:190} INFO - [2025-09-07T22:28:24.892+0000] {override.py:1900} INFO - Created Permission View: can delete on DAG Run:dataset_s3_bucket_consumer
[2025-09-07T22:28:24.898+0000] {logging_mixin.py:190} INFO - [2025-09-07T22:28:24.898+0000] {override.py:1900} INFO - Created Permission View: can create on DAG Run:dataset_s3_bucket_consumer
[2025-09-07T22:28:24.904+0000] {logging_mixin.py:190} INFO - [2025-09-07T22:28:24.904+0000] {override.py:1900} INFO - Created Permission View: can read on DAG Run:dataset_s3_bucket_consumer
[2025-09-07T22:28:24.910+0000] {logging_mixin.py:190} INFO - [2025-09-07T22:28:24.910+0000] {override.py:1900} INFO - Created Permission View: menu access on DAG Run:dataset_s3_bucket_consumer
[2025-09-07T22:28:24.910+0000] {logging_mixin.py:190} INFO - [2025-09-07T22:28:24.910+0000] {dag.py:3239} INFO - Sync 4 DAGs
[2025-09-07T22:28:24.920+0000] {logging_mixin.py:190} INFO - [2025-09-07T22:28:24.920+0000] {dag.py:3262} INFO - Creating ORM DAG for dataset_alias_example_alias_consumer
[2025-09-07T22:28:24.920+0000] {logging_mixin.py:190} INFO - [2025-09-07T22:28:24.920+0000] {dag.py:3262} INFO - Creating ORM DAG for dataset_alias_example_alias_producer
[2025-09-07T22:28:24.921+0000] {logging_mixin.py:190} INFO - [2025-09-07T22:28:24.921+0000] {dag.py:3262} INFO - Creating ORM DAG for dataset_s3_bucket_producer
[2025-09-07T22:28:24.921+0000] {logging_mixin.py:190} INFO - [2025-09-07T22:28:24.921+0000] {dag.py:3262} INFO - Creating ORM DAG for dataset_s3_bucket_consumer
[2025-09-07T22:28:24.927+0000] {logging_mixin.py:190} INFO - [2025-09-07T22:28:24.927+0000] {dag.py:4180} INFO - Setting next_dagrun for dataset_alias_example_alias_consumer to None, run_after=None
[2025-09-07T22:28:24.928+0000] {logging_mixin.py:190} INFO - [2025-09-07T22:28:24.928+0000] {dag.py:4180} INFO - Setting next_dagrun for dataset_alias_example_alias_producer to None, run_after=None
[2025-09-07T22:28:24.928+0000] {logging_mixin.py:190} INFO - [2025-09-07T22:28:24.928+0000] {dag.py:4180} INFO - Setting next_dagrun for dataset_s3_bucket_consumer to None, run_after=None
[2025-09-07T22:28:24.928+0000] {logging_mixin.py:190} INFO - [2025-09-07T22:28:24.928+0000] {dag.py:4180} INFO - Setting next_dagrun for dataset_s3_bucket_producer to None, run_after=None
[2025-09-07T22:28:24.976+0000] {processor.py:208} INFO - Processing /usr/local/python/3.12.1/lib/python3.12/site-packages/airflow/example_dags/example_dataset_alias.py took 0.372 seconds
[2025-09-07T22:29:23.856+0000] {processor.py:186} INFO - Started process (PID=12660) to work on /usr/local/python/3.12.1/lib/python3.12/site-packages/airflow/example_dags/example_dataset_alias.py
[2025-09-07T22:29:23.856+0000] {processor.py:914} INFO - Processing file /usr/local/python/3.12.1/lib/python3.12/site-packages/airflow/example_dags/example_dataset_alias.py for tasks to queue
[2025-09-07T22:29:23.858+0000] {logging_mixin.py:190} INFO - [2025-09-07T22:29:23.858+0000] {dagbag.py:588} INFO - Filling up the DagBag from /usr/local/python/3.12.1/lib/python3.12/site-packages/airflow/example_dags/example_dataset_alias.py
[2025-09-07T22:29:23.876+0000] {processor.py:925} INFO - DAG(s) 'dataset_s3_bucket_consumer', 'dataset_alias_example_alias_consumer', 'dataset_alias_example_alias_producer', 'dataset_s3_bucket_producer' retrieved from /usr/local/python/3.12.1/lib/python3.12/site-packages/airflow/example_dags/example_dataset_alias.py
[2025-09-07T22:29:23.891+0000] {logging_mixin.py:190} INFO - [2025-09-07T22:29:23.890+0000] {dag.py:3239} INFO - Sync 4 DAGs
[2025-09-07T22:29:23.906+0000] {logging_mixin.py:190} INFO - [2025-09-07T22:29:23.905+0000] {dag.py:4180} INFO - Setting next_dagrun for dataset_alias_example_alias_consumer to None, run_after=None
[2025-09-07T22:29:23.907+0000] {logging_mixin.py:190} INFO - [2025-09-07T22:29:23.907+0000] {dag.py:4180} INFO - Setting next_dagrun for dataset_alias_example_alias_producer to None, run_after=None
[2025-09-07T22:29:23.908+0000] {logging_mixin.py:190} INFO - [2025-09-07T22:29:23.908+0000] {dag.py:4180} INFO - Setting next_dagrun for dataset_s3_bucket_consumer to None, run_after=None
[2025-09-07T22:29:23.909+0000] {logging_mixin.py:190} INFO - [2025-09-07T22:29:23.908+0000] {dag.py:4180} INFO - Setting next_dagrun for dataset_s3_bucket_producer to None, run_after=None
[2025-09-07T22:29:23.925+0000] {processor.py:208} INFO - Processing /usr/local/python/3.12.1/lib/python3.12/site-packages/airflow/example_dags/example_dataset_alias.py took 0.074 seconds
[2025-09-07T22:30:18.644+0000] {processor.py:186} INFO - Started process (PID=13300) to work on /usr/local/python/3.12.1/lib/python3.12/site-packages/airflow/example_dags/example_dataset_alias.py
[2025-09-07T22:30:18.645+0000] {processor.py:914} INFO - Processing file /usr/local/python/3.12.1/lib/python3.12/site-packages/airflow/example_dags/example_dataset_alias.py for tasks to queue
[2025-09-07T22:30:18.647+0000] {logging_mixin.py:190} INFO - [2025-09-07T22:30:18.646+0000] {dagbag.py:588} INFO - Filling up the DagBag from /usr/local/python/3.12.1/lib/python3.12/site-packages/airflow/example_dags/example_dataset_alias.py
[2025-09-07T22:30:18.664+0000] {processor.py:925} INFO - DAG(s) 'dataset_alias_example_alias_consumer', 'dataset_s3_bucket_consumer', 'dataset_alias_example_alias_producer', 'dataset_s3_bucket_producer' retrieved from /usr/local/python/3.12.1/lib/python3.12/site-packages/airflow/example_dags/example_dataset_alias.py
[2025-09-07T22:30:18.679+0000] {logging_mixin.py:190} INFO - [2025-09-07T22:30:18.678+0000] {dag.py:3239} INFO - Sync 4 DAGs
[2025-09-07T22:30:18.696+0000] {logging_mixin.py:190} INFO - [2025-09-07T22:30:18.696+0000] {dag.py:4180} INFO - Setting next_dagrun for dataset_alias_example_alias_consumer to None, run_after=None
[2025-09-07T22:30:18.699+0000] {logging_mixin.py:190} INFO - [2025-09-07T22:30:18.698+0000] {dag.py:4180} INFO - Setting next_dagrun for dataset_alias_example_alias_producer to None, run_after=None
[2025-09-07T22:30:18.700+0000] {logging_mixin.py:190} INFO - [2025-09-07T22:30:18.699+0000] {dag.py:4180} INFO - Setting next_dagrun for dataset_s3_bucket_consumer to None, run_after=None
[2025-09-07T22:30:18.703+0000] {logging_mixin.py:190} INFO - [2025-09-07T22:30:18.703+0000] {dag.py:4180} INFO - Setting next_dagrun for dataset_s3_bucket_producer to None, run_after=None
[2025-09-07T22:30:18.732+0000] {processor.py:208} INFO - Processing /usr/local/python/3.12.1/lib/python3.12/site-packages/airflow/example_dags/example_dataset_alias.py took 0.092 seconds
[2025-09-07T22:31:47.958+0000] {processor.py:186} INFO - Started process (PID=14424) to work on /usr/local/python/3.12.1/lib/python3.12/site-packages/airflow/example_dags/example_dataset_alias.py
[2025-09-07T22:31:47.958+0000] {processor.py:914} INFO - Processing file /usr/local/python/3.12.1/lib/python3.12/site-packages/airflow/example_dags/example_dataset_alias.py for tasks to queue
[2025-09-07T22:31:47.960+0000] {logging_mixin.py:190} INFO - [2025-09-07T22:31:47.959+0000] {dagbag.py:588} INFO - Filling up the DagBag from /usr/local/python/3.12.1/lib/python3.12/site-packages/airflow/example_dags/example_dataset_alias.py
[2025-09-07T22:31:47.983+0000] {processor.py:925} INFO - DAG(s) 'dataset_s3_bucket_consumer', 'dataset_s3_bucket_producer', 'dataset_alias_example_alias_producer', 'dataset_alias_example_alias_consumer' retrieved from /usr/local/python/3.12.1/lib/python3.12/site-packages/airflow/example_dags/example_dataset_alias.py
[2025-09-07T22:31:47.999+0000] {logging_mixin.py:190} INFO - [2025-09-07T22:31:47.999+0000] {dag.py:3239} INFO - Sync 4 DAGs
[2025-09-07T22:31:48.014+0000] {logging_mixin.py:190} INFO - [2025-09-07T22:31:48.014+0000] {dag.py:4180} INFO - Setting next_dagrun for dataset_alias_example_alias_consumer to None, run_after=None
[2025-09-07T22:31:48.016+0000] {logging_mixin.py:190} INFO - [2025-09-07T22:31:48.016+0000] {dag.py:4180} INFO - Setting next_dagrun for dataset_alias_example_alias_producer to None, run_after=None
[2025-09-07T22:31:48.017+0000] {logging_mixin.py:190} INFO - [2025-09-07T22:31:48.017+0000] {dag.py:4180} INFO - Setting next_dagrun for dataset_s3_bucket_consumer to None, run_after=None
[2025-09-07T22:31:48.017+0000] {logging_mixin.py:190} INFO - [2025-09-07T22:31:48.017+0000] {dag.py:4180} INFO - Setting next_dagrun for dataset_s3_bucket_producer to None, run_after=None
[2025-09-07T22:31:48.036+0000] {processor.py:208} INFO - Processing /usr/local/python/3.12.1/lib/python3.12/site-packages/airflow/example_dags/example_dataset_alias.py took 0.082 seconds
