[2025-09-07T22:27:36.543+0000] {processor.py:186} INFO - Started process (PID=11567) to work on /usr/local/python/3.12.1/lib/python3.12/site-packages/airflow/example_dags/tutorial.py
[2025-09-07T22:27:36.544+0000] {processor.py:914} INFO - Processing file /usr/local/python/3.12.1/lib/python3.12/site-packages/airflow/example_dags/tutorial.py for tasks to queue
[2025-09-07T22:27:36.548+0000] {logging_mixin.py:190} INFO - [2025-09-07T22:27:36.548+0000] {dagbag.py:588} INFO - Filling up the DagBag from /usr/local/python/3.12.1/lib/python3.12/site-packages/airflow/example_dags/tutorial.py
[2025-09-07T22:27:36.555+0000] {processor.py:925} INFO - DAG(s) 'tutorial' retrieved from /usr/local/python/3.12.1/lib/python3.12/site-packages/airflow/example_dags/tutorial.py
[2025-09-07T22:27:36.658+0000] {logging_mixin.py:190} INFO - [2025-09-07T22:27:36.658+0000] {override.py:1900} INFO - Created Permission View: can edit on DAG:tutorial
[2025-09-07T22:27:36.672+0000] {logging_mixin.py:190} INFO - [2025-09-07T22:27:36.672+0000] {override.py:1900} INFO - Created Permission View: can delete on DAG:tutorial
[2025-09-07T22:27:36.692+0000] {logging_mixin.py:190} INFO - [2025-09-07T22:27:36.689+0000] {override.py:1900} INFO - Created Permission View: can read on DAG:tutorial
[2025-09-07T22:27:36.702+0000] {logging_mixin.py:190} INFO - [2025-09-07T22:27:36.702+0000] {override.py:1900} INFO - Created Permission View: can delete on DAG Run:tutorial
[2025-09-07T22:27:36.708+0000] {logging_mixin.py:190} INFO - [2025-09-07T22:27:36.708+0000] {override.py:1900} INFO - Created Permission View: can create on DAG Run:tutorial
[2025-09-07T22:27:36.715+0000] {logging_mixin.py:190} INFO - [2025-09-07T22:27:36.714+0000] {override.py:1900} INFO - Created Permission View: can read on DAG Run:tutorial
[2025-09-07T22:27:36.721+0000] {logging_mixin.py:190} INFO - [2025-09-07T22:27:36.721+0000] {override.py:1900} INFO - Created Permission View: menu access on DAG Run:tutorial
[2025-09-07T22:27:36.721+0000] {logging_mixin.py:190} INFO - [2025-09-07T22:27:36.721+0000] {dag.py:3239} INFO - Sync 1 DAGs
[2025-09-07T22:27:36.730+0000] {logging_mixin.py:190} INFO - [2025-09-07T22:27:36.730+0000] {dag.py:3262} INFO - Creating ORM DAG for tutorial
[2025-09-07T22:27:36.737+0000] {logging_mixin.py:190} INFO - [2025-09-07T22:27:36.736+0000] {dag.py:4180} INFO - Setting next_dagrun for tutorial to 2025-09-06 00:00:00+00:00, run_after=2025-09-07 00:00:00+00:00
[2025-09-07T22:27:36.752+0000] {processor.py:208} INFO - Processing /usr/local/python/3.12.1/lib/python3.12/site-packages/airflow/example_dags/tutorial.py took 0.213 seconds
[2025-09-07T22:28:42.732+0000] {processor.py:186} INFO - Started process (PID=12113) to work on /usr/local/python/3.12.1/lib/python3.12/site-packages/airflow/example_dags/tutorial.py
[2025-09-07T22:28:42.733+0000] {processor.py:914} INFO - Processing file /usr/local/python/3.12.1/lib/python3.12/site-packages/airflow/example_dags/tutorial.py for tasks to queue
[2025-09-07T22:28:42.735+0000] {logging_mixin.py:190} INFO - [2025-09-07T22:28:42.734+0000] {dagbag.py:588} INFO - Filling up the DagBag from /usr/local/python/3.12.1/lib/python3.12/site-packages/airflow/example_dags/tutorial.py
[2025-09-07T22:28:42.744+0000] {processor.py:925} INFO - DAG(s) 'tutorial' retrieved from /usr/local/python/3.12.1/lib/python3.12/site-packages/airflow/example_dags/tutorial.py
[2025-09-07T22:28:42.761+0000] {logging_mixin.py:190} INFO - [2025-09-07T22:28:42.761+0000] {dag.py:3239} INFO - Sync 1 DAGs
[2025-09-07T22:28:42.784+0000] {logging_mixin.py:190} INFO - [2025-09-07T22:28:42.783+0000] {dag.py:4180} INFO - Setting next_dagrun for tutorial to 2025-09-06 00:00:00+00:00, run_after=2025-09-07 00:00:00+00:00
[2025-09-07T22:28:42.800+0000] {processor.py:208} INFO - Processing /usr/local/python/3.12.1/lib/python3.12/site-packages/airflow/example_dags/tutorial.py took 0.074 seconds
[2025-09-07T22:29:37.585+0000] {processor.py:186} INFO - Started process (PID=12795) to work on /usr/local/python/3.12.1/lib/python3.12/site-packages/airflow/example_dags/tutorial.py
[2025-09-07T22:29:37.586+0000] {processor.py:914} INFO - Processing file /usr/local/python/3.12.1/lib/python3.12/site-packages/airflow/example_dags/tutorial.py for tasks to queue
[2025-09-07T22:29:37.587+0000] {logging_mixin.py:190} INFO - [2025-09-07T22:29:37.587+0000] {dagbag.py:588} INFO - Filling up the DagBag from /usr/local/python/3.12.1/lib/python3.12/site-packages/airflow/example_dags/tutorial.py
[2025-09-07T22:29:37.594+0000] {processor.py:925} INFO - DAG(s) 'tutorial' retrieved from /usr/local/python/3.12.1/lib/python3.12/site-packages/airflow/example_dags/tutorial.py
[2025-09-07T22:29:37.609+0000] {logging_mixin.py:190} INFO - [2025-09-07T22:29:37.608+0000] {dag.py:3239} INFO - Sync 1 DAGs
[2025-09-07T22:29:37.633+0000] {logging_mixin.py:190} INFO - [2025-09-07T22:29:37.632+0000] {dag.py:4180} INFO - Setting next_dagrun for tutorial to 2025-09-06 00:00:00+00:00, run_after=2025-09-07 00:00:00+00:00
[2025-09-07T22:29:37.656+0000] {processor.py:208} INFO - Processing /usr/local/python/3.12.1/lib/python3.12/site-packages/airflow/example_dags/tutorial.py took 0.075 seconds
[2025-09-07T22:30:27.696+0000] {processor.py:186} INFO - Started process (PID=13423) to work on /usr/local/python/3.12.1/lib/python3.12/site-packages/airflow/example_dags/tutorial.py
[2025-09-07T22:30:27.697+0000] {processor.py:914} INFO - Processing file /usr/local/python/3.12.1/lib/python3.12/site-packages/airflow/example_dags/tutorial.py for tasks to queue
[2025-09-07T22:30:27.699+0000] {logging_mixin.py:190} INFO - [2025-09-07T22:30:27.699+0000] {dagbag.py:588} INFO - Filling up the DagBag from /usr/local/python/3.12.1/lib/python3.12/site-packages/airflow/example_dags/tutorial.py
[2025-09-07T22:30:27.706+0000] {processor.py:925} INFO - DAG(s) 'tutorial' retrieved from /usr/local/python/3.12.1/lib/python3.12/site-packages/airflow/example_dags/tutorial.py
[2025-09-07T22:30:27.725+0000] {logging_mixin.py:190} INFO - [2025-09-07T22:30:27.724+0000] {dag.py:3239} INFO - Sync 1 DAGs
[2025-09-07T22:30:27.747+0000] {logging_mixin.py:190} INFO - [2025-09-07T22:30:27.747+0000] {dag.py:4180} INFO - Setting next_dagrun for tutorial to 2025-09-06 00:00:00+00:00, run_after=2025-09-07 00:00:00+00:00
[2025-09-07T22:30:27.764+0000] {processor.py:208} INFO - Processing /usr/local/python/3.12.1/lib/python3.12/site-packages/airflow/example_dags/tutorial.py took 0.074 seconds
[2025-09-07T22:31:09.510+0000] {processor.py:186} INFO - Started process (PID=14098) to work on /usr/local/python/3.12.1/lib/python3.12/site-packages/airflow/example_dags/tutorial.py
[2025-09-07T22:31:09.511+0000] {processor.py:914} INFO - Processing file /usr/local/python/3.12.1/lib/python3.12/site-packages/airflow/example_dags/tutorial.py for tasks to queue
[2025-09-07T22:31:09.512+0000] {logging_mixin.py:190} INFO - [2025-09-07T22:31:09.512+0000] {dagbag.py:588} INFO - Filling up the DagBag from /usr/local/python/3.12.1/lib/python3.12/site-packages/airflow/example_dags/tutorial.py
[2025-09-07T22:31:09.520+0000] {processor.py:925} INFO - DAG(s) 'tutorial' retrieved from /usr/local/python/3.12.1/lib/python3.12/site-packages/airflow/example_dags/tutorial.py
[2025-09-07T22:31:09.536+0000] {logging_mixin.py:190} INFO - [2025-09-07T22:31:09.536+0000] {dag.py:3239} INFO - Sync 1 DAGs
[2025-09-07T22:31:09.551+0000] {logging_mixin.py:190} INFO - [2025-09-07T22:31:09.551+0000] {dag.py:4180} INFO - Setting next_dagrun for tutorial to 2025-09-06 00:00:00+00:00, run_after=2025-09-07 00:00:00+00:00
[2025-09-07T22:31:09.566+0000] {processor.py:208} INFO - Processing /usr/local/python/3.12.1/lib/python3.12/site-packages/airflow/example_dags/tutorial.py took 0.060 seconds
[2025-09-07T22:32:03.809+0000] {processor.py:186} INFO - Started process (PID=14571) to work on /usr/local/python/3.12.1/lib/python3.12/site-packages/airflow/example_dags/tutorial.py
[2025-09-07T22:32:03.809+0000] {processor.py:914} INFO - Processing file /usr/local/python/3.12.1/lib/python3.12/site-packages/airflow/example_dags/tutorial.py for tasks to queue
[2025-09-07T22:32:03.811+0000] {logging_mixin.py:190} INFO - [2025-09-07T22:32:03.810+0000] {dagbag.py:588} INFO - Filling up the DagBag from /usr/local/python/3.12.1/lib/python3.12/site-packages/airflow/example_dags/tutorial.py
[2025-09-07T22:32:03.817+0000] {processor.py:925} INFO - DAG(s) 'tutorial' retrieved from /usr/local/python/3.12.1/lib/python3.12/site-packages/airflow/example_dags/tutorial.py
[2025-09-07T22:32:03.829+0000] {logging_mixin.py:190} INFO - [2025-09-07T22:32:03.828+0000] {dag.py:3239} INFO - Sync 1 DAGs
[2025-09-07T22:32:03.844+0000] {logging_mixin.py:190} INFO - [2025-09-07T22:32:03.844+0000] {dag.py:4180} INFO - Setting next_dagrun for tutorial to 2025-09-06 00:00:00+00:00, run_after=2025-09-07 00:00:00+00:00
[2025-09-07T22:32:03.859+0000] {processor.py:208} INFO - Processing /usr/local/python/3.12.1/lib/python3.12/site-packages/airflow/example_dags/tutorial.py took 0.054 seconds
