[2025-09-07T22:27:35.287+0000] {processor.py:186} INFO - Started process (PID=11565) to work on /usr/local/python/3.12.1/lib/python3.12/site-packages/airflow/example_dags/tutorial_dag.py
[2025-09-07T22:27:35.288+0000] {processor.py:914} INFO - Processing file /usr/local/python/3.12.1/lib/python3.12/site-packages/airflow/example_dags/tutorial_dag.py for tasks to queue
[2025-09-07T22:27:35.289+0000] {logging_mixin.py:190} INFO - [2025-09-07T22:27:35.289+0000] {dagbag.py:588} INFO - Filling up the DagBag from /usr/local/python/3.12.1/lib/python3.12/site-packages/airflow/example_dags/tutorial_dag.py
[2025-09-07T22:27:35.300+0000] {processor.py:925} INFO - DAG(s) 'tutorial_dag' retrieved from /usr/local/python/3.12.1/lib/python3.12/site-packages/airflow/example_dags/tutorial_dag.py
[2025-09-07T22:27:35.403+0000] {logging_mixin.py:190} INFO - [2025-09-07T22:27:35.403+0000] {override.py:1900} INFO - Created Permission View: can edit on DAG:tutorial_dag
[2025-09-07T22:27:35.412+0000] {logging_mixin.py:190} INFO - [2025-09-07T22:27:35.411+0000] {override.py:1900} INFO - Created Permission View: can delete on DAG:tutorial_dag
[2025-09-07T22:27:35.418+0000] {logging_mixin.py:190} INFO - [2025-09-07T22:27:35.418+0000] {override.py:1900} INFO - Created Permission View: can read on DAG:tutorial_dag
[2025-09-07T22:27:35.428+0000] {logging_mixin.py:190} INFO - [2025-09-07T22:27:35.428+0000] {override.py:1900} INFO - Created Permission View: can delete on DAG Run:tutorial_dag
[2025-09-07T22:27:35.434+0000] {logging_mixin.py:190} INFO - [2025-09-07T22:27:35.434+0000] {override.py:1900} INFO - Created Permission View: can create on DAG Run:tutorial_dag
[2025-09-07T22:27:35.441+0000] {logging_mixin.py:190} INFO - [2025-09-07T22:27:35.440+0000] {override.py:1900} INFO - Created Permission View: can read on DAG Run:tutorial_dag
[2025-09-07T22:27:35.447+0000] {logging_mixin.py:190} INFO - [2025-09-07T22:27:35.447+0000] {override.py:1900} INFO - Created Permission View: menu access on DAG Run:tutorial_dag
[2025-09-07T22:27:35.447+0000] {logging_mixin.py:190} INFO - [2025-09-07T22:27:35.447+0000] {dag.py:3239} INFO - Sync 1 DAGs
[2025-09-07T22:27:35.456+0000] {logging_mixin.py:190} INFO - [2025-09-07T22:27:35.456+0000] {dag.py:3262} INFO - Creating ORM DAG for tutorial_dag
[2025-09-07T22:27:35.456+0000] {logging_mixin.py:190} INFO - [2025-09-07T22:27:35.456+0000] {dag.py:4180} INFO - Setting next_dagrun for tutorial_dag to None, run_after=None
[2025-09-07T22:27:35.475+0000] {processor.py:208} INFO - Processing /usr/local/python/3.12.1/lib/python3.12/site-packages/airflow/example_dags/tutorial_dag.py took 0.192 seconds
[2025-09-07T22:28:41.588+0000] {processor.py:186} INFO - Started process (PID=12099) to work on /usr/local/python/3.12.1/lib/python3.12/site-packages/airflow/example_dags/tutorial_dag.py
[2025-09-07T22:28:41.588+0000] {processor.py:914} INFO - Processing file /usr/local/python/3.12.1/lib/python3.12/site-packages/airflow/example_dags/tutorial_dag.py for tasks to queue
[2025-09-07T22:28:41.590+0000] {logging_mixin.py:190} INFO - [2025-09-07T22:28:41.590+0000] {dagbag.py:588} INFO - Filling up the DagBag from /usr/local/python/3.12.1/lib/python3.12/site-packages/airflow/example_dags/tutorial_dag.py
[2025-09-07T22:28:41.596+0000] {processor.py:925} INFO - DAG(s) 'tutorial_dag' retrieved from /usr/local/python/3.12.1/lib/python3.12/site-packages/airflow/example_dags/tutorial_dag.py
[2025-09-07T22:28:41.607+0000] {logging_mixin.py:190} INFO - [2025-09-07T22:28:41.607+0000] {dag.py:3239} INFO - Sync 1 DAGs
[2025-09-07T22:28:41.616+0000] {logging_mixin.py:190} INFO - [2025-09-07T22:28:41.616+0000] {dag.py:4180} INFO - Setting next_dagrun for tutorial_dag to None, run_after=None
[2025-09-07T22:28:41.633+0000] {processor.py:208} INFO - Processing /usr/local/python/3.12.1/lib/python3.12/site-packages/airflow/example_dags/tutorial_dag.py took 0.049 seconds
[2025-09-07T22:29:36.454+0000] {processor.py:186} INFO - Started process (PID=12769) to work on /usr/local/python/3.12.1/lib/python3.12/site-packages/airflow/example_dags/tutorial_dag.py
[2025-09-07T22:29:36.454+0000] {processor.py:914} INFO - Processing file /usr/local/python/3.12.1/lib/python3.12/site-packages/airflow/example_dags/tutorial_dag.py for tasks to queue
[2025-09-07T22:29:36.456+0000] {logging_mixin.py:190} INFO - [2025-09-07T22:29:36.456+0000] {dagbag.py:588} INFO - Filling up the DagBag from /usr/local/python/3.12.1/lib/python3.12/site-packages/airflow/example_dags/tutorial_dag.py
[2025-09-07T22:29:36.462+0000] {processor.py:925} INFO - DAG(s) 'tutorial_dag' retrieved from /usr/local/python/3.12.1/lib/python3.12/site-packages/airflow/example_dags/tutorial_dag.py
[2025-09-07T22:29:36.473+0000] {logging_mixin.py:190} INFO - [2025-09-07T22:29:36.473+0000] {dag.py:3239} INFO - Sync 1 DAGs
[2025-09-07T22:29:36.483+0000] {logging_mixin.py:190} INFO - [2025-09-07T22:29:36.482+0000] {dag.py:4180} INFO - Setting next_dagrun for tutorial_dag to None, run_after=None
[2025-09-07T22:29:36.500+0000] {processor.py:208} INFO - Processing /usr/local/python/3.12.1/lib/python3.12/site-packages/airflow/example_dags/tutorial_dag.py took 0.052 seconds
[2025-09-07T22:30:26.510+0000] {processor.py:186} INFO - Started process (PID=13403) to work on /usr/local/python/3.12.1/lib/python3.12/site-packages/airflow/example_dags/tutorial_dag.py
[2025-09-07T22:30:26.511+0000] {processor.py:914} INFO - Processing file /usr/local/python/3.12.1/lib/python3.12/site-packages/airflow/example_dags/tutorial_dag.py for tasks to queue
[2025-09-07T22:30:26.512+0000] {logging_mixin.py:190} INFO - [2025-09-07T22:30:26.512+0000] {dagbag.py:588} INFO - Filling up the DagBag from /usr/local/python/3.12.1/lib/python3.12/site-packages/airflow/example_dags/tutorial_dag.py
[2025-09-07T22:30:26.518+0000] {processor.py:925} INFO - DAG(s) 'tutorial_dag' retrieved from /usr/local/python/3.12.1/lib/python3.12/site-packages/airflow/example_dags/tutorial_dag.py
[2025-09-07T22:30:26.533+0000] {logging_mixin.py:190} INFO - [2025-09-07T22:30:26.532+0000] {dag.py:3239} INFO - Sync 1 DAGs
[2025-09-07T22:30:26.543+0000] {logging_mixin.py:190} INFO - [2025-09-07T22:30:26.543+0000] {dag.py:4180} INFO - Setting next_dagrun for tutorial_dag to None, run_after=None
[2025-09-07T22:30:26.558+0000] {processor.py:208} INFO - Processing /usr/local/python/3.12.1/lib/python3.12/site-packages/airflow/example_dags/tutorial_dag.py took 0.052 seconds
[2025-09-07T22:31:08.376+0000] {processor.py:186} INFO - Started process (PID=14081) to work on /usr/local/python/3.12.1/lib/python3.12/site-packages/airflow/example_dags/tutorial_dag.py
[2025-09-07T22:31:08.377+0000] {processor.py:914} INFO - Processing file /usr/local/python/3.12.1/lib/python3.12/site-packages/airflow/example_dags/tutorial_dag.py for tasks to queue
[2025-09-07T22:31:08.379+0000] {logging_mixin.py:190} INFO - [2025-09-07T22:31:08.379+0000] {dagbag.py:588} INFO - Filling up the DagBag from /usr/local/python/3.12.1/lib/python3.12/site-packages/airflow/example_dags/tutorial_dag.py
[2025-09-07T22:31:08.393+0000] {processor.py:925} INFO - DAG(s) 'tutorial_dag' retrieved from /usr/local/python/3.12.1/lib/python3.12/site-packages/airflow/example_dags/tutorial_dag.py
[2025-09-07T22:31:08.418+0000] {logging_mixin.py:190} INFO - [2025-09-07T22:31:08.418+0000] {dag.py:3239} INFO - Sync 1 DAGs
[2025-09-07T22:31:08.433+0000] {logging_mixin.py:190} INFO - [2025-09-07T22:31:08.433+0000] {dag.py:4180} INFO - Setting next_dagrun for tutorial_dag to None, run_after=None
[2025-09-07T22:31:08.456+0000] {processor.py:208} INFO - Processing /usr/local/python/3.12.1/lib/python3.12/site-packages/airflow/example_dags/tutorial_dag.py took 0.086 seconds
[2025-09-07T22:32:03.314+0000] {processor.py:186} INFO - Started process (PID=14563) to work on /usr/local/python/3.12.1/lib/python3.12/site-packages/airflow/example_dags/tutorial_dag.py
[2025-09-07T22:32:03.315+0000] {processor.py:914} INFO - Processing file /usr/local/python/3.12.1/lib/python3.12/site-packages/airflow/example_dags/tutorial_dag.py for tasks to queue
[2025-09-07T22:32:03.316+0000] {logging_mixin.py:190} INFO - [2025-09-07T22:32:03.316+0000] {dagbag.py:588} INFO - Filling up the DagBag from /usr/local/python/3.12.1/lib/python3.12/site-packages/airflow/example_dags/tutorial_dag.py
[2025-09-07T22:32:03.322+0000] {processor.py:925} INFO - DAG(s) 'tutorial_dag' retrieved from /usr/local/python/3.12.1/lib/python3.12/site-packages/airflow/example_dags/tutorial_dag.py
[2025-09-07T22:32:03.334+0000] {logging_mixin.py:190} INFO - [2025-09-07T22:32:03.333+0000] {dag.py:3239} INFO - Sync 1 DAGs
[2025-09-07T22:32:03.343+0000] {logging_mixin.py:190} INFO - [2025-09-07T22:32:03.343+0000] {dag.py:4180} INFO - Setting next_dagrun for tutorial_dag to None, run_after=None
[2025-09-07T22:32:03.359+0000] {processor.py:208} INFO - Processing /usr/local/python/3.12.1/lib/python3.12/site-packages/airflow/example_dags/tutorial_dag.py took 0.049 seconds
