[2025-09-07T22:27:41.756+0000] {processor.py:186} INFO - Started process (PID=11600) to work on /usr/local/python/3.12.1/lib/python3.12/site-packages/airflow/example_dags/tutorial_taskflow_api_virtualenv.py
[2025-09-07T22:27:41.757+0000] {processor.py:914} INFO - Processing file /usr/local/python/3.12.1/lib/python3.12/site-packages/airflow/example_dags/tutorial_taskflow_api_virtualenv.py for tasks to queue
[2025-09-07T22:27:41.758+0000] {logging_mixin.py:190} INFO - [2025-09-07T22:27:41.758+0000] {dagbag.py:588} INFO - Filling up the DagBag from /usr/local/python/3.12.1/lib/python3.12/site-packages/airflow/example_dags/tutorial_taskflow_api_virtualenv.py
[2025-09-07T22:27:41.768+0000] {processor.py:925} INFO - DAG(s) 'tutorial_taskflow_api_virtualenv' retrieved from /usr/local/python/3.12.1/lib/python3.12/site-packages/airflow/example_dags/tutorial_taskflow_api_virtualenv.py
[2025-09-07T22:27:41.856+0000] {logging_mixin.py:190} INFO - [2025-09-07T22:27:41.855+0000] {override.py:1900} INFO - Created Permission View: can edit on DAG:tutorial_taskflow_api_virtualenv
[2025-09-07T22:27:41.864+0000] {logging_mixin.py:190} INFO - [2025-09-07T22:27:41.864+0000] {override.py:1900} INFO - Created Permission View: can delete on DAG:tutorial_taskflow_api_virtualenv
[2025-09-07T22:27:41.870+0000] {logging_mixin.py:190} INFO - [2025-09-07T22:27:41.870+0000] {override.py:1900} INFO - Created Permission View: can read on DAG:tutorial_taskflow_api_virtualenv
[2025-09-07T22:27:41.879+0000] {logging_mixin.py:190} INFO - [2025-09-07T22:27:41.879+0000] {override.py:1900} INFO - Created Permission View: can delete on DAG Run:tutorial_taskflow_api_virtualenv
[2025-09-07T22:27:41.886+0000] {logging_mixin.py:190} INFO - [2025-09-07T22:27:41.886+0000] {override.py:1900} INFO - Created Permission View: can create on DAG Run:tutorial_taskflow_api_virtualenv
[2025-09-07T22:27:41.893+0000] {logging_mixin.py:190} INFO - [2025-09-07T22:27:41.893+0000] {override.py:1900} INFO - Created Permission View: can read on DAG Run:tutorial_taskflow_api_virtualenv
[2025-09-07T22:27:41.899+0000] {logging_mixin.py:190} INFO - [2025-09-07T22:27:41.899+0000] {override.py:1900} INFO - Created Permission View: menu access on DAG Run:tutorial_taskflow_api_virtualenv
[2025-09-07T22:27:41.899+0000] {logging_mixin.py:190} INFO - [2025-09-07T22:27:41.899+0000] {dag.py:3239} INFO - Sync 1 DAGs
[2025-09-07T22:27:41.908+0000] {logging_mixin.py:190} INFO - [2025-09-07T22:27:41.908+0000] {dag.py:3262} INFO - Creating ORM DAG for tutorial_taskflow_api_virtualenv
[2025-09-07T22:27:41.908+0000] {logging_mixin.py:190} INFO - [2025-09-07T22:27:41.908+0000] {dag.py:4180} INFO - Setting next_dagrun for tutorial_taskflow_api_virtualenv to None, run_after=None
[2025-09-07T22:27:41.926+0000] {processor.py:208} INFO - Processing /usr/local/python/3.12.1/lib/python3.12/site-packages/airflow/example_dags/tutorial_taskflow_api_virtualenv.py took 0.174 seconds
[2025-09-07T22:28:46.594+0000] {processor.py:186} INFO - Started process (PID=12150) to work on /usr/local/python/3.12.1/lib/python3.12/site-packages/airflow/example_dags/tutorial_taskflow_api_virtualenv.py
[2025-09-07T22:28:46.595+0000] {processor.py:914} INFO - Processing file /usr/local/python/3.12.1/lib/python3.12/site-packages/airflow/example_dags/tutorial_taskflow_api_virtualenv.py for tasks to queue
[2025-09-07T22:28:46.596+0000] {logging_mixin.py:190} INFO - [2025-09-07T22:28:46.596+0000] {dagbag.py:588} INFO - Filling up the DagBag from /usr/local/python/3.12.1/lib/python3.12/site-packages/airflow/example_dags/tutorial_taskflow_api_virtualenv.py
[2025-09-07T22:28:46.606+0000] {processor.py:925} INFO - DAG(s) 'tutorial_taskflow_api_virtualenv' retrieved from /usr/local/python/3.12.1/lib/python3.12/site-packages/airflow/example_dags/tutorial_taskflow_api_virtualenv.py
[2025-09-07T22:28:46.617+0000] {logging_mixin.py:190} INFO - [2025-09-07T22:28:46.617+0000] {dag.py:3239} INFO - Sync 1 DAGs
[2025-09-07T22:28:46.627+0000] {logging_mixin.py:190} INFO - [2025-09-07T22:28:46.626+0000] {dag.py:4180} INFO - Setting next_dagrun for tutorial_taskflow_api_virtualenv to None, run_after=None
[2025-09-07T22:28:46.642+0000] {processor.py:208} INFO - Processing /usr/local/python/3.12.1/lib/python3.12/site-packages/airflow/example_dags/tutorial_taskflow_api_virtualenv.py took 0.052 seconds
[2025-09-07T22:29:41.117+0000] {processor.py:186} INFO - Started process (PID=12819) to work on /usr/local/python/3.12.1/lib/python3.12/site-packages/airflow/example_dags/tutorial_taskflow_api_virtualenv.py
[2025-09-07T22:29:41.117+0000] {processor.py:914} INFO - Processing file /usr/local/python/3.12.1/lib/python3.12/site-packages/airflow/example_dags/tutorial_taskflow_api_virtualenv.py for tasks to queue
[2025-09-07T22:29:41.119+0000] {logging_mixin.py:190} INFO - [2025-09-07T22:29:41.118+0000] {dagbag.py:588} INFO - Filling up the DagBag from /usr/local/python/3.12.1/lib/python3.12/site-packages/airflow/example_dags/tutorial_taskflow_api_virtualenv.py
[2025-09-07T22:29:41.129+0000] {processor.py:925} INFO - DAG(s) 'tutorial_taskflow_api_virtualenv' retrieved from /usr/local/python/3.12.1/lib/python3.12/site-packages/airflow/example_dags/tutorial_taskflow_api_virtualenv.py
[2025-09-07T22:29:41.140+0000] {logging_mixin.py:190} INFO - [2025-09-07T22:29:41.140+0000] {dag.py:3239} INFO - Sync 1 DAGs
[2025-09-07T22:29:41.152+0000] {logging_mixin.py:190} INFO - [2025-09-07T22:29:41.152+0000] {dag.py:4180} INFO - Setting next_dagrun for tutorial_taskflow_api_virtualenv to None, run_after=None
[2025-09-07T22:29:41.168+0000] {processor.py:208} INFO - Processing /usr/local/python/3.12.1/lib/python3.12/site-packages/airflow/example_dags/tutorial_taskflow_api_virtualenv.py took 0.056 seconds
[2025-09-07T22:30:30.780+0000] {processor.py:186} INFO - Started process (PID=13482) to work on /usr/local/python/3.12.1/lib/python3.12/site-packages/airflow/example_dags/tutorial_taskflow_api_virtualenv.py
[2025-09-07T22:30:30.781+0000] {processor.py:914} INFO - Processing file /usr/local/python/3.12.1/lib/python3.12/site-packages/airflow/example_dags/tutorial_taskflow_api_virtualenv.py for tasks to queue
[2025-09-07T22:30:30.783+0000] {logging_mixin.py:190} INFO - [2025-09-07T22:30:30.782+0000] {dagbag.py:588} INFO - Filling up the DagBag from /usr/local/python/3.12.1/lib/python3.12/site-packages/airflow/example_dags/tutorial_taskflow_api_virtualenv.py
[2025-09-07T22:30:30.792+0000] {processor.py:925} INFO - DAG(s) 'tutorial_taskflow_api_virtualenv' retrieved from /usr/local/python/3.12.1/lib/python3.12/site-packages/airflow/example_dags/tutorial_taskflow_api_virtualenv.py
[2025-09-07T22:30:30.804+0000] {logging_mixin.py:190} INFO - [2025-09-07T22:30:30.804+0000] {dag.py:3239} INFO - Sync 1 DAGs
[2025-09-07T22:30:30.813+0000] {logging_mixin.py:190} INFO - [2025-09-07T22:30:30.813+0000] {dag.py:4180} INFO - Setting next_dagrun for tutorial_taskflow_api_virtualenv to None, run_after=None
[2025-09-07T22:30:30.831+0000] {processor.py:208} INFO - Processing /usr/local/python/3.12.1/lib/python3.12/site-packages/airflow/example_dags/tutorial_taskflow_api_virtualenv.py took 0.055 seconds
[2025-09-07T22:31:13.365+0000] {processor.py:186} INFO - Started process (PID=14128) to work on /usr/local/python/3.12.1/lib/python3.12/site-packages/airflow/example_dags/tutorial_taskflow_api_virtualenv.py
[2025-09-07T22:31:13.366+0000] {processor.py:914} INFO - Processing file /usr/local/python/3.12.1/lib/python3.12/site-packages/airflow/example_dags/tutorial_taskflow_api_virtualenv.py for tasks to queue
[2025-09-07T22:31:13.368+0000] {logging_mixin.py:190} INFO - [2025-09-07T22:31:13.367+0000] {dagbag.py:588} INFO - Filling up the DagBag from /usr/local/python/3.12.1/lib/python3.12/site-packages/airflow/example_dags/tutorial_taskflow_api_virtualenv.py
[2025-09-07T22:31:13.381+0000] {processor.py:925} INFO - DAG(s) 'tutorial_taskflow_api_virtualenv' retrieved from /usr/local/python/3.12.1/lib/python3.12/site-packages/airflow/example_dags/tutorial_taskflow_api_virtualenv.py
[2025-09-07T22:31:13.466+0000] {logging_mixin.py:190} INFO - [2025-09-07T22:31:13.466+0000] {dag.py:3239} INFO - Sync 1 DAGs
[2025-09-07T22:31:13.475+0000] {logging_mixin.py:190} INFO - [2025-09-07T22:31:13.475+0000] {dag.py:4180} INFO - Setting next_dagrun for tutorial_taskflow_api_virtualenv to None, run_after=None
[2025-09-07T22:31:13.490+0000] {processor.py:208} INFO - Processing /usr/local/python/3.12.1/lib/python3.12/site-packages/airflow/example_dags/tutorial_taskflow_api_virtualenv.py took 0.129 seconds
[2025-09-07T22:32:07.321+0000] {processor.py:186} INFO - Started process (PID=14590) to work on /usr/local/python/3.12.1/lib/python3.12/site-packages/airflow/example_dags/tutorial_taskflow_api_virtualenv.py
[2025-09-07T22:32:07.322+0000] {processor.py:914} INFO - Processing file /usr/local/python/3.12.1/lib/python3.12/site-packages/airflow/example_dags/tutorial_taskflow_api_virtualenv.py for tasks to queue
[2025-09-07T22:32:07.323+0000] {logging_mixin.py:190} INFO - [2025-09-07T22:32:07.323+0000] {dagbag.py:588} INFO - Filling up the DagBag from /usr/local/python/3.12.1/lib/python3.12/site-packages/airflow/example_dags/tutorial_taskflow_api_virtualenv.py
[2025-09-07T22:32:07.333+0000] {processor.py:925} INFO - DAG(s) 'tutorial_taskflow_api_virtualenv' retrieved from /usr/local/python/3.12.1/lib/python3.12/site-packages/airflow/example_dags/tutorial_taskflow_api_virtualenv.py
[2025-09-07T22:32:07.344+0000] {logging_mixin.py:190} INFO - [2025-09-07T22:32:07.344+0000] {dag.py:3239} INFO - Sync 1 DAGs
[2025-09-07T22:32:07.354+0000] {logging_mixin.py:190} INFO - [2025-09-07T22:32:07.354+0000] {dag.py:4180} INFO - Setting next_dagrun for tutorial_taskflow_api_virtualenv to None, run_after=None
[2025-09-07T22:32:07.369+0000] {processor.py:208} INFO - Processing /usr/local/python/3.12.1/lib/python3.12/site-packages/airflow/example_dags/tutorial_taskflow_api_virtualenv.py took 0.052 seconds
