[2025-09-08T17:01:56.364+0000] {local_task_job_runner.py:123} INFO - ::group::Pre task execution logs
[2025-09-08T17:01:56.371+0000] {taskinstance.py:2612} INFO - Dependencies all met for dep_context=non-requeueable deps ti=<TaskInstance: cron_catchup_backfill.taskChoose scheduled__2025-09-06T00:00:00+00:00 [queued]>
[2025-09-08T17:01:56.375+0000] {taskinstance.py:2612} INFO - Dependencies all met for dep_context=requeueable deps ti=<TaskInstance: cron_catchup_backfill.taskChoose scheduled__2025-09-06T00:00:00+00:00 [queued]>
[2025-09-08T17:01:56.375+0000] {taskinstance.py:2865} INFO - Starting attempt 1 of 1
[2025-09-08T17:01:56.387+0000] {taskinstance.py:2888} INFO - Executing <Task(PythonOperator): taskChoose> on 2025-09-06 00:00:00+00:00
[2025-09-08T17:01:56.390+0000] {standard_task_runner.py:72} INFO - Started process 16395 to run task
[2025-09-08T17:01:56.393+0000] {standard_task_runner.py:104} INFO - Running: ['airflow', 'tasks', 'run', 'cron_catchup_backfill', 'taskChoose', 'scheduled__2025-09-06T00:00:00+00:00', '--job-id', '120', '--raw', '--subdir', 'DAGS_FOLDER/executing_cron_catchup_backfill.py', '--cfg-path', '/tmp/tmpso7ak_mx']
[2025-09-08T17:01:56.394+0000] {standard_task_runner.py:105} INFO - Job 120: Subtask taskChoose
[2025-09-08T17:01:56.421+0000] {task_command.py:467} INFO - Running <TaskInstance: cron_catchup_backfill.taskChoose scheduled__2025-09-06T00:00:00+00:00 [running]> on host codespaces-9bd7b3
[2025-09-08T17:01:56.468+0000] {taskinstance.py:3131} INFO - Exporting env vars: AIRFLOW_CTX_DAG_OWNER='loonycorn' AIRFLOW_CTX_DAG_ID='cron_catchup_backfill' AIRFLOW_CTX_TASK_ID='taskChoose' AIRFLOW_CTX_EXECUTION_DATE='2025-09-06T00:00:00+00:00' AIRFLOW_CTX_TRY_NUMBER='1' AIRFLOW_CTX_DAG_RUN_ID='scheduled__2025-09-06T00:00:00+00:00'
[2025-09-08T17:01:56.468+0000] {taskinstance.py:731} INFO - ::endgroup::
[2025-09-08T17:01:56.479+0000] {python.py:240} INFO - Done. Returned value was: True
[2025-09-08T17:01:56.491+0000] {taskinstance.py:340} INFO - ::group::Post task execution logs
[2025-09-08T17:01:56.491+0000] {taskinstance.py:352} INFO - Marking task as SUCCESS. dag_id=cron_catchup_backfill, task_id=taskChoose, run_id=scheduled__2025-09-06T00:00:00+00:00, execution_date=20250906T000000, start_date=20250908T170156, end_date=20250908T170156
[2025-09-08T17:01:56.525+0000] {local_task_job_runner.py:266} INFO - Task exited with return code 0
[2025-09-08T17:01:56.543+0000] {taskinstance.py:3900} INFO - 1 downstream tasks scheduled from follow-on schedule check
[2025-09-08T17:01:56.547+0000] {local_task_job_runner.py:245} INFO - ::endgroup::
[2025-09-08T17:04:48.000+0000] {local_task_job_runner.py:123} INFO - ::group::Pre task execution logs
[2025-09-08T17:04:48.007+0000] {taskinstance.py:2612} INFO - Dependencies all met for dep_context=non-requeueable deps ti=<TaskInstance: cron_catchup_backfill.taskChoose scheduled__2025-09-06T00:00:00+00:00 [queued]>
[2025-09-08T17:04:48.011+0000] {taskinstance.py:2612} INFO - Dependencies all met for dep_context=requeueable deps ti=<TaskInstance: cron_catchup_backfill.taskChoose scheduled__2025-09-06T00:00:00+00:00 [queued]>
[2025-09-08T17:04:48.011+0000] {taskinstance.py:2865} INFO - Starting attempt 1 of 1
[2025-09-08T17:04:48.023+0000] {taskinstance.py:2888} INFO - Executing <Task(PythonOperator): taskChoose> on 2025-09-06 00:00:00+00:00
[2025-09-08T17:04:48.026+0000] {standard_task_runner.py:72} INFO - Started process 17787 to run task
[2025-09-08T17:04:48.029+0000] {standard_task_runner.py:104} INFO - Running: ['airflow', 'tasks', 'run', 'cron_catchup_backfill', 'taskChoose', 'scheduled__2025-09-06T00:00:00+00:00', '--job-id', '140', '--raw', '--subdir', 'DAGS_FOLDER/executing_cron_catchup_backfill.py', '--cfg-path', '/tmp/tmpyohy17vy']
[2025-09-08T17:04:48.030+0000] {standard_task_runner.py:105} INFO - Job 140: Subtask taskChoose
[2025-09-08T17:04:48.057+0000] {task_command.py:467} INFO - Running <TaskInstance: cron_catchup_backfill.taskChoose scheduled__2025-09-06T00:00:00+00:00 [running]> on host codespaces-9bd7b3
[2025-09-08T17:04:48.104+0000] {taskinstance.py:3131} INFO - Exporting env vars: AIRFLOW_CTX_DAG_OWNER='loonycorn' AIRFLOW_CTX_DAG_ID='cron_catchup_backfill' AIRFLOW_CTX_TASK_ID='taskChoose' AIRFLOW_CTX_EXECUTION_DATE='2025-09-06T00:00:00+00:00' AIRFLOW_CTX_TRY_NUMBER='1' AIRFLOW_CTX_DAG_RUN_ID='scheduled__2025-09-06T00:00:00+00:00'
[2025-09-08T17:04:48.104+0000] {taskinstance.py:731} INFO - ::endgroup::
[2025-09-08T17:04:48.114+0000] {python.py:240} INFO - Done. Returned value was: False
[2025-09-08T17:04:48.126+0000] {taskinstance.py:340} INFO - ::group::Post task execution logs
[2025-09-08T17:04:48.127+0000] {taskinstance.py:352} INFO - Marking task as SUCCESS. dag_id=cron_catchup_backfill, task_id=taskChoose, run_id=scheduled__2025-09-06T00:00:00+00:00, execution_date=20250906T000000, start_date=20250908T170448, end_date=20250908T170448
[2025-09-08T17:04:48.161+0000] {local_task_job_runner.py:266} INFO - Task exited with return code 0
[2025-09-08T17:04:48.178+0000] {taskinstance.py:3900} INFO - 1 downstream tasks scheduled from follow-on schedule check
[2025-09-08T17:04:48.182+0000] {local_task_job_runner.py:245} INFO - ::endgroup::
