[2025-09-08T17:01:45.576+0000] {local_task_job_runner.py:123} INFO - ::group::Pre task execution logs
[2025-09-08T17:01:45.583+0000] {taskinstance.py:2612} INFO - Dependencies all met for dep_context=non-requeueable deps ti=<TaskInstance: cron_catchup_backfill.taskBranch scheduled__2025-09-03T00:00:00+00:00 [queued]>
[2025-09-08T17:01:45.588+0000] {taskinstance.py:2612} INFO - Dependencies all met for dep_context=requeueable deps ti=<TaskInstance: cron_catchup_backfill.taskBranch scheduled__2025-09-03T00:00:00+00:00 [queued]>
[2025-09-08T17:01:45.588+0000] {taskinstance.py:2865} INFO - Starting attempt 1 of 1
[2025-09-08T17:01:45.599+0000] {taskinstance.py:2888} INFO - Executing <Task(BranchPythonOperator): taskBranch> on 2025-09-03 00:00:00+00:00
[2025-09-08T17:01:45.602+0000] {standard_task_runner.py:72} INFO - Started process 16307 to run task
[2025-09-08T17:01:45.604+0000] {standard_task_runner.py:104} INFO - Running: ['airflow', 'tasks', 'run', 'cron_catchup_backfill', 'taskBranch', 'scheduled__2025-09-03T00:00:00+00:00', '--job-id', '115', '--raw', '--subdir', 'DAGS_FOLDER/executing_cron_catchup_backfill.py', '--cfg-path', '/tmp/tmpsozct7va']
[2025-09-08T17:01:45.605+0000] {standard_task_runner.py:105} INFO - Job 115: Subtask taskBranch
[2025-09-08T17:01:45.633+0000] {task_command.py:467} INFO - Running <TaskInstance: cron_catchup_backfill.taskBranch scheduled__2025-09-03T00:00:00+00:00 [running]> on host codespaces-9bd7b3
[2025-09-08T17:01:45.676+0000] {taskinstance.py:3131} INFO - Exporting env vars: AIRFLOW_CTX_DAG_OWNER='loonycorn' AIRFLOW_CTX_DAG_ID='cron_catchup_backfill' AIRFLOW_CTX_TASK_ID='taskBranch' AIRFLOW_CTX_EXECUTION_DATE='2025-09-03T00:00:00+00:00' AIRFLOW_CTX_TRY_NUMBER='1' AIRFLOW_CTX_DAG_RUN_ID='scheduled__2025-09-03T00:00:00+00:00'
[2025-09-08T17:01:45.677+0000] {taskinstance.py:731} INFO - ::endgroup::
[2025-09-08T17:01:45.687+0000] {baseoperator.py:405} WARNING - BranchPythonOperator.execute cannot be called outside TaskInstance!
[2025-09-08T17:01:45.692+0000] {python.py:240} INFO - Done. Returned value was: taskD
[2025-09-08T17:01:45.692+0000] {branch.py:38} INFO - Branch into taskD
[2025-09-08T17:01:45.692+0000] {skipmixin.py:230} INFO - Following branch {'taskD'}
[2025-09-08T17:01:45.698+0000] {skipmixin.py:278} INFO - Skipping tasks [('taskC', -1), ('taskE', -1)]
[2025-09-08T17:01:45.717+0000] {taskinstance.py:340} INFO - ::group::Post task execution logs
[2025-09-08T17:01:45.717+0000] {taskinstance.py:352} INFO - Marking task as SUCCESS. dag_id=cron_catchup_backfill, task_id=taskBranch, run_id=scheduled__2025-09-03T00:00:00+00:00, execution_date=20250903T000000, start_date=20250908T170145, end_date=20250908T170145
[2025-09-08T17:01:45.738+0000] {local_task_job_runner.py:266} INFO - Task exited with return code 0
[2025-09-08T17:01:45.751+0000] {taskinstance.py:3900} INFO - 0 downstream tasks scheduled from follow-on schedule check
[2025-09-08T17:01:45.757+0000] {local_task_job_runner.py:245} INFO - ::endgroup::
