[2025-09-08T16:40:18.827+0000] {local_task_job_runner.py:123} INFO - ::group::Pre task execution logs
[2025-09-08T16:40:18.835+0000] {taskinstance.py:2612} INFO - Dependencies all met for dep_context=non-requeueable deps ti=<TaskInstance: branching_pipeline.determine_branch manual__2025-09-08T16:40:03.512588+00:00 [queued]>
[2025-09-08T16:40:18.840+0000] {taskinstance.py:2612} INFO - Dependencies all met for dep_context=requeueable deps ti=<TaskInstance: branching_pipeline.determine_branch manual__2025-09-08T16:40:03.512588+00:00 [queued]>
[2025-09-08T16:40:18.840+0000] {taskinstance.py:2865} INFO - Starting attempt 1 of 1
[2025-09-08T16:40:18.851+0000] {taskinstance.py:2888} INFO - Executing <Task(BranchPythonOperator): determine_branch> on 2025-09-08 16:40:03.512588+00:00
[2025-09-08T16:40:18.855+0000] {standard_task_runner.py:72} INFO - Started process 6399 to run task
[2025-09-08T16:40:18.858+0000] {standard_task_runner.py:104} INFO - Running: ['airflow', 'tasks', 'run', 'branching_pipeline', 'determine_branch', 'manual__2025-09-08T16:40:03.512588+00:00', '--job-id', '91', '--raw', '--subdir', 'DAGS_FOLDER/executing_branching_pipeline.py', '--cfg-path', '/tmp/tmp2enrdcxa']
[2025-09-08T16:40:18.859+0000] {standard_task_runner.py:105} INFO - Job 91: Subtask determine_branch
[2025-09-08T16:40:18.885+0000] {task_command.py:467} INFO - Running <TaskInstance: branching_pipeline.determine_branch manual__2025-09-08T16:40:03.512588+00:00 [running]> on host codespaces-9bd7b3
[2025-09-08T16:40:18.929+0000] {taskinstance.py:3131} INFO - Exporting env vars: AIRFLOW_CTX_DAG_OWNER='loonycorn' AIRFLOW_CTX_DAG_ID='branching_pipeline' AIRFLOW_CTX_TASK_ID='determine_branch' AIRFLOW_CTX_EXECUTION_DATE='2025-09-08T16:40:03.512588+00:00' AIRFLOW_CTX_TRY_NUMBER='1' AIRFLOW_CTX_DAG_RUN_ID='manual__2025-09-08T16:40:03.512588+00:00'
[2025-09-08T16:40:18.930+0000] {taskinstance.py:731} INFO - ::endgroup::
[2025-09-08T16:40:18.941+0000] {baseoperator.py:405} WARNING - BranchPythonOperator.execute cannot be called outside TaskInstance!
[2025-09-08T16:40:18.944+0000] {python.py:240} INFO - Done. Returned value was: groupby_region_smoker
[2025-09-08T16:40:18.944+0000] {branch.py:38} INFO - Branch into groupby_region_smoker
[2025-09-08T16:40:18.944+0000] {skipmixin.py:230} INFO - Following branch {'groupby_region_smoker'}
[2025-09-08T16:40:18.949+0000] {skipmixin.py:278} INFO - Skipping tasks [('filter_by_region', -1), ('filter_bmi_smoker_charges', -1)]
[2025-09-08T16:40:18.966+0000] {taskinstance.py:340} INFO - ::group::Post task execution logs
[2025-09-08T16:40:18.966+0000] {taskinstance.py:352} INFO - Marking task as SUCCESS. dag_id=branching_pipeline, task_id=determine_branch, run_id=manual__2025-09-08T16:40:03.512588+00:00, execution_date=20250908T164003, start_date=20250908T164018, end_date=20250908T164018
[2025-09-08T16:40:18.990+0000] {local_task_job_runner.py:266} INFO - Task exited with return code 0
[2025-09-08T16:40:19.007+0000] {taskinstance.py:3900} INFO - 1 downstream tasks scheduled from follow-on schedule check
[2025-09-08T16:40:19.011+0000] {local_task_job_runner.py:245} INFO - ::endgroup::
