[2025-09-08T17:13:30.346+0000] {local_task_job_runner.py:123} INFO - ::group::Pre task execution logs
[2025-09-08T17:13:30.354+0000] {taskinstance.py:2612} INFO - Dependencies all met for dep_context=non-requeueable deps ti=<TaskInstance: cron_catchup_backfill.taskA backfill__2025-06-21T12:00:00+00:00 [queued]>
[2025-09-08T17:13:30.358+0000] {taskinstance.py:2612} INFO - Dependencies all met for dep_context=requeueable deps ti=<TaskInstance: cron_catchup_backfill.taskA backfill__2025-06-21T12:00:00+00:00 [queued]>
[2025-09-08T17:13:30.359+0000] {taskinstance.py:2865} INFO - Starting attempt 1 of 1
[2025-09-08T17:13:30.374+0000] {taskinstance.py:2888} INFO - Executing <Task(BashOperator): taskA> on 2025-06-21 12:00:00+00:00
[2025-09-08T17:13:30.378+0000] {standard_task_runner.py:72} INFO - Started process 23648 to run task
[2025-09-08T17:13:30.381+0000] {standard_task_runner.py:104} INFO - Running: ['airflow', 'tasks', 'run', 'cron_catchup_backfill', 'taskA', 'backfill__2025-06-21T12:00:00+00:00', '--job-id', '263', '--pool', 'default_pool', '--raw', '--subdir', 'DAGS_FOLDER/executing_cron_catchup_backfill.py', '--cfg-path', '/tmp/tmp_vifrf2b']
[2025-09-08T17:13:30.382+0000] {standard_task_runner.py:105} INFO - Job 263: Subtask taskA
[2025-09-08T17:13:30.408+0000] {task_command.py:467} INFO - Running <TaskInstance: cron_catchup_backfill.taskA backfill__2025-06-21T12:00:00+00:00 [running]> on host codespaces-9bd7b3
[2025-09-08T17:13:30.460+0000] {taskinstance.py:3131} INFO - Exporting env vars: AIRFLOW_CTX_DAG_OWNER='loonycorn' AIRFLOW_CTX_DAG_ID='cron_catchup_backfill' AIRFLOW_CTX_TASK_ID='taskA' AIRFLOW_CTX_EXECUTION_DATE='2025-06-21T12:00:00+00:00' AIRFLOW_CTX_TRY_NUMBER='1' AIRFLOW_CTX_DAG_RUN_ID='backfill__2025-06-21T12:00:00+00:00'
[2025-09-08T17:13:30.461+0000] {taskinstance.py:731} INFO - ::endgroup::
[2025-09-08T17:13:30.471+0000] {subprocess.py:63} INFO - Tmp dir root location: /tmp
[2025-09-08T17:13:30.472+0000] {subprocess.py:75} INFO - Running command: ['/usr/bin/bash', '-c', 'echo TASK A has executed!']
[2025-09-08T17:13:30.478+0000] {subprocess.py:86} INFO - Output:
[2025-09-08T17:13:30.480+0000] {subprocess.py:93} INFO - TASK A has executed!
[2025-09-08T17:13:30.480+0000] {subprocess.py:97} INFO - Command exited with return code 0
[2025-09-08T17:13:30.495+0000] {taskinstance.py:340} INFO - ::group::Post task execution logs
[2025-09-08T17:13:30.496+0000] {taskinstance.py:352} INFO - Marking task as SUCCESS. dag_id=cron_catchup_backfill, task_id=taskA, run_id=backfill__2025-06-21T12:00:00+00:00, execution_date=20250621T120000, start_date=20250908T171330, end_date=20250908T171330
[2025-09-08T17:13:30.513+0000] {local_task_job_runner.py:266} INFO - Task exited with return code 0
[2025-09-08T17:13:30.530+0000] {taskinstance.py:3900} INFO - 1 downstream tasks scheduled from follow-on schedule check
[2025-09-08T17:13:30.534+0000] {local_task_job_runner.py:245} INFO - ::endgroup::
