[2025-09-08T15:34:16.579+0000] {local_task_job_runner.py:123} INFO - ::group::Pre task execution logs
[2025-09-08T15:34:16.590+0000] {taskinstance.py:2612} INFO - Dependencies all met for dep_context=non-requeueable deps ti=<TaskInstance: executing_sql_pipeline.display_result manual__2025-09-08T15:34:07.941265+00:00 [queued]>
[2025-09-08T15:34:16.598+0000] {taskinstance.py:2612} INFO - Dependencies all met for dep_context=requeueable deps ti=<TaskInstance: executing_sql_pipeline.display_result manual__2025-09-08T15:34:07.941265+00:00 [queued]>
[2025-09-08T15:34:16.598+0000] {taskinstance.py:2865} INFO - Starting attempt 1 of 1
[2025-09-08T15:34:16.613+0000] {taskinstance.py:2888} INFO - Executing <Task(SqliteOperator): display_result> on 2025-09-08 15:34:07.941265+00:00
[2025-09-08T15:34:16.617+0000] {standard_task_runner.py:72} INFO - Started process 17295 to run task
[2025-09-08T15:34:16.622+0000] {standard_task_runner.py:104} INFO - Running: ['airflow', 'tasks', 'run', 'executing_sql_pipeline', 'display_result', 'manual__2025-09-08T15:34:07.941265+00:00', '--job-id', '68', '--raw', '--subdir', 'DAGS_FOLDER/executing_sql_pipeline.py', '--cfg-path', '/tmp/tmp0b9xrqo0']
[2025-09-08T15:34:16.623+0000] {standard_task_runner.py:105} INFO - Job 68: Subtask display_result
[2025-09-08T15:34:16.671+0000] {task_command.py:467} INFO - Running <TaskInstance: executing_sql_pipeline.display_result manual__2025-09-08T15:34:07.941265+00:00 [running]> on host codespaces-9bd7b3
[2025-09-08T15:34:16.715+0000] {taskinstance.py:3131} INFO - Exporting env vars: AIRFLOW_CTX_DAG_OWNER='loonycorn' AIRFLOW_CTX_DAG_ID='executing_sql_pipeline' AIRFLOW_CTX_TASK_ID='display_result' AIRFLOW_CTX_EXECUTION_DATE='2025-09-08T15:34:07.941265+00:00' AIRFLOW_CTX_TRY_NUMBER='1' AIRFLOW_CTX_DAG_RUN_ID='manual__2025-09-08T15:34:07.941265+00:00'
[2025-09-08T15:34:16.715+0000] {taskinstance.py:731} INFO - ::endgroup::
[2025-09-08T15:34:16.728+0000] {sql.py:266} INFO - Executing: SELECT * FROM users
[2025-09-08T15:34:16.731+0000] {base.py:84} INFO - Retrieving connection 'my_sqlite_conn'
[2025-09-08T15:34:16.748+0000] {base.py:84} INFO - Retrieving connection 'my_sqlite_conn'
[2025-09-08T15:34:16.749+0000] {sql.py:509} INFO - Running statement: SELECT * FROM users, parameters: None
[2025-09-08T15:34:16.758+0000] {taskinstance.py:340} INFO - ::group::Post task execution logs
[2025-09-08T15:34:16.759+0000] {taskinstance.py:352} INFO - Marking task as SUCCESS. dag_id=executing_sql_pipeline, task_id=display_result, run_id=manual__2025-09-08T15:34:07.941265+00:00, execution_date=20250908T153407, start_date=20250908T153416, end_date=20250908T153416
[2025-09-08T15:34:16.795+0000] {local_task_job_runner.py:266} INFO - Task exited with return code 0
[2025-09-08T15:34:16.804+0000] {taskinstance.py:3900} INFO - 0 downstream tasks scheduled from follow-on schedule check
[2025-09-08T15:34:16.804+0000] {local_task_job_runner.py:245} INFO - ::endgroup::
