[2025-09-08T17:01:47.938+0000] {local_task_job_runner.py:123} INFO - ::group::Pre task execution logs
[2025-09-08T17:01:47.945+0000] {taskinstance.py:2612} INFO - Dependencies all met for dep_context=non-requeueable deps ti=<TaskInstance: cron_catchup_backfill.taskA scheduled__2025-09-06T00:00:00+00:00 [queued]>
[2025-09-08T17:01:47.949+0000] {taskinstance.py:2612} INFO - Dependencies all met for dep_context=requeueable deps ti=<TaskInstance: cron_catchup_backfill.taskA scheduled__2025-09-06T00:00:00+00:00 [queued]>
[2025-09-08T17:01:47.949+0000] {taskinstance.py:2865} INFO - Starting attempt 1 of 1
[2025-09-08T17:01:47.960+0000] {taskinstance.py:2888} INFO - Executing <Task(BashOperator): taskA> on 2025-09-06 00:00:00+00:00
[2025-09-08T17:01:47.964+0000] {standard_task_runner.py:72} INFO - Started process 16325 to run task
[2025-09-08T17:01:47.966+0000] {standard_task_runner.py:104} INFO - Running: ['airflow', 'tasks', 'run', 'cron_catchup_backfill', 'taskA', 'scheduled__2025-09-06T00:00:00+00:00', '--job-id', '116', '--raw', '--subdir', 'DAGS_FOLDER/executing_cron_catchup_backfill.py', '--cfg-path', '/tmp/tmpj1cwpek3']
[2025-09-08T17:01:47.967+0000] {standard_task_runner.py:105} INFO - Job 116: Subtask taskA
[2025-09-08T17:01:47.995+0000] {task_command.py:467} INFO - Running <TaskInstance: cron_catchup_backfill.taskA scheduled__2025-09-06T00:00:00+00:00 [running]> on host codespaces-9bd7b3
[2025-09-08T17:01:48.044+0000] {taskinstance.py:3131} INFO - Exporting env vars: AIRFLOW_CTX_DAG_OWNER='loonycorn' AIRFLOW_CTX_DAG_ID='cron_catchup_backfill' AIRFLOW_CTX_TASK_ID='taskA' AIRFLOW_CTX_EXECUTION_DATE='2025-09-06T00:00:00+00:00' AIRFLOW_CTX_TRY_NUMBER='1' AIRFLOW_CTX_DAG_RUN_ID='scheduled__2025-09-06T00:00:00+00:00'
[2025-09-08T17:01:48.044+0000] {taskinstance.py:731} INFO - ::endgroup::
[2025-09-08T17:01:48.055+0000] {subprocess.py:63} INFO - Tmp dir root location: /tmp
[2025-09-08T17:01:48.056+0000] {subprocess.py:75} INFO - Running command: ['/usr/bin/bash', '-c', 'echo TASK A has executed!']
[2025-09-08T17:01:48.064+0000] {subprocess.py:86} INFO - Output:
[2025-09-08T17:01:48.065+0000] {subprocess.py:93} INFO - TASK A has executed!
[2025-09-08T17:01:48.065+0000] {subprocess.py:97} INFO - Command exited with return code 0
[2025-09-08T17:01:48.080+0000] {taskinstance.py:340} INFO - ::group::Post task execution logs
[2025-09-08T17:01:48.081+0000] {taskinstance.py:352} INFO - Marking task as SUCCESS. dag_id=cron_catchup_backfill, task_id=taskA, run_id=scheduled__2025-09-06T00:00:00+00:00, execution_date=20250906T000000, start_date=20250908T170147, end_date=20250908T170148
[2025-09-08T17:01:48.099+0000] {local_task_job_runner.py:266} INFO - Task exited with return code 0
[2025-09-08T17:01:48.116+0000] {taskinstance.py:3900} INFO - 1 downstream tasks scheduled from follow-on schedule check
[2025-09-08T17:01:48.120+0000] {local_task_job_runner.py:245} INFO - ::endgroup::
[2025-09-08T17:04:43.959+0000] {local_task_job_runner.py:123} INFO - ::group::Pre task execution logs
[2025-09-08T17:04:43.966+0000] {taskinstance.py:2612} INFO - Dependencies all met for dep_context=non-requeueable deps ti=<TaskInstance: cron_catchup_backfill.taskA scheduled__2025-09-06T00:00:00+00:00 [queued]>
[2025-09-08T17:04:43.970+0000] {taskinstance.py:2612} INFO - Dependencies all met for dep_context=requeueable deps ti=<TaskInstance: cron_catchup_backfill.taskA scheduled__2025-09-06T00:00:00+00:00 [queued]>
[2025-09-08T17:04:43.971+0000] {taskinstance.py:2865} INFO - Starting attempt 1 of 1
[2025-09-08T17:04:43.983+0000] {taskinstance.py:2888} INFO - Executing <Task(BashOperator): taskA> on 2025-09-06 00:00:00+00:00
[2025-09-08T17:04:43.986+0000] {standard_task_runner.py:72} INFO - Started process 17746 to run task
[2025-09-08T17:04:43.989+0000] {standard_task_runner.py:104} INFO - Running: ['airflow', 'tasks', 'run', 'cron_catchup_backfill', 'taskA', 'scheduled__2025-09-06T00:00:00+00:00', '--job-id', '138', '--raw', '--subdir', 'DAGS_FOLDER/executing_cron_catchup_backfill.py', '--cfg-path', '/tmp/tmp8mn62o6g']
[2025-09-08T17:04:43.990+0000] {standard_task_runner.py:105} INFO - Job 138: Subtask taskA
[2025-09-08T17:04:44.018+0000] {task_command.py:467} INFO - Running <TaskInstance: cron_catchup_backfill.taskA scheduled__2025-09-06T00:00:00+00:00 [running]> on host codespaces-9bd7b3
[2025-09-08T17:04:44.065+0000] {taskinstance.py:3131} INFO - Exporting env vars: AIRFLOW_CTX_DAG_OWNER='loonycorn' AIRFLOW_CTX_DAG_ID='cron_catchup_backfill' AIRFLOW_CTX_TASK_ID='taskA' AIRFLOW_CTX_EXECUTION_DATE='2025-09-06T00:00:00+00:00' AIRFLOW_CTX_TRY_NUMBER='1' AIRFLOW_CTX_DAG_RUN_ID='scheduled__2025-09-06T00:00:00+00:00'
[2025-09-08T17:04:44.065+0000] {taskinstance.py:731} INFO - ::endgroup::
[2025-09-08T17:04:44.076+0000] {subprocess.py:63} INFO - Tmp dir root location: /tmp
[2025-09-08T17:04:44.076+0000] {subprocess.py:75} INFO - Running command: ['/usr/bin/bash', '-c', 'echo TASK A has executed!']
[2025-09-08T17:04:44.083+0000] {subprocess.py:86} INFO - Output:
[2025-09-08T17:04:44.084+0000] {subprocess.py:93} INFO - TASK A has executed!
[2025-09-08T17:04:44.084+0000] {subprocess.py:97} INFO - Command exited with return code 0
[2025-09-08T17:04:44.099+0000] {taskinstance.py:340} INFO - ::group::Post task execution logs
[2025-09-08T17:04:44.099+0000] {taskinstance.py:352} INFO - Marking task as SUCCESS. dag_id=cron_catchup_backfill, task_id=taskA, run_id=scheduled__2025-09-06T00:00:00+00:00, execution_date=20250906T000000, start_date=20250908T170443, end_date=20250908T170444
[2025-09-08T17:04:44.121+0000] {local_task_job_runner.py:266} INFO - Task exited with return code 0
[2025-09-08T17:04:44.138+0000] {taskinstance.py:3900} INFO - 1 downstream tasks scheduled from follow-on schedule check
[2025-09-08T17:04:44.142+0000] {local_task_job_runner.py:245} INFO - ::endgroup::
