[2025-09-08T15:43:44.174+0000] {local_task_job_runner.py:123} INFO - ::group::Pre task execution logs
[2025-09-08T15:43:44.180+0000] {taskinstance.py:2612} INFO - Dependencies all met for dep_context=non-requeueable deps ti=<TaskInstance: executing_sql_pipeline.insert_values_2 manual__2025-09-08T15:43:37.740286+00:00 [queued]>
[2025-09-08T15:43:44.185+0000] {taskinstance.py:2612} INFO - Dependencies all met for dep_context=requeueable deps ti=<TaskInstance: executing_sql_pipeline.insert_values_2 manual__2025-09-08T15:43:37.740286+00:00 [queued]>
[2025-09-08T15:43:44.186+0000] {taskinstance.py:2865} INFO - Starting attempt 1 of 1
[2025-09-08T15:43:44.197+0000] {taskinstance.py:2888} INFO - Executing <Task(SqliteOperator): insert_values_2> on 2025-09-08 15:43:37.740286+00:00
[2025-09-08T15:43:44.199+0000] {standard_task_runner.py:72} INFO - Started process 22344 to run task
[2025-09-08T15:43:44.202+0000] {standard_task_runner.py:104} INFO - Running: ['airflow', 'tasks', 'run', 'executing_sql_pipeline', 'insert_values_2', 'manual__2025-09-08T15:43:37.740286+00:00', '--job-id', '81', '--raw', '--subdir', 'DAGS_FOLDER/executing_sql_pipeline.py', '--cfg-path', '/tmp/tmpdpbybcgb']
[2025-09-08T15:43:44.203+0000] {standard_task_runner.py:105} INFO - Job 81: Subtask insert_values_2
[2025-09-08T15:43:44.226+0000] {task_command.py:467} INFO - Running <TaskInstance: executing_sql_pipeline.insert_values_2 manual__2025-09-08T15:43:37.740286+00:00 [running]> on host codespaces-9bd7b3
[2025-09-08T15:43:44.272+0000] {taskinstance.py:3131} INFO - Exporting env vars: AIRFLOW_CTX_DAG_OWNER='loonycorn' AIRFLOW_CTX_DAG_ID='executing_sql_pipeline' AIRFLOW_CTX_TASK_ID='insert_values_2' AIRFLOW_CTX_EXECUTION_DATE='2025-09-08T15:43:37.740286+00:00' AIRFLOW_CTX_TRY_NUMBER='1' AIRFLOW_CTX_DAG_RUN_ID='manual__2025-09-08T15:43:37.740286+00:00'
[2025-09-08T15:43:44.272+0000] {taskinstance.py:731} INFO - ::endgroup::
[2025-09-08T15:43:44.285+0000] {sql.py:266} INFO - Executing: 
            INSERT INTO users (name, age) VALUES 
                ('Harry', 49),
                ('Nancy', 52),
                ('Elvis', 26),
                ('Mia', 20);
        
[2025-09-08T15:43:44.288+0000] {base.py:84} INFO - Retrieving connection 'my_sqlite_conn'
[2025-09-08T15:43:44.305+0000] {base.py:84} INFO - Retrieving connection 'my_sqlite_conn'
[2025-09-08T15:43:44.306+0000] {sql.py:509} INFO - Running statement: 
            INSERT INTO users (name, age) VALUES 
                ('Harry', 49),
                ('Nancy', 52),
                ('Elvis', 26),
                ('Mia', 20);
        , parameters: None
[2025-09-08T15:43:44.306+0000] {sql.py:518} INFO - Rows affected: 4
[2025-09-08T15:43:44.312+0000] {taskinstance.py:340} INFO - ::group::Post task execution logs
[2025-09-08T15:43:44.313+0000] {taskinstance.py:352} INFO - Marking task as SUCCESS. dag_id=executing_sql_pipeline, task_id=insert_values_2, run_id=manual__2025-09-08T15:43:37.740286+00:00, execution_date=20250908T154337, start_date=20250908T154344, end_date=20250908T154344
[2025-09-08T15:43:44.334+0000] {local_task_job_runner.py:266} INFO - Task exited with return code 0
[2025-09-08T15:43:44.342+0000] {logging_mixin.py:190} WARNING - /usr/local/python/3.12.1/lib/python3.12/site-packages/airflow/models/baseoperator.py:1378 AirflowProviderDeprecationWarning: Call to deprecated class SqliteOperator. (Please use `airflow.providers.common.sql.operators.sql.SQLExecuteQueryOperator`.)
[2025-09-08T15:43:44.352+0000] {taskinstance.py:3900} INFO - 1 downstream tasks scheduled from follow-on schedule check
[2025-09-08T15:43:44.356+0000] {local_task_job_runner.py:245} INFO - ::endgroup::
