[2025-09-08T17:12:57.769+0000] {local_task_job_runner.py:123} INFO - ::group::Pre task execution logs
[2025-09-08T17:12:57.776+0000] {taskinstance.py:2612} INFO - Dependencies all met for dep_context=non-requeueable deps ti=<TaskInstance: cron_catchup_backfill.taskD backfill__2025-05-25T00:00:00+00:00 [queued]>
[2025-09-08T17:12:57.780+0000] {taskinstance.py:2612} INFO - Dependencies all met for dep_context=requeueable deps ti=<TaskInstance: cron_catchup_backfill.taskD backfill__2025-05-25T00:00:00+00:00 [queued]>
[2025-09-08T17:12:57.781+0000] {taskinstance.py:2865} INFO - Starting attempt 1 of 1
[2025-09-08T17:12:57.791+0000] {taskinstance.py:2888} INFO - Executing <Task(BashOperator): taskD> on 2025-05-25 00:00:00+00:00
[2025-09-08T17:12:57.794+0000] {standard_task_runner.py:72} INFO - Started process 23222 to run task
[2025-09-08T17:12:57.797+0000] {standard_task_runner.py:104} INFO - Running: ['airflow', 'tasks', 'run', 'cron_catchup_backfill', 'taskD', 'backfill__2025-05-25T00:00:00+00:00', '--job-id', '249', '--pool', 'default_pool', '--raw', '--subdir', 'DAGS_FOLDER/executing_cron_catchup_backfill.py', '--cfg-path', '/tmp/tmpexff6kve']
[2025-09-08T17:12:57.798+0000] {standard_task_runner.py:105} INFO - Job 249: Subtask taskD
[2025-09-08T17:12:57.826+0000] {task_command.py:467} INFO - Running <TaskInstance: cron_catchup_backfill.taskD backfill__2025-05-25T00:00:00+00:00 [running]> on host codespaces-9bd7b3
[2025-09-08T17:12:57.876+0000] {taskinstance.py:3131} INFO - Exporting env vars: AIRFLOW_CTX_DAG_OWNER='loonycorn' AIRFLOW_CTX_DAG_ID='cron_catchup_backfill' AIRFLOW_CTX_TASK_ID='taskD' AIRFLOW_CTX_EXECUTION_DATE='2025-05-25T00:00:00+00:00' AIRFLOW_CTX_TRY_NUMBER='1' AIRFLOW_CTX_DAG_RUN_ID='backfill__2025-05-25T00:00:00+00:00'
[2025-09-08T17:12:57.876+0000] {taskinstance.py:731} INFO - ::endgroup::
[2025-09-08T17:12:57.887+0000] {subprocess.py:63} INFO - Tmp dir root location: /tmp
[2025-09-08T17:12:57.887+0000] {subprocess.py:75} INFO - Running command: ['/usr/bin/bash', '-c', 'echo TASK D has executed!']
[2025-09-08T17:12:57.894+0000] {subprocess.py:86} INFO - Output:
[2025-09-08T17:12:57.895+0000] {subprocess.py:93} INFO - TASK D has executed!
[2025-09-08T17:12:57.895+0000] {subprocess.py:97} INFO - Command exited with return code 0
[2025-09-08T17:12:57.908+0000] {taskinstance.py:340} INFO - ::group::Post task execution logs
[2025-09-08T17:12:57.909+0000] {taskinstance.py:352} INFO - Marking task as SUCCESS. dag_id=cron_catchup_backfill, task_id=taskD, run_id=backfill__2025-05-25T00:00:00+00:00, execution_date=20250525T000000, start_date=20250908T171257, end_date=20250908T171257
[2025-09-08T17:12:57.930+0000] {local_task_job_runner.py:266} INFO - Task exited with return code 0
[2025-09-08T17:12:57.940+0000] {taskinstance.py:3900} INFO - 0 downstream tasks scheduled from follow-on schedule check
[2025-09-08T17:12:57.940+0000] {local_task_job_runner.py:245} INFO - ::endgroup::
