[2025-09-08T15:40:29.776+0000] {local_task_job_runner.py:123} INFO - ::group::Pre task execution logs
[2025-09-08T15:40:29.783+0000] {taskinstance.py:2612} INFO - Dependencies all met for dep_context=non-requeueable deps ti=<TaskInstance: executing_sql_pipeline.delete_values manual__2025-09-08T15:40:20.624553+00:00 [queued]>
[2025-09-08T15:40:29.788+0000] {taskinstance.py:2612} INFO - Dependencies all met for dep_context=requeueable deps ti=<TaskInstance: executing_sql_pipeline.delete_values manual__2025-09-08T15:40:20.624553+00:00 [queued]>
[2025-09-08T15:40:29.789+0000] {taskinstance.py:2865} INFO - Starting attempt 1 of 1
[2025-09-08T15:40:29.800+0000] {taskinstance.py:2888} INFO - Executing <Task(SqliteOperator): delete_values> on 2025-09-08 15:40:20.624553+00:00
[2025-09-08T15:40:29.803+0000] {standard_task_runner.py:72} INFO - Started process 20367 to run task
[2025-09-08T15:40:29.808+0000] {standard_task_runner.py:104} INFO - Running: ['airflow', 'tasks', 'run', 'executing_sql_pipeline', 'delete_values', 'manual__2025-09-08T15:40:20.624553+00:00', '--job-id', '77', '--raw', '--subdir', 'DAGS_FOLDER/executing_sql_pipeline.py', '--cfg-path', '/tmp/tmph8sto9tt']
[2025-09-08T15:40:29.809+0000] {standard_task_runner.py:105} INFO - Job 77: Subtask delete_values
[2025-09-08T15:40:29.833+0000] {task_command.py:467} INFO - Running <TaskInstance: executing_sql_pipeline.delete_values manual__2025-09-08T15:40:20.624553+00:00 [running]> on host codespaces-9bd7b3
[2025-09-08T15:40:29.878+0000] {taskinstance.py:3131} INFO - Exporting env vars: AIRFLOW_CTX_DAG_OWNER='loonycorn' AIRFLOW_CTX_DAG_ID='executing_sql_pipeline' AIRFLOW_CTX_TASK_ID='delete_values' AIRFLOW_CTX_EXECUTION_DATE='2025-09-08T15:40:20.624553+00:00' AIRFLOW_CTX_TRY_NUMBER='1' AIRFLOW_CTX_DAG_RUN_ID='manual__2025-09-08T15:40:20.624553+00:00'
[2025-09-08T15:40:29.878+0000] {taskinstance.py:731} INFO - ::endgroup::
[2025-09-08T15:40:29.891+0000] {sql.py:266} INFO - Executing: 
            DELETE FROM users WHERE is_active = 0;
        
[2025-09-08T15:40:29.894+0000] {base.py:84} INFO - Retrieving connection 'my_sqlite_conn'
[2025-09-08T15:40:29.910+0000] {base.py:84} INFO - Retrieving connection 'my_sqlite_conn'
[2025-09-08T15:40:29.911+0000] {sql.py:509} INFO - Running statement: 
            DELETE FROM users WHERE is_active = 0;
        , parameters: None
[2025-09-08T15:40:29.911+0000] {sql.py:518} INFO - Rows affected: 3
[2025-09-08T15:40:29.917+0000] {taskinstance.py:340} INFO - ::group::Post task execution logs
[2025-09-08T15:40:29.918+0000] {taskinstance.py:352} INFO - Marking task as SUCCESS. dag_id=executing_sql_pipeline, task_id=delete_values, run_id=manual__2025-09-08T15:40:20.624553+00:00, execution_date=20250908T154020, start_date=20250908T154029, end_date=20250908T154029
[2025-09-08T15:40:29.940+0000] {local_task_job_runner.py:266} INFO - Task exited with return code 0
[2025-09-08T15:40:29.949+0000] {logging_mixin.py:190} WARNING - /usr/local/python/3.12.1/lib/python3.12/site-packages/airflow/models/baseoperator.py:1378 AirflowProviderDeprecationWarning: Call to deprecated class SqliteOperator. (Please use `airflow.providers.common.sql.operators.sql.SQLExecuteQueryOperator`.)
[2025-09-08T15:40:29.958+0000] {taskinstance.py:3900} INFO - 1 downstream tasks scheduled from follow-on schedule check
[2025-09-08T15:40:29.963+0000] {local_task_job_runner.py:245} INFO - ::endgroup::
