[2025-09-08T15:43:40.187+0000] {local_task_job_runner.py:123} INFO - ::group::Pre task execution logs
[2025-09-08T15:43:40.193+0000] {taskinstance.py:2612} INFO - Dependencies all met for dep_context=non-requeueable deps ti=<TaskInstance: executing_sql_pipeline.create_table manual__2025-09-08T15:43:37.740286+00:00 [queued]>
[2025-09-08T15:43:40.198+0000] {taskinstance.py:2612} INFO - Dependencies all met for dep_context=requeueable deps ti=<TaskInstance: executing_sql_pipeline.create_table manual__2025-09-08T15:43:37.740286+00:00 [queued]>
[2025-09-08T15:43:40.198+0000] {taskinstance.py:2865} INFO - Starting attempt 1 of 1
[2025-09-08T15:43:40.209+0000] {taskinstance.py:2888} INFO - Executing <Task(SqliteOperator): create_table> on 2025-09-08 15:43:37.740286+00:00
[2025-09-08T15:43:40.212+0000] {standard_task_runner.py:72} INFO - Started process 22293 to run task
[2025-09-08T15:43:40.214+0000] {standard_task_runner.py:104} INFO - Running: ['airflow', 'tasks', 'run', 'executing_sql_pipeline', 'create_table', 'manual__2025-09-08T15:43:37.740286+00:00', '--job-id', '79', '--raw', '--subdir', 'DAGS_FOLDER/executing_sql_pipeline.py', '--cfg-path', '/tmp/tmpir2o1q9l']
[2025-09-08T15:43:40.215+0000] {standard_task_runner.py:105} INFO - Job 79: Subtask create_table
[2025-09-08T15:43:40.242+0000] {task_command.py:467} INFO - Running <TaskInstance: executing_sql_pipeline.create_table manual__2025-09-08T15:43:37.740286+00:00 [running]> on host codespaces-9bd7b3
[2025-09-08T15:43:40.291+0000] {taskinstance.py:3131} INFO - Exporting env vars: AIRFLOW_CTX_DAG_OWNER='loonycorn' AIRFLOW_CTX_DAG_ID='executing_sql_pipeline' AIRFLOW_CTX_TASK_ID='create_table' AIRFLOW_CTX_EXECUTION_DATE='2025-09-08T15:43:37.740286+00:00' AIRFLOW_CTX_TRY_NUMBER='1' AIRFLOW_CTX_DAG_RUN_ID='manual__2025-09-08T15:43:37.740286+00:00'
[2025-09-08T15:43:40.292+0000] {taskinstance.py:731} INFO - ::endgroup::
[2025-09-08T15:43:40.304+0000] {sql.py:266} INFO - Executing: 
            CREATE TABLE IF NOT EXISTS users (
                    id INTEGER PRIMARY KEY,
                    name VARCHAR(50) NOT NULL,
                    age INTEGER NOT NULL,
                    city VARCHAR(50),
                    is_active BOOLEAN DEFAULT true,
                    created_at TIMESTAMP DEFAULT CURRENT_TIMESTAMP
            );
        
[2025-09-08T15:43:40.307+0000] {base.py:84} INFO - Retrieving connection 'my_sqlite_conn'
[2025-09-08T15:43:40.324+0000] {base.py:84} INFO - Retrieving connection 'my_sqlite_conn'
[2025-09-08T15:43:40.325+0000] {sql.py:509} INFO - Running statement: 
            CREATE TABLE IF NOT EXISTS users (
                    id INTEGER PRIMARY KEY,
                    name VARCHAR(50) NOT NULL,
                    age INTEGER NOT NULL,
                    city VARCHAR(50),
                    is_active BOOLEAN DEFAULT true,
                    created_at TIMESTAMP DEFAULT CURRENT_TIMESTAMP
            );
        , parameters: None
[2025-09-08T15:43:40.332+0000] {taskinstance.py:340} INFO - ::group::Post task execution logs
[2025-09-08T15:43:40.333+0000] {taskinstance.py:352} INFO - Marking task as SUCCESS. dag_id=executing_sql_pipeline, task_id=create_table, run_id=manual__2025-09-08T15:43:37.740286+00:00, execution_date=20250908T154337, start_date=20250908T154340, end_date=20250908T154340
[2025-09-08T15:43:40.348+0000] {local_task_job_runner.py:266} INFO - Task exited with return code 0
[2025-09-08T15:43:40.356+0000] {logging_mixin.py:190} WARNING - /usr/local/python/3.12.1/lib/python3.12/site-packages/airflow/models/baseoperator.py:1378 AirflowProviderDeprecationWarning: Call to deprecated class SqliteOperator. (Please use `airflow.providers.common.sql.operators.sql.SQLExecuteQueryOperator`.)
[2025-09-08T15:43:40.366+0000] {taskinstance.py:3900} INFO - 2 downstream tasks scheduled from follow-on schedule check
[2025-09-08T15:43:40.370+0000] {local_task_job_runner.py:245} INFO - ::endgroup::
