[2025-09-07T23:44:25.091+0000] {local_task_job_runner.py:123} INFO - ::group::Pre task execution logs
[2025-09-07T23:44:25.098+0000] {taskinstance.py:2612} INFO - Dependencies all met for dep_context=non-requeueable deps ti=<TaskInstance: executing_multiple_tasks.taskB manual__2025-09-07T23:44:20.672695+00:00 [queued]>
[2025-09-07T23:44:25.102+0000] {taskinstance.py:2612} INFO - Dependencies all met for dep_context=requeueable deps ti=<TaskInstance: executing_multiple_tasks.taskB manual__2025-09-07T23:44:20.672695+00:00 [queued]>
[2025-09-07T23:44:25.102+0000] {taskinstance.py:2865} INFO - Starting attempt 1 of 1
[2025-09-07T23:44:25.113+0000] {taskinstance.py:2888} INFO - Executing <Task(BashOperator): taskB> on 2025-09-07 23:44:20.672695+00:00
[2025-09-07T23:44:25.116+0000] {standard_task_runner.py:72} INFO - Started process 45912 to run task
[2025-09-07T23:44:25.120+0000] {standard_task_runner.py:104} INFO - Running: ['airflow', 'tasks', 'run', 'executing_multiple_tasks', 'taskB', 'manual__2025-09-07T23:44:20.672695+00:00', '--job-id', '13', '--raw', '--subdir', 'DAGS_FOLDER/execute_multiple_tasks.py', '--cfg-path', '/tmp/tmpueu8d8ry']
[2025-09-07T23:44:25.121+0000] {standard_task_runner.py:105} INFO - Job 13: Subtask taskB
[2025-09-07T23:44:25.146+0000] {task_command.py:467} INFO - Running <TaskInstance: executing_multiple_tasks.taskB manual__2025-09-07T23:44:20.672695+00:00 [running]> on host codespaces-9bd7b3
[2025-09-07T23:44:25.193+0000] {taskinstance.py:3131} INFO - Exporting env vars: AIRFLOW_CTX_DAG_OWNER='loonycorn' AIRFLOW_CTX_DAG_ID='executing_multiple_tasks' AIRFLOW_CTX_TASK_ID='taskB' AIRFLOW_CTX_EXECUTION_DATE='2025-09-07T23:44:20.672695+00:00' AIRFLOW_CTX_TRY_NUMBER='1' AIRFLOW_CTX_DAG_RUN_ID='manual__2025-09-07T23:44:20.672695+00:00'
[2025-09-07T23:44:25.193+0000] {taskinstance.py:731} INFO - ::endgroup::
[2025-09-07T23:44:25.205+0000] {subprocess.py:63} INFO - Tmp dir root location: /tmp
[2025-09-07T23:44:25.206+0000] {subprocess.py:75} INFO - Running command: ['/usr/bin/bash', '-c', '\n            echo TASK B has started!\n            sleep 4\n            echo TASK B has ended!\n        ']
[2025-09-07T23:44:25.212+0000] {subprocess.py:86} INFO - Output:
[2025-09-07T23:44:25.213+0000] {subprocess.py:93} INFO - TASK B has started!
[2025-09-07T23:44:29.215+0000] {subprocess.py:93} INFO - TASK B has ended!
[2025-09-07T23:44:29.215+0000] {subprocess.py:97} INFO - Command exited with return code 0
[2025-09-07T23:44:29.228+0000] {taskinstance.py:340} INFO - ::group::Post task execution logs
[2025-09-07T23:44:29.229+0000] {taskinstance.py:352} INFO - Marking task as SUCCESS. dag_id=executing_multiple_tasks, task_id=taskB, run_id=manual__2025-09-07T23:44:20.672695+00:00, execution_date=20250907T234420, start_date=20250907T234425, end_date=20250907T234429
[2025-09-07T23:44:29.264+0000] {local_task_job_runner.py:266} INFO - Task exited with return code 0
[2025-09-07T23:44:29.276+0000] {taskinstance.py:3900} INFO - 0 downstream tasks scheduled from follow-on schedule check
[2025-09-07T23:44:29.276+0000] {local_task_job_runner.py:245} INFO - ::endgroup::
