[2025-09-08T17:02:22.399+0000] {local_task_job_runner.py:123} INFO - ::group::Pre task execution logs
[2025-09-08T17:02:22.406+0000] {taskinstance.py:2612} INFO - Dependencies all met for dep_context=non-requeueable deps ti=<TaskInstance: cron_catchup_backfill.taskD scheduled__2025-09-07T00:00:00+00:00 [queued]>
[2025-09-08T17:02:22.411+0000] {taskinstance.py:2612} INFO - Dependencies all met for dep_context=requeueable deps ti=<TaskInstance: cron_catchup_backfill.taskD scheduled__2025-09-07T00:00:00+00:00 [queued]>
[2025-09-08T17:02:22.412+0000] {taskinstance.py:2865} INFO - Starting attempt 1 of 1
[2025-09-08T17:02:22.423+0000] {taskinstance.py:2888} INFO - Executing <Task(BashOperator): taskD> on 2025-09-07 00:00:00+00:00
[2025-09-08T17:02:22.427+0000] {standard_task_runner.py:72} INFO - Started process 16610 to run task
[2025-09-08T17:02:22.429+0000] {standard_task_runner.py:104} INFO - Running: ['airflow', 'tasks', 'run', 'cron_catchup_backfill', 'taskD', 'scheduled__2025-09-07T00:00:00+00:00', '--job-id', '132', '--raw', '--subdir', 'DAGS_FOLDER/executing_cron_catchup_backfill.py', '--cfg-path', '/tmp/tmpjz5g1ee9']
[2025-09-08T17:02:22.430+0000] {standard_task_runner.py:105} INFO - Job 132: Subtask taskD
[2025-09-08T17:02:22.459+0000] {task_command.py:467} INFO - Running <TaskInstance: cron_catchup_backfill.taskD scheduled__2025-09-07T00:00:00+00:00 [running]> on host codespaces-9bd7b3
[2025-09-08T17:02:22.508+0000] {taskinstance.py:3131} INFO - Exporting env vars: AIRFLOW_CTX_DAG_OWNER='loonycorn' AIRFLOW_CTX_DAG_ID='cron_catchup_backfill' AIRFLOW_CTX_TASK_ID='taskD' AIRFLOW_CTX_EXECUTION_DATE='2025-09-07T00:00:00+00:00' AIRFLOW_CTX_TRY_NUMBER='1' AIRFLOW_CTX_DAG_RUN_ID='scheduled__2025-09-07T00:00:00+00:00'
[2025-09-08T17:02:22.509+0000] {taskinstance.py:731} INFO - ::endgroup::
[2025-09-08T17:02:22.520+0000] {subprocess.py:63} INFO - Tmp dir root location: /tmp
[2025-09-08T17:02:22.520+0000] {subprocess.py:75} INFO - Running command: ['/usr/bin/bash', '-c', 'echo TASK D has executed!']
[2025-09-08T17:02:22.527+0000] {subprocess.py:86} INFO - Output:
[2025-09-08T17:02:22.528+0000] {subprocess.py:93} INFO - TASK D has executed!
[2025-09-08T17:02:22.528+0000] {subprocess.py:97} INFO - Command exited with return code 0
[2025-09-08T17:02:22.544+0000] {taskinstance.py:340} INFO - ::group::Post task execution logs
[2025-09-08T17:02:22.544+0000] {taskinstance.py:352} INFO - Marking task as SUCCESS. dag_id=cron_catchup_backfill, task_id=taskD, run_id=scheduled__2025-09-07T00:00:00+00:00, execution_date=20250907T000000, start_date=20250908T170222, end_date=20250908T170222
[2025-09-08T17:02:22.562+0000] {local_task_job_runner.py:266} INFO - Task exited with return code 0
[2025-09-08T17:02:22.572+0000] {taskinstance.py:3900} INFO - 0 downstream tasks scheduled from follow-on schedule check
[2025-09-08T17:02:22.572+0000] {local_task_job_runner.py:245} INFO - ::endgroup::
[2025-09-08T17:06:22.884+0000] {local_task_job_runner.py:123} INFO - ::group::Pre task execution logs
[2025-09-08T17:06:22.892+0000] {taskinstance.py:2612} INFO - Dependencies all met for dep_context=non-requeueable deps ti=<TaskInstance: cron_catchup_backfill.taskD scheduled__2025-09-07T00:00:00+00:00 [queued]>
[2025-09-08T17:06:22.897+0000] {taskinstance.py:2612} INFO - Dependencies all met for dep_context=requeueable deps ti=<TaskInstance: cron_catchup_backfill.taskD scheduled__2025-09-07T00:00:00+00:00 [queued]>
[2025-09-08T17:06:22.897+0000] {taskinstance.py:2865} INFO - Starting attempt 1 of 1
[2025-09-08T17:06:22.908+0000] {taskinstance.py:2888} INFO - Executing <Task(BashOperator): taskD> on 2025-09-07 00:00:00+00:00
[2025-09-08T17:06:22.911+0000] {standard_task_runner.py:72} INFO - Started process 18523 to run task
[2025-09-08T17:06:22.914+0000] {standard_task_runner.py:104} INFO - Running: ['airflow', 'tasks', 'run', 'cron_catchup_backfill', 'taskD', 'scheduled__2025-09-07T00:00:00+00:00', '--job-id', '114', '--raw', '--subdir', 'DAGS_FOLDER/executing_cron_catchup_backfill.py', '--cfg-path', '/tmp/tmpk4zyy6rb']
[2025-09-08T17:06:22.915+0000] {standard_task_runner.py:105} INFO - Job 114: Subtask taskD
[2025-09-08T17:06:22.944+0000] {task_command.py:467} INFO - Running <TaskInstance: cron_catchup_backfill.taskD scheduled__2025-09-07T00:00:00+00:00 [running]> on host codespaces-9bd7b3
[2025-09-08T17:06:22.993+0000] {taskinstance.py:3131} INFO - Exporting env vars: AIRFLOW_CTX_DAG_OWNER='loonycorn' AIRFLOW_CTX_DAG_ID='cron_catchup_backfill' AIRFLOW_CTX_TASK_ID='taskD' AIRFLOW_CTX_EXECUTION_DATE='2025-09-07T00:00:00+00:00' AIRFLOW_CTX_TRY_NUMBER='1' AIRFLOW_CTX_DAG_RUN_ID='scheduled__2025-09-07T00:00:00+00:00'
[2025-09-08T17:06:22.994+0000] {taskinstance.py:731} INFO - ::endgroup::
[2025-09-08T17:06:23.004+0000] {subprocess.py:63} INFO - Tmp dir root location: /tmp
[2025-09-08T17:06:23.005+0000] {subprocess.py:75} INFO - Running command: ['/usr/bin/bash', '-c', 'echo TASK D has executed!']
[2025-09-08T17:06:23.012+0000] {subprocess.py:86} INFO - Output:
[2025-09-08T17:06:23.013+0000] {subprocess.py:93} INFO - TASK D has executed!
[2025-09-08T17:06:23.013+0000] {subprocess.py:97} INFO - Command exited with return code 0
[2025-09-08T17:06:23.027+0000] {taskinstance.py:340} INFO - ::group::Post task execution logs
[2025-09-08T17:06:23.028+0000] {taskinstance.py:352} INFO - Marking task as SUCCESS. dag_id=cron_catchup_backfill, task_id=taskD, run_id=scheduled__2025-09-07T00:00:00+00:00, execution_date=20250907T000000, start_date=20250908T170622, end_date=20250908T170623
[2025-09-08T17:06:23.049+0000] {local_task_job_runner.py:266} INFO - Task exited with return code 0
[2025-09-08T17:06:23.058+0000] {taskinstance.py:3900} INFO - 0 downstream tasks scheduled from follow-on schedule check
[2025-09-08T17:06:23.059+0000] {local_task_job_runner.py:245} INFO - ::endgroup::
