[2025-09-08T16:56:58.798+0000] {local_task_job_runner.py:123} INFO - ::group::Pre task execution logs
[2025-09-08T16:56:58.806+0000] {taskinstance.py:2612} INFO - Dependencies all met for dep_context=non-requeueable deps ti=<TaskInstance: taskgroup_and_labels_pipeline.Reading_and_Preprocessing.read_csv_file manual__2025-09-08T16:56:53.736348+00:00 [queued]>
[2025-09-08T16:56:58.811+0000] {taskinstance.py:2612} INFO - Dependencies all met for dep_context=requeueable deps ti=<TaskInstance: taskgroup_and_labels_pipeline.Reading_and_Preprocessing.read_csv_file manual__2025-09-08T16:56:53.736348+00:00 [queued]>
[2025-09-08T16:56:58.811+0000] {taskinstance.py:2865} INFO - Starting attempt 1 of 1
[2025-09-08T16:56:58.823+0000] {taskinstance.py:2888} INFO - Executing <Task(PythonOperator): Reading_and_Preprocessing.read_csv_file> on 2025-09-08 16:56:53.736348+00:00
[2025-09-08T16:56:58.827+0000] {standard_task_runner.py:72} INFO - Started process 14075 to run task
[2025-09-08T16:56:58.829+0000] {standard_task_runner.py:104} INFO - Running: ['airflow', 'tasks', 'run', 'taskgroup_and_labels_pipeline', 'Reading_and_Preprocessing.read_csv_file', 'manual__2025-09-08T16:56:53.736348+00:00', '--job-id', '103', '--raw', '--subdir', 'DAGS_FOLDER/executing_branching_pipeline.py', '--cfg-path', '/tmp/tmpsph3dt58']
[2025-09-08T16:56:58.830+0000] {standard_task_runner.py:105} INFO - Job 103: Subtask Reading_and_Preprocessing.read_csv_file
[2025-09-08T16:56:58.857+0000] {task_command.py:467} INFO - Running <TaskInstance: taskgroup_and_labels_pipeline.Reading_and_Preprocessing.read_csv_file manual__2025-09-08T16:56:53.736348+00:00 [running]> on host codespaces-9bd7b3
[2025-09-08T16:56:58.902+0000] {taskinstance.py:3131} INFO - Exporting env vars: AIRFLOW_CTX_DAG_OWNER='loonycorn' AIRFLOW_CTX_DAG_ID='taskgroup_and_labels_pipeline' AIRFLOW_CTX_TASK_ID='Reading_and_Preprocessing.read_csv_file' AIRFLOW_CTX_EXECUTION_DATE='2025-09-08T16:56:53.736348+00:00' AIRFLOW_CTX_TRY_NUMBER='1' AIRFLOW_CTX_DAG_RUN_ID='manual__2025-09-08T16:56:53.736348+00:00'
[2025-09-08T16:56:58.903+0000] {taskinstance.py:731} INFO - ::endgroup::
[2025-09-08T16:56:58.928+0000] {logging_mixin.py:190} INFO -        age     sex    bmi  children smoker     region     charges
0     19.0  female  27.90       0.0    yes  southwest  16884.9240
1     18.0    male  33.77       1.0     no  southeast   1725.5523
2     28.0    male  33.00       3.0     no  southeast   4449.4620
3      NaN     NaN    NaN       NaN    NaN        NaN         NaN
4     25.0    male  28.60       1.0     no  southeast   3366.6697
...    ...     ...    ...       ...    ...        ...         ...
1344  18.0  female  31.92       0.0     no  northeast   2205.9808
1345  18.0  female  36.85       0.0     no  southeast   1629.8335
1346  21.0  female  25.80       0.0     no  southwest   2007.9450
1347   NaN     NaN    NaN       NaN    NaN        NaN         NaN
1348  42.0    male  35.12       0.0     no  southwest   5976.8311

[1349 rows x 7 columns]
[2025-09-08T16:56:58.943+0000] {python.py:240} INFO - Done. Returned value was: None
[2025-09-08T16:56:58.946+0000] {taskinstance.py:340} INFO - ::group::Post task execution logs
[2025-09-08T16:56:58.947+0000] {taskinstance.py:352} INFO - Marking task as SUCCESS. dag_id=taskgroup_and_labels_pipeline, task_id=Reading_and_Preprocessing.read_csv_file, run_id=manual__2025-09-08T16:56:53.736348+00:00, execution_date=20250908T165653, start_date=20250908T165658, end_date=20250908T165658
[2025-09-08T16:56:59.002+0000] {local_task_job_runner.py:266} INFO - Task exited with return code 0
[2025-09-08T16:56:59.018+0000] {taskinstance.py:3900} INFO - 1 downstream tasks scheduled from follow-on schedule check
[2025-09-08T16:56:59.022+0000] {local_task_job_runner.py:245} INFO - ::endgroup::
