[2025-09-07T23:55:58.508+0000] {processor.py:186} INFO - Started process (PID=51510) to work on /workspaces/Files_Learning_Apache_Airflow/airflow/dags/execute_python_operators.py
[2025-09-07T23:55:58.509+0000] {processor.py:914} INFO - Processing file /workspaces/Files_Learning_Apache_Airflow/airflow/dags/execute_python_operators.py for tasks to queue
[2025-09-07T23:55:58.510+0000] {logging_mixin.py:190} INFO - [2025-09-07T23:55:58.509+0000] {dagbag.py:588} INFO - Filling up the DagBag from /workspaces/Files_Learning_Apache_Airflow/airflow/dags/execute_python_operators.py
[2025-09-07T23:55:58.519+0000] {processor.py:925} INFO - DAG(s) 'execute_python_operators' retrieved from /workspaces/Files_Learning_Apache_Airflow/airflow/dags/execute_python_operators.py
[2025-09-07T23:55:58.702+0000] {logging_mixin.py:190} INFO - [2025-09-07T23:55:58.702+0000] {dag.py:3239} INFO - Sync 1 DAGs
[2025-09-07T23:55:58.716+0000] {logging_mixin.py:190} INFO - [2025-09-07T23:55:58.716+0000] {dag.py:4180} INFO - Setting next_dagrun for execute_python_operators to 2025-09-06 00:00:00+00:00, run_after=2025-09-07 00:00:00+00:00
[2025-09-07T23:55:58.732+0000] {processor.py:208} INFO - Processing /workspaces/Files_Learning_Apache_Airflow/airflow/dags/execute_python_operators.py took 0.227 seconds
[2025-09-07T23:56:02.487+0000] {processor.py:186} INFO - Started process (PID=51556) to work on /workspaces/Files_Learning_Apache_Airflow/airflow/dags/execute_python_operators.py
[2025-09-07T23:56:02.488+0000] {processor.py:914} INFO - Processing file /workspaces/Files_Learning_Apache_Airflow/airflow/dags/execute_python_operators.py for tasks to queue
[2025-09-07T23:56:02.488+0000] {logging_mixin.py:190} INFO - [2025-09-07T23:56:02.488+0000] {dagbag.py:588} INFO - Filling up the DagBag from /workspaces/Files_Learning_Apache_Airflow/airflow/dags/execute_python_operators.py
[2025-09-07T23:56:02.497+0000] {processor.py:925} INFO - DAG(s) 'execute_python_operators' retrieved from /workspaces/Files_Learning_Apache_Airflow/airflow/dags/execute_python_operators.py
[2025-09-07T23:56:02.503+0000] {logging_mixin.py:190} INFO - [2025-09-07T23:56:02.503+0000] {dag.py:3239} INFO - Sync 1 DAGs
[2025-09-07T23:56:02.522+0000] {logging_mixin.py:190} INFO - [2025-09-07T23:56:02.522+0000] {dag.py:4180} INFO - Setting next_dagrun for execute_python_operators to 2025-09-06 00:00:00+00:00, run_after=2025-09-07 00:00:00+00:00
[2025-09-07T23:56:02.633+0000] {processor.py:208} INFO - Processing /workspaces/Files_Learning_Apache_Airflow/airflow/dags/execute_python_operators.py took 0.150 seconds
[2025-09-07T23:56:32.897+0000] {processor.py:186} INFO - Started process (PID=51774) to work on /workspaces/Files_Learning_Apache_Airflow/airflow/dags/execute_python_operators.py
[2025-09-07T23:56:32.898+0000] {processor.py:914} INFO - Processing file /workspaces/Files_Learning_Apache_Airflow/airflow/dags/execute_python_operators.py for tasks to queue
[2025-09-07T23:56:32.898+0000] {logging_mixin.py:190} INFO - [2025-09-07T23:56:32.898+0000] {dagbag.py:588} INFO - Filling up the DagBag from /workspaces/Files_Learning_Apache_Airflow/airflow/dags/execute_python_operators.py
[2025-09-07T23:56:32.907+0000] {processor.py:925} INFO - DAG(s) 'execute_python_operators' retrieved from /workspaces/Files_Learning_Apache_Airflow/airflow/dags/execute_python_operators.py
[2025-09-07T23:56:32.922+0000] {logging_mixin.py:190} INFO - [2025-09-07T23:56:32.922+0000] {dag.py:3239} INFO - Sync 1 DAGs
[2025-09-07T23:56:33.023+0000] {logging_mixin.py:190} INFO - [2025-09-07T23:56:33.023+0000] {dag.py:4180} INFO - Setting next_dagrun for execute_python_operators to 2025-09-07 00:00:00+00:00, run_after=2025-09-08 00:00:00+00:00
[2025-09-07T23:56:33.037+0000] {processor.py:208} INFO - Processing /workspaces/Files_Learning_Apache_Airflow/airflow/dags/execute_python_operators.py took 0.144 seconds
[2025-09-07T23:57:03.305+0000] {processor.py:186} INFO - Started process (PID=52094) to work on /workspaces/Files_Learning_Apache_Airflow/airflow/dags/execute_python_operators.py
[2025-09-07T23:57:03.305+0000] {processor.py:914} INFO - Processing file /workspaces/Files_Learning_Apache_Airflow/airflow/dags/execute_python_operators.py for tasks to queue
[2025-09-07T23:57:03.306+0000] {logging_mixin.py:190} INFO - [2025-09-07T23:57:03.306+0000] {dagbag.py:588} INFO - Filling up the DagBag from /workspaces/Files_Learning_Apache_Airflow/airflow/dags/execute_python_operators.py
[2025-09-07T23:57:03.315+0000] {processor.py:925} INFO - DAG(s) 'execute_python_operators' retrieved from /workspaces/Files_Learning_Apache_Airflow/airflow/dags/execute_python_operators.py
[2025-09-07T23:57:03.331+0000] {logging_mixin.py:190} INFO - [2025-09-07T23:57:03.331+0000] {dag.py:3239} INFO - Sync 1 DAGs
[2025-09-07T23:57:03.439+0000] {logging_mixin.py:190} INFO - [2025-09-07T23:57:03.438+0000] {dag.py:4180} INFO - Setting next_dagrun for execute_python_operators to 2025-09-07 00:00:00+00:00, run_after=2025-09-08 00:00:00+00:00
[2025-09-07T23:57:03.456+0000] {processor.py:208} INFO - Processing /workspaces/Files_Learning_Apache_Airflow/airflow/dags/execute_python_operators.py took 0.155 seconds
[2025-09-07T23:57:33.722+0000] {processor.py:186} INFO - Started process (PID=52653) to work on /workspaces/Files_Learning_Apache_Airflow/airflow/dags/execute_python_operators.py
[2025-09-07T23:57:33.723+0000] {processor.py:914} INFO - Processing file /workspaces/Files_Learning_Apache_Airflow/airflow/dags/execute_python_operators.py for tasks to queue
[2025-09-07T23:57:33.724+0000] {logging_mixin.py:190} INFO - [2025-09-07T23:57:33.724+0000] {dagbag.py:588} INFO - Filling up the DagBag from /workspaces/Files_Learning_Apache_Airflow/airflow/dags/execute_python_operators.py
[2025-09-07T23:57:33.732+0000] {processor.py:925} INFO - DAG(s) 'execute_python_operators' retrieved from /workspaces/Files_Learning_Apache_Airflow/airflow/dags/execute_python_operators.py
[2025-09-07T23:57:33.747+0000] {logging_mixin.py:190} INFO - [2025-09-07T23:57:33.747+0000] {dag.py:3239} INFO - Sync 1 DAGs
[2025-09-07T23:57:33.849+0000] {logging_mixin.py:190} INFO - [2025-09-07T23:57:33.849+0000] {dag.py:4180} INFO - Setting next_dagrun for execute_python_operators to 2025-09-07 00:00:00+00:00, run_after=2025-09-08 00:00:00+00:00
[2025-09-07T23:57:33.863+0000] {processor.py:208} INFO - Processing /workspaces/Files_Learning_Apache_Airflow/airflow/dags/execute_python_operators.py took 0.145 seconds
[2025-09-07T23:58:04.133+0000] {processor.py:186} INFO - Started process (PID=52902) to work on /workspaces/Files_Learning_Apache_Airflow/airflow/dags/execute_python_operators.py
[2025-09-07T23:58:04.134+0000] {processor.py:914} INFO - Processing file /workspaces/Files_Learning_Apache_Airflow/airflow/dags/execute_python_operators.py for tasks to queue
[2025-09-07T23:58:04.135+0000] {logging_mixin.py:190} INFO - [2025-09-07T23:58:04.135+0000] {dagbag.py:588} INFO - Filling up the DagBag from /workspaces/Files_Learning_Apache_Airflow/airflow/dags/execute_python_operators.py
[2025-09-07T23:58:04.144+0000] {processor.py:925} INFO - DAG(s) 'execute_python_operators' retrieved from /workspaces/Files_Learning_Apache_Airflow/airflow/dags/execute_python_operators.py
[2025-09-07T23:58:04.159+0000] {logging_mixin.py:190} INFO - [2025-09-07T23:58:04.159+0000] {dag.py:3239} INFO - Sync 1 DAGs
[2025-09-07T23:58:04.175+0000] {logging_mixin.py:190} INFO - [2025-09-07T23:58:04.175+0000] {dag.py:4180} INFO - Setting next_dagrun for execute_python_operators to 2025-09-07 00:00:00+00:00, run_after=2025-09-08 00:00:00+00:00
[2025-09-07T23:58:04.190+0000] {processor.py:208} INFO - Processing /workspaces/Files_Learning_Apache_Airflow/airflow/dags/execute_python_operators.py took 0.060 seconds
[2025-09-07T23:58:23.493+0000] {processor.py:186} INFO - Started process (PID=53059) to work on /workspaces/Files_Learning_Apache_Airflow/airflow/dags/execute_python_operators.py
[2025-09-07T23:58:23.494+0000] {processor.py:914} INFO - Processing file /workspaces/Files_Learning_Apache_Airflow/airflow/dags/execute_python_operators.py for tasks to queue
[2025-09-07T23:58:23.495+0000] {logging_mixin.py:190} INFO - [2025-09-07T23:58:23.494+0000] {dagbag.py:588} INFO - Filling up the DagBag from /workspaces/Files_Learning_Apache_Airflow/airflow/dags/execute_python_operators.py
[2025-09-07T23:58:23.506+0000] {processor.py:925} INFO - DAG(s) 'execute_python_operators' retrieved from /workspaces/Files_Learning_Apache_Airflow/airflow/dags/execute_python_operators.py
[2025-09-07T23:58:23.594+0000] {logging_mixin.py:190} INFO - [2025-09-07T23:58:23.594+0000] {dag.py:3239} INFO - Sync 1 DAGs
[2025-09-07T23:58:23.609+0000] {logging_mixin.py:190} INFO - [2025-09-07T23:58:23.609+0000] {dag.py:4180} INFO - Setting next_dagrun for execute_python_operators to 2025-09-07 00:00:00+00:00, run_after=2025-09-08 00:00:00+00:00
[2025-09-07T23:58:23.627+0000] {processor.py:208} INFO - Processing /workspaces/Files_Learning_Apache_Airflow/airflow/dags/execute_python_operators.py took 0.141 seconds
[2025-09-07T23:58:26.440+0000] {processor.py:186} INFO - Started process (PID=53079) to work on /workspaces/Files_Learning_Apache_Airflow/airflow/dags/execute_python_operators.py
[2025-09-07T23:58:26.441+0000] {processor.py:914} INFO - Processing file /workspaces/Files_Learning_Apache_Airflow/airflow/dags/execute_python_operators.py for tasks to queue
[2025-09-07T23:58:26.441+0000] {logging_mixin.py:190} INFO - [2025-09-07T23:58:26.441+0000] {dagbag.py:588} INFO - Filling up the DagBag from /workspaces/Files_Learning_Apache_Airflow/airflow/dags/execute_python_operators.py
[2025-09-07T23:58:26.451+0000] {processor.py:925} INFO - DAG(s) 'execute_python_operators' retrieved from /workspaces/Files_Learning_Apache_Airflow/airflow/dags/execute_python_operators.py
[2025-09-07T23:58:26.457+0000] {logging_mixin.py:190} INFO - [2025-09-07T23:58:26.456+0000] {dag.py:3239} INFO - Sync 1 DAGs
[2025-09-07T23:58:26.473+0000] {logging_mixin.py:190} INFO - [2025-09-07T23:58:26.473+0000] {dag.py:4180} INFO - Setting next_dagrun for execute_python_operators to 2025-09-07 00:00:00+00:00, run_after=2025-09-08 00:00:00+00:00
[2025-09-07T23:58:26.490+0000] {processor.py:208} INFO - Processing /workspaces/Files_Learning_Apache_Airflow/airflow/dags/execute_python_operators.py took 0.054 seconds
[2025-09-07T23:58:27.572+0000] {processor.py:186} INFO - Started process (PID=53081) to work on /workspaces/Files_Learning_Apache_Airflow/airflow/dags/execute_python_operators.py
[2025-09-07T23:58:27.573+0000] {processor.py:914} INFO - Processing file /workspaces/Files_Learning_Apache_Airflow/airflow/dags/execute_python_operators.py for tasks to queue
[2025-09-07T23:58:27.573+0000] {logging_mixin.py:190} INFO - [2025-09-07T23:58:27.573+0000] {dagbag.py:588} INFO - Filling up the DagBag from /workspaces/Files_Learning_Apache_Airflow/airflow/dags/execute_python_operators.py
[2025-09-07T23:58:27.583+0000] {processor.py:925} INFO - DAG(s) 'execute_python_operators' retrieved from /workspaces/Files_Learning_Apache_Airflow/airflow/dags/execute_python_operators.py
[2025-09-07T23:58:27.589+0000] {logging_mixin.py:190} INFO - [2025-09-07T23:58:27.589+0000] {dag.py:3239} INFO - Sync 1 DAGs
[2025-09-07T23:58:27.605+0000] {logging_mixin.py:190} INFO - [2025-09-07T23:58:27.605+0000] {dag.py:4180} INFO - Setting next_dagrun for execute_python_operators to 2025-09-07 00:00:00+00:00, run_after=2025-09-08 00:00:00+00:00
[2025-09-07T23:58:27.621+0000] {processor.py:208} INFO - Processing /workspaces/Files_Learning_Apache_Airflow/airflow/dags/execute_python_operators.py took 0.053 seconds
[2025-09-07T23:58:58.022+0000] {processor.py:186} INFO - Started process (PID=53305) to work on /workspaces/Files_Learning_Apache_Airflow/airflow/dags/execute_python_operators.py
[2025-09-07T23:58:58.022+0000] {processor.py:914} INFO - Processing file /workspaces/Files_Learning_Apache_Airflow/airflow/dags/execute_python_operators.py for tasks to queue
[2025-09-07T23:58:58.023+0000] {logging_mixin.py:190} INFO - [2025-09-07T23:58:58.023+0000] {dagbag.py:588} INFO - Filling up the DagBag from /workspaces/Files_Learning_Apache_Airflow/airflow/dags/execute_python_operators.py
[2025-09-07T23:58:58.032+0000] {processor.py:925} INFO - DAG(s) 'execute_python_operators' retrieved from /workspaces/Files_Learning_Apache_Airflow/airflow/dags/execute_python_operators.py
[2025-09-07T23:58:58.049+0000] {logging_mixin.py:190} INFO - [2025-09-07T23:58:58.048+0000] {dag.py:3239} INFO - Sync 1 DAGs
[2025-09-07T23:58:58.064+0000] {logging_mixin.py:190} INFO - [2025-09-07T23:58:58.064+0000] {dag.py:4180} INFO - Setting next_dagrun for execute_python_operators to 2025-09-07 00:00:00+00:00, run_after=2025-09-08 00:00:00+00:00
[2025-09-07T23:58:58.080+0000] {processor.py:208} INFO - Processing /workspaces/Files_Learning_Apache_Airflow/airflow/dags/execute_python_operators.py took 0.062 seconds
[2025-09-07T23:59:28.163+0000] {processor.py:186} INFO - Started process (PID=53511) to work on /workspaces/Files_Learning_Apache_Airflow/airflow/dags/execute_python_operators.py
[2025-09-07T23:59:28.164+0000] {processor.py:914} INFO - Processing file /workspaces/Files_Learning_Apache_Airflow/airflow/dags/execute_python_operators.py for tasks to queue
[2025-09-07T23:59:28.165+0000] {logging_mixin.py:190} INFO - [2025-09-07T23:59:28.165+0000] {dagbag.py:588} INFO - Filling up the DagBag from /workspaces/Files_Learning_Apache_Airflow/airflow/dags/execute_python_operators.py
[2025-09-07T23:59:28.174+0000] {processor.py:925} INFO - DAG(s) 'execute_python_operators' retrieved from /workspaces/Files_Learning_Apache_Airflow/airflow/dags/execute_python_operators.py
[2025-09-07T23:59:28.190+0000] {logging_mixin.py:190} INFO - [2025-09-07T23:59:28.190+0000] {dag.py:3239} INFO - Sync 1 DAGs
[2025-09-07T23:59:28.206+0000] {logging_mixin.py:190} INFO - [2025-09-07T23:59:28.206+0000] {dag.py:4180} INFO - Setting next_dagrun for execute_python_operators to 2025-09-07 00:00:00+00:00, run_after=2025-09-08 00:00:00+00:00
[2025-09-07T23:59:28.224+0000] {processor.py:208} INFO - Processing /workspaces/Files_Learning_Apache_Airflow/airflow/dags/execute_python_operators.py took 0.064 seconds
[2025-09-07T23:59:58.508+0000] {processor.py:186} INFO - Started process (PID=53758) to work on /workspaces/Files_Learning_Apache_Airflow/airflow/dags/execute_python_operators.py
[2025-09-07T23:59:58.509+0000] {processor.py:914} INFO - Processing file /workspaces/Files_Learning_Apache_Airflow/airflow/dags/execute_python_operators.py for tasks to queue
[2025-09-07T23:59:58.510+0000] {logging_mixin.py:190} INFO - [2025-09-07T23:59:58.509+0000] {dagbag.py:588} INFO - Filling up the DagBag from /workspaces/Files_Learning_Apache_Airflow/airflow/dags/execute_python_operators.py
[2025-09-07T23:59:58.519+0000] {processor.py:925} INFO - DAG(s) 'execute_python_operators' retrieved from /workspaces/Files_Learning_Apache_Airflow/airflow/dags/execute_python_operators.py
[2025-09-07T23:59:58.525+0000] {logging_mixin.py:190} INFO - [2025-09-07T23:59:58.525+0000] {dag.py:3239} INFO - Sync 1 DAGs
[2025-09-07T23:59:58.542+0000] {logging_mixin.py:190} INFO - [2025-09-07T23:59:58.542+0000] {dag.py:4180} INFO - Setting next_dagrun for execute_python_operators to 2025-09-07 00:00:00+00:00, run_after=2025-09-08 00:00:00+00:00
[2025-09-07T23:59:58.558+0000] {processor.py:208} INFO - Processing /workspaces/Files_Learning_Apache_Airflow/airflow/dags/execute_python_operators.py took 0.055 seconds
