[2025-09-08T17:04:05.786+0000] {local_task_job_runner.py:123} INFO - ::group::Pre task execution logs
[2025-09-08T17:04:05.793+0000] {taskinstance.py:2612} INFO - Dependencies all met for dep_context=non-requeueable deps ti=<TaskInstance: cron_catchup_backfill.taskA scheduled__2025-08-23T00:00:00+00:00 [queued]>
[2025-09-08T17:04:05.797+0000] {taskinstance.py:2612} INFO - Dependencies all met for dep_context=requeueable deps ti=<TaskInstance: cron_catchup_backfill.taskA scheduled__2025-08-23T00:00:00+00:00 [queued]>
[2025-09-08T17:04:05.797+0000] {taskinstance.py:2865} INFO - Starting attempt 1 of 1
[2025-09-08T17:04:05.809+0000] {taskinstance.py:2888} INFO - Executing <Task(BashOperator): taskA> on 2025-08-23 00:00:00+00:00
[2025-09-08T17:04:05.812+0000] {standard_task_runner.py:72} INFO - Started process 17426 to run task
[2025-09-08T17:04:05.815+0000] {standard_task_runner.py:104} INFO - Running: ['airflow', 'tasks', 'run', 'cron_catchup_backfill', 'taskA', 'scheduled__2025-08-23T00:00:00+00:00', '--job-id', '120', '--raw', '--subdir', 'DAGS_FOLDER/executing_cron_catchup_backfill.py', '--cfg-path', '/tmp/tmphrd8ypn5']
[2025-09-08T17:04:05.816+0000] {standard_task_runner.py:105} INFO - Job 120: Subtask taskA
[2025-09-08T17:04:05.845+0000] {task_command.py:467} INFO - Running <TaskInstance: cron_catchup_backfill.taskA scheduled__2025-08-23T00:00:00+00:00 [running]> on host codespaces-9bd7b3
[2025-09-08T17:04:05.896+0000] {taskinstance.py:3131} INFO - Exporting env vars: AIRFLOW_CTX_DAG_OWNER='loonycorn' AIRFLOW_CTX_DAG_ID='cron_catchup_backfill' AIRFLOW_CTX_TASK_ID='taskA' AIRFLOW_CTX_EXECUTION_DATE='2025-08-23T00:00:00+00:00' AIRFLOW_CTX_TRY_NUMBER='1' AIRFLOW_CTX_DAG_RUN_ID='scheduled__2025-08-23T00:00:00+00:00'
[2025-09-08T17:04:05.896+0000] {taskinstance.py:731} INFO - ::endgroup::
[2025-09-08T17:04:05.913+0000] {subprocess.py:63} INFO - Tmp dir root location: /tmp
[2025-09-08T17:04:05.913+0000] {subprocess.py:75} INFO - Running command: ['/usr/bin/bash', '-c', 'echo TASK A has executed!']
[2025-09-08T17:04:05.926+0000] {subprocess.py:86} INFO - Output:
[2025-09-08T17:04:05.927+0000] {subprocess.py:93} INFO - TASK A has executed!
[2025-09-08T17:04:05.928+0000] {subprocess.py:97} INFO - Command exited with return code 0
[2025-09-08T17:04:05.948+0000] {taskinstance.py:340} INFO - ::group::Post task execution logs
[2025-09-08T17:04:05.949+0000] {taskinstance.py:352} INFO - Marking task as SUCCESS. dag_id=cron_catchup_backfill, task_id=taskA, run_id=scheduled__2025-08-23T00:00:00+00:00, execution_date=20250823T000000, start_date=20250908T170405, end_date=20250908T170405
[2025-09-08T17:04:05.987+0000] {local_task_job_runner.py:266} INFO - Task exited with return code 0
[2025-09-08T17:04:06.005+0000] {taskinstance.py:3900} INFO - 1 downstream tasks scheduled from follow-on schedule check
[2025-09-08T17:04:06.009+0000] {local_task_job_runner.py:245} INFO - ::endgroup::
