2025-09-07 22:27:29,037 INFO - Loaded executor: SequentialExecutor
2025-09-07 22:27:29,112 INFO - Starting the scheduler
2025-09-07 22:27:29,113 INFO - Processing each file at most -1 times
2025-09-07 22:27:29,122 INFO - Launched DagFileProcessorManager with pid: 11494
2025-09-07 22:27:29,124 INFO - Adopting or resetting orphaned tasks for active dag runs
2025-09-07 22:27:29,130 INFO - Configured default timezone UTC
2025-09-07 22:30:42,543 INFO - Exiting gracefully upon receiving signal 15
2025-09-07 22:30:43,546 INFO - Sending 15 to group 11494. PIDs of all processes in the group: [11494]
2025-09-07 22:30:43,547 INFO - Sending the signal 15 to group 11494
2025-09-07 22:30:43,760 INFO - Process psutil.Process(pid=11494, status='terminated', exitcode=0, started='22:27:29') (11494) terminated with exit code 0
2025-09-07 22:30:43,762 INFO - Sending 15 to group 11494. PIDs of all processes in the group: []
2025-09-07 22:30:43,762 INFO - Sending the signal 15 to group 11494
2025-09-07 22:30:43,763 INFO - Sending the signal 15 to process 11494 as process group is missing.
2025-09-07 22:30:43,763 INFO - Exited execute loop
2025-09-07 22:31:03,270 INFO - Loaded executor: SequentialExecutor
2025-09-07 22:31:03,311 INFO - Starting the scheduler
2025-09-07 22:31:03,312 INFO - Processing each file at most -1 times
2025-09-07 22:31:03,318 INFO - Launched DagFileProcessorManager with pid: 14021
2025-09-07 22:31:03,322 INFO - Adopting or resetting orphaned tasks for active dag runs
2025-09-07 22:31:03,328 INFO - Configured default timezone UTC
2025-09-07 22:32:29,810 INFO - Exiting gracefully upon receiving signal 15
2025-09-07 22:32:30,816 INFO - Sending 15 to group 14021. PIDs of all processes in the group: [14021]
2025-09-07 22:32:30,817 INFO - Sending the signal 15 to group 14021
2025-09-07 22:32:30,989 INFO - Process psutil.Process(pid=14021, status='terminated', exitcode=0, started='22:31:03') (14021) terminated with exit code 0
2025-09-07 22:32:30,991 INFO - Sending 15 to group 14021. PIDs of all processes in the group: []
2025-09-07 22:32:30,992 INFO - Sending the signal 15 to group 14021
2025-09-07 22:32:30,992 INFO - Sending the signal 15 to process 14021 as process group is missing.
2025-09-07 22:32:30,992 INFO - Exited execute loop
2025-09-07 22:32:48,485 INFO - Loaded executor: SequentialExecutor
2025-09-07 22:32:48,545 INFO - Starting the scheduler
2025-09-07 22:32:48,549 INFO - Processing each file at most -1 times
2025-09-07 22:32:48,559 INFO - Launched DagFileProcessorManager with pid: 15185
2025-09-07 22:32:48,563 INFO - Adopting or resetting orphaned tasks for active dag runs
2025-09-07 22:32:48,570 INFO - Configured default timezone UTC
2025-09-07 22:32:51,638 WARNING - The Authorization header is missing: Accept: text/html,application/xhtml+xml,application/xml;q=0.9,image/avif,image/webp,image/apng,*/*;q=0.8,application/signed-exchange;v=b3;q=0.7
Host: localhost:8793
User-Agent: Mozilla/5.0 (Windows NT 10.0; Win64; x64) AppleWebKit/537.36 (KHTML, like Gecko) Chrome/139.0.0.0 Safari/537.36
Accept-Encoding: gzip, deflate, br, zstd
Accept-Language: en-US,en;q=0.9,th;q=0.8
Cache-Control: max-age=0
Referer: https://special-sniffle-4j96vg7xxrxx279rp.github.dev/
X-Request-Id: 34e9dd4fe9acd6f8adeb2c085e782997
X-Real-Ip: 35.142.96.234
X-Forwarded-Port: 443
X-Forwarded-Scheme: https
X-Original-Uri: /
X-Scheme: https
Dnt: 1
Sec-Fetch-Site: same-site
Sec-Fetch-Mode: navigate
Sec-Fetch-Dest: document
Sec-Ch-Ua: "Not;A=Brand";v="99", "Google Chrome";v="139", "Chromium";v="139"
Sec-Ch-Ua-Mobile: ?0
Sec-Ch-Ua-Platform: "Windows"
Priority: u=0, i
X-Original-Proto: https
X-Forwarded-Proto: https
X-Forwarded-Host: special-sniffle-4j96vg7xxrxx279rp-8793.app.github.dev
X-Forwarded-For: 35.142.96.234
Proxy-Connection: Keep-Alive

.
2025-09-07 22:32:51,811 WARNING - The Authorization header is missing: Accept: image/avif,image/webp,image/apng,image/svg+xml,image/*,*/*;q=0.8
Host: localhost:8793
User-Agent: Mozilla/5.0 (Windows NT 10.0; Win64; x64) AppleWebKit/537.36 (KHTML, like Gecko) Chrome/139.0.0.0 Safari/537.36
Accept-Encoding: gzip, deflate, br, zstd
Accept-Language: en-US,en;q=0.9,th;q=0.8
Referer: https://special-sniffle-4j96vg7xxrxx279rp-8793.app.github.dev/
X-Request-Id: 4383b2cb5be0f896f800c8ae8e303cbc
X-Real-Ip: 35.142.96.234
X-Forwarded-Port: 443
X-Forwarded-Scheme: https
X-Original-Uri: /favicon.ico
X-Scheme: https
Sec-Ch-Ua-Platform: "Windows"
Sec-Ch-Ua: "Not;A=Brand";v="99", "Google Chrome";v="139", "Chromium";v="139"
Dnt: 1
Sec-Ch-Ua-Mobile: ?0
Sec-Fetch-Site: same-origin
Sec-Fetch-Mode: no-cors
Sec-Fetch-Dest: image
Priority: u=1, i
X-Original-Proto: https
X-Forwarded-Proto: https
X-Forwarded-Host: special-sniffle-4j96vg7xxrxx279rp-8793.app.github.dev
X-Forwarded-For: 35.142.96.234
Proxy-Connection: Keep-Alive

.
2025-09-07 22:37:48,631 INFO - Adopting or resetting orphaned tasks for active dag runs
2025-09-07 22:42:48,660 INFO - Adopting or resetting orphaned tasks for active dag runs
2025-09-07 22:47:48,687 INFO - Adopting or resetting orphaned tasks for active dag runs
2025-09-07 22:52:48,714 INFO - Adopting or resetting orphaned tasks for active dag runs
2025-09-07 22:57:48,754 INFO - Adopting or resetting orphaned tasks for active dag runs
2025-09-07 23:02:48,796 INFO - Adopting or resetting orphaned tasks for active dag runs
2025-09-07 23:03:11,754 INFO - 1 tasks up for execution:
	<TaskInstance: hello_world.hello_world_task manual__2025-09-07T23:03:10.879694+00:00 [scheduled]>
2025-09-07 23:03:11,755 INFO - DAG hello_world has 0/16 running and queued tasks
2025-09-07 23:03:11,755 INFO - Setting the following tasks to queued state:
	<TaskInstance: hello_world.hello_world_task manual__2025-09-07T23:03:10.879694+00:00 [scheduled]>
2025-09-07 23:03:11,757 INFO - Trying to enqueue tasks: [<TaskInstance: hello_world.hello_world_task manual__2025-09-07T23:03:10.879694+00:00 [scheduled]>] for executor: SequentialExecutor(parallelism=32)
2025-09-07 23:03:11,757 INFO - Sending TaskInstanceKey(dag_id='hello_world', task_id='hello_world_task', run_id='manual__2025-09-07T23:03:10.879694+00:00', try_number=1, map_index=-1) to SequentialExecutor with priority 1 and queue default
2025-09-07 23:03:11,757 INFO - Adding to queue: ['airflow', 'tasks', 'run', 'hello_world', 'hello_world_task', 'manual__2025-09-07T23:03:10.879694+00:00', '--local', '--subdir', 'DAGS_FOLDER/simple_hello_world.py']
2025-09-07 23:03:11,761 INFO - Executing command: ['airflow', 'tasks', 'run', 'hello_world', 'hello_world_task', 'manual__2025-09-07T23:03:10.879694+00:00', '--local', '--subdir', 'DAGS_FOLDER/simple_hello_world.py']
2025-09-07 23:03:13,566 INFO - Received executor event with state success for task instance TaskInstanceKey(dag_id='hello_world', task_id='hello_world_task', run_id='manual__2025-09-07T23:03:10.879694+00:00', try_number=1, map_index=-1)
2025-09-07 23:03:13,572 INFO - TaskInstance Finished: dag_id=hello_world, task_id=hello_world_task, run_id=manual__2025-09-07T23:03:10.879694+00:00, map_index=-1, run_start_date=2025-09-07 23:03:13.153919+00:00, run_end_date=2025-09-07 23:03:13.279929+00:00, run_duration=0.12601, state=success, executor=SequentialExecutor(parallelism=32), executor_state=success, try_number=1, max_tries=0, job_id=4, pool=default_pool, queue=default, priority_weight=1, operator=BashOperator, queued_dttm=2025-09-07 23:03:11.756021+00:00, queued_by_job_id=3, pid=28741
2025-09-07 23:03:13,596 INFO - Marking run <DagRun hello_world @ 2025-09-07 23:03:10.879694+00:00: manual__2025-09-07T23:03:10.879694+00:00, state:running, queued_at: 2025-09-07 23:03:10.895743+00:00. externally triggered: True> successful
2025-09-07 23:03:13,597 INFO - DagRun Finished: dag_id=hello_world, execution_date=2025-09-07 23:03:10.879694+00:00, run_id=manual__2025-09-07T23:03:10.879694+00:00, run_start_date=2025-09-07 23:03:11.729021+00:00, run_end_date=2025-09-07 23:03:13.597051+00:00, run_duration=1.86803, state=success, external_trigger=True, run_type=manual, data_interval_start=2025-09-07 23:03:10.879694+00:00, data_interval_end=2025-09-07 23:03:10.879694+00:00, dag_hash=88f303ec2c9857d49be8588c02aa5640
2025-09-07 23:05:37,010 INFO - 1 tasks up for execution:
	<TaskInstance: hello_world.hello_world_task scheduled__2025-09-06T00:00:00+00:00 [scheduled]>
2025-09-07 23:05:37,011 INFO - DAG hello_world has 0/16 running and queued tasks
2025-09-07 23:05:37,011 INFO - Setting the following tasks to queued state:
	<TaskInstance: hello_world.hello_world_task scheduled__2025-09-06T00:00:00+00:00 [scheduled]>
2025-09-07 23:05:37,012 INFO - Trying to enqueue tasks: [<TaskInstance: hello_world.hello_world_task scheduled__2025-09-06T00:00:00+00:00 [scheduled]>] for executor: SequentialExecutor(parallelism=32)
2025-09-07 23:05:37,013 INFO - Sending TaskInstanceKey(dag_id='hello_world', task_id='hello_world_task', run_id='scheduled__2025-09-06T00:00:00+00:00', try_number=1, map_index=-1) to SequentialExecutor with priority 1 and queue default
2025-09-07 23:05:37,013 INFO - Adding to queue: ['airflow', 'tasks', 'run', 'hello_world', 'hello_world_task', 'scheduled__2025-09-06T00:00:00+00:00', '--local', '--subdir', 'DAGS_FOLDER/simple_hello_world.py']
2025-09-07 23:05:37,017 INFO - Executing command: ['airflow', 'tasks', 'run', 'hello_world', 'hello_world_task', 'scheduled__2025-09-06T00:00:00+00:00', '--local', '--subdir', 'DAGS_FOLDER/simple_hello_world.py']
2025-09-07 23:05:39,125 INFO - Received executor event with state success for task instance TaskInstanceKey(dag_id='hello_world', task_id='hello_world_task', run_id='scheduled__2025-09-06T00:00:00+00:00', try_number=1, map_index=-1)
2025-09-07 23:05:39,128 INFO - TaskInstance Finished: dag_id=hello_world, task_id=hello_world_task, run_id=scheduled__2025-09-06T00:00:00+00:00, map_index=-1, run_start_date=2025-09-07 23:05:38.665570+00:00, run_end_date=2025-09-07 23:05:38.824436+00:00, run_duration=0.158866, state=success, executor=SequentialExecutor(parallelism=32), executor_state=success, try_number=1, max_tries=0, job_id=5, pool=default_pool, queue=default, priority_weight=1, operator=BashOperator, queued_dttm=2025-09-07 23:05:37.011917+00:00, queued_by_job_id=3, pid=29815
2025-09-07 23:05:39,175 INFO - Marking run <DagRun hello_world @ 2025-09-06 00:00:00+00:00: scheduled__2025-09-06T00:00:00+00:00, state:running, queued_at: 2025-09-07 23:05:36.981182+00:00. externally triggered: False> successful
2025-09-07 23:05:39,176 INFO - DagRun Finished: dag_id=hello_world, execution_date=2025-09-06 00:00:00+00:00, run_id=scheduled__2025-09-06T00:00:00+00:00, run_start_date=2025-09-07 23:05:36.994539+00:00, run_end_date=2025-09-07 23:05:39.176020+00:00, run_duration=2.181481, state=success, external_trigger=False, run_type=scheduled, data_interval_start=2025-09-06 00:00:00+00:00, data_interval_end=2025-09-07 00:00:00+00:00, dag_hash=ba8fb2c152734e6cddd872ecfca02267
2025-09-07 23:07:48,825 INFO - Adopting or resetting orphaned tasks for active dag runs
2025-09-07 23:12:48,863 INFO - Adopting or resetting orphaned tasks for active dag runs
2025-09-07 23:17:48,891 INFO - Adopting or resetting orphaned tasks for active dag runs
2025-09-07 23:22:48,918 INFO - Adopting or resetting orphaned tasks for active dag runs
2025-09-07 23:27:48,945 INFO - Adopting or resetting orphaned tasks for active dag runs
2025-09-07 23:32:48,966 INFO - Adopting or resetting orphaned tasks for active dag runs
2025-09-07 23:37:48,993 INFO - Adopting or resetting orphaned tasks for active dag runs
2025-09-07 23:39:25,959 INFO - 1 tasks up for execution:
	<TaskInstance: hello_world.hello_world_task manual__2025-09-07T23:39:24.577731+00:00 [scheduled]>
2025-09-07 23:39:25,959 INFO - DAG hello_world has 0/16 running and queued tasks
2025-09-07 23:39:25,960 INFO - Setting the following tasks to queued state:
	<TaskInstance: hello_world.hello_world_task manual__2025-09-07T23:39:24.577731+00:00 [scheduled]>
2025-09-07 23:39:25,961 INFO - Trying to enqueue tasks: [<TaskInstance: hello_world.hello_world_task manual__2025-09-07T23:39:24.577731+00:00 [scheduled]>] for executor: SequentialExecutor(parallelism=32)
2025-09-07 23:39:25,961 INFO - Sending TaskInstanceKey(dag_id='hello_world', task_id='hello_world_task', run_id='manual__2025-09-07T23:39:24.577731+00:00', try_number=1, map_index=-1) to SequentialExecutor with priority 1 and queue default
2025-09-07 23:39:25,962 INFO - Adding to queue: ['airflow', 'tasks', 'run', 'hello_world', 'hello_world_task', 'manual__2025-09-07T23:39:24.577731+00:00', '--local', '--subdir', 'DAGS_FOLDER/simple_hello_world.py']
2025-09-07 23:39:25,965 INFO - Executing command: ['airflow', 'tasks', 'run', 'hello_world', 'hello_world_task', 'manual__2025-09-07T23:39:24.577731+00:00', '--local', '--subdir', 'DAGS_FOLDER/simple_hello_world.py']
2025-09-07 23:39:27,929 INFO - Received executor event with state success for task instance TaskInstanceKey(dag_id='hello_world', task_id='hello_world_task', run_id='manual__2025-09-07T23:39:24.577731+00:00', try_number=1, map_index=-1)
2025-09-07 23:39:27,932 INFO - TaskInstance Finished: dag_id=hello_world, task_id=hello_world_task, run_id=manual__2025-09-07T23:39:24.577731+00:00, map_index=-1, run_start_date=2025-09-07 23:39:27.496812+00:00, run_end_date=2025-09-07 23:39:27.620990+00:00, run_duration=0.124178, state=success, executor=SequentialExecutor(parallelism=32), executor_state=success, try_number=1, max_tries=0, job_id=6, pool=default_pool, queue=default, priority_weight=1, operator=BashOperator, queued_dttm=2025-09-07 23:39:25.960678+00:00, queued_by_job_id=3, pid=43743
2025-09-07 23:39:27,973 INFO - Marking run <DagRun hello_world @ 2025-09-07 23:39:24.577731+00:00: manual__2025-09-07T23:39:24.577731+00:00, state:running, queued_at: 2025-09-07 23:39:24.587705+00:00. externally triggered: True> successful
2025-09-07 23:39:27,974 INFO - DagRun Finished: dag_id=hello_world, execution_date=2025-09-07 23:39:24.577731+00:00, run_id=manual__2025-09-07T23:39:24.577731+00:00, run_start_date=2025-09-07 23:39:25.943394+00:00, run_end_date=2025-09-07 23:39:27.974362+00:00, run_duration=2.030968, state=success, external_trigger=True, run_type=manual, data_interval_start=2025-09-06 00:00:00+00:00, data_interval_end=2025-09-07 00:00:00+00:00, dag_hash=d74b11ae748cf8b0087ebf09915348d7
2025-09-07 23:41:17,037 INFO - 1 tasks up for execution:
	<TaskInstance: hello_world.hello_world_task manual__2025-09-07T23:41:16.490482+00:00 [scheduled]>
2025-09-07 23:41:17,038 INFO - DAG hello_world has 0/16 running and queued tasks
2025-09-07 23:41:17,038 INFO - Setting the following tasks to queued state:
	<TaskInstance: hello_world.hello_world_task manual__2025-09-07T23:41:16.490482+00:00 [scheduled]>
2025-09-07 23:41:17,040 INFO - Trying to enqueue tasks: [<TaskInstance: hello_world.hello_world_task manual__2025-09-07T23:41:16.490482+00:00 [scheduled]>] for executor: SequentialExecutor(parallelism=32)
2025-09-07 23:41:17,040 INFO - Sending TaskInstanceKey(dag_id='hello_world', task_id='hello_world_task', run_id='manual__2025-09-07T23:41:16.490482+00:00', try_number=1, map_index=-1) to SequentialExecutor with priority 1 and queue default
2025-09-07 23:41:17,041 INFO - Adding to queue: ['airflow', 'tasks', 'run', 'hello_world', 'hello_world_task', 'manual__2025-09-07T23:41:16.490482+00:00', '--local', '--subdir', 'DAGS_FOLDER/simple_hello_world.py']
2025-09-07 23:41:17,044 INFO - Executing command: ['airflow', 'tasks', 'run', 'hello_world', 'hello_world_task', 'manual__2025-09-07T23:41:16.490482+00:00', '--local', '--subdir', 'DAGS_FOLDER/simple_hello_world.py']
2025-09-07 23:41:18,850 INFO - Received executor event with state success for task instance TaskInstanceKey(dag_id='hello_world', task_id='hello_world_task', run_id='manual__2025-09-07T23:41:16.490482+00:00', try_number=1, map_index=-1)
2025-09-07 23:41:18,853 INFO - TaskInstance Finished: dag_id=hello_world, task_id=hello_world_task, run_id=manual__2025-09-07T23:41:16.490482+00:00, map_index=-1, run_start_date=2025-09-07 23:41:18.424765+00:00, run_end_date=2025-09-07 23:41:18.554659+00:00, run_duration=0.129894, state=success, executor=SequentialExecutor(parallelism=32), executor_state=success, try_number=1, max_tries=0, job_id=7, pool=default_pool, queue=default, priority_weight=1, operator=BashOperator, queued_dttm=2025-09-07 23:41:17.039391+00:00, queued_by_job_id=3, pid=44537
2025-09-07 23:41:18,895 INFO - Marking run <DagRun hello_world @ 2025-09-07 23:41:16.490482+00:00: manual__2025-09-07T23:41:16.490482+00:00, state:running, queued_at: 2025-09-07 23:41:16.496834+00:00. externally triggered: True> successful
2025-09-07 23:41:18,895 INFO - DagRun Finished: dag_id=hello_world, execution_date=2025-09-07 23:41:16.490482+00:00, run_id=manual__2025-09-07T23:41:16.490482+00:00, run_start_date=2025-09-07 23:41:17.021036+00:00, run_end_date=2025-09-07 23:41:18.895690+00:00, run_duration=1.874654, state=success, external_trigger=True, run_type=manual, data_interval_start=2025-09-06 00:00:00+00:00, data_interval_end=2025-09-07 00:00:00+00:00, dag_hash=75b47e7b9802507cd5c01520ac789e62
2025-09-07 23:42:27,376 INFO - Setting next_dagrun for executing_multiple_tasks to None, run_after=None
2025-09-07 23:42:27,403 INFO - 1 tasks up for execution:
	<TaskInstance: executing_multiple_tasks.taskB scheduled__2025-09-06T00:00:00+00:00 [scheduled]>
2025-09-07 23:42:27,404 INFO - DAG executing_multiple_tasks has 0/16 running and queued tasks
2025-09-07 23:42:27,404 INFO - Setting the following tasks to queued state:
	<TaskInstance: executing_multiple_tasks.taskB scheduled__2025-09-06T00:00:00+00:00 [scheduled]>
2025-09-07 23:42:27,405 INFO - Trying to enqueue tasks: [<TaskInstance: executing_multiple_tasks.taskB scheduled__2025-09-06T00:00:00+00:00 [scheduled]>] for executor: SequentialExecutor(parallelism=32)
2025-09-07 23:42:27,406 INFO - Sending TaskInstanceKey(dag_id='executing_multiple_tasks', task_id='taskB', run_id='scheduled__2025-09-06T00:00:00+00:00', try_number=1, map_index=-1) to SequentialExecutor with priority 2 and queue default
2025-09-07 23:42:27,406 INFO - Adding to queue: ['airflow', 'tasks', 'run', 'executing_multiple_tasks', 'taskB', 'scheduled__2025-09-06T00:00:00+00:00', '--local', '--subdir', 'DAGS_FOLDER/execute_multiple_tasks.py']
2025-09-07 23:42:27,410 INFO - Executing command: ['airflow', 'tasks', 'run', 'executing_multiple_tasks', 'taskB', 'scheduled__2025-09-06T00:00:00+00:00', '--local', '--subdir', 'DAGS_FOLDER/execute_multiple_tasks.py']
2025-09-07 23:42:29,273 INFO - Received executor event with state success for task instance TaskInstanceKey(dag_id='executing_multiple_tasks', task_id='taskB', run_id='scheduled__2025-09-06T00:00:00+00:00', try_number=1, map_index=-1)
2025-09-07 23:42:29,276 INFO - TaskInstance Finished: dag_id=executing_multiple_tasks, task_id=taskB, run_id=scheduled__2025-09-06T00:00:00+00:00, map_index=-1, run_start_date=2025-09-07 23:42:28.834232+00:00, run_end_date=2025-09-07 23:42:28.957725+00:00, run_duration=0.123493, state=success, executor=SequentialExecutor(parallelism=32), executor_state=success, try_number=1, max_tries=0, job_id=8, pool=default_pool, queue=default, priority_weight=2, operator=BashOperator, queued_dttm=2025-09-07 23:42:27.404862+00:00, queued_by_job_id=3, pid=45066
2025-09-07 23:42:29,319 INFO - 1 tasks up for execution:
	<TaskInstance: executing_multiple_tasks.taskA scheduled__2025-09-06T00:00:00+00:00 [scheduled]>
2025-09-07 23:42:29,319 INFO - DAG executing_multiple_tasks has 0/16 running and queued tasks
2025-09-07 23:42:29,319 INFO - Setting the following tasks to queued state:
	<TaskInstance: executing_multiple_tasks.taskA scheduled__2025-09-06T00:00:00+00:00 [scheduled]>
2025-09-07 23:42:29,321 INFO - Trying to enqueue tasks: [<TaskInstance: executing_multiple_tasks.taskA scheduled__2025-09-06T00:00:00+00:00 [scheduled]>] for executor: SequentialExecutor(parallelism=32)
2025-09-07 23:42:29,321 INFO - Sending TaskInstanceKey(dag_id='executing_multiple_tasks', task_id='taskA', run_id='scheduled__2025-09-06T00:00:00+00:00', try_number=1, map_index=-1) to SequentialExecutor with priority 1 and queue default
2025-09-07 23:42:29,321 INFO - Adding to queue: ['airflow', 'tasks', 'run', 'executing_multiple_tasks', 'taskA', 'scheduled__2025-09-06T00:00:00+00:00', '--local', '--subdir', 'DAGS_FOLDER/execute_multiple_tasks.py']
2025-09-07 23:42:29,325 INFO - Executing command: ['airflow', 'tasks', 'run', 'executing_multiple_tasks', 'taskA', 'scheduled__2025-09-06T00:00:00+00:00', '--local', '--subdir', 'DAGS_FOLDER/execute_multiple_tasks.py']
2025-09-07 23:42:31,153 INFO - Received executor event with state success for task instance TaskInstanceKey(dag_id='executing_multiple_tasks', task_id='taskA', run_id='scheduled__2025-09-06T00:00:00+00:00', try_number=1, map_index=-1)
2025-09-07 23:42:31,156 INFO - TaskInstance Finished: dag_id=executing_multiple_tasks, task_id=taskA, run_id=scheduled__2025-09-06T00:00:00+00:00, map_index=-1, run_start_date=2025-09-07 23:42:30.691848+00:00, run_end_date=2025-09-07 23:42:30.820335+00:00, run_duration=0.128487, state=success, executor=SequentialExecutor(parallelism=32), executor_state=success, try_number=1, max_tries=0, job_id=9, pool=default_pool, queue=default, priority_weight=1, operator=BashOperator, queued_dttm=2025-09-07 23:42:29.320347+00:00, queued_by_job_id=3, pid=45078
2025-09-07 23:42:31,236 INFO - Marking run <DagRun executing_multiple_tasks @ 2025-09-06 00:00:00+00:00: scheduled__2025-09-06T00:00:00+00:00, state:running, queued_at: 2025-09-07 23:42:27.373224+00:00. externally triggered: False> successful
2025-09-07 23:42:31,243 INFO - DagRun Finished: dag_id=executing_multiple_tasks, execution_date=2025-09-06 00:00:00+00:00, run_id=scheduled__2025-09-06T00:00:00+00:00, run_start_date=2025-09-07 23:42:27.384866+00:00, run_end_date=2025-09-07 23:42:31.243067+00:00, run_duration=3.858201, state=success, external_trigger=False, run_type=scheduled, data_interval_start=2025-09-06 00:00:00+00:00, data_interval_end=2025-09-06 00:00:00+00:00, dag_hash=d6f6ff7db102fc3b152d8a28dabbe771
2025-09-07 23:42:31,248 INFO - Setting next_dagrun for executing_multiple_tasks to None, run_after=None
2025-09-07 23:42:49,022 INFO - Adopting or resetting orphaned tasks for active dag runs
2025-09-07 23:43:39,791 INFO - 1 tasks up for execution:
	<TaskInstance: executing_multiple_tasks.taskA manual__2025-09-07T23:43:38.323116+00:00 [scheduled]>
2025-09-07 23:43:39,791 INFO - DAG executing_multiple_tasks has 0/16 running and queued tasks
2025-09-07 23:43:39,791 INFO - Setting the following tasks to queued state:
	<TaskInstance: executing_multiple_tasks.taskA manual__2025-09-07T23:43:38.323116+00:00 [scheduled]>
2025-09-07 23:43:39,792 INFO - Trying to enqueue tasks: [<TaskInstance: executing_multiple_tasks.taskA manual__2025-09-07T23:43:38.323116+00:00 [scheduled]>] for executor: SequentialExecutor(parallelism=32)
2025-09-07 23:43:39,793 INFO - Sending TaskInstanceKey(dag_id='executing_multiple_tasks', task_id='taskA', run_id='manual__2025-09-07T23:43:38.323116+00:00', try_number=1, map_index=-1) to SequentialExecutor with priority 2 and queue default
2025-09-07 23:43:39,793 INFO - Adding to queue: ['airflow', 'tasks', 'run', 'executing_multiple_tasks', 'taskA', 'manual__2025-09-07T23:43:38.323116+00:00', '--local', '--subdir', 'DAGS_FOLDER/execute_multiple_tasks.py']
2025-09-07 23:43:39,797 INFO - Executing command: ['airflow', 'tasks', 'run', 'executing_multiple_tasks', 'taskA', 'manual__2025-09-07T23:43:38.323116+00:00', '--local', '--subdir', 'DAGS_FOLDER/execute_multiple_tasks.py']
2025-09-07 23:43:41,597 INFO - Received executor event with state success for task instance TaskInstanceKey(dag_id='executing_multiple_tasks', task_id='taskA', run_id='manual__2025-09-07T23:43:38.323116+00:00', try_number=1, map_index=-1)
2025-09-07 23:43:41,600 INFO - TaskInstance Finished: dag_id=executing_multiple_tasks, task_id=taskA, run_id=manual__2025-09-07T23:43:38.323116+00:00, map_index=-1, run_start_date=2025-09-07 23:43:41.172569+00:00, run_end_date=2025-09-07 23:43:41.296207+00:00, run_duration=0.123638, state=success, executor=SequentialExecutor(parallelism=32), executor_state=success, try_number=1, max_tries=0, job_id=10, pool=default_pool, queue=default, priority_weight=2, operator=BashOperator, queued_dttm=2025-09-07 23:43:39.792277+00:00, queued_by_job_id=3, pid=45583
2025-09-07 23:43:41,642 INFO - 1 tasks up for execution:
	<TaskInstance: executing_multiple_tasks.taskB manual__2025-09-07T23:43:38.323116+00:00 [scheduled]>
2025-09-07 23:43:41,643 INFO - DAG executing_multiple_tasks has 0/16 running and queued tasks
2025-09-07 23:43:41,643 INFO - Setting the following tasks to queued state:
	<TaskInstance: executing_multiple_tasks.taskB manual__2025-09-07T23:43:38.323116+00:00 [scheduled]>
2025-09-07 23:43:41,644 INFO - Trying to enqueue tasks: [<TaskInstance: executing_multiple_tasks.taskB manual__2025-09-07T23:43:38.323116+00:00 [scheduled]>] for executor: SequentialExecutor(parallelism=32)
2025-09-07 23:43:41,645 INFO - Sending TaskInstanceKey(dag_id='executing_multiple_tasks', task_id='taskB', run_id='manual__2025-09-07T23:43:38.323116+00:00', try_number=1, map_index=-1) to SequentialExecutor with priority 1 and queue default
2025-09-07 23:43:41,645 INFO - Adding to queue: ['airflow', 'tasks', 'run', 'executing_multiple_tasks', 'taskB', 'manual__2025-09-07T23:43:38.323116+00:00', '--local', '--subdir', 'DAGS_FOLDER/execute_multiple_tasks.py']
2025-09-07 23:43:41,649 INFO - Executing command: ['airflow', 'tasks', 'run', 'executing_multiple_tasks', 'taskB', 'manual__2025-09-07T23:43:38.323116+00:00', '--local', '--subdir', 'DAGS_FOLDER/execute_multiple_tasks.py']
2025-09-07 23:43:43,597 INFO - Received executor event with state success for task instance TaskInstanceKey(dag_id='executing_multiple_tasks', task_id='taskB', run_id='manual__2025-09-07T23:43:38.323116+00:00', try_number=1, map_index=-1)
2025-09-07 23:43:43,600 INFO - TaskInstance Finished: dag_id=executing_multiple_tasks, task_id=taskB, run_id=manual__2025-09-07T23:43:38.323116+00:00, map_index=-1, run_start_date=2025-09-07 23:43:43.185243+00:00, run_end_date=2025-09-07 23:43:43.308302+00:00, run_duration=0.123059, state=success, executor=SequentialExecutor(parallelism=32), executor_state=success, try_number=1, max_tries=0, job_id=11, pool=default_pool, queue=default, priority_weight=1, operator=BashOperator, queued_dttm=2025-09-07 23:43:41.644009+00:00, queued_by_job_id=3, pid=45595
2025-09-07 23:43:43,645 INFO - Marking run <DagRun executing_multiple_tasks @ 2025-09-07 23:43:38.323116+00:00: manual__2025-09-07T23:43:38.323116+00:00, state:running, queued_at: 2025-09-07 23:43:38.329770+00:00. externally triggered: True> successful
2025-09-07 23:43:43,645 INFO - DagRun Finished: dag_id=executing_multiple_tasks, execution_date=2025-09-07 23:43:38.323116+00:00, run_id=manual__2025-09-07T23:43:38.323116+00:00, run_start_date=2025-09-07 23:43:39.774258+00:00, run_end_date=2025-09-07 23:43:43.645513+00:00, run_duration=3.871255, state=success, external_trigger=True, run_type=manual, data_interval_start=2025-09-07 23:43:38.323116+00:00, data_interval_end=2025-09-07 23:43:38.323116+00:00, dag_hash=ab5a91820c3d9ec06ec675b65cb15d62
2025-09-07 23:44:11,030 INFO - Setting next_dagrun for executing_multiple_tasks to 2025-09-07 00:00:00+00:00, run_after=2025-09-08 00:00:00+00:00
2025-09-07 23:44:21,660 INFO - 1 tasks up for execution:
	<TaskInstance: executing_multiple_tasks.taskA manual__2025-09-07T23:44:20.672695+00:00 [scheduled]>
2025-09-07 23:44:21,661 INFO - DAG executing_multiple_tasks has 0/16 running and queued tasks
2025-09-07 23:44:21,661 INFO - Setting the following tasks to queued state:
	<TaskInstance: executing_multiple_tasks.taskA manual__2025-09-07T23:44:20.672695+00:00 [scheduled]>
2025-09-07 23:44:21,663 INFO - Trying to enqueue tasks: [<TaskInstance: executing_multiple_tasks.taskA manual__2025-09-07T23:44:20.672695+00:00 [scheduled]>] for executor: SequentialExecutor(parallelism=32)
2025-09-07 23:44:21,663 INFO - Sending TaskInstanceKey(dag_id='executing_multiple_tasks', task_id='taskA', run_id='manual__2025-09-07T23:44:20.672695+00:00', try_number=1, map_index=-1) to SequentialExecutor with priority 4 and queue default
2025-09-07 23:44:21,664 INFO - Adding to queue: ['airflow', 'tasks', 'run', 'executing_multiple_tasks', 'taskA', 'manual__2025-09-07T23:44:20.672695+00:00', '--local', '--subdir', 'DAGS_FOLDER/execute_multiple_tasks.py']
2025-09-07 23:44:21,668 INFO - Executing command: ['airflow', 'tasks', 'run', 'executing_multiple_tasks', 'taskA', 'manual__2025-09-07T23:44:20.672695+00:00', '--local', '--subdir', 'DAGS_FOLDER/execute_multiple_tasks.py']
2025-09-07 23:44:23,644 INFO - Received executor event with state success for task instance TaskInstanceKey(dag_id='executing_multiple_tasks', task_id='taskA', run_id='manual__2025-09-07T23:44:20.672695+00:00', try_number=1, map_index=-1)
2025-09-07 23:44:23,647 INFO - TaskInstance Finished: dag_id=executing_multiple_tasks, task_id=taskA, run_id=manual__2025-09-07T23:44:20.672695+00:00, map_index=-1, run_start_date=2025-09-07 23:44:23.228201+00:00, run_end_date=2025-09-07 23:44:23.353737+00:00, run_duration=0.125536, state=success, executor=SequentialExecutor(parallelism=32), executor_state=success, try_number=1, max_tries=0, job_id=12, pool=default_pool, queue=default, priority_weight=4, operator=BashOperator, queued_dttm=2025-09-07 23:44:21.662327+00:00, queued_by_job_id=3, pid=45900
2025-09-07 23:44:23,693 INFO - 2 tasks up for execution:
	<TaskInstance: executing_multiple_tasks.taskB manual__2025-09-07T23:44:20.672695+00:00 [scheduled]>
	<TaskInstance: executing_multiple_tasks.taskC manual__2025-09-07T23:44:20.672695+00:00 [scheduled]>
2025-09-07 23:44:23,694 INFO - DAG executing_multiple_tasks has 0/16 running and queued tasks
2025-09-07 23:44:23,694 INFO - DAG executing_multiple_tasks has 1/16 running and queued tasks
2025-09-07 23:44:23,695 INFO - Setting the following tasks to queued state:
	<TaskInstance: executing_multiple_tasks.taskB manual__2025-09-07T23:44:20.672695+00:00 [scheduled]>
	<TaskInstance: executing_multiple_tasks.taskC manual__2025-09-07T23:44:20.672695+00:00 [scheduled]>
2025-09-07 23:44:23,697 INFO - Trying to enqueue tasks: [<TaskInstance: executing_multiple_tasks.taskB manual__2025-09-07T23:44:20.672695+00:00 [scheduled]>, <TaskInstance: executing_multiple_tasks.taskC manual__2025-09-07T23:44:20.672695+00:00 [scheduled]>] for executor: SequentialExecutor(parallelism=32)
2025-09-07 23:44:23,698 INFO - Sending TaskInstanceKey(dag_id='executing_multiple_tasks', task_id='taskB', run_id='manual__2025-09-07T23:44:20.672695+00:00', try_number=1, map_index=-1) to SequentialExecutor with priority 2 and queue default
2025-09-07 23:44:23,698 INFO - Adding to queue: ['airflow', 'tasks', 'run', 'executing_multiple_tasks', 'taskB', 'manual__2025-09-07T23:44:20.672695+00:00', '--local', '--subdir', 'DAGS_FOLDER/execute_multiple_tasks.py']
2025-09-07 23:44:23,699 INFO - Sending TaskInstanceKey(dag_id='executing_multiple_tasks', task_id='taskC', run_id='manual__2025-09-07T23:44:20.672695+00:00', try_number=1, map_index=-1) to SequentialExecutor with priority 2 and queue default
2025-09-07 23:44:23,699 INFO - Adding to queue: ['airflow', 'tasks', 'run', 'executing_multiple_tasks', 'taskC', 'manual__2025-09-07T23:44:20.672695+00:00', '--local', '--subdir', 'DAGS_FOLDER/execute_multiple_tasks.py']
2025-09-07 23:44:23,703 INFO - Executing command: ['airflow', 'tasks', 'run', 'executing_multiple_tasks', 'taskB', 'manual__2025-09-07T23:44:20.672695+00:00', '--local', '--subdir', 'DAGS_FOLDER/execute_multiple_tasks.py']
2025-09-07 23:44:29,514 INFO - Executing command: ['airflow', 'tasks', 'run', 'executing_multiple_tasks', 'taskC', 'manual__2025-09-07T23:44:20.672695+00:00', '--local', '--subdir', 'DAGS_FOLDER/execute_multiple_tasks.py']
2025-09-07 23:44:46,351 INFO - Received executor event with state success for task instance TaskInstanceKey(dag_id='executing_multiple_tasks', task_id='taskB', run_id='manual__2025-09-07T23:44:20.672695+00:00', try_number=1, map_index=-1)
2025-09-07 23:44:46,352 INFO - Received executor event with state success for task instance TaskInstanceKey(dag_id='executing_multiple_tasks', task_id='taskC', run_id='manual__2025-09-07T23:44:20.672695+00:00', try_number=1, map_index=-1)
2025-09-07 23:44:46,355 INFO - TaskInstance Finished: dag_id=executing_multiple_tasks, task_id=taskB, run_id=manual__2025-09-07T23:44:20.672695+00:00, map_index=-1, run_start_date=2025-09-07 23:44:25.098218+00:00, run_end_date=2025-09-07 23:44:29.228969+00:00, run_duration=4.130751, state=success, executor=SequentialExecutor(parallelism=32), executor_state=success, try_number=1, max_tries=0, job_id=13, pool=default_pool, queue=default, priority_weight=2, operator=BashOperator, queued_dttm=2025-09-07 23:44:23.696034+00:00, queued_by_job_id=3, pid=45912
2025-09-07 23:44:46,356 INFO - TaskInstance Finished: dag_id=executing_multiple_tasks, task_id=taskC, run_id=manual__2025-09-07T23:44:20.672695+00:00, map_index=-1, run_start_date=2025-09-07 23:44:30.920431+00:00, run_end_date=2025-09-07 23:44:46.053640+00:00, run_duration=15.133209, state=success, executor=SequentialExecutor(parallelism=32), executor_state=success, try_number=1, max_tries=0, job_id=14, pool=default_pool, queue=default, priority_weight=2, operator=BashOperator, queued_dttm=2025-09-07 23:44:23.696034+00:00, queued_by_job_id=3, pid=45965
2025-09-07 23:44:46,502 INFO - Setting next_dagrun for executing_multiple_tasks to 2025-09-07 00:00:00+00:00, run_after=2025-09-08 00:00:00+00:00
2025-09-07 23:44:46,520 INFO - 1 tasks up for execution:
	<TaskInstance: executing_multiple_tasks.taskD manual__2025-09-07T23:44:20.672695+00:00 [scheduled]>
2025-09-07 23:44:46,520 INFO - DAG executing_multiple_tasks has 0/16 running and queued tasks
2025-09-07 23:44:46,521 INFO - Setting the following tasks to queued state:
	<TaskInstance: executing_multiple_tasks.taskD manual__2025-09-07T23:44:20.672695+00:00 [scheduled]>
2025-09-07 23:44:46,522 INFO - Trying to enqueue tasks: [<TaskInstance: executing_multiple_tasks.taskD manual__2025-09-07T23:44:20.672695+00:00 [scheduled]>] for executor: SequentialExecutor(parallelism=32)
2025-09-07 23:44:46,523 INFO - Sending TaskInstanceKey(dag_id='executing_multiple_tasks', task_id='taskD', run_id='manual__2025-09-07T23:44:20.672695+00:00', try_number=1, map_index=-1) to SequentialExecutor with priority 1 and queue default
2025-09-07 23:44:46,523 INFO - Adding to queue: ['airflow', 'tasks', 'run', 'executing_multiple_tasks', 'taskD', 'manual__2025-09-07T23:44:20.672695+00:00', '--local', '--subdir', 'DAGS_FOLDER/execute_multiple_tasks.py']
2025-09-07 23:44:46,527 INFO - Executing command: ['airflow', 'tasks', 'run', 'executing_multiple_tasks', 'taskD', 'manual__2025-09-07T23:44:20.672695+00:00', '--local', '--subdir', 'DAGS_FOLDER/execute_multiple_tasks.py']
2025-09-07 23:44:48,362 INFO - Received executor event with state success for task instance TaskInstanceKey(dag_id='executing_multiple_tasks', task_id='taskD', run_id='manual__2025-09-07T23:44:20.672695+00:00', try_number=1, map_index=-1)
2025-09-07 23:44:48,365 INFO - TaskInstance Finished: dag_id=executing_multiple_tasks, task_id=taskD, run_id=manual__2025-09-07T23:44:20.672695+00:00, map_index=-1, run_start_date=2025-09-07 23:44:47.940047+00:00, run_end_date=2025-09-07 23:44:48.060914+00:00, run_duration=0.120867, state=success, executor=SequentialExecutor(parallelism=32), executor_state=success, try_number=1, max_tries=0, job_id=15, pool=default_pool, queue=default, priority_weight=1, operator=BashOperator, queued_dttm=2025-09-07 23:44:46.521610+00:00, queued_by_job_id=3, pid=46080
2025-09-07 23:44:48,509 INFO - Marking run <DagRun executing_multiple_tasks @ 2025-09-07 23:44:20.672695+00:00: manual__2025-09-07T23:44:20.672695+00:00, state:running, queued_at: 2025-09-07 23:44:20.677387+00:00. externally triggered: True> successful
2025-09-07 23:44:48,509 INFO - DagRun Finished: dag_id=executing_multiple_tasks, execution_date=2025-09-07 23:44:20.672695+00:00, run_id=manual__2025-09-07T23:44:20.672695+00:00, run_start_date=2025-09-07 23:44:21.636929+00:00, run_end_date=2025-09-07 23:44:48.509537+00:00, run_duration=26.872608, state=success, external_trigger=True, run_type=manual, data_interval_start=2025-09-06 23:44:20.672695+00:00, data_interval_end=2025-09-07 23:44:20.672695+00:00, dag_hash=0348451d517d87a90f57a2ebef65096b
2025-09-07 23:45:16,651 INFO - Setting next_dagrun for executing_multiple_tasks to 2025-09-07 00:00:00+00:00, run_after=2025-09-08 00:00:00+00:00
2025-09-07 23:45:46,955 INFO - Setting next_dagrun for executing_multiple_tasks to 2025-09-07 00:00:00+00:00, run_after=2025-09-08 00:00:00+00:00
2025-09-07 23:46:17,289 INFO - Setting next_dagrun for executing_multiple_tasks to 2025-09-07 00:00:00+00:00, run_after=2025-09-08 00:00:00+00:00
2025-09-07 23:47:49,061 INFO - Adopting or resetting orphaned tasks for active dag runs
2025-09-07 23:50:17,178 INFO - Setting next_dagrun for executing_multiple_tasks to 2025-09-07 00:00:00+00:00, run_after=2025-09-08 00:00:00+00:00
2025-09-07 23:50:47,346 INFO - Setting next_dagrun for executing_multiple_tasks to 2025-09-07 00:00:00+00:00, run_after=2025-09-08 00:00:00+00:00
2025-09-07 23:50:51,072 INFO - Setting next_dagrun for executing_multiple_tasks to 2025-09-07 00:00:00+00:00, run_after=2025-09-08 00:00:00+00:00
2025-09-07 23:50:54,380 INFO - Setting next_dagrun for executing_multiple_tasks to 2025-09-07 00:00:00+00:00, run_after=2025-09-08 00:00:00+00:00
2025-09-07 23:51:04,467 INFO - 1 tasks up for execution:
	<TaskInstance: executing_multiple_tasks.taskA manual__2025-09-07T23:51:03.441178+00:00 [scheduled]>
2025-09-07 23:51:04,468 INFO - DAG executing_multiple_tasks has 0/16 running and queued tasks
2025-09-07 23:51:04,468 INFO - Setting the following tasks to queued state:
	<TaskInstance: executing_multiple_tasks.taskA manual__2025-09-07T23:51:03.441178+00:00 [scheduled]>
2025-09-07 23:51:04,469 INFO - Trying to enqueue tasks: [<TaskInstance: executing_multiple_tasks.taskA manual__2025-09-07T23:51:03.441178+00:00 [scheduled]>] for executor: SequentialExecutor(parallelism=32)
2025-09-07 23:51:04,470 INFO - Sending TaskInstanceKey(dag_id='executing_multiple_tasks', task_id='taskA', run_id='manual__2025-09-07T23:51:03.441178+00:00', try_number=1, map_index=-1) to SequentialExecutor with priority 7 and queue default
2025-09-07 23:51:04,470 INFO - Adding to queue: ['airflow', 'tasks', 'run', 'executing_multiple_tasks', 'taskA', 'manual__2025-09-07T23:51:03.441178+00:00', '--local', '--subdir', 'DAGS_FOLDER/execute_multiple_tasks.py']
2025-09-07 23:51:04,474 INFO - Executing command: ['airflow', 'tasks', 'run', 'executing_multiple_tasks', 'taskA', 'manual__2025-09-07T23:51:03.441178+00:00', '--local', '--subdir', 'DAGS_FOLDER/execute_multiple_tasks.py']
2025-09-07 23:51:06,382 INFO - Received executor event with state success for task instance TaskInstanceKey(dag_id='executing_multiple_tasks', task_id='taskA', run_id='manual__2025-09-07T23:51:03.441178+00:00', try_number=1, map_index=-1)
2025-09-07 23:51:06,385 INFO - TaskInstance Finished: dag_id=executing_multiple_tasks, task_id=taskA, run_id=manual__2025-09-07T23:51:03.441178+00:00, map_index=-1, run_start_date=2025-09-07 23:51:05.980799+00:00, run_end_date=2025-09-07 23:51:06.061389+00:00, run_duration=0.08059, state=failed, executor=SequentialExecutor(parallelism=32), executor_state=success, try_number=1, max_tries=0, job_id=16, pool=default_pool, queue=default, priority_weight=7, operator=BashOperator, queued_dttm=2025-09-07 23:51:04.469119+00:00, queued_by_job_id=3, pid=49245
2025-09-07 23:51:07,412 ERROR - Marking run <DagRun executing_multiple_tasks @ 2025-09-07 23:51:03.441178+00:00: manual__2025-09-07T23:51:03.441178+00:00, state:running, queued_at: 2025-09-07 23:51:03.445902+00:00. externally triggered: True> failed
2025-09-07 23:51:07,412 INFO - DagRun Finished: dag_id=executing_multiple_tasks, execution_date=2025-09-07 23:51:03.441178+00:00, run_id=manual__2025-09-07T23:51:03.441178+00:00, run_start_date=2025-09-07 23:51:04.449138+00:00, run_end_date=2025-09-07 23:51:07.412798+00:00, run_duration=2.96366, state=failed, external_trigger=True, run_type=manual, data_interval_start=2025-09-06 23:51:03.441178+00:00, data_interval_end=2025-09-07 23:51:03.441178+00:00, dag_hash=00884def79a7f5899a57515e7fbd317c
2025-09-07 23:51:24,780 INFO - Setting next_dagrun for executing_multiple_tasks to 2025-09-07 00:00:00+00:00, run_after=2025-09-08 00:00:00+00:00
2025-09-07 23:51:55,006 INFO - Setting next_dagrun for executing_multiple_tasks to 2025-09-07 00:00:00+00:00, run_after=2025-09-08 00:00:00+00:00
2025-09-07 23:52:25,421 INFO - Setting next_dagrun for executing_multiple_tasks to 2025-09-07 00:00:00+00:00, run_after=2025-09-08 00:00:00+00:00
2025-09-07 23:52:39,732 INFO - 1 tasks up for execution:
	<TaskInstance: executing_multiple_tasks.taskA manual__2025-09-07T23:52:38.910917+00:00 [scheduled]>
2025-09-07 23:52:39,732 INFO - DAG executing_multiple_tasks has 0/16 running and queued tasks
2025-09-07 23:52:39,733 INFO - Setting the following tasks to queued state:
	<TaskInstance: executing_multiple_tasks.taskA manual__2025-09-07T23:52:38.910917+00:00 [scheduled]>
2025-09-07 23:52:39,734 INFO - Trying to enqueue tasks: [<TaskInstance: executing_multiple_tasks.taskA manual__2025-09-07T23:52:38.910917+00:00 [scheduled]>] for executor: SequentialExecutor(parallelism=32)
2025-09-07 23:52:39,734 INFO - Sending TaskInstanceKey(dag_id='executing_multiple_tasks', task_id='taskA', run_id='manual__2025-09-07T23:52:38.910917+00:00', try_number=1, map_index=-1) to SequentialExecutor with priority 7 and queue default
2025-09-07 23:52:39,734 INFO - Adding to queue: ['airflow', 'tasks', 'run', 'executing_multiple_tasks', 'taskA', 'manual__2025-09-07T23:52:38.910917+00:00', '--local', '--subdir', 'DAGS_FOLDER/execute_multiple_tasks.py']
2025-09-07 23:52:39,738 INFO - Executing command: ['airflow', 'tasks', 'run', 'executing_multiple_tasks', 'taskA', 'manual__2025-09-07T23:52:38.910917+00:00', '--local', '--subdir', 'DAGS_FOLDER/execute_multiple_tasks.py']
2025-09-07 23:52:41,804 INFO - Received executor event with state success for task instance TaskInstanceKey(dag_id='executing_multiple_tasks', task_id='taskA', run_id='manual__2025-09-07T23:52:38.910917+00:00', try_number=1, map_index=-1)
2025-09-07 23:52:41,807 INFO - TaskInstance Finished: dag_id=executing_multiple_tasks, task_id=taskA, run_id=manual__2025-09-07T23:52:38.910917+00:00, map_index=-1, run_start_date=2025-09-07 23:52:41.413955+00:00, run_end_date=2025-09-07 23:52:41.489454+00:00, run_duration=0.075499, state=failed, executor=SequentialExecutor(parallelism=32), executor_state=success, try_number=1, max_tries=0, job_id=17, pool=default_pool, queue=default, priority_weight=7, operator=BashOperator, queued_dttm=2025-09-07 23:52:39.733519+00:00, queued_by_job_id=3, pid=49968
2025-09-07 23:52:42,074 ERROR - Marking run <DagRun executing_multiple_tasks @ 2025-09-07 23:52:38.910917+00:00: manual__2025-09-07T23:52:38.910917+00:00, state:running, queued_at: 2025-09-07 23:52:38.918653+00:00. externally triggered: True> failed
2025-09-07 23:52:42,074 INFO - DagRun Finished: dag_id=executing_multiple_tasks, execution_date=2025-09-07 23:52:38.910917+00:00, run_id=manual__2025-09-07T23:52:38.910917+00:00, run_start_date=2025-09-07 23:52:39.713126+00:00, run_end_date=2025-09-07 23:52:42.074549+00:00, run_duration=2.361423, state=failed, external_trigger=True, run_type=manual, data_interval_start=2025-09-06 23:52:38.910917+00:00, data_interval_end=2025-09-07 23:52:38.910917+00:00, dag_hash=3de2273005cc2a8d0879a8d3413bf89e
2025-09-07 23:52:49,088 INFO - Adopting or resetting orphaned tasks for active dag runs
2025-09-07 23:52:56,684 INFO - Setting next_dagrun for executing_multiple_tasks to 2025-09-07 00:00:00+00:00, run_after=2025-09-08 00:00:00+00:00
2025-09-07 23:53:27,597 INFO - Setting next_dagrun for executing_multiple_tasks to 2025-09-07 00:00:00+00:00, run_after=2025-09-08 00:00:00+00:00
2025-09-07 23:53:31,218 INFO - Setting next_dagrun for executing_multiple_tasks to 2025-09-07 00:00:00+00:00, run_after=2025-09-08 00:00:00+00:00
2025-09-07 23:53:34,769 INFO - 1 tasks up for execution:
	<TaskInstance: executing_multiple_tasks.taskA manual__2025-09-07T23:53:33.927649+00:00 [scheduled]>
2025-09-07 23:53:34,770 INFO - DAG executing_multiple_tasks has 0/16 running and queued tasks
2025-09-07 23:53:34,770 INFO - Setting the following tasks to queued state:
	<TaskInstance: executing_multiple_tasks.taskA manual__2025-09-07T23:53:33.927649+00:00 [scheduled]>
2025-09-07 23:53:34,771 INFO - Trying to enqueue tasks: [<TaskInstance: executing_multiple_tasks.taskA manual__2025-09-07T23:53:33.927649+00:00 [scheduled]>] for executor: SequentialExecutor(parallelism=32)
2025-09-07 23:53:34,772 INFO - Sending TaskInstanceKey(dag_id='executing_multiple_tasks', task_id='taskA', run_id='manual__2025-09-07T23:53:33.927649+00:00', try_number=1, map_index=-1) to SequentialExecutor with priority 7 and queue default
2025-09-07 23:53:34,772 INFO - Adding to queue: ['airflow', 'tasks', 'run', 'executing_multiple_tasks', 'taskA', 'manual__2025-09-07T23:53:33.927649+00:00', '--local', '--subdir', 'DAGS_FOLDER/execute_multiple_tasks.py']
2025-09-07 23:53:34,776 INFO - Executing command: ['airflow', 'tasks', 'run', 'executing_multiple_tasks', 'taskA', 'manual__2025-09-07T23:53:33.927649+00:00', '--local', '--subdir', 'DAGS_FOLDER/execute_multiple_tasks.py']
2025-09-07 23:53:36,664 INFO - Received executor event with state success for task instance TaskInstanceKey(dag_id='executing_multiple_tasks', task_id='taskA', run_id='manual__2025-09-07T23:53:33.927649+00:00', try_number=1, map_index=-1)
2025-09-07 23:53:36,667 INFO - TaskInstance Finished: dag_id=executing_multiple_tasks, task_id=taskA, run_id=manual__2025-09-07T23:53:33.927649+00:00, map_index=-1, run_start_date=2025-09-07 23:53:36.256127+00:00, run_end_date=2025-09-07 23:53:36.382916+00:00, run_duration=0.126789, state=success, executor=SequentialExecutor(parallelism=32), executor_state=success, try_number=1, max_tries=0, job_id=18, pool=default_pool, queue=default, priority_weight=7, operator=BashOperator, queued_dttm=2025-09-07 23:53:34.771156+00:00, queued_by_job_id=3, pid=50427
2025-09-07 23:53:36,711 INFO - 3 tasks up for execution:
	<TaskInstance: executing_multiple_tasks.taskB manual__2025-09-07T23:53:33.927649+00:00 [scheduled]>
	<TaskInstance: executing_multiple_tasks.taskC manual__2025-09-07T23:53:33.927649+00:00 [scheduled]>
	<TaskInstance: executing_multiple_tasks.taskD manual__2025-09-07T23:53:33.927649+00:00 [scheduled]>
2025-09-07 23:53:36,711 INFO - DAG executing_multiple_tasks has 0/16 running and queued tasks
2025-09-07 23:53:36,712 INFO - DAG executing_multiple_tasks has 1/16 running and queued tasks
2025-09-07 23:53:36,712 INFO - DAG executing_multiple_tasks has 2/16 running and queued tasks
2025-09-07 23:53:36,712 INFO - Setting the following tasks to queued state:
	<TaskInstance: executing_multiple_tasks.taskB manual__2025-09-07T23:53:33.927649+00:00 [scheduled]>
	<TaskInstance: executing_multiple_tasks.taskC manual__2025-09-07T23:53:33.927649+00:00 [scheduled]>
	<TaskInstance: executing_multiple_tasks.taskD manual__2025-09-07T23:53:33.927649+00:00 [scheduled]>
2025-09-07 23:53:36,714 INFO - Trying to enqueue tasks: [<TaskInstance: executing_multiple_tasks.taskB manual__2025-09-07T23:53:33.927649+00:00 [scheduled]>, <TaskInstance: executing_multiple_tasks.taskC manual__2025-09-07T23:53:33.927649+00:00 [scheduled]>, <TaskInstance: executing_multiple_tasks.taskD manual__2025-09-07T23:53:33.927649+00:00 [scheduled]>] for executor: SequentialExecutor(parallelism=32)
2025-09-07 23:53:36,714 INFO - Sending TaskInstanceKey(dag_id='executing_multiple_tasks', task_id='taskB', run_id='manual__2025-09-07T23:53:33.927649+00:00', try_number=1, map_index=-1) to SequentialExecutor with priority 2 and queue default
2025-09-07 23:53:36,714 INFO - Adding to queue: ['airflow', 'tasks', 'run', 'executing_multiple_tasks', 'taskB', 'manual__2025-09-07T23:53:33.927649+00:00', '--local', '--subdir', 'DAGS_FOLDER/execute_multiple_tasks.py']
2025-09-07 23:53:36,715 INFO - Sending TaskInstanceKey(dag_id='executing_multiple_tasks', task_id='taskC', run_id='manual__2025-09-07T23:53:33.927649+00:00', try_number=1, map_index=-1) to SequentialExecutor with priority 2 and queue default
2025-09-07 23:53:36,715 INFO - Adding to queue: ['airflow', 'tasks', 'run', 'executing_multiple_tasks', 'taskC', 'manual__2025-09-07T23:53:33.927649+00:00', '--local', '--subdir', 'DAGS_FOLDER/execute_multiple_tasks.py']
2025-09-07 23:53:36,715 INFO - Sending TaskInstanceKey(dag_id='executing_multiple_tasks', task_id='taskD', run_id='manual__2025-09-07T23:53:33.927649+00:00', try_number=1, map_index=-1) to SequentialExecutor with priority 2 and queue default
2025-09-07 23:53:36,716 INFO - Adding to queue: ['airflow', 'tasks', 'run', 'executing_multiple_tasks', 'taskD', 'manual__2025-09-07T23:53:33.927649+00:00', '--local', '--subdir', 'DAGS_FOLDER/execute_multiple_tasks.py']
2025-09-07 23:53:36,720 INFO - Executing command: ['airflow', 'tasks', 'run', 'executing_multiple_tasks', 'taskB', 'manual__2025-09-07T23:53:33.927649+00:00', '--local', '--subdir', 'DAGS_FOLDER/execute_multiple_tasks.py']
2025-09-07 23:53:42,655 INFO - Executing command: ['airflow', 'tasks', 'run', 'executing_multiple_tasks', 'taskC', 'manual__2025-09-07T23:53:33.927649+00:00', '--local', '--subdir', 'DAGS_FOLDER/execute_multiple_tasks.py']
2025-09-07 23:53:54,511 INFO - Executing command: ['airflow', 'tasks', 'run', 'executing_multiple_tasks', 'taskD', 'manual__2025-09-07T23:53:33.927649+00:00', '--local', '--subdir', 'DAGS_FOLDER/execute_multiple_tasks.py']
2025-09-07 23:53:56,456 INFO - Received executor event with state success for task instance TaskInstanceKey(dag_id='executing_multiple_tasks', task_id='taskB', run_id='manual__2025-09-07T23:53:33.927649+00:00', try_number=1, map_index=-1)
2025-09-07 23:53:56,456 INFO - Received executor event with state success for task instance TaskInstanceKey(dag_id='executing_multiple_tasks', task_id='taskC', run_id='manual__2025-09-07T23:53:33.927649+00:00', try_number=1, map_index=-1)
2025-09-07 23:53:56,457 INFO - Received executor event with state success for task instance TaskInstanceKey(dag_id='executing_multiple_tasks', task_id='taskD', run_id='manual__2025-09-07T23:53:33.927649+00:00', try_number=1, map_index=-1)
2025-09-07 23:53:56,460 INFO - TaskInstance Finished: dag_id=executing_multiple_tasks, task_id=taskB, run_id=manual__2025-09-07T23:53:33.927649+00:00, map_index=-1, run_start_date=2025-09-07 23:53:38.223910+00:00, run_end_date=2025-09-07 23:53:42.366389+00:00, run_duration=4.142479, state=skipped, executor=SequentialExecutor(parallelism=32), executor_state=success, try_number=1, max_tries=0, job_id=19, pool=default_pool, queue=default, priority_weight=2, operator=BashOperator, queued_dttm=2025-09-07 23:53:36.713384+00:00, queued_by_job_id=3, pid=50458
2025-09-07 23:53:56,460 INFO - TaskInstance Finished: dag_id=executing_multiple_tasks, task_id=taskC, run_id=manual__2025-09-07T23:53:33.927649+00:00, map_index=-1, run_start_date=2025-09-07 23:53:44.076129+00:00, run_end_date=2025-09-07 23:53:54.197738+00:00, run_duration=10.121609, state=failed, executor=SequentialExecutor(parallelism=32), executor_state=success, try_number=1, max_tries=0, job_id=20, pool=default_pool, queue=default, priority_weight=2, operator=BashOperator, queued_dttm=2025-09-07 23:53:36.713384+00:00, queued_by_job_id=3, pid=50493
2025-09-07 23:53:56,461 INFO - TaskInstance Finished: dag_id=executing_multiple_tasks, task_id=taskD, run_id=manual__2025-09-07T23:53:33.927649+00:00, map_index=-1, run_start_date=2025-09-07 23:53:56.015626+00:00, run_end_date=2025-09-07 23:53:56.146293+00:00, run_duration=0.130667, state=success, executor=SequentialExecutor(parallelism=32), executor_state=success, try_number=1, max_tries=0, job_id=21, pool=default_pool, queue=default, priority_weight=2, operator=BashOperator, queued_dttm=2025-09-07 23:53:36.713384+00:00, queued_by_job_id=3, pid=50584
2025-09-07 23:53:56,625 INFO - 1 tasks up for execution:
	<TaskInstance: executing_multiple_tasks.taskG manual__2025-09-07T23:53:33.927649+00:00 [scheduled]>
2025-09-07 23:53:56,625 INFO - DAG executing_multiple_tasks has 0/16 running and queued tasks
2025-09-07 23:53:56,625 INFO - Setting the following tasks to queued state:
	<TaskInstance: executing_multiple_tasks.taskG manual__2025-09-07T23:53:33.927649+00:00 [scheduled]>
2025-09-07 23:53:56,627 INFO - Trying to enqueue tasks: [<TaskInstance: executing_multiple_tasks.taskG manual__2025-09-07T23:53:33.927649+00:00 [scheduled]>] for executor: SequentialExecutor(parallelism=32)
2025-09-07 23:53:56,627 INFO - Sending TaskInstanceKey(dag_id='executing_multiple_tasks', task_id='taskG', run_id='manual__2025-09-07T23:53:33.927649+00:00', try_number=1, map_index=-1) to SequentialExecutor with priority 1 and queue default
2025-09-07 23:53:56,627 INFO - Adding to queue: ['airflow', 'tasks', 'run', 'executing_multiple_tasks', 'taskG', 'manual__2025-09-07T23:53:33.927649+00:00', '--local', '--subdir', 'DAGS_FOLDER/execute_multiple_tasks.py']
2025-09-07 23:53:56,631 INFO - Executing command: ['airflow', 'tasks', 'run', 'executing_multiple_tasks', 'taskG', 'manual__2025-09-07T23:53:33.927649+00:00', '--local', '--subdir', 'DAGS_FOLDER/execute_multiple_tasks.py']
2025-09-07 23:53:58,573 INFO - Received executor event with state success for task instance TaskInstanceKey(dag_id='executing_multiple_tasks', task_id='taskG', run_id='manual__2025-09-07T23:53:33.927649+00:00', try_number=1, map_index=-1)
2025-09-07 23:53:58,576 INFO - TaskInstance Finished: dag_id=executing_multiple_tasks, task_id=taskG, run_id=manual__2025-09-07T23:53:33.927649+00:00, map_index=-1, run_start_date=2025-09-07 23:53:57.998250+00:00, run_end_date=2025-09-07 23:53:58.195240+00:00, run_duration=0.19699, state=success, executor=SequentialExecutor(parallelism=32), executor_state=success, try_number=1, max_tries=0, job_id=22, pool=default_pool, queue=default, priority_weight=1, operator=BashOperator, queued_dttm=2025-09-07 23:53:56.626370+00:00, queued_by_job_id=3, pid=50602
2025-09-07 23:53:58,615 ERROR - Marking run <DagRun executing_multiple_tasks @ 2025-09-07 23:53:33.927649+00:00: manual__2025-09-07T23:53:33.927649+00:00, state:running, queued_at: 2025-09-07 23:53:33.935183+00:00. externally triggered: True> failed
2025-09-07 23:53:58,616 INFO - DagRun Finished: dag_id=executing_multiple_tasks, execution_date=2025-09-07 23:53:33.927649+00:00, run_id=manual__2025-09-07T23:53:33.927649+00:00, run_start_date=2025-09-07 23:53:34.751335+00:00, run_end_date=2025-09-07 23:53:58.616185+00:00, run_duration=23.86485, state=failed, external_trigger=True, run_type=manual, data_interval_start=2025-09-06 23:53:33.927649+00:00, data_interval_end=2025-09-07 23:53:33.927649+00:00, dag_hash=3de2273005cc2a8d0879a8d3413bf89e
2025-09-07 23:54:01,592 INFO - Setting next_dagrun for executing_multiple_tasks to 2025-09-07 00:00:00+00:00, run_after=2025-09-08 00:00:00+00:00
2025-09-07 23:54:32,200 INFO - Setting next_dagrun for executing_multiple_tasks to 2025-09-07 00:00:00+00:00, run_after=2025-09-08 00:00:00+00:00
2025-09-07 23:54:35,334 INFO - 1 tasks up for execution:
	<TaskInstance: executing_multiple_tasks.taskA manual__2025-09-07T23:54:34.886386+00:00 [scheduled]>
2025-09-07 23:54:35,334 INFO - DAG executing_multiple_tasks has 0/16 running and queued tasks
2025-09-07 23:54:35,334 INFO - Setting the following tasks to queued state:
	<TaskInstance: executing_multiple_tasks.taskA manual__2025-09-07T23:54:34.886386+00:00 [scheduled]>
2025-09-07 23:54:35,336 INFO - Trying to enqueue tasks: [<TaskInstance: executing_multiple_tasks.taskA manual__2025-09-07T23:54:34.886386+00:00 [scheduled]>] for executor: SequentialExecutor(parallelism=32)
2025-09-07 23:54:35,336 INFO - Sending TaskInstanceKey(dag_id='executing_multiple_tasks', task_id='taskA', run_id='manual__2025-09-07T23:54:34.886386+00:00', try_number=1, map_index=-1) to SequentialExecutor with priority 7 and queue default
2025-09-07 23:54:35,336 INFO - Adding to queue: ['airflow', 'tasks', 'run', 'executing_multiple_tasks', 'taskA', 'manual__2025-09-07T23:54:34.886386+00:00', '--local', '--subdir', 'DAGS_FOLDER/execute_multiple_tasks.py']
2025-09-07 23:54:35,340 INFO - Executing command: ['airflow', 'tasks', 'run', 'executing_multiple_tasks', 'taskA', 'manual__2025-09-07T23:54:34.886386+00:00', '--local', '--subdir', 'DAGS_FOLDER/execute_multiple_tasks.py']
2025-09-07 23:54:37,265 INFO - Received executor event with state success for task instance TaskInstanceKey(dag_id='executing_multiple_tasks', task_id='taskA', run_id='manual__2025-09-07T23:54:34.886386+00:00', try_number=1, map_index=-1)
2025-09-07 23:54:37,269 INFO - TaskInstance Finished: dag_id=executing_multiple_tasks, task_id=taskA, run_id=manual__2025-09-07T23:54:34.886386+00:00, map_index=-1, run_start_date=2025-09-07 23:54:36.733923+00:00, run_end_date=2025-09-07 23:54:36.857190+00:00, run_duration=0.123267, state=success, executor=SequentialExecutor(parallelism=32), executor_state=success, try_number=1, max_tries=0, job_id=23, pool=default_pool, queue=default, priority_weight=7, operator=BashOperator, queued_dttm=2025-09-07 23:54:35.335357+00:00, queued_by_job_id=3, pid=50884
2025-09-07 23:54:37,310 INFO - 3 tasks up for execution:
	<TaskInstance: executing_multiple_tasks.taskB manual__2025-09-07T23:54:34.886386+00:00 [scheduled]>
	<TaskInstance: executing_multiple_tasks.taskC manual__2025-09-07T23:54:34.886386+00:00 [scheduled]>
	<TaskInstance: executing_multiple_tasks.taskD manual__2025-09-07T23:54:34.886386+00:00 [scheduled]>
2025-09-07 23:54:37,310 INFO - DAG executing_multiple_tasks has 0/16 running and queued tasks
2025-09-07 23:54:37,311 INFO - DAG executing_multiple_tasks has 1/16 running and queued tasks
2025-09-07 23:54:37,311 INFO - DAG executing_multiple_tasks has 2/16 running and queued tasks
2025-09-07 23:54:37,311 INFO - Setting the following tasks to queued state:
	<TaskInstance: executing_multiple_tasks.taskB manual__2025-09-07T23:54:34.886386+00:00 [scheduled]>
	<TaskInstance: executing_multiple_tasks.taskC manual__2025-09-07T23:54:34.886386+00:00 [scheduled]>
	<TaskInstance: executing_multiple_tasks.taskD manual__2025-09-07T23:54:34.886386+00:00 [scheduled]>
2025-09-07 23:54:37,313 INFO - Trying to enqueue tasks: [<TaskInstance: executing_multiple_tasks.taskB manual__2025-09-07T23:54:34.886386+00:00 [scheduled]>, <TaskInstance: executing_multiple_tasks.taskC manual__2025-09-07T23:54:34.886386+00:00 [scheduled]>, <TaskInstance: executing_multiple_tasks.taskD manual__2025-09-07T23:54:34.886386+00:00 [scheduled]>] for executor: SequentialExecutor(parallelism=32)
2025-09-07 23:54:37,313 INFO - Sending TaskInstanceKey(dag_id='executing_multiple_tasks', task_id='taskB', run_id='manual__2025-09-07T23:54:34.886386+00:00', try_number=1, map_index=-1) to SequentialExecutor with priority 2 and queue default
2025-09-07 23:54:37,313 INFO - Adding to queue: ['airflow', 'tasks', 'run', 'executing_multiple_tasks', 'taskB', 'manual__2025-09-07T23:54:34.886386+00:00', '--local', '--subdir', 'DAGS_FOLDER/execute_multiple_tasks.py']
2025-09-07 23:54:37,314 INFO - Sending TaskInstanceKey(dag_id='executing_multiple_tasks', task_id='taskC', run_id='manual__2025-09-07T23:54:34.886386+00:00', try_number=1, map_index=-1) to SequentialExecutor with priority 2 and queue default
2025-09-07 23:54:37,314 INFO - Adding to queue: ['airflow', 'tasks', 'run', 'executing_multiple_tasks', 'taskC', 'manual__2025-09-07T23:54:34.886386+00:00', '--local', '--subdir', 'DAGS_FOLDER/execute_multiple_tasks.py']
2025-09-07 23:54:37,314 INFO - Sending TaskInstanceKey(dag_id='executing_multiple_tasks', task_id='taskD', run_id='manual__2025-09-07T23:54:34.886386+00:00', try_number=1, map_index=-1) to SequentialExecutor with priority 2 and queue default
2025-09-07 23:54:37,315 INFO - Adding to queue: ['airflow', 'tasks', 'run', 'executing_multiple_tasks', 'taskD', 'manual__2025-09-07T23:54:34.886386+00:00', '--local', '--subdir', 'DAGS_FOLDER/execute_multiple_tasks.py']
2025-09-07 23:54:37,318 INFO - Executing command: ['airflow', 'tasks', 'run', 'executing_multiple_tasks', 'taskB', 'manual__2025-09-07T23:54:34.886386+00:00', '--local', '--subdir', 'DAGS_FOLDER/execute_multiple_tasks.py']
2025-09-07 23:54:43,181 INFO - Executing command: ['airflow', 'tasks', 'run', 'executing_multiple_tasks', 'taskC', 'manual__2025-09-07T23:54:34.886386+00:00', '--local', '--subdir', 'DAGS_FOLDER/execute_multiple_tasks.py']
2025-09-07 23:54:55,044 INFO - Executing command: ['airflow', 'tasks', 'run', 'executing_multiple_tasks', 'taskD', 'manual__2025-09-07T23:54:34.886386+00:00', '--local', '--subdir', 'DAGS_FOLDER/execute_multiple_tasks.py']
2025-09-07 23:54:56,980 INFO - Received executor event with state success for task instance TaskInstanceKey(dag_id='executing_multiple_tasks', task_id='taskB', run_id='manual__2025-09-07T23:54:34.886386+00:00', try_number=1, map_index=-1)
2025-09-07 23:54:56,981 INFO - Received executor event with state success for task instance TaskInstanceKey(dag_id='executing_multiple_tasks', task_id='taskC', run_id='manual__2025-09-07T23:54:34.886386+00:00', try_number=1, map_index=-1)
2025-09-07 23:54:56,981 INFO - Received executor event with state success for task instance TaskInstanceKey(dag_id='executing_multiple_tasks', task_id='taskD', run_id='manual__2025-09-07T23:54:34.886386+00:00', try_number=1, map_index=-1)
2025-09-07 23:54:56,984 INFO - TaskInstance Finished: dag_id=executing_multiple_tasks, task_id=taskB, run_id=manual__2025-09-07T23:54:34.886386+00:00, map_index=-1, run_start_date=2025-09-07 23:54:38.699781+00:00, run_end_date=2025-09-07 23:54:42.899317+00:00, run_duration=4.199536, state=skipped, executor=SequentialExecutor(parallelism=32), executor_state=success, try_number=1, max_tries=0, job_id=24, pool=default_pool, queue=default, priority_weight=2, operator=BashOperator, queued_dttm=2025-09-07 23:54:37.312316+00:00, queued_by_job_id=3, pid=50896
2025-09-07 23:54:56,985 INFO - TaskInstance Finished: dag_id=executing_multiple_tasks, task_id=taskC, run_id=manual__2025-09-07T23:54:34.886386+00:00, map_index=-1, run_start_date=2025-09-07 23:54:44.570602+00:00, run_end_date=2025-09-07 23:54:54.757838+00:00, run_duration=10.187236, state=success, executor=SequentialExecutor(parallelism=32), executor_state=success, try_number=1, max_tries=0, job_id=25, pool=default_pool, queue=default, priority_weight=2, operator=BashOperator, queued_dttm=2025-09-07 23:54:37.312316+00:00, queued_by_job_id=3, pid=50949
2025-09-07 23:54:56,985 INFO - TaskInstance Finished: dag_id=executing_multiple_tasks, task_id=taskD, run_id=manual__2025-09-07T23:54:34.886386+00:00, map_index=-1, run_start_date=2025-09-07 23:54:56.563492+00:00, run_end_date=2025-09-07 23:54:56.686069+00:00, run_duration=0.122577, state=success, executor=SequentialExecutor(parallelism=32), executor_state=success, try_number=1, max_tries=0, job_id=26, pool=default_pool, queue=default, priority_weight=2, operator=BashOperator, queued_dttm=2025-09-07 23:54:37.312316+00:00, queued_by_job_id=3, pid=51042
2025-09-07 23:54:57,251 INFO - 2 tasks up for execution:
	<TaskInstance: executing_multiple_tasks.taskF manual__2025-09-07T23:54:34.886386+00:00 [scheduled]>
	<TaskInstance: executing_multiple_tasks.taskG manual__2025-09-07T23:54:34.886386+00:00 [scheduled]>
2025-09-07 23:54:57,251 INFO - DAG executing_multiple_tasks has 0/16 running and queued tasks
2025-09-07 23:54:57,251 INFO - DAG executing_multiple_tasks has 1/16 running and queued tasks
2025-09-07 23:54:57,252 INFO - Setting the following tasks to queued state:
	<TaskInstance: executing_multiple_tasks.taskF manual__2025-09-07T23:54:34.886386+00:00 [scheduled]>
	<TaskInstance: executing_multiple_tasks.taskG manual__2025-09-07T23:54:34.886386+00:00 [scheduled]>
2025-09-07 23:54:57,253 INFO - Trying to enqueue tasks: [<TaskInstance: executing_multiple_tasks.taskF manual__2025-09-07T23:54:34.886386+00:00 [scheduled]>, <TaskInstance: executing_multiple_tasks.taskG manual__2025-09-07T23:54:34.886386+00:00 [scheduled]>] for executor: SequentialExecutor(parallelism=32)
2025-09-07 23:54:57,253 INFO - Sending TaskInstanceKey(dag_id='executing_multiple_tasks', task_id='taskF', run_id='manual__2025-09-07T23:54:34.886386+00:00', try_number=1, map_index=-1) to SequentialExecutor with priority 1 and queue default
2025-09-07 23:54:57,254 INFO - Adding to queue: ['airflow', 'tasks', 'run', 'executing_multiple_tasks', 'taskF', 'manual__2025-09-07T23:54:34.886386+00:00', '--local', '--subdir', 'DAGS_FOLDER/execute_multiple_tasks.py']
2025-09-07 23:54:57,254 INFO - Sending TaskInstanceKey(dag_id='executing_multiple_tasks', task_id='taskG', run_id='manual__2025-09-07T23:54:34.886386+00:00', try_number=1, map_index=-1) to SequentialExecutor with priority 1 and queue default
2025-09-07 23:54:57,254 INFO - Adding to queue: ['airflow', 'tasks', 'run', 'executing_multiple_tasks', 'taskG', 'manual__2025-09-07T23:54:34.886386+00:00', '--local', '--subdir', 'DAGS_FOLDER/execute_multiple_tasks.py']
2025-09-07 23:54:57,259 INFO - Executing command: ['airflow', 'tasks', 'run', 'executing_multiple_tasks', 'taskF', 'manual__2025-09-07T23:54:34.886386+00:00', '--local', '--subdir', 'DAGS_FOLDER/execute_multiple_tasks.py']
2025-09-07 23:54:59,056 INFO - Executing command: ['airflow', 'tasks', 'run', 'executing_multiple_tasks', 'taskG', 'manual__2025-09-07T23:54:34.886386+00:00', '--local', '--subdir', 'DAGS_FOLDER/execute_multiple_tasks.py']
2025-09-07 23:55:01,061 INFO - Received executor event with state success for task instance TaskInstanceKey(dag_id='executing_multiple_tasks', task_id='taskF', run_id='manual__2025-09-07T23:54:34.886386+00:00', try_number=1, map_index=-1)
2025-09-07 23:55:01,062 INFO - Received executor event with state success for task instance TaskInstanceKey(dag_id='executing_multiple_tasks', task_id='taskG', run_id='manual__2025-09-07T23:54:34.886386+00:00', try_number=1, map_index=-1)
2025-09-07 23:55:01,065 INFO - TaskInstance Finished: dag_id=executing_multiple_tasks, task_id=taskF, run_id=manual__2025-09-07T23:54:34.886386+00:00, map_index=-1, run_start_date=2025-09-07 23:54:58.648027+00:00, run_end_date=2025-09-07 23:54:58.776110+00:00, run_duration=0.128083, state=success, executor=SequentialExecutor(parallelism=32), executor_state=success, try_number=1, max_tries=0, job_id=27, pool=default_pool, queue=default, priority_weight=1, operator=BashOperator, queued_dttm=2025-09-07 23:54:57.252729+00:00, queued_by_job_id=3, pid=51055
2025-09-07 23:55:01,065 INFO - TaskInstance Finished: dag_id=executing_multiple_tasks, task_id=taskG, run_id=manual__2025-09-07T23:54:34.886386+00:00, map_index=-1, run_start_date=2025-09-07 23:55:00.649395+00:00, run_end_date=2025-09-07 23:55:00.778920+00:00, run_duration=0.129525, state=success, executor=SequentialExecutor(parallelism=32), executor_state=success, try_number=1, max_tries=0, job_id=28, pool=default_pool, queue=default, priority_weight=1, operator=BashOperator, queued_dttm=2025-09-07 23:54:57.252729+00:00, queued_by_job_id=3, pid=51086
2025-09-07 23:55:01,102 INFO - Marking run <DagRun executing_multiple_tasks @ 2025-09-07 23:54:34.886386+00:00: manual__2025-09-07T23:54:34.886386+00:00, state:running, queued_at: 2025-09-07 23:54:34.894578+00:00. externally triggered: True> successful
2025-09-07 23:55:01,103 INFO - DagRun Finished: dag_id=executing_multiple_tasks, execution_date=2025-09-07 23:54:34.886386+00:00, run_id=manual__2025-09-07T23:54:34.886386+00:00, run_start_date=2025-09-07 23:54:35.315777+00:00, run_end_date=2025-09-07 23:55:01.103296+00:00, run_duration=25.787519, state=success, external_trigger=True, run_type=manual, data_interval_start=2025-09-06 23:54:34.886386+00:00, data_interval_end=2025-09-07 23:54:34.886386+00:00, dag_hash=8d8253b1cf6ffacd91a1727a3800e645
2025-09-07 23:55:03,251 INFO - Setting next_dagrun for executing_multiple_tasks to 2025-09-07 00:00:00+00:00, run_after=2025-09-08 00:00:00+00:00
2025-09-07 23:55:34,481 INFO - Setting next_dagrun for executing_multiple_tasks to 2025-09-07 00:00:00+00:00, run_after=2025-09-08 00:00:00+00:00
2025-09-07 23:56:04,962 INFO - Setting next_dagrun for executing_multiple_tasks to 2025-09-07 00:00:00+00:00, run_after=2025-09-08 00:00:00+00:00
2025-09-07 23:56:10,828 INFO - Setting next_dagrun for execute_python_operators to 2025-09-07 00:00:00+00:00, run_after=2025-09-08 00:00:00+00:00
2025-09-07 23:56:10,852 INFO - 1 tasks up for execution:
	<TaskInstance: execute_python_operators.python_task scheduled__2025-09-06T00:00:00+00:00 [scheduled]>
2025-09-07 23:56:10,853 INFO - DAG execute_python_operators has 0/16 running and queued tasks
2025-09-07 23:56:10,853 INFO - Setting the following tasks to queued state:
	<TaskInstance: execute_python_operators.python_task scheduled__2025-09-06T00:00:00+00:00 [scheduled]>
2025-09-07 23:56:10,854 INFO - Trying to enqueue tasks: [<TaskInstance: execute_python_operators.python_task scheduled__2025-09-06T00:00:00+00:00 [scheduled]>] for executor: SequentialExecutor(parallelism=32)
2025-09-07 23:56:10,855 INFO - Sending TaskInstanceKey(dag_id='execute_python_operators', task_id='python_task', run_id='scheduled__2025-09-06T00:00:00+00:00', try_number=1, map_index=-1) to SequentialExecutor with priority 1 and queue default
2025-09-07 23:56:10,855 INFO - Adding to queue: ['airflow', 'tasks', 'run', 'execute_python_operators', 'python_task', 'scheduled__2025-09-06T00:00:00+00:00', '--local', '--subdir', 'DAGS_FOLDER/execute_python_operators.py']
2025-09-07 23:56:10,859 INFO - Executing command: ['airflow', 'tasks', 'run', 'execute_python_operators', 'python_task', 'scheduled__2025-09-06T00:00:00+00:00', '--local', '--subdir', 'DAGS_FOLDER/execute_python_operators.py']
2025-09-07 23:56:12,716 INFO - Received executor event with state success for task instance TaskInstanceKey(dag_id='execute_python_operators', task_id='python_task', run_id='scheduled__2025-09-06T00:00:00+00:00', try_number=1, map_index=-1)
2025-09-07 23:56:12,719 INFO - TaskInstance Finished: dag_id=execute_python_operators, task_id=python_task, run_id=scheduled__2025-09-06T00:00:00+00:00, map_index=-1, run_start_date=2025-09-07 23:56:12.288672+00:00, run_end_date=2025-09-07 23:56:12.416376+00:00, run_duration=0.127704, state=success, executor=SequentialExecutor(parallelism=32), executor_state=success, try_number=1, max_tries=0, job_id=29, pool=default_pool, queue=default, priority_weight=1, operator=PythonOperator, queued_dttm=2025-09-07 23:56:10.853876+00:00, queued_by_job_id=3, pid=51633
2025-09-07 23:56:12,744 INFO - Marking run <DagRun execute_python_operators @ 2025-09-06 00:00:00+00:00: scheduled__2025-09-06T00:00:00+00:00, state:running, queued_at: 2025-09-07 23:56:10.824657+00:00. externally triggered: False> successful
2025-09-07 23:56:12,744 INFO - DagRun Finished: dag_id=execute_python_operators, execution_date=2025-09-06 00:00:00+00:00, run_id=scheduled__2025-09-06T00:00:00+00:00, run_start_date=2025-09-07 23:56:10.836390+00:00, run_end_date=2025-09-07 23:56:12.744614+00:00, run_duration=1.908224, state=success, external_trigger=False, run_type=scheduled, data_interval_start=2025-09-06 00:00:00+00:00, data_interval_end=2025-09-07 00:00:00+00:00, dag_hash=9ce89bec64913621540841e815f9f2ba
2025-09-07 23:56:12,747 INFO - Setting next_dagrun for execute_python_operators to 2025-09-07 00:00:00+00:00, run_after=2025-09-08 00:00:00+00:00
