[2025-09-07T23:54:56.556+0000] {local_task_job_runner.py:123} INFO - ::group::Pre task execution logs
[2025-09-07T23:54:56.563+0000] {taskinstance.py:2612} INFO - Dependencies all met for dep_context=non-requeueable deps ti=<TaskInstance: executing_multiple_tasks.taskD manual__2025-09-07T23:54:34.886386+00:00 [queued]>
[2025-09-07T23:54:56.567+0000] {taskinstance.py:2612} INFO - Dependencies all met for dep_context=requeueable deps ti=<TaskInstance: executing_multiple_tasks.taskD manual__2025-09-07T23:54:34.886386+00:00 [queued]>
[2025-09-07T23:54:56.568+0000] {taskinstance.py:2865} INFO - Starting attempt 1 of 1
[2025-09-07T23:54:56.578+0000] {taskinstance.py:2888} INFO - Executing <Task(BashOperator): taskD> on 2025-09-07 23:54:34.886386+00:00
[2025-09-07T23:54:56.581+0000] {standard_task_runner.py:72} INFO - Started process 51042 to run task
[2025-09-07T23:54:56.584+0000] {standard_task_runner.py:104} INFO - Running: ['airflow', 'tasks', 'run', 'executing_multiple_tasks', 'taskD', 'manual__2025-09-07T23:54:34.886386+00:00', '--job-id', '26', '--raw', '--subdir', 'DAGS_FOLDER/execute_multiple_tasks.py', '--cfg-path', '/tmp/tmpywcv0qez']
[2025-09-07T23:54:56.585+0000] {standard_task_runner.py:105} INFO - Job 26: Subtask taskD
[2025-09-07T23:54:56.609+0000] {task_command.py:467} INFO - Running <TaskInstance: executing_multiple_tasks.taskD manual__2025-09-07T23:54:34.886386+00:00 [running]> on host codespaces-9bd7b3
[2025-09-07T23:54:56.650+0000] {taskinstance.py:3131} INFO - Exporting env vars: AIRFLOW_CTX_DAG_OWNER='loonycorn' AIRFLOW_CTX_DAG_ID='executing_multiple_tasks' AIRFLOW_CTX_TASK_ID='taskD' AIRFLOW_CTX_EXECUTION_DATE='2025-09-07T23:54:34.886386+00:00' AIRFLOW_CTX_TRY_NUMBER='1' AIRFLOW_CTX_DAG_RUN_ID='manual__2025-09-07T23:54:34.886386+00:00'
[2025-09-07T23:54:56.651+0000] {taskinstance.py:731} INFO - ::endgroup::
[2025-09-07T23:54:56.663+0000] {subprocess.py:63} INFO - Tmp dir root location: /tmp
[2025-09-07T23:54:56.664+0000] {subprocess.py:75} INFO - Running command: ['/usr/bin/bash', '-c', 'echo TASK D completed!']
[2025-09-07T23:54:56.670+0000] {subprocess.py:86} INFO - Output:
[2025-09-07T23:54:56.671+0000] {subprocess.py:93} INFO - TASK D completed!
[2025-09-07T23:54:56.671+0000] {subprocess.py:97} INFO - Command exited with return code 0
[2025-09-07T23:54:56.685+0000] {taskinstance.py:340} INFO - ::group::Post task execution logs
[2025-09-07T23:54:56.686+0000] {taskinstance.py:352} INFO - Marking task as SUCCESS. dag_id=executing_multiple_tasks, task_id=taskD, run_id=manual__2025-09-07T23:54:34.886386+00:00, execution_date=20250907T235434, start_date=20250907T235456, end_date=20250907T235456
[2025-09-07T23:54:56.716+0000] {local_task_job_runner.py:266} INFO - Task exited with return code 0
[2025-09-07T23:54:56.730+0000] {taskinstance.py:3900} INFO - 1 downstream tasks scheduled from follow-on schedule check
[2025-09-07T23:54:56.734+0000] {local_task_job_runner.py:245} INFO - ::endgroup::
