[2025-09-07T23:44:23.220+0000] {local_task_job_runner.py:123} INFO - ::group::Pre task execution logs
[2025-09-07T23:44:23.228+0000] {taskinstance.py:2612} INFO - Dependencies all met for dep_context=non-requeueable deps ti=<TaskInstance: executing_multiple_tasks.taskA manual__2025-09-07T23:44:20.672695+00:00 [queued]>
[2025-09-07T23:44:23.232+0000] {taskinstance.py:2612} INFO - Dependencies all met for dep_context=requeueable deps ti=<TaskInstance: executing_multiple_tasks.taskA manual__2025-09-07T23:44:20.672695+00:00 [queued]>
[2025-09-07T23:44:23.232+0000] {taskinstance.py:2865} INFO - Starting attempt 1 of 1
[2025-09-07T23:44:23.242+0000] {taskinstance.py:2888} INFO - Executing <Task(BashOperator): taskA> on 2025-09-07 23:44:20.672695+00:00
[2025-09-07T23:44:23.245+0000] {standard_task_runner.py:72} INFO - Started process 45900 to run task
[2025-09-07T23:44:23.248+0000] {standard_task_runner.py:104} INFO - Running: ['airflow', 'tasks', 'run', 'executing_multiple_tasks', 'taskA', 'manual__2025-09-07T23:44:20.672695+00:00', '--job-id', '12', '--raw', '--subdir', 'DAGS_FOLDER/execute_multiple_tasks.py', '--cfg-path', '/tmp/tmpz0hbhc8d']
[2025-09-07T23:44:23.249+0000] {standard_task_runner.py:105} INFO - Job 12: Subtask taskA
[2025-09-07T23:44:23.274+0000] {task_command.py:467} INFO - Running <TaskInstance: executing_multiple_tasks.taskA manual__2025-09-07T23:44:20.672695+00:00 [running]> on host codespaces-9bd7b3
[2025-09-07T23:44:23.318+0000] {taskinstance.py:3131} INFO - Exporting env vars: AIRFLOW_CTX_DAG_OWNER='loonycorn' AIRFLOW_CTX_DAG_ID='executing_multiple_tasks' AIRFLOW_CTX_TASK_ID='taskA' AIRFLOW_CTX_EXECUTION_DATE='2025-09-07T23:44:20.672695+00:00' AIRFLOW_CTX_TRY_NUMBER='1' AIRFLOW_CTX_DAG_RUN_ID='manual__2025-09-07T23:44:20.672695+00:00'
[2025-09-07T23:44:23.319+0000] {taskinstance.py:731} INFO - ::endgroup::
[2025-09-07T23:44:23.331+0000] {subprocess.py:63} INFO - Tmp dir root location: /tmp
[2025-09-07T23:44:23.332+0000] {subprocess.py:75} INFO - Running command: ['/usr/bin/bash', '-c', '\n            echo TASK A has started!\n            \n            for i in {1..10}\n            do\n                echo TASK A printing $i\n            done\n\n            echo TASK A has ended!\n        ']
[2025-09-07T23:44:23.338+0000] {subprocess.py:86} INFO - Output:
[2025-09-07T23:44:23.339+0000] {subprocess.py:93} INFO - TASK A has started!
[2025-09-07T23:44:23.339+0000] {subprocess.py:93} INFO - TASK A printing 1
[2025-09-07T23:44:23.339+0000] {subprocess.py:93} INFO - TASK A printing 2
[2025-09-07T23:44:23.339+0000] {subprocess.py:93} INFO - TASK A printing 3
[2025-09-07T23:44:23.339+0000] {subprocess.py:93} INFO - TASK A printing 4
[2025-09-07T23:44:23.340+0000] {subprocess.py:93} INFO - TASK A printing 5
[2025-09-07T23:44:23.340+0000] {subprocess.py:93} INFO - TASK A printing 6
[2025-09-07T23:44:23.340+0000] {subprocess.py:93} INFO - TASK A printing 7
[2025-09-07T23:44:23.340+0000] {subprocess.py:93} INFO - TASK A printing 8
[2025-09-07T23:44:23.340+0000] {subprocess.py:93} INFO - TASK A printing 9
[2025-09-07T23:44:23.340+0000] {subprocess.py:93} INFO - TASK A printing 10
[2025-09-07T23:44:23.340+0000] {subprocess.py:93} INFO - TASK A has ended!
[2025-09-07T23:44:23.341+0000] {subprocess.py:97} INFO - Command exited with return code 0
[2025-09-07T23:44:23.353+0000] {taskinstance.py:340} INFO - ::group::Post task execution logs
[2025-09-07T23:44:23.353+0000] {taskinstance.py:352} INFO - Marking task as SUCCESS. dag_id=executing_multiple_tasks, task_id=taskA, run_id=manual__2025-09-07T23:44:20.672695+00:00, execution_date=20250907T234420, start_date=20250907T234423, end_date=20250907T234423
[2025-09-07T23:44:23.381+0000] {local_task_job_runner.py:266} INFO - Task exited with return code 0
[2025-09-07T23:44:23.396+0000] {taskinstance.py:3900} INFO - 2 downstream tasks scheduled from follow-on schedule check
[2025-09-07T23:44:23.400+0000] {local_task_job_runner.py:245} INFO - ::endgroup::
