[2025-09-08T15:40:27.668+0000] {local_task_job_runner.py:123} INFO - ::group::Pre task execution logs
[2025-09-08T15:40:27.674+0000] {taskinstance.py:2612} INFO - Dependencies all met for dep_context=non-requeueable deps ti=<TaskInstance: executing_sql_pipeline.insert_values_2 manual__2025-09-08T15:40:20.624553+00:00 [queued]>
[2025-09-08T15:40:27.680+0000] {taskinstance.py:2612} INFO - Dependencies all met for dep_context=requeueable deps ti=<TaskInstance: executing_sql_pipeline.insert_values_2 manual__2025-09-08T15:40:20.624553+00:00 [queued]>
[2025-09-08T15:40:27.680+0000] {taskinstance.py:2865} INFO - Starting attempt 1 of 1
[2025-09-08T15:40:27.692+0000] {taskinstance.py:2888} INFO - Executing <Task(SqliteOperator): insert_values_2> on 2025-09-08 15:40:20.624553+00:00
[2025-09-08T15:40:27.696+0000] {standard_task_runner.py:72} INFO - Started process 20351 to run task
[2025-09-08T15:40:27.699+0000] {standard_task_runner.py:104} INFO - Running: ['airflow', 'tasks', 'run', 'executing_sql_pipeline', 'insert_values_2', 'manual__2025-09-08T15:40:20.624553+00:00', '--job-id', '76', '--raw', '--subdir', 'DAGS_FOLDER/executing_sql_pipeline.py', '--cfg-path', '/tmp/tmpb7whqov2']
[2025-09-08T15:40:27.700+0000] {standard_task_runner.py:105} INFO - Job 76: Subtask insert_values_2
[2025-09-08T15:40:27.723+0000] {task_command.py:467} INFO - Running <TaskInstance: executing_sql_pipeline.insert_values_2 manual__2025-09-08T15:40:20.624553+00:00 [running]> on host codespaces-9bd7b3
[2025-09-08T15:40:27.770+0000] {taskinstance.py:3131} INFO - Exporting env vars: AIRFLOW_CTX_DAG_OWNER='loonycorn' AIRFLOW_CTX_DAG_ID='executing_sql_pipeline' AIRFLOW_CTX_TASK_ID='insert_values_2' AIRFLOW_CTX_EXECUTION_DATE='2025-09-08T15:40:20.624553+00:00' AIRFLOW_CTX_TRY_NUMBER='1' AIRFLOW_CTX_DAG_RUN_ID='manual__2025-09-08T15:40:20.624553+00:00'
[2025-09-08T15:40:27.771+0000] {taskinstance.py:731} INFO - ::endgroup::
[2025-09-08T15:40:27.784+0000] {sql.py:266} INFO - Executing: 
            INSERT INTO users (name, age) VALUES 
                ('Harry', 49),
                ('Nancy', 52),
                ('Elvis', 26),
                ('Mia', 20);
        
[2025-09-08T15:40:27.787+0000] {base.py:84} INFO - Retrieving connection 'my_sqlite_conn'
[2025-09-08T15:40:27.804+0000] {base.py:84} INFO - Retrieving connection 'my_sqlite_conn'
[2025-09-08T15:40:27.805+0000] {sql.py:509} INFO - Running statement: 
            INSERT INTO users (name, age) VALUES 
                ('Harry', 49),
                ('Nancy', 52),
                ('Elvis', 26),
                ('Mia', 20);
        , parameters: None
[2025-09-08T15:40:27.805+0000] {sql.py:518} INFO - Rows affected: 4
[2025-09-08T15:40:27.811+0000] {taskinstance.py:340} INFO - ::group::Post task execution logs
[2025-09-08T15:40:27.811+0000] {taskinstance.py:352} INFO - Marking task as SUCCESS. dag_id=executing_sql_pipeline, task_id=insert_values_2, run_id=manual__2025-09-08T15:40:20.624553+00:00, execution_date=20250908T154020, start_date=20250908T154027, end_date=20250908T154027
[2025-09-08T15:40:27.832+0000] {local_task_job_runner.py:266} INFO - Task exited with return code 0
[2025-09-08T15:40:27.840+0000] {logging_mixin.py:190} WARNING - /usr/local/python/3.12.1/lib/python3.12/site-packages/airflow/models/baseoperator.py:1378 AirflowProviderDeprecationWarning: Call to deprecated class SqliteOperator. (Please use `airflow.providers.common.sql.operators.sql.SQLExecuteQueryOperator`.)
[2025-09-08T15:40:27.850+0000] {taskinstance.py:3900} INFO - 1 downstream tasks scheduled from follow-on schedule check
[2025-09-08T15:40:27.855+0000] {local_task_job_runner.py:245} INFO - ::endgroup::
