[2025-09-08T15:43:48.311+0000] {local_task_job_runner.py:123} INFO - ::group::Pre task execution logs
[2025-09-08T15:43:48.319+0000] {taskinstance.py:2612} INFO - Dependencies all met for dep_context=non-requeueable deps ti=<TaskInstance: executing_sql_pipeline.update_values manual__2025-09-08T15:43:37.740286+00:00 [queued]>
[2025-09-08T15:43:48.325+0000] {taskinstance.py:2612} INFO - Dependencies all met for dep_context=requeueable deps ti=<TaskInstance: executing_sql_pipeline.update_values manual__2025-09-08T15:43:37.740286+00:00 [queued]>
[2025-09-08T15:43:48.325+0000] {taskinstance.py:2865} INFO - Starting attempt 1 of 1
[2025-09-08T15:43:48.337+0000] {taskinstance.py:2888} INFO - Executing <Task(SqliteOperator): update_values> on 2025-09-08 15:43:37.740286+00:00
[2025-09-08T15:43:48.339+0000] {standard_task_runner.py:72} INFO - Started process 22392 to run task
[2025-09-08T15:43:48.342+0000] {standard_task_runner.py:104} INFO - Running: ['airflow', 'tasks', 'run', 'executing_sql_pipeline', 'update_values', 'manual__2025-09-08T15:43:37.740286+00:00', '--job-id', '83', '--raw', '--subdir', 'DAGS_FOLDER/executing_sql_pipeline.py', '--cfg-path', '/tmp/tmp1zrt1udy']
[2025-09-08T15:43:48.343+0000] {standard_task_runner.py:105} INFO - Job 83: Subtask update_values
[2025-09-08T15:43:48.367+0000] {task_command.py:467} INFO - Running <TaskInstance: executing_sql_pipeline.update_values manual__2025-09-08T15:43:37.740286+00:00 [running]> on host codespaces-9bd7b3
[2025-09-08T15:43:48.411+0000] {taskinstance.py:3131} INFO - Exporting env vars: AIRFLOW_CTX_DAG_OWNER='loonycorn' AIRFLOW_CTX_DAG_ID='executing_sql_pipeline' AIRFLOW_CTX_TASK_ID='update_values' AIRFLOW_CTX_EXECUTION_DATE='2025-09-08T15:43:37.740286+00:00' AIRFLOW_CTX_TRY_NUMBER='1' AIRFLOW_CTX_DAG_RUN_ID='manual__2025-09-08T15:43:37.740286+00:00'
[2025-09-08T15:43:48.411+0000] {taskinstance.py:731} INFO - ::endgroup::
[2025-09-08T15:43:48.432+0000] {sql.py:266} INFO - Executing: 
            UPDATE users SET city = 'Seattle';
        
[2025-09-08T15:43:48.437+0000] {base.py:84} INFO - Retrieving connection 'my_sqlite_conn'
[2025-09-08T15:43:48.466+0000] {base.py:84} INFO - Retrieving connection 'my_sqlite_conn'
[2025-09-08T15:43:48.466+0000] {sql.py:509} INFO - Running statement: 
            UPDATE users SET city = 'Seattle';
        , parameters: None
[2025-09-08T15:43:48.467+0000] {sql.py:518} INFO - Rows affected: 6
[2025-09-08T15:43:48.474+0000] {taskinstance.py:340} INFO - ::group::Post task execution logs
[2025-09-08T15:43:48.474+0000] {taskinstance.py:352} INFO - Marking task as SUCCESS. dag_id=executing_sql_pipeline, task_id=update_values, run_id=manual__2025-09-08T15:43:37.740286+00:00, execution_date=20250908T154337, start_date=20250908T154348, end_date=20250908T154348
[2025-09-08T15:43:48.515+0000] {local_task_job_runner.py:266} INFO - Task exited with return code 0
[2025-09-08T15:43:48.524+0000] {logging_mixin.py:190} WARNING - /usr/local/python/3.12.1/lib/python3.12/site-packages/airflow/models/baseoperator.py:1378 AirflowProviderDeprecationWarning: Call to deprecated class SqliteOperator. (Please use `airflow.providers.common.sql.operators.sql.SQLExecuteQueryOperator`.)
[2025-09-08T15:43:48.533+0000] {taskinstance.py:3900} INFO - 1 downstream tasks scheduled from follow-on schedule check
[2025-09-08T15:43:48.537+0000] {local_task_job_runner.py:245} INFO - ::endgroup::
