[2025-09-07T23:54:58.641+0000] {local_task_job_runner.py:123} INFO - ::group::Pre task execution logs
[2025-09-07T23:54:58.647+0000] {taskinstance.py:2612} INFO - Dependencies all met for dep_context=non-requeueable deps ti=<TaskInstance: executing_multiple_tasks.taskF manual__2025-09-07T23:54:34.886386+00:00 [queued]>
[2025-09-07T23:54:58.652+0000] {taskinstance.py:2612} INFO - Dependencies all met for dep_context=requeueable deps ti=<TaskInstance: executing_multiple_tasks.taskF manual__2025-09-07T23:54:34.886386+00:00 [queued]>
[2025-09-07T23:54:58.652+0000] {taskinstance.py:2865} INFO - Starting attempt 1 of 1
[2025-09-07T23:54:58.663+0000] {taskinstance.py:2888} INFO - Executing <Task(BashOperator): taskF> on 2025-09-07 23:54:34.886386+00:00
[2025-09-07T23:54:58.666+0000] {standard_task_runner.py:72} INFO - Started process 51055 to run task
[2025-09-07T23:54:58.669+0000] {standard_task_runner.py:104} INFO - Running: ['airflow', 'tasks', 'run', 'executing_multiple_tasks', 'taskF', 'manual__2025-09-07T23:54:34.886386+00:00', '--job-id', '27', '--raw', '--subdir', 'DAGS_FOLDER/execute_multiple_tasks.py', '--cfg-path', '/tmp/tmp0dfbw9mu']
[2025-09-07T23:54:58.670+0000] {standard_task_runner.py:105} INFO - Job 27: Subtask taskF
[2025-09-07T23:54:58.694+0000] {task_command.py:467} INFO - Running <TaskInstance: executing_multiple_tasks.taskF manual__2025-09-07T23:54:34.886386+00:00 [running]> on host codespaces-9bd7b3
[2025-09-07T23:54:58.735+0000] {taskinstance.py:3131} INFO - Exporting env vars: AIRFLOW_CTX_DAG_OWNER='loonycorn' AIRFLOW_CTX_DAG_ID='executing_multiple_tasks' AIRFLOW_CTX_TASK_ID='taskF' AIRFLOW_CTX_EXECUTION_DATE='2025-09-07T23:54:34.886386+00:00' AIRFLOW_CTX_TRY_NUMBER='1' AIRFLOW_CTX_DAG_RUN_ID='manual__2025-09-07T23:54:34.886386+00:00'
[2025-09-07T23:54:58.736+0000] {taskinstance.py:731} INFO - ::endgroup::
[2025-09-07T23:54:58.753+0000] {subprocess.py:63} INFO - Tmp dir root location: /tmp
[2025-09-07T23:54:58.753+0000] {subprocess.py:75} INFO - Running command: ['/usr/bin/bash', '-c', 'echo TASK F completed!']
[2025-09-07T23:54:58.760+0000] {subprocess.py:86} INFO - Output:
[2025-09-07T23:54:58.761+0000] {subprocess.py:93} INFO - TASK F completed!
[2025-09-07T23:54:58.761+0000] {subprocess.py:97} INFO - Command exited with return code 0
[2025-09-07T23:54:58.775+0000] {taskinstance.py:340} INFO - ::group::Post task execution logs
[2025-09-07T23:54:58.776+0000] {taskinstance.py:352} INFO - Marking task as SUCCESS. dag_id=executing_multiple_tasks, task_id=taskF, run_id=manual__2025-09-07T23:54:34.886386+00:00, execution_date=20250907T235434, start_date=20250907T235458, end_date=20250907T235458
[2025-09-07T23:54:58.801+0000] {local_task_job_runner.py:266} INFO - Task exited with return code 0
[2025-09-07T23:54:58.811+0000] {taskinstance.py:3900} INFO - 0 downstream tasks scheduled from follow-on schedule check
[2025-09-07T23:54:58.812+0000] {local_task_job_runner.py:245} INFO - ::endgroup::
