[2025-09-07T23:43:43.178+0000] {local_task_job_runner.py:123} INFO - ::group::Pre task execution logs
[2025-09-07T23:43:43.185+0000] {taskinstance.py:2612} INFO - Dependencies all met for dep_context=non-requeueable deps ti=<TaskInstance: executing_multiple_tasks.taskB manual__2025-09-07T23:43:38.323116+00:00 [queued]>
[2025-09-07T23:43:43.189+0000] {taskinstance.py:2612} INFO - Dependencies all met for dep_context=requeueable deps ti=<TaskInstance: executing_multiple_tasks.taskB manual__2025-09-07T23:43:38.323116+00:00 [queued]>
[2025-09-07T23:43:43.189+0000] {taskinstance.py:2865} INFO - Starting attempt 1 of 1
[2025-09-07T23:43:43.199+0000] {taskinstance.py:2888} INFO - Executing <Task(BashOperator): taskB> on 2025-09-07 23:43:38.323116+00:00
[2025-09-07T23:43:43.203+0000] {standard_task_runner.py:72} INFO - Started process 45595 to run task
[2025-09-07T23:43:43.205+0000] {standard_task_runner.py:104} INFO - Running: ['airflow', 'tasks', 'run', 'executing_multiple_tasks', 'taskB', 'manual__2025-09-07T23:43:38.323116+00:00', '--job-id', '11', '--raw', '--subdir', 'DAGS_FOLDER/execute_multiple_tasks.py', '--cfg-path', '/tmp/tmp156xtsij']
[2025-09-07T23:43:43.206+0000] {standard_task_runner.py:105} INFO - Job 11: Subtask taskB
[2025-09-07T23:43:43.230+0000] {task_command.py:467} INFO - Running <TaskInstance: executing_multiple_tasks.taskB manual__2025-09-07T23:43:38.323116+00:00 [running]> on host codespaces-9bd7b3
[2025-09-07T23:43:43.274+0000] {taskinstance.py:3131} INFO - Exporting env vars: AIRFLOW_CTX_DAG_OWNER='loonycorn' AIRFLOW_CTX_DAG_ID='executing_multiple_tasks' AIRFLOW_CTX_TASK_ID='taskB' AIRFLOW_CTX_EXECUTION_DATE='2025-09-07T23:43:38.323116+00:00' AIRFLOW_CTX_TRY_NUMBER='1' AIRFLOW_CTX_DAG_RUN_ID='manual__2025-09-07T23:43:38.323116+00:00'
[2025-09-07T23:43:43.274+0000] {taskinstance.py:731} INFO - ::endgroup::
[2025-09-07T23:43:43.287+0000] {subprocess.py:63} INFO - Tmp dir root location: /tmp
[2025-09-07T23:43:43.287+0000] {subprocess.py:75} INFO - Running command: ['/usr/bin/bash', '-c', 'echo TASK B has executed!']
[2025-09-07T23:43:43.294+0000] {subprocess.py:86} INFO - Output:
[2025-09-07T23:43:43.295+0000] {subprocess.py:93} INFO - TASK B has executed!
[2025-09-07T23:43:43.295+0000] {subprocess.py:97} INFO - Command exited with return code 0
[2025-09-07T23:43:43.308+0000] {taskinstance.py:340} INFO - ::group::Post task execution logs
[2025-09-07T23:43:43.308+0000] {taskinstance.py:352} INFO - Marking task as SUCCESS. dag_id=executing_multiple_tasks, task_id=taskB, run_id=manual__2025-09-07T23:43:38.323116+00:00, execution_date=20250907T234338, start_date=20250907T234343, end_date=20250907T234343
[2025-09-07T23:43:43.338+0000] {local_task_job_runner.py:266} INFO - Task exited with return code 0
[2025-09-07T23:43:43.346+0000] {taskinstance.py:3900} INFO - 0 downstream tasks scheduled from follow-on schedule check
[2025-09-07T23:43:43.347+0000] {local_task_job_runner.py:245} INFO - ::endgroup::
