[2025-09-08T17:09:33.817+0000] {local_task_job_runner.py:123} INFO - ::group::Pre task execution logs
[2025-09-08T17:09:33.827+0000] {taskinstance.py:2612} INFO - Dependencies all met for dep_context=non-requeueable deps ti=<TaskInstance: cron_catchup_backfill.taskBranch backfill__2025-04-19T00:00:00+00:00 [queued]>
[2025-09-08T17:09:33.831+0000] {taskinstance.py:2612} INFO - Dependencies all met for dep_context=requeueable deps ti=<TaskInstance: cron_catchup_backfill.taskBranch backfill__2025-04-19T00:00:00+00:00 [queued]>
[2025-09-08T17:09:33.832+0000] {taskinstance.py:2865} INFO - Starting attempt 1 of 1
[2025-09-08T17:09:33.843+0000] {taskinstance.py:2888} INFO - Executing <Task(BranchPythonOperator): taskBranch> on 2025-04-19 00:00:00+00:00
[2025-09-08T17:09:33.846+0000] {standard_task_runner.py:72} INFO - Started process 20730 to run task
[2025-09-08T17:09:33.849+0000] {standard_task_runner.py:104} INFO - Running: ['airflow', 'tasks', 'run', 'cron_catchup_backfill', 'taskBranch', 'backfill__2025-04-19T00:00:00+00:00', '--job-id', '156', '--pool', 'default_pool', '--raw', '--subdir', 'DAGS_FOLDER/executing_cron_catchup_backfill.py', '--cfg-path', '/tmp/tmpl81511in']
[2025-09-08T17:09:33.850+0000] {standard_task_runner.py:105} INFO - Job 156: Subtask taskBranch
[2025-09-08T17:09:33.878+0000] {task_command.py:467} INFO - Running <TaskInstance: cron_catchup_backfill.taskBranch backfill__2025-04-19T00:00:00+00:00 [running]> on host codespaces-9bd7b3
[2025-09-08T17:09:33.921+0000] {taskinstance.py:3131} INFO - Exporting env vars: AIRFLOW_CTX_DAG_OWNER='loonycorn' AIRFLOW_CTX_DAG_ID='cron_catchup_backfill' AIRFLOW_CTX_TASK_ID='taskBranch' AIRFLOW_CTX_EXECUTION_DATE='2025-04-19T00:00:00+00:00' AIRFLOW_CTX_TRY_NUMBER='1' AIRFLOW_CTX_DAG_RUN_ID='backfill__2025-04-19T00:00:00+00:00'
[2025-09-08T17:09:33.922+0000] {taskinstance.py:731} INFO - ::endgroup::
[2025-09-08T17:09:33.932+0000] {baseoperator.py:405} WARNING - BranchPythonOperator.execute cannot be called outside TaskInstance!
[2025-09-08T17:09:33.936+0000] {python.py:240} INFO - Done. Returned value was: taskC
[2025-09-08T17:09:33.936+0000] {branch.py:38} INFO - Branch into taskC
[2025-09-08T17:09:33.936+0000] {skipmixin.py:230} INFO - Following branch {'taskC'}
[2025-09-08T17:09:33.941+0000] {skipmixin.py:278} INFO - Skipping tasks [('taskE', -1)]
[2025-09-08T17:09:33.959+0000] {taskinstance.py:340} INFO - ::group::Post task execution logs
[2025-09-08T17:09:33.960+0000] {taskinstance.py:352} INFO - Marking task as SUCCESS. dag_id=cron_catchup_backfill, task_id=taskBranch, run_id=backfill__2025-04-19T00:00:00+00:00, execution_date=20250419T000000, start_date=20250908T170933, end_date=20250908T170933
[2025-09-08T17:09:33.981+0000] {local_task_job_runner.py:266} INFO - Task exited with return code 0
[2025-09-08T17:09:34.012+0000] {taskinstance.py:3900} INFO - 1 downstream tasks scheduled from follow-on schedule check
[2025-09-08T17:09:34.016+0000] {local_task_job_runner.py:245} INFO - ::endgroup::
