[2025-09-07T23:43:41.165+0000] {local_task_job_runner.py:123} INFO - ::group::Pre task execution logs
[2025-09-07T23:43:41.172+0000] {taskinstance.py:2612} INFO - Dependencies all met for dep_context=non-requeueable deps ti=<TaskInstance: executing_multiple_tasks.taskA manual__2025-09-07T23:43:38.323116+00:00 [queued]>
[2025-09-07T23:43:41.176+0000] {taskinstance.py:2612} INFO - Dependencies all met for dep_context=requeueable deps ti=<TaskInstance: executing_multiple_tasks.taskA manual__2025-09-07T23:43:38.323116+00:00 [queued]>
[2025-09-07T23:43:41.176+0000] {taskinstance.py:2865} INFO - Starting attempt 1 of 1
[2025-09-07T23:43:41.187+0000] {taskinstance.py:2888} INFO - Executing <Task(BashOperator): taskA> on 2025-09-07 23:43:38.323116+00:00
[2025-09-07T23:43:41.190+0000] {standard_task_runner.py:72} INFO - Started process 45583 to run task
[2025-09-07T23:43:41.193+0000] {standard_task_runner.py:104} INFO - Running: ['airflow', 'tasks', 'run', 'executing_multiple_tasks', 'taskA', 'manual__2025-09-07T23:43:38.323116+00:00', '--job-id', '10', '--raw', '--subdir', 'DAGS_FOLDER/execute_multiple_tasks.py', '--cfg-path', '/tmp/tmpxdvt031y']
[2025-09-07T23:43:41.194+0000] {standard_task_runner.py:105} INFO - Job 10: Subtask taskA
[2025-09-07T23:43:41.217+0000] {task_command.py:467} INFO - Running <TaskInstance: executing_multiple_tasks.taskA manual__2025-09-07T23:43:38.323116+00:00 [running]> on host codespaces-9bd7b3
[2025-09-07T23:43:41.262+0000] {taskinstance.py:3131} INFO - Exporting env vars: AIRFLOW_CTX_DAG_OWNER='loonycorn' AIRFLOW_CTX_DAG_ID='executing_multiple_tasks' AIRFLOW_CTX_TASK_ID='taskA' AIRFLOW_CTX_EXECUTION_DATE='2025-09-07T23:43:38.323116+00:00' AIRFLOW_CTX_TRY_NUMBER='1' AIRFLOW_CTX_DAG_RUN_ID='manual__2025-09-07T23:43:38.323116+00:00'
[2025-09-07T23:43:41.263+0000] {taskinstance.py:731} INFO - ::endgroup::
[2025-09-07T23:43:41.275+0000] {subprocess.py:63} INFO - Tmp dir root location: /tmp
[2025-09-07T23:43:41.275+0000] {subprocess.py:75} INFO - Running command: ['/usr/bin/bash', '-c', 'echo TASK A has executed!']
[2025-09-07T23:43:41.281+0000] {subprocess.py:86} INFO - Output:
[2025-09-07T23:43:41.283+0000] {subprocess.py:93} INFO - TASK A has executed!
[2025-09-07T23:43:41.283+0000] {subprocess.py:97} INFO - Command exited with return code 0
[2025-09-07T23:43:41.295+0000] {taskinstance.py:340} INFO - ::group::Post task execution logs
[2025-09-07T23:43:41.296+0000] {taskinstance.py:352} INFO - Marking task as SUCCESS. dag_id=executing_multiple_tasks, task_id=taskA, run_id=manual__2025-09-07T23:43:38.323116+00:00, execution_date=20250907T234338, start_date=20250907T234341, end_date=20250907T234341
[2025-09-07T23:43:41.325+0000] {local_task_job_runner.py:266} INFO - Task exited with return code 0
[2025-09-07T23:43:41.338+0000] {taskinstance.py:3900} INFO - 1 downstream tasks scheduled from follow-on schedule check
[2025-09-07T23:43:41.341+0000] {local_task_job_runner.py:245} INFO - ::endgroup::
