[2025-09-08T16:40:16.051+0000] {local_task_job_runner.py:123} INFO - ::group::Pre task execution logs
[2025-09-08T16:40:16.060+0000] {taskinstance.py:2612} INFO - Dependencies all met for dep_context=non-requeueable deps ti=<TaskInstance: branching_pipeline.determine_branch scheduled__2025-09-07T00:00:00+00:00 [queued]>
[2025-09-08T16:40:16.065+0000] {taskinstance.py:2612} INFO - Dependencies all met for dep_context=requeueable deps ti=<TaskInstance: branching_pipeline.determine_branch scheduled__2025-09-07T00:00:00+00:00 [queued]>
[2025-09-08T16:40:16.065+0000] {taskinstance.py:2865} INFO - Starting attempt 1 of 1
[2025-09-08T16:40:16.085+0000] {taskinstance.py:2888} INFO - Executing <Task(BranchPythonOperator): determine_branch> on 2025-09-07 00:00:00+00:00
[2025-09-08T16:40:16.090+0000] {standard_task_runner.py:72} INFO - Started process 6371 to run task
[2025-09-08T16:40:16.092+0000] {standard_task_runner.py:104} INFO - Running: ['airflow', 'tasks', 'run', 'branching_pipeline', 'determine_branch', 'scheduled__2025-09-07T00:00:00+00:00', '--job-id', '90', '--raw', '--subdir', 'DAGS_FOLDER/executing_branching_pipeline.py', '--cfg-path', '/tmp/tmp5e2rn3a6']
[2025-09-08T16:40:16.093+0000] {standard_task_runner.py:105} INFO - Job 90: Subtask determine_branch
[2025-09-08T16:40:16.119+0000] {task_command.py:467} INFO - Running <TaskInstance: branching_pipeline.determine_branch scheduled__2025-09-07T00:00:00+00:00 [running]> on host codespaces-9bd7b3
[2025-09-08T16:40:16.165+0000] {taskinstance.py:3131} INFO - Exporting env vars: AIRFLOW_CTX_DAG_OWNER='loonycorn' AIRFLOW_CTX_DAG_ID='branching_pipeline' AIRFLOW_CTX_TASK_ID='determine_branch' AIRFLOW_CTX_EXECUTION_DATE='2025-09-07T00:00:00+00:00' AIRFLOW_CTX_TRY_NUMBER='1' AIRFLOW_CTX_DAG_RUN_ID='scheduled__2025-09-07T00:00:00+00:00'
[2025-09-08T16:40:16.166+0000] {taskinstance.py:731} INFO - ::endgroup::
[2025-09-08T16:40:16.177+0000] {baseoperator.py:405} WARNING - BranchPythonOperator.execute cannot be called outside TaskInstance!
[2025-09-08T16:40:16.180+0000] {python.py:240} INFO - Done. Returned value was: groupby_region_smoker
[2025-09-08T16:40:16.180+0000] {branch.py:38} INFO - Branch into groupby_region_smoker
[2025-09-08T16:40:16.181+0000] {skipmixin.py:230} INFO - Following branch {'groupby_region_smoker'}
[2025-09-08T16:40:16.186+0000] {skipmixin.py:278} INFO - Skipping tasks [('filter_by_region', -1), ('filter_bmi_smoker_charges', -1)]
[2025-09-08T16:40:16.204+0000] {taskinstance.py:340} INFO - ::group::Post task execution logs
[2025-09-08T16:40:16.205+0000] {taskinstance.py:352} INFO - Marking task as SUCCESS. dag_id=branching_pipeline, task_id=determine_branch, run_id=scheduled__2025-09-07T00:00:00+00:00, execution_date=20250907T000000, start_date=20250908T164016, end_date=20250908T164016
[2025-09-08T16:40:16.225+0000] {local_task_job_runner.py:266} INFO - Task exited with return code 0
[2025-09-08T16:40:16.241+0000] {taskinstance.py:3900} INFO - 1 downstream tasks scheduled from follow-on schedule check
[2025-09-08T16:40:16.245+0000] {local_task_job_runner.py:245} INFO - ::endgroup::
