[2025-09-08T17:10:21.854+0000] {local_task_job_runner.py:123} INFO - ::group::Pre task execution logs
[2025-09-08T17:10:21.862+0000] {taskinstance.py:2612} INFO - Dependencies all met for dep_context=non-requeueable deps ti=<TaskInstance: cron_catchup_backfill.taskD backfill__2025-04-12T00:00:00+00:00 [queued]>
[2025-09-08T17:10:21.866+0000] {taskinstance.py:2612} INFO - Dependencies all met for dep_context=requeueable deps ti=<TaskInstance: cron_catchup_backfill.taskD backfill__2025-04-12T00:00:00+00:00 [queued]>
[2025-09-08T17:10:21.867+0000] {taskinstance.py:2865} INFO - Starting attempt 1 of 1
[2025-09-08T17:10:21.880+0000] {taskinstance.py:2888} INFO - Executing <Task(BashOperator): taskD> on 2025-04-12 00:00:00+00:00
[2025-09-08T17:10:21.883+0000] {standard_task_runner.py:72} INFO - Started process 21306 to run task
[2025-09-08T17:10:21.886+0000] {standard_task_runner.py:104} INFO - Running: ['airflow', 'tasks', 'run', 'cron_catchup_backfill', 'taskD', 'backfill__2025-04-12T00:00:00+00:00', '--job-id', '178', '--pool', 'default_pool', '--raw', '--subdir', 'DAGS_FOLDER/executing_cron_catchup_backfill.py', '--cfg-path', '/tmp/tmpgb7mhsyt']
[2025-09-08T17:10:21.887+0000] {standard_task_runner.py:105} INFO - Job 178: Subtask taskD
[2025-09-08T17:10:21.914+0000] {task_command.py:467} INFO - Running <TaskInstance: cron_catchup_backfill.taskD backfill__2025-04-12T00:00:00+00:00 [running]> on host codespaces-9bd7b3
[2025-09-08T17:10:21.963+0000] {taskinstance.py:3131} INFO - Exporting env vars: AIRFLOW_CTX_DAG_OWNER='loonycorn' AIRFLOW_CTX_DAG_ID='cron_catchup_backfill' AIRFLOW_CTX_TASK_ID='taskD' AIRFLOW_CTX_EXECUTION_DATE='2025-04-12T00:00:00+00:00' AIRFLOW_CTX_TRY_NUMBER='1' AIRFLOW_CTX_DAG_RUN_ID='backfill__2025-04-12T00:00:00+00:00'
[2025-09-08T17:10:21.964+0000] {taskinstance.py:731} INFO - ::endgroup::
[2025-09-08T17:10:21.975+0000] {subprocess.py:63} INFO - Tmp dir root location: /tmp
[2025-09-08T17:10:21.975+0000] {subprocess.py:75} INFO - Running command: ['/usr/bin/bash', '-c', 'echo TASK D has executed!']
[2025-09-08T17:10:21.982+0000] {subprocess.py:86} INFO - Output:
[2025-09-08T17:10:21.983+0000] {subprocess.py:93} INFO - TASK D has executed!
[2025-09-08T17:10:21.984+0000] {subprocess.py:97} INFO - Command exited with return code 0
[2025-09-08T17:10:21.997+0000] {taskinstance.py:340} INFO - ::group::Post task execution logs
[2025-09-08T17:10:21.997+0000] {taskinstance.py:352} INFO - Marking task as SUCCESS. dag_id=cron_catchup_backfill, task_id=taskD, run_id=backfill__2025-04-12T00:00:00+00:00, execution_date=20250412T000000, start_date=20250908T171021, end_date=20250908T171021
[2025-09-08T17:10:22.018+0000] {local_task_job_runner.py:266} INFO - Task exited with return code 0
[2025-09-08T17:10:22.028+0000] {taskinstance.py:3900} INFO - 0 downstream tasks scheduled from follow-on schedule check
[2025-09-08T17:10:22.029+0000] {local_task_job_runner.py:245} INFO - ::endgroup::
